6160.54 -2014.48 10145.1 -4484.28 -2014.48 7525.96 -5627.68 -2014.48 935.483 -7795.16 -2014.48 -7783.42 -9962.63 -2014.48 -13240.4 -11106
11983.9 -4078.54 21204.3 -11900.7 -4078.54 14743.4 -13044.1 -4078.54 870.154 -15211.6 -4078.54 -15131.5 -17379 -4078.54 -24430.3 -18522.4
17772.9 -6121.59 32184 -19269.9 -6121.59 21905.7 -20413.3 -6121.59 795.989 -22580.8 -6121.59 -22442.1 -24748.3 -6121.59 -35558.3 -25891.6
23523.6 -8111.71 43077.7 -26589.5 -8111.71 29007.7 -27732.9 -8111.71 710.353 -29900.4 -8111.71 -29715.4 -32067.8 -8111.71 -46623.3 -33211.2
29235.1 -10056 53876.2 -33857.7 -10056 36041.1 -35001.1 -10056 606.474 -37168.6 -10056 -36956.6 -39336.1 -10056 -57629.6 -40479.5
34905.3 -11959 64581.9 -41071.5 -11959 43009.9 -42214.9 -11959 491.477 -44382.4 -11959 -44155.4 -46549.9 -11959 -68565.3 -47693.3
40531.7 -13819.3 75202.8 -48227.7 -13819.3 49923.8 -49371.1 -13819.3 378.09 -51538.6 -13819.3 -51296 -53706.1 -13819.3 -79413 -54849.5
45894.4 -15416.7 85569.1 -55191.3 -15416.7 56682.7 -56334.7 -15416.7 298.893 -58502.2 -15416.7 -58213.4 -60669.7 -15416.7 -89937.6 -61813.1
50017 -15840.4 94911.5 -61356.1 -15840.4 62831.7 -62499.5 -15840.4 394.132 -64667 -15840.4 -64171.8 -66834.5 -15840.4 -99089.5 -67977.9
53309.3 -16403.1 103288 -66945.3 -16403.1 68313 -68088.7 -16403.1 387.058 -70256.1 -16403.1 -69667.3 -72423.6 -16403.1 -107480 -73567
54854.5 -16314.2 108154 -69270.1 -16314.2 71974.3 -70413.5 -16314.2 1765.39 -72580.9 -16314.2 -70571.9 -74748.4 -16314.2 -109589 -75891.8
55473.9 -15784.2 109796 -70235.5 -15784.2 73116.1 -71378.9 -15784.2 1959.19 -73546.4 -15784.2 -71326.2 -75713.9 -15784.2 -110844 -76857.3
55533.7 -16272.4 110801 -70783.7 -16272.4 73837.5 -71927.1 -16272.4 2142.31 -74094.5 -16272.4 -71681.3 -76262 -16272.4 -111483 -77405.4
56127.7 -16641.6 111609 -71309 -16641.6 74373.8 -72452.4 -16641.6 2162.81 -74619.9 -16641.6 -72176.6 -76787.3 -16641.6 -112250 -77930.7
56889.3 -16695.9 112372 -71789.9 -16695.9 74887.4 -72933.3 -16695.9 2204.15 -75100.8 -16695.9 -72607.5 -77268.2 -16695.9 -112930 -78411.6
57568.5 -16747.7 113052 -72214.9 -16747.7 75346.8 -73358.3 -16747.7 2246.18 -75525.8 -16747.7 -72982.9 -77693.3 -16747.7 -113526 -78836.7
57750.2 -16372 113510 -71703.8 -16372 76070.1 -72847.2 -16372 3471.42 -75014.6 -16372 -71255.7 -77182.1 -16372 -111534 -78325.5
57992.2 -16386 110603 -70170.9 -16386 73956.8 -71314.3 -16386 2863.29 -73481.8 -16386 -70358.6 -75649.3 -16386 -109843 -76792.7
58592.1 -16558.5 110093 -70172.6 -16558.5 73446.5 -71316 -16558.5 2351.28 -73483.5 -16558.5 -70872.3 -75651 -16558.5 -110357 -76794.4
59258.4 -16856.3 110710 -70558.9 -16856.3 73863.5 -71702.3 -16856.3 2389.01 -73869.7 -16856.3 -71213.8 -76037.2 -16856.3 -110899 -77180.6
59920.4 -17133.3 111328 -70946.3 -17133.3 74280.6 -72089.7 -17133.3 2425.77 -74257.2 -17133.3 -71557.5 -76424.6 -17133.3 -111443 -77568
60538.2 -17870.4 111873 -71321.7 -17870.4 74630.3 -72465.1 -17870.4 2406.79 -74632.6 -17870.4 -71945.2 -76800.1 -17870.4 -112025 -77943.5
61131.2 -18798.3 112378 -71690 -18798.3 74944.7 -72833.4 -18798.3 2359.42 -75000.9 -18798.3 -72354.2 -77168.4 -18798.3 -112625 -78311.8
58797.4 -19321.5 110106 -70300.6 -19321.5 73393.1 -71444 -19321.5 2172.21 -73611.5 -19321.5 -71177.1 -75779 -19321.5 -110728 -76922.4
60112.1 -20151.2 112729 -71978.6 -20151.2 75146.7 -73122 -20151.2 2278.11 -75289.5 -20151.2 -72718.9 -77457 -20151.2 -113139 -78600.4
61268.4 -21109.7 113353 -72424.7 -21109.7 75539.8 -73568.1 -21109.7 2233.07 -75735.6 -21109.7 -73202 -77903.1 -21109.7 -113853 -79046.5
62172.5 -22033 113915 -72830.6 -22033 75891.5 -73974 -22033 2186.28 -76141.4 -22033 -73647.3 -78308.9 -22033 -114509 -79452.3
62706.5 -22919.5 114388 -73178.5 -22919.5 76183.7 -74321.9 -22919.5 2136.87 -76489.3 -22919.5 -74038.4 -78656.8 -22919.5 -115080 -79800.2
63201.9 -23502.4 114797 -73471.9 -23502.4 76440.9 -74615.3 -23502.4 2105.9 -76782.8 -23502.4 -74357.5 -78950.3 -23502.4 -115551 -80093.7
63645.8 -23691.1 115122 -73692.6 -23691.1 76652 -74836 -23691.1 2100.39 -77003.4 -23691.1 -74579.7 -79170.9 -23691.1 -115888 -80314.3
64083.2 -23862.5 115437 -73906 -23862.5 76855.6 -75049.4 -23862.5 2094.4 -77216.8 -23862.5 -74795.2 -79384.3 -23862.5 -116214 -80527.7
64512.2 -24014.6 115737 -74110 -24014.6 77050 -75253.4 -24014.6 2088.42 -77420.9 -24014.6 -75001.6 -79588.4 -24014.6 -116526 -80731.8
64153.6 -23395.7 112613 -71960.4 -23395.7 75040.1 -73103.8 -23395.7 2189.41 -75271.2 -23395.7 -72789.7 -77438.7 -23395.7 -113201 -78582.1
64627.8 -23367.8 113731 -72793.6 -23367.8 75726.2 -73937 -23367.8 2057.29 -76104.5 -23367.8 -73740 -78272 -23367.8 -114583 -79415.4
65064.1 -23164.5 114752 -73490.6 -23164.5 76386.5 -74634 -23164.5 2033.18 -76801.5 -23164.5 -74448.6 -78968.9 -23164.5 -115652 -80112.3
65488.4 -22995.1 115665 -74068.7 -22995.1 77000.1 -75212.1 -22995.1 2079.04 -77379.6 -22995.1 -74970.4 -79547.1 -22995.1 -116474 -80690.5
65870.1 -22852.5 115887 -74208.3 -22852.5 77149.5 -75351.7 -22852.5 2091.38 -77519.2 -22852.5 -75095.2 -79686.7 -22852.5 -116671 -80830.1
66251.6 -22707.2 116108 -74347.6 -22707.2 77298.3 -75491 -22707.2 2103.4 -77658.5 -22707.2 -75219.9 -79826 -22707.2 -116868 -80969.4
66632.9 -22558.3 116329 -74486.8 -22558.3 77446.9 -75630.2 -22558.3 2115.38 -77797.6 -22558.3 -75344.6 -79965.1 -22558.3 -117064 -81108.5
67013.9 -22408 116549 -74625.8 -22408 77595.4 -75769.2 -22408 2127.36 -77936.7 -22408 -75469.1 -80104.1 -22408 -117261 -81247.5
67381.3 -22179.9 116781 -74777.6 -22179.9 77748.6 -75921 -22179.9 2131.52 -78088.4 -22179.9 -75614 -80255.9 -22179.9 -117484 -81399.3
67741.8 -21912 117018 -74935.2 -21912 77903.7 -76078.6 -21912 2131.81 -78246.1 -21912 -75768.5 -80413.6 -21912 -117720 -81557
68100.4 -21638.6 117254 -75092.5 -21638.6 78058.3 -76235.9 -21638.6 2131.88 -78403.4 -21638.6 -75922.9 -80570.8 -21638.6 -117956 -81714.2
68448.7 -21311.7 117496 -75257.5 -21311.7 78215.1 -76400.9 -21311.7 2126.7 -78568.4 -21311.7 -76090.1 -80735.8 -21311.7 -118209 -81879.2
68795 -20970.8 117738 -75423.1 -20970.8 78371.2 -76566.5 -20970.8 2120.23 -78733.9 -20970.8 -76259.2 -80901.4 -20970.8 -118464 -82044.8
69137.6 -20627.9 117978 -75587.5 -20627.9 78525.7 -76730.9 -20627.9 2113.25 -78898.4 -20627.9 -76427.6 -81065.9 -20627.9 -118717 -82209.3
69480.4 -20279 118216 -75751.3 -20279 78679.1 -76894.7 -20279 2105.8 -79062.2 -20279 -76596 -81229.7 -20279 -118971 -82373.1
69814.1 -19945.7 118454 -75915 -19945.7 78832.3 -77058.3 -19945.7 2098.29 -79225.8 -19945.7 -76764.1 -81393.3 -19945.7 -119224 -82536.7
70117.4 -19667.2 118685 -76076 -19667.2 78980.4 -77219.4 -19667.2 2088.21 -79386.9 -19667.2 -76932.4 -81554.4 -19667.2 -119475 -82697.8
70420.1 -19385.8 118917 -76237.1 -19385.8 79128.1 -77380.5 -19385.8 2077.67 -79548 -19385.8 -77101.1 -81715.5 -19385.8 -119728 -82858.9
70701.8 -19203.1 119214 -76438 -19203.1 79322 -77581.4 -19203.1 2074.33 -79748.9 -19203.1 -77301.7 -81916.4 -19203.1 -120032 -83059.8
70975.1 -19051.7 119536 -76652.9 -19051.7 79531.9 -77796.3 -19051.7 2073.29 -79963.8 -19051.7 -77513.8 -82131.2 -19051.7 -120355 -83274.6
71247.4 -18899.3 119859 -76869.3 -18899.3 79743.4 -78012.7 -18899.3 2072.21 -80180.2 -18899.3 -77727.4 -82347.6 -18899.3 -120681 -83491
71518.6 -18746.1 120185 -77087.4 -18746.1 79956.4 -78230.8 -18746.1 2071.07 -80398.3 -18746.1 -77942.7 -82565.8 -18746.1 -121010 -83709.2
71784.9 -18605.7 120524 -77313.3 -18605.7 80177.9 -78456.7 -18605.7 2070.81 -80624.1 -18605.7 -78164.7 -82791.6 -18605.7 -121349 -83935
72037.8 -18518.3 120903 -77563.6 -18518.3 80427 -78707 -18518.3 2074.04 -80874.5 -18518.3 -78407.3 -83041.9 -18518.3 -121721 -84185.3
72142.2 -17881.1 121460 -77954.1 -17881.1 80782.5 -79097.5 -17881.1 2046.09 -81264.9 -17881.1 -78818.7 -83432.4 -17881.1 -122334 -84575.8
72300.7 -17615.7 122026 -78348.9 -17615.7 81143.6 -79492.3 -17615.7 2019.51 -81659.8 -17615.7 -79233 -83827.3 -17615.7 -122953 -84970.7
72551 -17647 122464 -78642.3 -17647 81429.9 -79785.7 -17647 2017.69 -81953.2 -17647 -79523 -84120.7 -17647 -123395 -85264.1
72793.6 -17584.8 122868 -78907.8 -17584.8 81696.5 -80051.2 -17584.8 2023.57 -82218.7 -17584.8 -79777.8 -84386.2 -17584.8 -123788 -85529.6
72783.8 -18718.5 123696 -79441.6 -18718.5 82247.3 -80585 -18718.5 2050.24 -82752.4 -18718.5 -80275.3 -84919.9 -18718.5 -124562 -86063.3
73059.5 -18453.8 124278 -79806.9 -18453.8 82640 -80950.3 -18453.8 2084.19 -83117.7 -18453.8 -80600 -85285.2 -18453.8 -125076 -86428.6
73309.7 -18314.5 124711 -80086.9 -18314.5 82927.9 -81230.3 -18314.5 2097.14 -83397.8 -18314.5 -80862 -85565.2 -18314.5 -125483 -86708.6
73555 -18228.5 125104 -80345.7 -18228.5 83187.2 -81489.1 -18228.5 2102.27 -83656.6 -18228.5 -81111.1 -85824.1 -18228.5 -125866 -86967.5
73796.1 -18142.8 125496 -80603.3 -18142.8 83445.3 -81746.7 -18142.8 2107.46 -83914.2 -18142.8 -81358.8 -86081.6 -18142.8 -126247 -87225
74038.6 -18055.5 125887 -80861.1 -18055.5 83703.6 -82004.5 -18055.5 2112.6 -84172 -18055.5 -81606.8 -86339.5 -18055.5 -126629 -87482.9
74280.1 -17967.4 126278 -81118.2 -17967.4 83961.3 -82261.6 -17967.4 2117.74 -84429.1 -17967.4 -81854.2 -86596.6 -17967.4 -127009 -87740
74521.3 -17878.8 126669 -81375.5 -17878.8 84219.1 -82518.9 -17878.8 2122.92 -84686.4 -17878.8 -82101.6 -86853.8 -17878.8 -127390 -87997.2
72328.2 -17696.6 124655 -80036.2 -17696.6 82898.8 -81179.6 -17696.6 2117.75 -83347.1 -17696.6 -80791.7 -85514.6 -17696.6 -125386 -86658
72753.1 -17116.7 126080 -80895.5 -17116.7 83878.6 -82038.9 -17116.7 2253.76 -84206.4 -17116.7 -81499.5 -86373.8 -17116.7 -126539 -87517.2
73093.1 -16776.6 126637 -81337.5 -16776.6 84206.1 -82480.9 -16776.6 2147.3 -84648.3 -16776.6 -82039.9 -86815.8 -16776.6 -127308 -87959.2
73394.1 -16551.3 126845 -81468.5 -16551.3 84346.9 -82611.9 -16551.3 2159.38 -84779.4 -16551.3 -82156.5 -86946.9 -16551.3 -127493 -88090.3
73631.2 -16376.1 127206 -81705.8 -16376.1 84585 -82849.1 -16376.1 2164.59 -85016.6 -16376.1 -82384.3 -87184.1 -16376.1 -127844 -88327.5
73867.4 -16199.9 127567 -81942.5 -16199.9 84822.8 -83085.9 -16199.9 2169.77 -85253.4 -16199.9 -82611.6 -87420.9 -16199.9 -128194 -88564.3
74103.4 -16022.6 127927 -82179.3 -16022.6 85060.2 -83322.7 -16022.6 2174.8 -85490.1 -16022.6 -82839.1 -87657.6 -16022.6 -128544 -88801
74339.1 -15844.7 128287 -82416.1 -15844.7 85297.7 -83559.5 -15844.7 2179.76 -85726.9 -15844.7 -83066.6 -87894.4 -15844.7 -128894 -89037.8
74572 -15676.6 128654 -82656.1 -15676.6 85540.1 -83799.5 -15676.6 2186.5 -85966.9 -15676.6 -83295.6 -88134.4 -15676.6 -129247 -89277.8
75034.2 -15662.8 129173 -82998.7 -15662.8 85882.2 -84142.1 -15662.8 2192.1 -86309.6 -15662.8 -83626.4 -88477 -15662.8 -129755 -89620.4
75628.3 -15678.7 129773 -83394.9 -15678.7 86276.4 -84538.3 -15678.7 2197.22 -86705.8 -15678.7 -84010.4 -88873.3 -15678.7 -130345 -90016.7
76206.9 -15679.6 130364 -83785.2 -15679.6 86665.2 -84928.6 -15679.6 2202.69 -87096.1 -15679.6 -84388.2 -89263.6 -15679.6 -130925 -90407
76763.3 -15655.2 130950 -84173.9 -15655.2 87049.7 -85317.3 -15655.2 2205.6 -87484.7 -15655.2 -84766.9 -89652.2 -15655.2 -131505 -90795.6
76998.6 -15559.4 131347 -84435.1 -15559.4 87312 -85578.5 -15559.4 2211.32 -87746 -15559.4 -85017.7 -89913.5 -15559.4 -131891 -91056.9
77215.6 -15466.4 131736 -84690.8 -15466.4 87568.7 -85834.2 -15466.4 2216.91 -88001.7 -15466.4 -85263.3 -90169.2 -15466.4 -132269 -91312.6
38018.2 1.38873e+06 30434.1 -82654.4 1.38873e+06 20405.8 -83797.8 1.38873e+06 -229.771 -85965.3 1.38873e+06 -22993.8 -88132.7 1.38873e+06 -35859.9 -89276.1
