14320.5 6.67122e-05 0.00112595 -8.23447e-06 4.77727e-05 0.000836649 -8.23447e-06 9.44629e-06 0.000248225 -8.23447e-06 1.40465e-05 -0.000322097 -8.23447e-06 5.26791e-05 -0.000911513 -8.23447e-06 7.1612e-05 -0.00120093 -8.23447e-06
28551.1 0.000132572 0.00225427 -1.64194e-05 9.50124e-05 0.00167388 -1.64194e-05 1.88515e-05 0.000496369 -1.64194e-05 2.79348e-05 -0.000642782 -1.64194e-05 0.000104667 -0.00182272 -1.64194e-05 0.000142199 -0.0024036 -1.64194e-05
42688 0.000197538 0.00338514 -2.4553e-05 0.000141698 0.00251169 -2.4553e-05 2.82158e-05 0.000744408 -2.4553e-05 4.16601e-05 -0.000961954 -2.4553e-05 0.000155935 -0.00273357 -2.4553e-05 0.000211708 -0.00360816 -2.4553e-05
56727.3 0.000261561 0.00451874 -3.26331e-05 0.000187809 0.00335008 -3.26331e-05 3.75395e-05 0.000992322 -3.26331e-05 5.52178e-05 -0.0012795 -3.26331e-05 0.000206453 -0.00364399 -3.26331e-05 0.000280081 -0.0048148 -3.26331e-05
70664.4 0.000324591 0.0056553 -4.06574e-05 0.00023332 0.00418903 -4.06574e-05 4.68228e-05 0.00124009 -4.06574e-05 6.86027e-05 -0.00159529 -4.06574e-05 0.00025619 -0.00455391 -4.06574e-05 0.000347254 -0.0060237 -4.06574e-05
84494.5 0.00038657 0.00679507 -4.86235e-05 0.000278206 0.00502853 -4.86235e-05 5.60664e-05 0.00148767 -4.86235e-05 8.1809e-05 -0.00190918 -4.86235e-05 0.000305109 -0.00546325 -4.86235e-05 0.000413156 -0.00723511 -4.86235e-05
98212.1 0.000447434 0.0079383 -5.65285e-05 0.000322439 0.00586855 -5.65285e-05 6.52709e-05 0.00173505 -5.65285e-05 9.48304e-05 -0.00222102 -5.65285e-05 0.000353173 -0.00637186 -5.65285e-05 0.000477706 -0.00844924 -5.65285e-05
111811 0.000507112 0.0090853 -6.43694e-05 0.00036599 0.00670904 -6.43694e-05 7.44375e-05 0.00198219 -6.43694e-05 0.00010766 -0.00253062 -6.43694e-05 0.00040034 -0.0072796 -6.43694e-05 0.000540816 -0.00966639 -6.43694e-05
124632 0.000562583 0.0101835 -7.19202e-05 0.000406304 0.00750641 -7.19202e-05 8.20709e-05 0.00220342 -7.19202e-05 0.00012081 -0.00284549 -7.19202e-05 0.000446121 -0.00817753 -7.19202e-05 0.000601479 -0.0108695 -7.19202e-05
130465 0.000601971 0.0109477 -7.70926e-05 0.000435519 0.00806118 -7.70926e-05 8.87476e-05 0.00236033 -7.70926e-05 0.000131995 -0.00307908 -7.70926e-05 0.00047978 -0.00881499 -7.70926e-05 0.000645058 -0.0117202 -7.70926e-05
135156 0.00063962 0.0116768 -8.1875e-05 0.000463962 0.00859371 -8.1875e-05 9.63424e-05 0.00252196 -8.1875e-05 0.000142301 -0.00328772 -8.1875e-05 0.000510802 -0.00939945 -8.1875e-05 0.000685054 -0.0125048 -8.1875e-05
138181 0.000676629 0.0123736 -8.60601e-05 0.000493131 0.00911501 -8.60601e-05 0.000107023 0.00271432 -8.60601e-05 0.000150401 -0.00343861 -8.60601e-05 0.000537173 -0.00987935 -8.60601e-05 0.0007192 -0.0131611 -8.60601e-05
140363 0.000707489 0.0129755 -8.99917e-05 0.000516691 0.00955113 -8.99917e-05 0.000113506 0.00284242 -8.99917e-05 0.000160379 -0.00362671 -8.99917e-05 0.000564102 -0.0103812 -8.99917e-05 0.000753149 -0.0138329 -8.99917e-05
142641 0.000721694 0.0132848 -9.29726e-05 0.000525186 0.00973775 -9.29726e-05 0.000109448 0.00280268 -9.29726e-05 0.0001746 -0.00389416 -9.29726e-05 0.000590878 -0.010896 -9.29726e-05 0.000784765 -0.0144838 -9.29726e-05
145091 0.000728472 0.0134538 -9.53743e-05 0.000527238 0.00980982 -9.53743e-05 0.000101455 0.00269822 -9.53743e-05 0.000190512 -0.00418205 -9.53743e-05 0.000616242 -0.0113885 -9.53743e-05 0.000813692 -0.0150909 -9.53743e-05
146716 0.000735257 0.0136052 -9.67323e-05 0.000531484 0.00990446 -9.67323e-05 0.000100036 0.00268866 -9.67323e-05 0.000196398 -0.00429383 -9.67323e-05 0.000627513 -0.0116136 -9.67323e-05 0.00104976 -0.0175558 -9.67323e-05
148086 0.000741497 0.0137418 -9.7767e-05 0.000535847 0.00999683 -9.7767e-05 0.000100098 0.00269991 -9.7767e-05 0.000199644 -0.00435946 -9.7767e-05 0.000634914 -0.0117646 -9.7767e-05 0.00143679 -0.0214828 -9.7767e-05
149388 0.000746856 0.0138615 -9.87169e-05 0.00053948 0.010076 -9.87169e-05 9.97964e-05 0.00270496 -9.87169e-05 0.000202886 -0.00442464 -9.87169e-05 0.000641937 -0.0119088 -9.87169e-05 0.00182284 -0.0254371 -9.87169e-05
148977 0.000717555 0.0134179 -9.75053e-05 0.000512815 0.00967873 -9.75053e-05 8.02456e-05 0.0023981 -9.75053e-05 0.000215233 -0.00463162 -9.75053e-05 0.000648268 -0.012034 -9.75053e-05 0.00199687 -0.0272351 -9.75053e-05
150031 0.000723362 0.0135153 -9.81423e-05 0.00051719 0.00975286 -9.81423e-05 8.16007e-05 0.00242663 -9.81423e-05 0.000215725 -0.0046487 -9.81423e-05 0.000651383 -0.0121026 -9.81423e-05 0.00240123 -0.0310612 -9.81423e-05
149635 0.000730996 0.013618 -9.69529e-05 0.000527603 0.00989646 -9.69529e-05 9.64598e-05 0.00265205 -9.69529e-05 0.000195969 -0.00433616 -9.69529e-05 0.000626116 -0.0117027 -9.69529e-05 0.00237552 -0.0306033 -9.69529e-05
150762 0.000736789 0.0137163 -9.76868e-05 0.000531742 0.00996806 -9.76868e-05 9.71747e-05 0.00267128 -9.76868e-05 0.00019754 -0.00436878 -9.76868e-05 0.000631128 -0.0117882 -9.76868e-05 0.00238154 -0.030719 -9.76868e-05
151888 0.000742562 0.0138145 -9.84206e-05 0.000535862 0.0100397 -9.84206e-05 9.78849e-05 0.00269051 -9.84206e-05 0.000199111 -0.0044014 -9.84206e-05 0.00063614 -0.0118737 -9.84206e-05 0.00238756 -0.0308348 -9.84206e-05
153014 0.000747725 0.0139213 -9.91535e-05 0.000539642 0.0101161 -9.91535e-05 9.85733e-05 0.00270965 -9.91535e-05 0.00020069 -0.00443414 -9.91535e-05 0.000641155 -0.0119593 -9.91535e-05 0.00239358 -0.0309505 -9.91535e-05
154138 0.000752703 0.0140307 -9.98853e-05 0.000543341 0.0101935 -9.98853e-05 9.92501e-05 0.00272867 -9.98853e-05 0.000202273 -0.00446693 -9.98853e-05 0.000646148 -0.0120449 -9.98853e-05 0.00239925 -0.031071 -9.98853e-05
155150 0.000757743 0.014139 -0.000100469 0.000547416 0.0102755 -0.000100469 0.000100912 0.00276286 -0.000100469 0.000202279 -0.00447432 -0.000100469 0.000648721 -0.0120966 -0.000100469 0.00285536 -0.0353071 -0.000100469
156149 0.000762781 0.0142473 -0.000101036 0.000551529 0.010358 -0.000101036 0.000102676 0.002799 -0.000101036 0.00020211 -0.00447891 -0.000101036 0.000650895 -0.0121469 -0.000101036 0.00335377 -0.0399664 -0.000101036
155749 0.000769485 0.0143538 -9.98247e-05 0.000561031 0.0105069 -9.98247e-05 0.000117123 0.00302693 -9.98247e-05 0.000183457 -0.00416993 -9.98247e-05 0.000625587 -0.0117464 -9.98247e-05 0.00482412 -0.0594586 -9.98247e-05
156876 0.000774237 0.0144605 -0.000100549 0.000564531 0.0105817 -0.000100549 0.000117641 0.00304428 -0.000100549 0.000185099 -0.0042041 -0.000100549 0.000630652 -0.0118329 -0.000100549 0.00577754 -0.0684316 -0.000100549
158003 0.000778978 0.0145673 -0.000101274 0.000568026 0.0106566 -0.000101274 0.000118159 0.00306164 -0.000101274 0.000186742 -0.00423828 -0.000101274 0.000635716 -0.0119194 -0.000101274 0.00673096 -0.0774047 -0.000101274
159131 0.000783707 0.0146743 -0.000101998 0.000571517 0.0107315 -0.000101998 0.000118676 0.00307899 -0.000101998 0.000188384 -0.00427246 -0.000101998 0.000640781 -0.012006 -0.000101998 0.0076844 -0.0863779 -0.000101998
160258 0.000788425 0.0147814 -0.000102723 0.000575003 0.0108065 -0.000102723 0.000119192 0.00309635 -0.000102723 0.000190027 -0.00430663 -0.000102723 0.000645821 -0.0120925 -0.000102723 0.00863774 -0.0953501 -0.000102723
161249 0.000793404 0.0148905 -0.000103281 0.000579107 0.0108897 -0.000103281 0.000121011 0.0031335 -0.000103281 0.000189849 -0.00430985 -0.000103281 0.000648018 -0.0121377 -0.000103281 0.00916549 -0.10032 -0.000103281
162240 0.000798372 0.0149997 -0.000103838 0.000583207 0.010973 -0.000103838 0.000122836 0.00317075 -0.000103838 0.000189661 -0.00431291 -0.000103838 0.000650051 -0.0121854 -0.000103838 0.00969095 -0.105269 -0.000103838
163231 0.000803328 0.015109 -0.000104395 0.000587303 0.0110563 -0.000104395 0.000124659 0.00320801 -0.000104395 0.00018947 -0.00431598 -0.000104395 0.000652081 -0.0122331 -0.000104395 0.0102164 -0.110217 -0.000104395
164221 0.000808272 0.0152186 -0.000104951 0.000591392 0.0111397 -0.000104951 0.000126482 0.00324528 -0.000104951 0.000189279 -0.00431905 -0.000104951 0.000654109 -0.0122808 -0.000104951 0.0107419 -0.115166 -0.000104951
165199 0.000813219 0.0153282 -0.000105507 0.000595493 0.0112233 -0.000105507 0.000128322 0.00328269 -0.000105507 0.000189096 -0.00432209 -0.000105507 0.000656142 -0.0123284 -0.000105507 0.0112665 -0.120107 -0.000105507
166138 0.000979027 0.0170037 -0.000106014 0.000598823 0.011293 -0.000106014 0.000129605 0.00331072 -0.000106014 0.00018923 -0.00433018 -0.000106014 0.000658272 -0.0123778 -0.000106014 0.0117903 -0.125039 -0.000106014
167073 0.00115431 0.0187792 -0.000106517 0.000602099 0.0113619 -0.000106517 0.000130851 0.00333816 -0.000106517 0.000189384 -0.00433859 -0.000106517 0.000660405 -0.0124274 -0.000106517 0.0123141 -0.129972 -0.000106517
168008 0.00133278 0.0205944 -0.000107019 0.000605353 0.0114305 -0.000107019 0.000132082 0.00336536 -0.000107019 0.000189546 -0.00434713 -0.000107019 0.000662538 -0.012477 -0.000107019 0.0128378 -0.134904 -0.000107019
168942 0.0015148 0.0224538 -0.00010752 0.00060858 0.0114988 -0.00010752 0.000133298 0.00339231 -0.00010752 0.000189716 -0.00435581 -0.00010752 0.000664672 -0.0125268 -0.00010752 0.0133615 -0.139835 -0.00010752
169875 0.00170078 0.0243627 -0.000108019 0.00061178 0.0115666 -0.000108019 0.000134495 0.00341896 -0.000108019 0.000189897 -0.00436465 -0.000108019 0.000666807 -0.0125766 -0.000108019 0.0138851 -0.144766 -0.000108019
170806 0.00189124 0.0263275 -0.000108517 0.000614948 0.0116341 -0.000108517 0.000135672 0.00344529 -0.000108517 0.000190089 -0.00437367 -0.000108517 0.000668942 -0.0126265 -0.000108517 0.0144087 -0.149696 -0.000108517
171707 0.00208835 0.0283721 -0.000109014 0.000618113 0.0117015 -0.000109014 0.000136849 0.00347163 -0.000109014 0.00019028 -0.00438267 -0.000109014 0.000671074 -0.0126764 -0.000109014 0.014932 -0.154625 -0.000109014
172486 0.00245799 0.0318485 -0.000109475 0.000620694 0.0117585 -0.000109475 0.000137601 0.00349083 -0.000109475 0.000190708 -0.00439549 -0.000109475 0.000673275 -0.0127277 -0.000109475 0.0154547 -0.159547 -0.000109475
173249 0.00290367 0.0359947 -0.000109914 0.000622948 0.0118096 -0.000109914 0.000138115 0.00350603 -0.000109914 0.000191272 -0.00441047 -0.000109914 0.000675517 -0.0127798 -0.000109914 0.0159773 -0.164468 -0.000109914
174006 0.00337088 0.0403742 -0.000110347 0.000625087 0.0118586 -0.000110347 0.000138547 0.00351984 -0.000110347 0.000191875 -0.00442627 -0.000110347 0.000677769 -0.0128322 -0.000110347 0.0164997 -0.169388 -0.000110347
171054 0.00459591 0.0575971 -0.000106332 0.000604981 0.0115243 -0.000106332 0.000137141 0.00347366 -0.000106332 0.000177043 -0.00416533 -0.000106332 0.00064341 -0.0122782 -0.000106332 0.0140955 -0.190213 -0.000106332
173203 0.00573367 0.0683292 -0.000108686 0.000606995 0.0115808 -0.000108686 0.000128886 0.00336374 -0.000108686 0.000193124 -0.00444503 -0.000108686 0.000671331 -0.0127317 -0.000108686 0.014132 -0.192129 -0.000108686
174012 0.00671237 0.0775345 -0.000109398 0.000612394 0.0116695 -0.000109398 0.00013087 0.00340092 -0.000109398 0.000193746 -0.0044609 -0.000109398 0.000675291 -0.0127988 -0.000109398 0.0148928 -0.202479 -0.000109398
174781 0.00769189 0.0867465 -0.000110063 0.00061793 0.0117597 -0.000110063 0.000133181 0.00344282 -0.000110063 0.000193908 -0.00446875 -0.000110063 0.000678305 -0.0128578 -0.000110063 0.0155456 -0.211359 -0.000110063
175464 0.00860787 0.0953599 -0.000110629 0.000623208 0.0118462 -0.000110629 0.000135728 0.00348774 -0.000110629 0.000193485 -0.00446618 -0.000110629 0.000680178 -0.0129001 -0.000110629 0.0160227 -0.217853 -0.000110629
176003 0.00910933 0.100079 -0.000111024 0.000625552 0.0118957 -0.000111024 0.000136499 0.00350413 -0.000111024 0.000193978 -0.00447829 -0.000111024 0.000682222 -0.0129453 -0.000111024 0.0164709 -0.22397 -0.000111024
176540 0.00961049 0.104794 -0.00011142 0.000627893 0.0119451 -0.00011142 0.000137251 0.00352106 -0.00011142 0.000194473 -0.00449043 -0.00011142 0.000684267 -0.0129905 -0.00011142 0.016919 -0.230092 -0.00011142
177074 0.0101118 0.109511 -0.000111815 0.000630234 0.0119946 -0.000111815 0.000138003 0.00353803 -0.000111815 0.000194959 -0.00450303 -0.000111815 0.000686313 -0.0130357 -0.000111815 0.0173671 -0.236214 -0.000111815
177607 0.0106132 0.114229 -0.00011221 0.000632574 0.0120442 -0.00011221 0.000138757 0.00355501 -0.00011221 0.000195445 -0.0045157 -0.00011221 0.000688358 -0.013081 -0.00011221 0.0178153 -0.242339 -0.00011221
178138 0.0111147 0.118948 -0.000112605 0.000634915 0.0120937 -0.000112605 0.000139512 0.00357199 -0.000112605 0.000195933 -0.00452838 -0.000112605 0.000690405 -0.0131263 -0.000112605 0.0182636 -0.248465 -0.000112605
178666 0.0116163 0.123668 -0.000113 0.000637256 0.0121433 -0.000113 0.000140269 0.00358899 -0.000113 0.000196424 -0.00454107 -0.000113 0.000692452 -0.0131717 -0.000113 0.018712 -0.254594 -0.000113
179192 0.0121182 0.12839 -0.000113395 0.000639597 0.012193 -0.000113395 0.000141028 0.003606 -0.000113395 0.000196916 -0.00455378 -0.000113395 0.000694499 -0.0132171 -0.000113395 0.0191604 -0.260724 -0.000113395
179716 0.0126201 0.133113 -0.000113791 0.000641938 0.0122426 -0.000113791 0.000141788 0.00362303 -0.000113791 0.00019741 -0.00456651 -0.000113791 0.000696547 -0.0132625 -0.000113791 0.0196089 -0.266856 -0.000113791
180207 0.0131259 0.137871 -0.000114187 0.000644325 0.0122925 -0.000114187 0.00014258 0.00364011 -0.000114187 0.000197966 -0.00457982 -0.000114187 0.000698671 -0.0133087 -0.000114187 0.0200641 -0.273078 -0.000114187
180679 0.0136336 0.142647 -0.000114585 0.000646735 0.0123425 -0.000114585 0.000143388 0.00365724 -0.000114585 0.000198554 -0.00459343 -0.000114585 0.000700834 -0.0133553 -0.000114585 0.0205227 -0.279346 -0.000114585
181150 0.0141414 0.147424 -0.000114982 0.000649145 0.0123925 -0.000114982 0.000144197 0.00367438 -0.000114982 0.000199144 -0.00460705 -0.000114982 0.000702997 -0.0134019 -0.000114982 0.0209814 -0.285616 -0.000114982
181618 0.0146494 0.152202 -0.000115379 0.000651555 0.0124425 -0.000115379 0.000145008 0.00369153 -0.000115379 0.000199735 -0.00462069 -0.000115379 0.00070516 -0.0134485 -0.000115379 0.02144 -0.291886 -0.000115379
182084 0.0151574 0.156981 -0.000115776 0.000653965 0.0124926 -0.000115776 0.000145822 0.0037087 -0.000115776 0.000200328 -0.00463432 -0.000115776 0.000707322 -0.0134952 -0.000115776 0.0218986 -0.298156 -0.000115776
182547 0.0156655 0.161761 -0.000116173 0.000656375 0.0125427 -0.000116173 0.000146637 0.00372588 -0.000116173 0.000200923 -0.00464797 -0.000116173 0.000709485 -0.0135419 -0.000116173 0.0223569 -0.304426 -0.000116173
182952 0.0160124 0.165025 -0.000116503 0.000657845 0.0125752 -0.000116503 0.000146784 0.00373164 -0.000116503 0.000201863 -0.0046674 -0.000116503 0.000711705 -0.0135895 -0.000116503 0.0228029 -0.310526 -0.000116503
183352 0.0163544 0.168244 -0.000116831 0.000659289 0.0126071 -0.000116831 0.000146915 0.00373709 -0.000116831 0.000202814 -0.00468697 -0.000116831 0.000713923 -0.0136371 -0.000116831 0.0232477 -0.31661 -0.000116831
8290.39 0.0583482 0.0968489 -4.71557e-06 0.0583482 0.0695254 -4.71557e-06 0.0583482 0.0137231 -4.71557e-06 0.0583482 -0.0526203 -4.71557e-06 0.0583482 -0.108423 -4.71557e-06 0.0583482 -0.135746 -4.71557e-06
15387.5 0.0582711 0.101347 -1.11684e-05 0.0578546 0.0700767 -1.11684e-05 0.0578546 0.0139453 -1.11684e-05 0.0578546 -0.0527893 -1.11684e-05 0.0578546 -0.108921 -1.11684e-05 0.0582617 -0.140106 -1.11684e-05
80324.2 0.0150835 3.04033 -6.7591e-05 0.0150835 1.70773 -6.7591e-05 0.0418651 0.142442 -6.7591e-05 0.0427119 -0.173561 -6.7591e-05 0.0150835 -1.73114 -6.7591e-05 0.0150835 -3.06374 -6.7591e-05
-53244.5 0.0244611 2.15032 4.94962e-05 0.0243278 1.04643 4.94962e-05 0.0506 -0.0702649 4.94962e-05 0.0514356 0.0332218 4.94962e-05 0.0243348 -1.07585 4.94962e-05 0.0244657 -2.17978 4.94962e-05
31877.5 0.0292158 2.29171 1.16667e-06 0.0287363 1.20252 1.16667e-06 0.0549599 0.0968167 1.16667e-06 0.0573234 0.131011 1.16667e-06 0.0307822 -0.974657 1.16667e-06 0.0305919 -2.05874 1.16667e-06
31405.8 0.346773 0.227671 1.50483e-05 0.346773 0.23423 1.50483e-05 0.346773 0.247625 1.50483e-05 0.346773 0.263551 1.50483e-05 0.346773 0.276947 1.50483e-05 0.346773 0.283506 1.50483e-05
13398 -0.252067 0.0890608 -4.81188e-05 -0.246791 0.121211 -4.81188e-05 -0.246791 0.299712 -4.81188e-05 -0.246791 0.511933 -4.81188e-05 -0.2498 0.656855 -4.81188e-05 -0.258229 0.661866 -4.81188e-05
-26974.7 0.356475 0.958542 2.81951e-05 0.356475 0.644957 2.81951e-05 0.356475 0.00452793 2.81951e-05 0.356475 -0.756879 2.81951e-05 0.356475 -1.39731 2.81951e-05 0.356475 -1.71089 2.81951e-05
6400.53 0.250206 0.669705 -4.36287e-05 0.250206 0.416907 -4.36287e-05 0.250206 -0.0993784 -4.36287e-05 0.250206 -0.713191 -4.36287e-05 0.250206 -1.22948 -4.36287e-05 0.250206 -1.48227 -4.36287e-05
