6160.54 0.000102224 0.00157984 -7.88124e-06 7.30368e-05 0.00113279 -9.40577e-06 3.33664e-06 7.32511e-05 -1.22957e-05 8.01439e-05 -0.00124146 -1.51857e-05 0.000133921 -0.00206766 -1.67102e-05
11983.9 0.000209908 0.00327316 -1.96212e-05 0.000141555 0.00221051 -2.11457e-05 -1.2441e-06 9.6213e-06 -2.40357e-05 0.000156596 -0.0024433 -2.69257e-05 0.000249238 -0.00389034 -2.84502e-05
17772.9 0.000315204 0.00496179 -3.12909e-05 0.000208527 0.00327676 -3.28154e-05 -1.80669e-06 -1.83287e-05 -3.57054e-05 0.000232895 -0.00365878 -3.85954e-05 0.000363452 -0.00573524 -4.01199e-05
23523.6 0.000419232 0.00666577 -4.28811e-05 0.000275184 0.00435086 -4.44056e-05 -9.22431e-07 -6.12309e-05 -4.72956e-05 0.000307705 -0.00486768 -5.01856e-05 0.000475105 -0.00758288 -5.17101e-05
29235.1 0.000521612 0.00838259 -5.4393e-05 0.000341235 0.00542897 -5.59175e-05 6.36635e-07 -0.000107891 -5.88075e-05 0.00038129 -0.00607482 -6.16974e-05 0.000584346 -0.00943985 -6.3222e-05
34905.3 0.000622044 0.0101114 -6.58199e-05 0.000406509 0.00650911 -6.73445e-05 2.13863e-06 -0.000152905 -7.02344e-05 0.000453689 -0.00728167 -7.31244e-05 0.00069104 -0.0113093 -7.46489e-05
40531.7 0.000720324 0.0118541 -7.71564e-05 0.00047096 0.00759142 -7.86809e-05 3.71249e-06 -0.000196657 -8.15709e-05 0.000524794 -0.00848765 -8.44609e-05 0.000794876 -0.013193 -8.59854e-05
45894.4 0.000812947 0.0135516 -8.74957e-05 0.000534019 0.00866644 -8.90202e-05 8.4301e-07 -0.000163093 -9.19102e-05 0.000584234 -0.00951609 -9.48002e-05 0.0010851 -0.0168076 -9.63247e-05
50017 0.0010471 0.016449 -9.28174e-05 0.000588686 0.00961386 -9.43419e-05 -5.04031e-06 4.7975e-05 -9.72319e-05 0.000590744 -0.00964899 -0.000100122 0.00230002 -0.0284771 -0.000101646
53309.3 0.00201937 0.0259766 -9.48103e-05 0.000604123 0.0099029 -9.63348e-05 -3.75948e-06 0.000104498 -9.92248e-05 0.000595323 -0.00975212 -0.000102115 0.0035887 -0.0403316 -0.000103639
54854.5 0.00301196 0.0350781 -9.56179e-05 0.000609803 0.0100365 -9.71424e-05 -2.95202e-06 0.00014623 -0.000100032 0.000593451 -0.00975586 -0.000102922 0.00470049 -0.0514753 -0.000104447
55473.9 0.0038562 0.0428962 -9.47493e-05 0.00061935 0.0102126 -9.62738e-05 1.03738e-05 0.000384776 -9.91638e-05 0.000570131 -0.00941235 -0.000102054 0.0057221 -0.0656184 -0.000103578
55533.7 0.00494401 0.0553536 -9.43822e-05 0.000610411 0.0100566 -9.59067e-05 4.037e-06 0.000265107 -9.87967e-05 0.000578742 -0.00952154 -0.000101687 0.00659044 -0.0737459 -0.000103211
56127.7 0.00590578 0.0672997 -9.40586e-05 0.000597576 0.00986673 -9.55831e-05 -3.87663e-06 0.000120514 -9.84731e-05 0.000586563 -0.00964372 -0.000101363 0.00750996 -0.0823954 -0.000102888
56889.3 0.00684917 0.0761763 -9.48307e-05 0.000601785 0.00993597 -9.63553e-05 -4.29779e-06 0.000116376 -9.92452e-05 0.000591114 -0.00971812 -0.000102135 0.00849893 -0.0917003 -0.00010366
57568.5 0.00780042 0.0851231 -9.55904e-05 0.000606187 0.0100059 -9.71149e-05 -4.56992e-06 0.000113508 -0.000100005 0.000595631 -0.0097945 -0.000102895 0.00948534 -0.100978 -0.000104419
57750.2 0.00867777 0.0934056 -9.64305e-05 0.000609003 0.0100703 -9.7955e-05 -5.747e-06 0.00010442 -0.000100845 0.00059862 -0.00987432 -0.000103735 0.0104408 -0.109994 -0.00010526
57992.2 0.00951439 0.101272 -9.70994e-05 0.000612932 0.0101312 -9.86239e-05 -5.89788e-06 0.000101678 -0.000101514 0.000602719 -0.00994663 -0.000104404 0.0113369 -0.11842 -0.000105928
58592.1 0.0104335 0.109911 -9.78174e-05 0.000617357 0.0101985 -9.93419e-05 -5.96514e-06 9.96314e-05 -0.000102232 0.000607262 -0.0100245 -0.000105122 0.0123076 -0.127543 -0.000106646
59258.4 0.0113724 0.118737 -9.85577e-05 0.000621541 0.010272 -0.000100082 -6.0818e-06 9.7339e-05 -0.000102972 0.000611813 -0.0101041 -0.000105862 0.0132977 -0.136851 -0.000107387
59920.4 0.0123127 0.127577 -9.92994e-05 0.000625726 0.0103457 -0.000100824 -6.20064e-06 9.50388e-05 -0.000103714 0.000616363 -0.0101839 -0.000106604 0.0142892 -0.146171 -0.000108128
60538.2 0.0132573 0.13645 -0.000100022 0.000630226 0.0104187 -0.000101547 -6.14462e-06 9.29084e-05 -0.000104437 0.000621384 -0.0102657 -0.000107327 0.0153073 -0.155735 -0.000108851
61131.2 0.014204 0.145338 -0.000100737 0.000634869 0.0104914 -0.000102261 -6.00879e-06 9.08884e-05 -0.000105151 0.000626612 -0.0103484 -0.000108041 0.0163367 -0.165401 -0.000109566
58797.4 0.0150367 0.152983 -0.000100468 0.000646607 0.0105572 -0.000101993 1.68781e-06 0.000153398 -0.000104883 0.000634898 -0.0103621 -0.000107773 0.0167087 -0.168715 -0.000109297
60112.1 0.0159509 0.161606 -0.000101344 0.000649643 0.0106248 -0.000102869 -9.90751e-08 0.000136208 -0.000105759 0.000639267 -0.0104467 -0.000108649 0.0177902 -0.178909 -0.000110173
61268.4 0.016808 0.16969 -0.000102186 0.000652159 0.0106909 -0.000103711 -1.92264e-06 0.000117924 -0.000106601 0.000643204 -0.0105356 -0.000109491 0.0188406 -0.188812 -0.000111015
62172.5 0.0176897 0.177991 -0.000102965 0.000655499 0.0107589 -0.00010449 -2.69571e-06 0.000108094 -0.00010738 0.000647599 -0.0106216 -0.00011027 0.0198716 -0.198515 -0.000111794
62706.5 0.0186119 0.186647 -0.000103647 0.000660152 0.0108297 -0.000105172 -2.44046e-06 0.000107121 -0.000108062 0.000652776 -0.0107014 -0.000110952 0.0208683 -0.207872 -0.000112476
63201.9 0.0195582 0.195534 -0.000104357 0.000664754 0.0109033 -0.000105881 -2.28455e-06 0.000106192 -0.000108771 0.00065777 -0.0107817 -0.000111661 0.02187 -0.217279 -0.000113186
63645.8 0.0205367 0.204729 -0.000105102 0.000669298 0.0109805 -0.000106627 -2.26153e-06 0.000105339 -0.000109517 0.000662522 -0.0108623 -0.000112407 0.0228777 -0.226748 -0.000113931
64083.2 0.0215184 0.213954 -0.000105851 0.000673849 0.011058 -0.000107375 -2.23992e-06 0.000104523 -0.000110265 0.000667272 -0.0109432 -0.000113155 0.0238873 -0.236235 -0.00011468
64512.2 0.0225041 0.223216 -0.000106602 0.000678412 0.011136 -0.000108126 -2.21971e-06 0.000103742 -0.000111016 0.000672025 -0.0110243 -0.000113906 0.0248995 -0.245747 -0.000115431
64153.6 0.0236066 0.233582 -0.000107442 0.000683348 0.0112248 -0.000108967 -2.25948e-06 0.000104432 -0.000111857 0.000676775 -0.0111097 -0.000114747 0.0259746 -0.255855 -0.000116271
64627.8 0.0246725 0.243601 -0.00010826 0.000688183 0.0113097 -0.000109784 -2.29535e-06 0.000103683 -0.000112674 0.000681724 -0.0111964 -0.000115564 0.0270561 -0.266021 -0.000117089
65064.1 0.0257452 0.253686 -0.000109088 0.000692944 0.0113957 -0.000110613 -2.39801e-06 0.000102953 -0.000113503 0.00068651 -0.0112827 -0.000116393 0.0281317 -0.276133 -0.000117917
65488.4 0.0268046 0.263647 -0.000109906 0.000697653 0.0114807 -0.00011143 -2.49073e-06 0.000102263 -0.00011432 0.000691249 -0.011368 -0.00011721 0.0291947 -0.286127 -0.000118735
65870.1 0.0278176 0.27317 -0.000110686 0.000702182 0.0115617 -0.000112211 -2.56239e-06 0.000101493 -0.000115101 0.000695851 -0.0114501 -0.000117991 0.0302174 -0.295741 -0.000119515
66251.6 0.0288306 0.282692 -0.000111466 0.000706711 0.0116429 -0.000112991 -2.63242e-06 0.000100727 -0.000115881 0.000700453 -0.0115324 -0.000118771 0.0312402 -0.305357 -0.000120295
66632.9 0.0298434 0.292214 -0.000112246 0.000711235 0.011724 -0.000113771 -2.7015e-06 9.99852e-05 -0.000116661 0.000705047 -0.0116146 -0.000119551 0.0322624 -0.314966 -0.000121075
67013.9 0.0308562 0.301736 -0.000113026 0.000715759 0.0118053 -0.000114551 -2.76784e-06 9.92605e-05 -0.000117441 0.00070964 -0.0116969 -0.000120331 0.0332846 -0.324575 -0.000121855
67381.3 0.0318473 0.311053 -0.000113789 0.000720186 0.0118848 -0.000115314 -2.83079e-06 9.85313e-05 -0.000118203 0.000714142 -0.0117776 -0.000121093 0.0342858 -0.333987 -0.000122618
67741.8 0.0328282 0.320273 -0.000114544 0.000724563 0.0119635 -0.000116069 -2.89461e-06 9.77636e-05 -0.000118959 0.0007186 -0.0118576 -0.000121849 0.0352777 -0.343311 -0.000123373
68100.4 0.033808 0.329484 -0.000115288 0.000728968 0.0120428 -0.000116813 -2.89564e-06 9.83085e-05 -0.000119703 0.000722898 -0.0119348 -0.000122593 0.0362533 -0.352661 -0.000124117
68448.7 0.0347734 0.338559 -0.000116014 0.00073333 0.0121213 -0.000117539 -2.85506e-06 9.96829e-05 -0.000120429 0.000727037 -0.0120092 -0.000123318 0.0372053 -0.361905 -0.000124843
68795 0.0357357 0.347612 -0.000116738 0.000737671 0.0121996 -0.000118262 -2.81715e-06 0.000100992 -0.000121152 0.000731164 -0.0120835 -0.000124042 0.0381551 -0.371127 -0.000125567
69137.6 0.0366735 0.356717 -0.000117444 0.000741767 0.0122735 -0.000118969 -2.86918e-06 0.000100301 -0.000121859 0.000735341 -0.0121587 -0.000124749 0.0391041 -0.380339 -0.000126273
69480.4 0.0376115 0.365824 -0.000118151 0.000745862 0.0123474 -0.000119675 -2.92011e-06 9.96167e-05 -0.000122565 0.000739516 -0.0122339 -0.000125455 0.0400532 -0.389554 -0.00012698
69814.1 0.0385583 0.375015 -0.000118858 0.000750029 0.0124223 -0.000120382 -2.93084e-06 9.94945e-05 -0.000123272 0.000743699 -0.0123089 -0.000126162 0.0410017 -0.398762 -0.000127687
70117.4 0.0395353 0.384495 -0.000119569 0.00075444 0.0125001 -0.000121093 -2.81094e-06 0.000101237 -0.000123983 0.000747912 -0.012383 -0.000126873 0.0419485 -0.407949 -0.000128398
70420.1 0.0405119 0.393971 -0.000120279 0.000758849 0.0125779 -0.000121804 -2.68932e-06 0.000102993 -0.000124693 0.000752122 -0.0124571 -0.000127583 0.0428949 -0.417132 -0.000129108
70701.8 0.041451 0.403083 -0.000120962 0.000763098 0.0126527 -0.000122486 -2.56486e-06 0.000104646 -0.000125376 0.000756197 -0.0125286 -0.000128266 0.0438073 -0.425986 -0.000129791
70975.1 0.0423767 0.412064 -0.000121634 0.00076729 0.0127265 -0.000123158 -2.43803e-06 0.000106272 -0.000126048 0.000760223 -0.0125991 -0.000128938 0.0447076 -0.43472 -0.000130463
71247.4 0.0433005 0.421027 -0.000122305 0.000771472 0.0128001 -0.000123829 -2.30981e-06 0.000107904 -0.000126719 0.000764241 -0.0126696 -0.000129609 0.045606 -0.443438 -0.000131134
71518.6 0.0442223 0.42997 -0.000122974 0.000775644 0.0128737 -0.000124499 -2.1805e-06 0.000109539 -0.000127389 0.000768249 -0.01274 -0.000130279 0.0465026 -0.452136 -0.000131803
71784.9 0.0451364 0.438838 -0.000123638 0.000779783 0.0129466 -0.000125162 -2.04924e-06 0.000111165 -0.000128052 0.000772229 -0.0128099 -0.000130942 0.0473921 -0.460766 -0.000132467
72037.8 0.0460269 0.447478 -0.000124283 0.000783822 0.0130177 -0.000125808 -1.91626e-06 0.000112727 -0.000128698 0.000776123 -0.0128782 -0.000131588 0.0482603 -0.469189 -0.000133112
72142.2 0.0467052 0.454059 -0.00012478 0.000786857 0.0130718 -0.000126305 -1.85134e-06 0.000113524 -0.000129195 0.000779083 -0.0129308 -0.000132085 0.0489266 -0.475654 -0.000133609
72300.7 0.0474145 0.460937 -0.000125293 0.00079013 0.013128 -0.000126817 -1.71272e-06 0.000114534 -0.000129707 0.000782329 -0.0129863 -0.000132597 0.0496312 -0.482486 -0.000134122
72551 0.0482691 0.469224 -0.000125909 0.000794061 0.013196 -0.000127434 -1.49687e-06 0.00011639 -0.000130324 0.000786172 -0.0130525 -0.000133214 0.0504717 -0.490638 -0.000134738
72793.6 0.0491402 0.477675 -0.000126541 0.000798003 0.0132656 -0.000128066 -1.33114e-06 0.000118099 -0.000130956 0.000789991 -0.0131197 -0.000133846 0.0513236 -0.498902 -0.00013537
72783.8 0.0497269 0.48335 -0.000126947 0.000800976 0.0133111 -0.000128472 -9.53028e-07 0.000119938 -0.000131362 0.000793084 -0.0131673 -0.000134252 0.0519278 -0.504747 -0.000135776
73059.5 0.0505222 0.491073 -0.000127537 0.000804418 0.0133751 -0.000129062 -9.48449e-07 0.000120684 -0.000131952 0.000796389 -0.0132286 -0.000134842 0.0527018 -0.512263 -0.000136366
73309.7 0.0513818 0.499414 -0.000128165 0.000808256 0.0134441 -0.000129689 -8.25332e-07 0.000122205 -0.000132579 0.000800088 -0.0132948 -0.000135469 0.0535396 -0.520393 -0.000136994
73555 0.0522575 0.507909 -0.000128801 0.0008122 0.0135143 -0.000130325 -6.6454e-07 0.000123931 -0.000133215 0.0008039 -0.0133624 -0.000136105 0.0543945 -0.528687 -0.00013763
73796.1 0.0531343 0.516415 -0.000129436 0.000816162 0.0135845 -0.000130961 -4.87961e-07 0.000125767 -0.000133851 0.000807729 -0.01343 -0.000136741 0.0552504 -0.536989 -0.000138265
74038.6 0.05401 0.52491 -0.000130071 0.000820113 0.0136548 -0.000131596 -3.15365e-07 0.000127581 -0.000134486 0.000811545 -0.0134976 -0.000137376 0.056105 -0.54528 -0.0001389
74280.1 0.0548845 0.533394 -0.000130705 0.000824058 0.013725 -0.000132229 -1.38747e-07 0.000129428 -0.000135119 0.000815356 -0.0135651 -0.000138009 0.0569582 -0.553557 -0.000139534
74521.3 0.0557595 0.541881 -0.000131336 0.000828012 0.0137954 -0.000132861 5.7308e-08 0.000131594 -0.000135751 0.000819137 -0.0136321 -0.000138641 0.0577986 -0.561846 -0.000140165
72328.2 0.0563876 0.547691 -0.000131159 0.000836913 0.0138417 -0.000132684 8.13823e-06 0.000189457 -0.000135574 0.000826436 -0.0136539 -0.000138464 0.0582088 -0.565556 -0.000139988
72753.1 0.0572992 0.556564 -0.000131896 0.000840655 0.0139108 -0.00013342 7.38881e-06 0.000183961 -0.00013631 0.00083043 -0.0137242 -0.0001392 0.0591446 -0.574647 -0.000140725
73093.1 0.0582107 0.565423 -0.000132603 0.00084441 0.0139837 -0.000134128 7.02744e-06 0.000181205 -0.000137018 0.000834348 -0.0137984 -0.000139908 0.0600612 -0.583747 -0.000141432
73394.1 0.0590632 0.573864 -0.00013327 0.000847966 0.0140526 -0.000134795 6.71867e-06 0.000178557 -0.000137685 0.000838059 -0.0138699 -0.000140575 0.0609326 -0.592427 -0.000142099
73631.2 0.0598179 0.581361 -0.000133858 0.000851153 0.0141137 -0.000135382 6.50474e-06 0.000176517 -0.000138272 0.000841404 -0.0139335 -0.000141162 0.0617067 -0.600147 -0.000142687
73867.4 0.0605709 0.588853 -0.000134444 0.00085432 0.0141748 -0.000135969 6.2921e-06 0.000174493 -0.000138859 0.000844717 -0.013997 -0.000141749 0.0624786 -0.607863 -0.000143273
74103.4 0.0613226 0.596345 -0.00013503 0.000857482 0.0142358 -0.000136555 6.08109e-06 0.000172484 -0.000139445 0.000848025 -0.0140605 -0.000142335 0.0632486 -0.61558 -0.000143859
74339.1 0.0620726 0.603835 -0.000135615 0.000860639 0.0142969 -0.00013714 5.87206e-06 0.000170493 -0.00014003 0.000851326 -0.014124 -0.00014292 0.0640164 -0.623297 -0.000144444
74572 0.0628178 0.611294 -0.000136197 0.00086378 0.0143576 -0.000137721 5.6693e-06 0.000168562 -0.000140611 0.000854608 -0.0141871 -0.000143501 0.0647783 -0.630982 -0.000145026
75034.2 0.0635601 0.618803 -0.000136818 0.000866454 0.0144196 -0.000138342 4.91268e-06 0.000163398 -0.000141232 0.000857385 -0.0142507 -0.000144122 0.0655303 -0.63867 -0.000145647
75628.3 0.0642663 0.626034 -0.000137457 0.000868549 0.0144795 -0.000138982 3.58985e-06 0.000154076 -0.000141872 0.000859712 -0.0143147 -0.000144762 0.0662633 -0.646291 -0.000146286
76206.9 0.0649714 0.633298 -0.000138096 0.000870667 0.0145395 -0.000139621 2.29155e-06 0.00014486 -0.000142511 0.000862071 -0.0143788 -0.000145401 0.0669938 -0.653981 -0.000146925
76763.3 0.0656694 0.640544 -0.000138727 0.000872809 0.0145992 -0.000140252 1.25714e-06 0.000137178 -0.000143142 0.000864433 -0.0144423 -0.000146032 0.0677092 -0.661666 -0.000147556
76998.6 0.0664856 0.648891 -0.000139329 0.000876586 0.0146675 -0.000140854 1.4806e-06 0.000139807 -0.000143744 0.000867982 -0.0145061 -0.000146633 0.0684716 -0.669825 -0.000148158
77215.6 0.0672645 0.656926 -0.000139908 0.000889651 0.0148232 -0.000141432 1.70374e-06 0.000141773 -0.000144322 0.000871545 -0.0145691 -0.000147212 0.069189 -0.6781 -0.000148737
38018.2 -0.110355 0.274381 -5.02555e-05 0.00176652 0.0107638 -5.178e-05 0.00157263 0.000259493 -5.467e-05 0.00175532 -0.0106024 -5.756e-05 0.467763 -0.330249 -5.90845e-05
