6160.54 2.4858e-05 -0.000483041 4.8848e-06 8.73083e-06 -0.00023266 4.8848e-06 1.81615e-06 0.000121722 4.8848e-06 3.2294e-05 0.000596123 4.8848e-06 4.88289e-05 0.000848027 4.8848e-06
11983.9 4.70134e-05 -0.000874291 8.66983e-06 1.79856e-05 -0.000427982 8.66983e-06 5.89563e-06 0.000233673 8.66983e-06 6.03698e-05 0.00107842 8.66983e-06 8.96276e-05 0.00152707 8.66983e-06
17772.9 6.89374e-05 -0.00126384 1.24354e-05 2.71299e-05 -0.000621898 1.24354e-05 9.99501e-06 0.000345958 1.24354e-05 8.82543e-05 0.00156058 1.24354e-05 0.000130087 0.00220637 1.24354e-05
23523.6 9.07269e-05 -0.00165316 1.61874e-05 3.62364e-05 -0.000815556 1.61874e-05 1.40791e-05 0.000458019 1.61874e-05 0.000115949 0.00204264 1.61874e-05 0.000170224 0.00288634 1.61874e-05
29235.1 0.000112371 -0.00204212 1.9926e-05 4.52952e-05 -0.00100879 1.9926e-05 1.81597e-05 0.000570041 1.9926e-05 0.000143465 0.00252485 1.9926e-05 0.000210048 0.0035673 1.9926e-05
34905.3 0.000133804 -0.00242968 2.36467e-05 5.43154e-05 -0.00120095 2.36467e-05 2.22588e-05 0.000682365 2.36467e-05 0.000170795 0.00300712 2.36467e-05 0.000249529 0.00424897 2.36467e-05
40531.7 0.000154965 -0.00281492 2.7344e-05 6.32144e-05 -0.00139128 2.7344e-05 2.6387e-05 0.00079515 2.7344e-05 0.000197913 0.00348912 2.7344e-05 0.000288621 0.00493081 2.7344e-05
45894.4 0.000174972 -0.00318215 3.08893e-05 7.15081e-05 -0.00157087 3.08893e-05 3.05198e-05 0.000906495 3.08893e-05 0.000224003 0.00395609 3.08893e-05 0.000326088 0.00559111 3.08893e-05
50017 0.000189998 -0.0034625 3.37166e-05 7.72188e-05 -0.00170117 3.37166e-05 3.45366e-05 0.00100771 3.37166e-05 0.000245487 0.00434236 3.37166e-05 0.000356561 0.00613293 3.37166e-05
53309.3 0.000199422 -0.00364825 3.59055e-05 7.94845e-05 -0.00177086 3.59055e-05 3.92396e-05 0.00111436 3.59055e-05 0.00026371 0.00467128 3.59055e-05 0.000381668 0.00658351 3.59055e-05
54854.5 0.000188659 -0.0035115 3.65914e-05 6.74863e-05 -0.00160152 3.65914e-05 5.06601e-05 0.00132374 3.65914e-05 0.000279614 0.00495595 3.65914e-05 0.000399559 0.0069091 3.65914e-05
55473.9 0.000176435 -0.00334783 3.70188e-05 5.48946e-05 -0.00141851 3.70188e-05 6.19647e-05 0.00152741 3.70188e-05 0.000293822 0.00520898 3.70188e-05 0.000414929 0.00718887 3.70188e-05
55533.7 0.000159263 -0.00310187 3.67575e-05 3.97944e-05 -0.00118881 3.67575e-05 7.29711e-05 0.0017198 3.67575e-05 0.000303511 0.00538112 3.67575e-05 0.000423612 0.00734949 3.67575e-05
56127.7 0.000142022 -0.00286415 3.69791e-05 2.31781e-05 -0.00094302 3.69791e-05 8.66943e-05 0.00196581 3.69791e-05 0.000318911 0.00565726 3.69791e-05 0.000439475 0.00764178 3.69791e-05
56889.3 0.000127002 -0.00266178 3.74259e-05 8.53358e-06 -0.000723924 3.74259e-05 0.000100237 0.00220871 3.74259e-05 0.000335289 0.0059527 3.74259e-05 0.000457013 0.00796602 3.74259e-05
57568.5 0.000111634 -0.0024533 3.78112e-05 -4.35857e-06 -0.000511663 3.78112e-05 0.000114123 0.00245097 3.78112e-05 0.000351174 0.0062405 3.78112e-05 0.000473856 0.00827935 3.78112e-05
57750.2 8.92089e-05 -0.00211694 3.76205e-05 -1.72393e-05 -0.000245337 3.76205e-05 0.000131265 0.00274286 3.76205e-05 0.00036667 0.00652079 3.76205e-05 0.000488456 0.00855383 3.76205e-05
57992.2 6.60918e-05 -0.00177296 3.78588e-05 -2.02179e-05 -8.55576e-05 3.78588e-05 0.000151938 0.00310007 3.78588e-05 0.000388224 0.00691205 3.78588e-05 0.000510372 0.00896459 3.78588e-05
58592.1 4.99083e-05 -0.0015366 3.82616e-05 -2.09299e-05 5.37317e-06 3.82616e-05 0.000167639 0.00337622 3.82616e-05 0.000405927 0.00723718 3.82616e-05 0.000529013 0.00931737 3.82616e-05
59258.4 3.25986e-05 -0.00128079 3.84817e-05 -2.16129e-05 0.000100666 3.84817e-05 0.000183059 0.00364715 3.84817e-05 0.00042222 0.00753851 3.84817e-05 0.000545672 0.00963613 3.84817e-05
59920.4 1.57365e-05 -0.00103189 3.87095e-05 -2.05265e-05 0.000221734 3.87095e-05 0.000198117 0.00391303 3.87095e-05 0.00043819 0.00783566 3.87095e-05 0.000562027 0.00995123 3.87095e-05
60538.2 -7.93067e-07 -0.0007526 3.86e-05 -1.40346e-05 0.000420996 3.86e-05 0.000213295 0.00417902 3.86e-05 0.000452212 0.00809835 3.86e-05 0.000575394 0.0102128 3.86e-05
61131.2 -1.58835e-05 -0.000474184 3.83453e-05 -2.29976e-06 0.000673377 3.83453e-05 0.000228318 0.00444206 3.83453e-05 0.000465197 0.00834305 3.83453e-05 0.000587284 0.010448 3.83453e-05
58797.4 -2.27852e-05 -0.00027486 3.6526e-05 8.61035e-06 0.000857482 3.6526e-05 0.000230769 0.00446086 3.6526e-05 0.00045593 0.00818476 3.6526e-05 0.000571852 0.0101959 3.6526e-05
60112.1 -2.51311e-05 -0.000175756 3.67663e-05 1.8288e-05 0.00104728 3.67663e-05 0.000243222 0.00468625 3.67663e-05 0.000470077 0.00843107 3.67663e-05 0.000587085 0.0104501 3.67663e-05
61268.4 -2.5888e-05 -6.34221e-05 3.68515e-05 3.47167e-05 0.00134045 3.68515e-05 0.000260553 0.00499731 3.68515e-05 0.000487349 0.00876027 3.68515e-05 0.00060424 0.0107901 3.68515e-05
62172.5 -2.65245e-05 4.88965e-05 3.67887e-05 5.08029e-05 0.00162576 3.67887e-05 0.000276631 0.0052854 3.67887e-05 0.000502505 0.00905059 3.67887e-05 0.000618851 0.0110824 3.67887e-05
62706.5 -2.5059e-05 0.000191829 3.65099e-05 6.63678e-05 0.00189859 3.65099e-05 0.000290882 0.00553881 3.65099e-05 0.000514594 0.00928273 3.65099e-05 0.000629785 0.0113034 3.65099e-05
63201.9 -2.17253e-05 0.000333365 3.63854e-05 7.86051e-05 0.00211539 3.63854e-05 0.000302642 0.00574994 3.63854e-05 0.000525198 0.0094874 3.63854e-05 0.000639749 0.0115051 3.63854e-05
63645.8 -1.8307e-05 0.000438509 3.64568e-05 8.65225e-05 0.00225867 3.64568e-05 0.000311147 0.00590506 3.64568e-05 0.000533828 0.00965484 3.64568e-05 0.000648392 0.0116798 3.64568e-05
64083.2 -1.36105e-05 0.000553264 3.65308e-05 9.41422e-05 0.00239694 3.65308e-05 0.000319358 0.00605529 3.65308e-05 0.000542184 0.00981759 3.65308e-05 0.000656771 0.0118499 3.65308e-05
64512.2 -8.90638e-06 0.000664429 3.66077e-05 0.000101398 0.00252897 3.66077e-05 0.000327208 0.00619941 3.66077e-05 0.000550204 0.0099744 3.66077e-05 0.000664827 0.0120142 3.66077e-05
64153.6 -1.10166e-05 0.000616156 3.65016e-05 9.81019e-05 0.00247001 3.65016e-05 0.000323068 0.00612973 3.65016e-05 0.000545383 0.00989433 3.65016e-05 0.000659664 0.0119282 3.65016e-05
64627.8 -1.1366e-05 0.000613135 3.67222e-05 9.82535e-05 0.00247693 3.67222e-05 0.0003246 0.00615802 3.67222e-05 0.000548334 0.00994413 3.67222e-05 0.000663351 0.0119896 3.67222e-05
65064.1 -1.25056e-05 0.000592494 3.69967e-05 9.73249e-05 0.00246599 3.69967e-05 0.000325331 0.00617354 3.69967e-05 0.000550761 0.00998751 3.69967e-05 0.00066657 0.0120494 3.69967e-05
65488.4 -1.26723e-05 0.000593823 3.72262e-05 9.77946e-05 0.00247841 3.72262e-05 0.0003272 0.00620905 3.72262e-05 0.000553864 0.0100494 3.72262e-05 0.000670299 0.0121255 3.72262e-05
65870.1 -1.0633e-05 0.000646495 3.74379e-05 0.000101667 0.00255047 3.74379e-05 0.000332358 0.00630599 3.74379e-05 0.000560082 0.0101718 3.74379e-05 0.000677007 0.0122624 3.74379e-05
66251.6 -8.10731e-06 0.00070337 3.76496e-05 0.000105484 0.00262317 3.76496e-05 0.000337491 0.00640266 3.76496e-05 0.000566272 0.010294 3.76496e-05 0.000683683 0.0123991 3.76496e-05
66632.9 -5.39966e-06 0.000761661 3.78616e-05 0.000109293 0.00269583 3.78616e-05 0.000342614 0.00649933 3.78616e-05 0.000572448 0.0104163 3.78616e-05 0.000690341 0.012536 3.78616e-05
67013.9 -2.69593e-06 0.000819929 3.80734e-05 0.000113097 0.00276846 3.80734e-05 0.000347728 0.00659601 3.80734e-05 0.000578609 0.0105387 3.80734e-05 0.000696981 0.0126731 3.80734e-05
67381.3 -4.77169e-07 0.000868633 3.83856e-05 0.000116646 0.00283616 3.83856e-05 0.000353202 0.00669787 3.83856e-05 0.000585715 0.010677 3.83856e-05 0.000704849 0.0128321 3.83856e-05
67741.8 1.51364e-06 0.000912849 3.87466e-05 0.000120081 0.00290166 3.87466e-05 0.00035886 0.00680249 3.87466e-05 0.000593284 0.0108234 3.87466e-05 0.000713314 0.0130022 3.87466e-05
68100.4 3.50385e-06 0.000957064 3.91086e-05 0.000123517 0.00296722 3.91086e-05 0.00036452 0.00690732 3.91086e-05 0.000600852 0.0109702 3.91086e-05 0.000721772 0.013173 3.91086e-05
68448.7 5.18841e-06 0.000995219 3.95363e-05 0.0001268 0.0030298 3.95363e-05 0.00037043 0.00701584 3.95363e-05 0.000609045 0.011128 3.95363e-05 0.000731034 0.0133587 3.95363e-05
68795 6.82379e-06 0.00103242 3.99794e-05 0.000130073 0.00309218 3.99794e-05 0.000376419 0.00712581 3.99794e-05 0.000617395 0.011289 3.99794e-05 0.000740486 0.0135488 3.99794e-05
69137.6 8.47857e-06 0.00106999 4.0425e-05 0.000133376 0.00315509 4.0425e-05 0.00038245 0.00723666 4.0425e-05 0.000625789 0.0114513 4.0425e-05 0.000749977 0.0137405 4.0425e-05
69480.4 1.01346e-05 0.00110762 4.08762e-05 0.000136697 0.00321839 4.08762e-05 0.000388528 0.00734855 4.08762e-05 0.00063425 0.0116155 4.08762e-05 0.000759539 0.0139346 4.08762e-05
69814.1 1.18215e-05 0.00114574 4.13192e-05 0.000140029 0.0032818 4.13192e-05 0.000394562 0.00745979 4.13192e-05 0.00064261 0.0117783 4.13192e-05 0.000768967 0.014127 4.13192e-05
70117.4 1.36161e-05 0.00118561 4.17349e-05 0.000143402 0.00334568 4.17349e-05 0.000400473 0.00756878 4.17349e-05 0.000650681 0.011936 4.17349e-05 0.000778021 0.0143127 4.17349e-05
70420.1 1.53991e-05 0.00122527 4.21524e-05 0.000146767 0.00340946 4.21524e-05 0.00040638 0.00767791 4.21524e-05 0.000658748 0.0120942 4.21524e-05 0.000787066 0.0144992 4.21524e-05
70701.8 1.64729e-05 0.00125044 4.24459e-05 0.000148918 0.00345137 4.24459e-05 0.000410298 0.00775163 4.24459e-05 0.000664183 0.0122024 4.24459e-05 0.000793185 0.0146273 4.24459e-05
70975.1 1.72894e-05 0.00127034 4.26991e-05 0.000150643 0.0034856 4.26991e-05 0.000413538 0.00781327 4.26991e-05 0.000668733 0.0122938 4.26991e-05 0.000798324 0.0147359 4.26991e-05
71247.4 1.80688e-05 0.0012895 4.29525e-05 0.000152325 0.00351904 4.29525e-05 0.000416734 0.00787412 4.29525e-05 0.000673236 0.0123844 4.29525e-05 0.000803414 0.0148438 4.29525e-05
71518.6 1.88074e-05 0.00130783 4.32058e-05 0.000153959 0.00355162 4.32058e-05 0.00041988 0.0079341 4.32058e-05 0.000677689 0.0124742 4.32058e-05 0.000808452 0.0149508 4.32058e-05
71784.9 1.93948e-05 0.00132308 4.34421e-05 0.000155363 0.00358002 4.34421e-05 0.000422688 0.007988 4.34421e-05 0.000681717 0.0125559 4.34421e-05 0.000813026 0.0150486 4.34421e-05
72037.8 1.95255e-05 0.001329 4.36122e-05 0.000156029 0.00359506 4.36122e-05 0.000424348 0.0080212 4.36122e-05 0.000684267 0.0126089 4.36122e-05 0.000815976 0.0151131 4.36122e-05
72142.2 1.32415e-05 0.00121092 4.4414e-05 0.000151136 0.00351172 4.4414e-05 0.000424334 0.0080152 4.4414e-05 0.000689008 0.0126878 4.4414e-05 0.000822965 0.0152407 4.4414e-05
72300.7 1.01383e-05 0.00115289 4.48714e-05 0.000148914 0.00347396 4.48714e-05 0.000424928 0.00802164 4.48714e-05 0.000692241 0.0127438 4.48714e-05 0.00098161 0.0168313 4.48714e-05
72551 1.08019e-05 0.00116784 4.49624e-05 0.00014998 0.00349412 4.49624e-05 0.000426536 0.00805222 4.49624e-05 0.000694238 0.0127862 4.49624e-05 0.00107375 0.0177621 4.49624e-05
72793.6 1.06332e-05 0.00116753 4.50936e-05 0.000150186 0.00350027 4.50936e-05 0.000427484 0.00807246 4.50936e-05 0.00069588 0.0128216 4.50936e-05 0.00115756 0.0186105 4.50936e-05
72783.8 5.0711e-06 0.00105515 4.38479e-05 0.000139674 0.00331943 4.38479e-05 0.000408354 0.00776896 4.38479e-05 0.000668866 0.0123934 4.38479e-05 0.00112657 0.0181126 4.38479e-05
73059.5 3.48901e-06 0.00103068 4.41511e-05 0.000138745 0.00330875 4.41511e-05 0.000409266 0.00778752 4.41511e-05 0.000671714 0.0124419 4.41511e-05 0.00113041 0.0181775 4.41511e-05
73309.7 2.88032e-06 0.00102282 4.43422e-05 0.000138618 0.00330995 4.43422e-05 0.000410325 0.00780721 4.43422e-05 0.000673991 0.0124805 4.43422e-05 0.00113331 0.0182265 4.43422e-05
73555 2.69758e-06 0.00102239 4.44922e-05 0.000138867 0.00331691 4.44922e-05 0.000411524 0.00782873 4.44922e-05 0.000676144 0.012517 4.44922e-05 0.00113595 0.0182712 4.44922e-05
73796.1 2.54293e-06 0.00102244 4.46395e-05 0.000139141 0.00332424 4.46395e-05 0.000412733 0.00785036 4.46395e-05 0.000678288 0.0125532 4.46395e-05 0.00113857 0.0183156 4.46395e-05
74038.6 2.37623e-06 0.00102229 4.47879e-05 0.000139404 0.00333141 4.47879e-05 0.000413937 0.00787194 4.47879e-05 0.000680436 0.0125896 4.47879e-05 0.0011412 0.0183601 4.47879e-05
74280.1 2.21366e-06 0.0010222 4.49357e-05 0.00013967 0.00333862 4.49357e-05 0.00041514 0.00789349 4.49357e-05 0.000682579 0.0126258 4.49357e-05 0.00114382 0.0184045 4.49357e-05
74521.3 2.0544e-06 0.00102217 4.50833e-05 0.00013994 0.00334588 4.50833e-05 0.000416346 0.00791508 4.50833e-05 0.000684723 0.012662 4.50833e-05 0.00114644 0.0184489 4.50833e-05
72328.2 1.47878e-05 0.00123713 4.35311e-05 0.000150186 0.00349464 4.35311e-05 0.000417482 0.00791492 4.35311e-05 0.000675914 0.0125095 4.35311e-05 0.0011325 0.0182134 4.35311e-05
72753.1 1.20494e-05 0.00119175 4.3916e-05 0.000148141 0.00346606 4.3916e-05 0.000417726 0.00792334 4.3916e-05 0.000678621 0.0125558 4.3916e-05 0.00113647 0.0182803 4.3916e-05
73093.1 1.12717e-05 0.00118215 4.4184e-05 0.000148052 0.00346924 4.4184e-05 0.000419305 0.00795246 4.4184e-05 0.000681908 0.0126115 4.4184e-05 0.00114063 0.0183507 4.4184e-05
73394.1 1.332e-05 0.00122563 4.43476e-05 0.000150978 0.0035229 4.43476e-05 0.000423409 0.00802235 4.43476e-05 0.00068704 0.012698 4.43476e-05 0.00114627 0.0184467 4.43476e-05
73631.2 1.3031e-05 0.00122314 4.44969e-05 0.000151099 0.00352765 4.44969e-05 0.000424461 0.00804159 4.44969e-05 0.000689045 0.012732 4.44969e-05 0.00114876 0.0184889 4.44969e-05
73867.4 1.27451e-05 0.0012207 4.46456e-05 0.00015122 0.00353244 4.46456e-05 0.000425475 0.0080613 4.46456e-05 0.000691036 0.012766 4.46456e-05 0.00115125 0.0185311 4.46456e-05
74103.4 1.24581e-05 0.00121823 4.47942e-05 0.000151339 0.0035372 4.47942e-05 0.000426441 0.00808185 4.47942e-05 0.000692993 0.0128002 4.47942e-05 0.00115373 0.0185731 4.47942e-05
74339.1 1.21686e-05 0.00121572 4.49423e-05 0.000151453 0.00354188 4.49423e-05 0.000427399 0.00810226 4.49423e-05 0.000694743 0.0128376 4.49423e-05 0.00115595 0.018619 4.49423e-05
74572 1.1785e-05 0.00121135 4.50764e-05 0.000151412 0.00354389 4.50764e-05 0.000428118 0.00811838 4.50764e-05 0.000696184 0.012869 4.50764e-05 0.0012248 0.0193198 4.50764e-05
75034.2 1.00072e-05 0.0011829 4.53467e-05 0.000150146 0.00352739 4.53467e-05 0.000428402 0.00812874 4.53467e-05 0.00069799 0.0129091 4.53467e-05 0.00133561 0.0204461 4.53467e-05
75628.3 7.39115e-06 0.00113996 4.5698e-05 0.000148139 0.00349966 4.5698e-05 0.000428418 0.00813547 4.5698e-05 0.000700002 0.0129543 4.5698e-05 0.00146768 0.0217924 4.5698e-05
76206.9 4.86138e-06 0.00109853 4.60396e-05 0.000146207 0.00347307 4.60396e-05 0.000428452 0.00814241 4.60396e-05 0.000701975 0.0129986 4.60396e-05 0.00159943 0.0231397 4.60396e-05
76763.3 2.25987e-06 0.0010555 4.63883e-05 0.000144213 0.00344515 4.63883e-05 0.000428474 0.00814866 4.63883e-05 0.000703978 0.013043 4.63883e-05 0.00173517 0.024532 4.63883e-05
76998.6 1.74158e-06 0.00104859 4.65363e-05 0.000144059 0.00344521 4.65363e-05 0.000429164 0.00816411 4.65363e-05 0.000705467 0.0130753 4.65363e-05 0.00182261 0.0254316 4.65363e-05
77215.6 1.37941e-06 0.00104442 4.66703e-05 0.000144046 0.00344745 4.66703e-05 0.000429913 0.00818047 4.66703e-05 0.000706933 0.013107 4.66703e-05 0.00190841 0.0263163 4.66703e-05
38018.2 0.978366 -2.06968 0.00010664 0.978366 -1.16142 0.00010664 0.978366 0.560317 0.00010664 0.978366 2.28205 0.00010664 0.978366 3.19031 0.00010664
