1619.67 -3558.16 -1267.9 921.551 -3558.16 -790.519 921.551 -3558.16 114.426 921.551 -3558.16 1019.37 921.551 -3558.16 1496.75 921.551
2995.48 -962.642 -2950.47 2055.83 -962.642 -1885.51 2055.83 -962.642 133.276 2055.83 -962.642 2152.06 2055.83 -962.642 3217.03 2055.83
4347.22 1565.63 -4673.67 3194.77 1565.63 -3018.72 3194.77 1565.63 118.482 3194.77 1565.63 3255.68 3194.77 1565.63 4910.64 3194.77
5692.96 4111.38 -6355.08 4327.03 4111.38 -4113.59 4327.03 4111.38 135.471 4327.03 4111.38 4384.53 4327.03 4111.38 6626.02 4327.03
7036.64 6644.49 -8034.73 5458.51 6644.49 -5207.11 5458.51 6644.49 153.041 5458.51 6644.49 5513.19 5458.51 6644.49 8340.81 5458.51
8377.79 9172.69 -9713.01 6588.63 9172.69 -6299.97 6588.63 9172.69 169.937 6588.63 9172.69 6639.84 6588.63 9172.69 10052.9 6588.63
9717.02 11697.2 -11387.3 7716.6 11697.2 -7389.98 7716.6 11697.2 187.575 7716.6 11697.2 7765.13 7716.6 11697.2 11762.5 7716.6
11054.5 14218.4 -13057.5 8842.42 14218.4 -8476.96 8842.42 14218.4 206.121 8842.42 14218.4 8889.2 8842.42 14218.4 13469.7 8842.42
12390.3 16736.5 -14720 9964.56 16736.5 -9558.13 9964.56 16736.5 226.879 9964.56 16736.5 10011.9 9964.56 16736.5 15173.7 9964.56
13724.5 19251.4 -16376.9 11083.8 19251.4 -10635.3 11083.8 19251.4 248.829 11083.8 19251.4 11132.9 11083.8 19251.4 16874.6 11083.8
15056.7 21762.9 -18031 12201.4 21762.9 -11710.5 12201.4 21762.9 271.003 12201.4 21762.9 12252.5 12201.4 21762.9 18573 12201.4
16386.9 24270.8 -19682.4 13317.2 24270.8 -12783.8 13317.2 24270.8 293.461 13317.2 24270.8 13370.7 13317.2 24270.8 20269.3 13317.2
17715.2 26775.1 -21332 14431.8 26775.1 -13856.1 14431.8 26775.1 315.735 14431.8 26775.1 14487.5 14431.8 26775.1 21963.5 14431.8
19041.4 29275.8 -22981 15545.5 29275.8 -14928.1 15545.5 29275.8 337.239 15545.5 29275.8 15602.6 15545.5 29275.8 23655.5 15545.5
20365.6 31772.9 -24628.6 16658.3 31772.9 -15999.3 16658.3 31772.9 358.765 16658.3 31772.9 16716.9 16658.3 31772.9 25346.2 16658.3
21687.7 34266.3 -26274.2 17769.5 34266.3 -17069.3 17769.5 34266.3 379.973 17769.5 34266.3 17829.2 17769.5 34266.3 27034.2 17769.5
23007.8 36756 -27916.7 18878.7 36756 -18137.1 18878.7 36756 401.416 18878.7 36756 18940 18878.7 36756 28719.5 18878.7
24325.7 39242.1 -29556.4 19986.2 39242.1 -19203.2 19986.2 39242.1 422.865 19986.2 39242.1 20048.9 19986.2 39242.1 30402.2 19986.2
25641.7 41724.4 -31193.8 21092.2 41724.4 -20267.6 21092.2 41724.4 444.458 21092.2 41724.4 21156.6 21092.2 41724.4 32082.7 21092.2
26955.5 44203 -32827.6 22196 44203 -21329.7 22196 44203 466.423 22196 44203 22262.5 22196 44203 33760.5 22196
28267.1 46677.7 -34457.8 23297.6 46677.7 -22389.2 23297.6 46677.7 488.66 23297.6 46677.7 23366.5 23297.6 46677.7 35435.1 23297.6
29576.6 49148.5 -36084.7 24397.3 49148.5 -23446.4 24397.3 49148.5 511.214 24397.3 49148.5 24468.9 24397.3 49148.5 37107.1 24397.3
30883.9 51615.4 -37708.3 25494.9 51615.4 -24501.4 25494.9 51615.4 534.057 25494.9 51615.4 25569.6 25494.9 51615.4 38776.4 25494.9
32189 54078.3 -39328.7 26590.6 54078.3 -25554.2 26590.6 54078.3 557.301 26590.6 54078.3 26668.8 26590.6 54078.3 40443.3 26590.6
33491.9 56537.1 -40945.8 27684.5 56537.1 -26604.7 27684.5 56537.1 580.943 27684.5 56537.1 27766.5 27684.5 56537.1 42107.6 27684.5
34792.4 58991.9 -42559.5 28776.3 58991.9 -27652.8 28776.3 58991.9 604.986 28776.3 58991.9 28862.8 28776.3 58991.9 43769.5 28776.3
36090.7 61442.4 -44170 29866.3 61442.4 -28698.7 29866.3 61442.4 629.5 29866.3 61442.4 29957.7 29866.3 61442.4 45429 29866.3
37386.6 63888.8 -45777.4 30954.5 63888.8 -29742.4 30954.5 63888.8 654.381 30954.5 63888.8 31051.1 30954.5 63888.8 47086.2 30954.5
38680.2 66330.9 -47381.4 32040.7 66330.9 -30783.7 32040.7 66330.9 679.694 32040.7 66330.9 32143 32040.7 66330.9 48740.8 32040.7
39971.3 68768.7 -48981.8 33124.8 68768.7 -31822.5 33124.8 68768.7 705.447 33124.8 68768.7 33233.4 33124.8 68768.7 50392.7 33124.8
41260.1 71202.1 -50578.6 34206.8 71202.1 -32858.8 34206.8 71202.1 731.659 34206.8 71202.1 34322.1 34206.8 71202.1 52041.9 34206.8
42546.3 73631 -52171.9 35286.9 73631 -33892.6 35286.9 73631 758.4 35286.9 73631 35409.4 35286.9 73631 53688.7 35286.9
43830.1 76055.5 -53761.5 36364.8 76055.5 -34923.9 36364.8 76055.5 785.624 36364.8 76055.5 36495.1 36364.8 76055.5 55332.8 36364.8
45110.5 78474.5 -55346.7 37440.3 78474.5 -35951.9 37440.3 78474.5 813.724 37440.3 78474.5 37579.4 37440.3 78474.5 56974.2 37440.3
46114 80582.7 -56689.1 38448.4 80582.7 -36772.1 38448.4 80582.7 983.44 38448.4 80582.7 38739 38448.4 80582.7 58656 38448.4
47114.9 82686.5 -58040 39460.1 82686.5 -37598.8 39460.1 82686.5 1150.24 39460.1 82686.5 39899.3 39460.1 82686.5 60340.5 39460.1
48117.6 84786.9 -59433.4 40490.7 84786.9 -38458.4 40490.7 84786.9 1302.72 40490.7 84786.9 41063.8 40490.7 84786.9 62038.8 40490.7
49086.6 86847.3 -60824.5 41525.7 86847.3 -39313.4 41525.7 86847.3 1464.08 41525.7 86847.3 42241.5 41525.7 86847.3 63752.7 41525.7
49917.9 88747 -61723.7 42364.4 88747 -39778.1 42364.4 88747 1822.91 42364.4 88747 43423.9 42364.4 88747 65369.5 42364.4
50690.7 90575.6 -62386.9 43107.2 90575.6 -40056.5 43107.2 90575.6 2273.96 43107.2 90575.6 44604.4 43107.2 90575.6 66934.8 43107.2
51459.4 92397.7 -63041.2 43846.1 92397.7 -40328.1 43846.1 92397.7 2727.89 43846.1 92397.7 45783.9 43846.1 92397.7 68497 43846.1
52222.6 94205.7 -63685.1 44580.9 94205.7 -40591.3 44580.9 94205.7 3186.27 44580.9 94205.7 46963.8 44580.9 94205.7 70057.6 44580.9
52965.6 95989.1 -64256.5 45286.5 95989.1 -40797.2 45286.5 95989.1 3673.21 45286.5 95989.1 48143.6 45286.5 95989.1 71602.9 45286.5
53622.4 97547.5 -64793.1 45948.6 97547.5 -40990.8 45948.6 97547.5 4129.79 45948.6 97547.5 49250.4 45948.6 97547.5 73052.7 45948.6
54110.5 98716.1 -65481.6 46617.1 98716.1 -41333 46617.1 98716.1 4444.05 46617.1 98716.1 50221.1 46617.1 98716.1 74369.7 46617.1
54463.9 99669 -65789.7 47090 99669 -41396.1 47090 99669 4845.29 47090 99669 51086.7 47090 99669 75480.3 47090
54732.6 100426 -65938.4 47411.5 100426 -41378.3 47411.5 100426 5178.78 47411.5 100426 51735.9 47411.5 100426 76296 47411.5
54874.9 100992 -66063.3 47684.6 100992 -41361.7 47684.6 100992 5463.66 47684.6 100992 52289 47684.6 100992 76990.6 47684.6
54960.1 101504 -66159.9 47958.6 101504 -41316.4 47958.6 101504 5778.02 47958.6 101504 52872.4 47958.6 101504 77715.9 47958.6
55000.9 101972 -66233.9 48232.7 101972 -41248.4 48232.7 101972 6115.11 48232.7 101972 53478.7 48232.7 101972 78464.1 48232.7
55227.7 102606 -66351.5 48474.7 102606 -41240.7 48474.7 102606 6360.53 48474.7 102606 53961.8 48474.7 102606 79072.6 48474.7
55439.4 103184 -66481.7 48712 103184 -41247.9 48712 103184 6586.34 48712 103184 54420.6 48712 103184 79654.4 48712
55646.9 103756 -66599.6 48943.7 103756 -41245.8 48943.7 103756 6815.97 48943.7 103756 54877.8 48943.7 103756 80231.6 48943.7
55676.6 104094 -66154.2 48938.8 104094 -40802.9 48938.8 104094 7254.07 48938.8 104094 55311.1 48938.8 104094 80662.3 48938.8
55617.1 104321 -65378.1 48798 104321 -40099.8 48798 104321 7818.88 48798 104321 55737.5 48798 104321 81015.9 48798
55510 104528 -64209.3 48506.8 104528 -39081.9 48506.8 104528 8550.92 48506.8 104528 56183.7 48506.8 104528 81311.2 48506.8
55551.7 104934 -63423.8 48368.4 104934 -38368 48368.4 104934 9128.84 48368.4 104934 56625.7 48368.4 104934 81681.4 48368.4
55600.1 105350 -62654.5 48243.5 105350 -37663.4 48243.5 105350 9710.79 48243.5 105350 57085 48243.5 105350 82076 48243.5
55785.3 105859 -62731.4 48428.1 105859 -37644.7 48428.1 105859 9910.75 48428.1 105859 57466.2 48428.1 105859 82552.9 48428.1
55969.4 106366 -62808.5 48612.2 106366 -37626.4 48612.2 106366 10109.8 48612.2 106366 57846 48612.2 106366 83028 48612.2
56152.6 106870 -62885.8 48795.7 106870 -37608.7 48795.7 106870 10307.7 48795.7 106870 58224.2 48795.7 106870 83501.3 48795.7
56334.7 107372 -62963.4 48978.7 107372 -37591.5 48978.7 107372 10504.7 48978.7 107372 58600.8 48978.7 107372 83972.7 48978.7
56515.7 107871 -63041.2 49161.1 107871 -37574.8 49161.1 107871 10700.5 49161.1 107871 58975.7 49161.1 107871 84442.1 49161.1
56694.3 108366 -63114.6 49341.3 108366 -37554.8 49341.3 108366 10897.3 49341.3 108366 59349.5 49341.3 108366 84909.2 49341.3
56854.6 108840 -63122.8 49496.8 108840 -37482.5 49496.8 108840 11122.4 49496.8 108840 59727.3 49496.8 108840 85367.7 49496.8
57013.8 109313 -63131.2 49651.7 109313 -37410.7 49651.7 109313 11346.3 49651.7 109313 60103.3 49651.7 109313 85823.8 49651.7
57171.8 109782 -63140.1 49806 109782 -37339.6 49806 109782 11569 49806 109782 60477.5 49806 109782 86278 49806
57328.6 110248 -63149.4 49959.9 110248 -37269.2 49959.9 110248 11790.4 49959.9 110248 60850 49959.9 110248 86730.2 49959.9
57484.1 110712 -63159.5 50113.3 110712 -37199.8 50113.3 110712 12010.4 50113.3 110712 61220.7 50113.3 110712 87180.4 50113.3
57598.7 111124 -63150.8 50263.3 111124 -37113.5 50263.3 111124 12244.1 50263.3 111124 61601.6 50263.3 111124 87639 50263.3
57655.9 111416 -63172.9 50419 111416 -37054.9 50419 111416 12455.6 50419 111416 61966.1 50419 111416 88084.2 50419
57699.5 111638 -63247.8 50583.4 111638 -37044.6 50583.4 111638 12627.3 50583.4 111638 62299.3 50583.4 111638 88502.5 50583.4
57730.9 111801 -63368 50756.7 111801 -37075 50756.7 111801 12767.1 50756.7 111801 62609.2 50756.7 111801 88902.2 50756.7
57751.2 111927 -63506.6 50930.5 111927 -37123.6 50930.5 111927 12889.2 50930.5 111927 62902 50930.5 111927 89285 50930.5
57768.1 111997 -63678 51076 111997 -37219.6 51076 111997 12936 51076 111997 63091.7 51076 111997 89550 51076
57819.5 112033 -63892.5 51147.6 112033 -37397 51147.6 112033 12829 51147.6 112033 63054.9 51147.6 112033 89550.4 51147.6
57907.3 112229 -63949 51124.2 112229 -37465.7 51124.2 112229 12737.3 51124.2 112229 62940.2 51124.2 112229 89423.5 51124.2
57978 112354 -64023.5 51061.8 112354 -37572.5 51061.8 112354 12569.2 51061.8 112354 62710.9 51061.8 112354 89161.9 51061.8
58032.9 112416 -64111.9 50960.6 112416 -37713.3 50960.6 112416 12328.9 50960.6 112416 62371.2 50960.6 112416 88769.8 50960.6
58188.4 112884 -64105.9 51095.3 112884 -37637.5 51095.3 112884 12537 51095.3 112884 62711.6 51095.3 112884 89180 51095.3
58343.2 113352 -64098 51229.3 113352 -37560.2 51229.3 113352 12746 51229.3 113352 63052.2 51229.3 113352 89590 51229.3
58498.7 113819 -64089.7 51362 113819 -37483.2 51362 113819 12953.3 51362 113819 63389.8 51362 113819 89996.4 51362
58653 114286 -64084 51495.4 114286 -37408.3 51495.4 114286 13159.1 51495.4 114286 63726.6 51495.4 114286 90402.2 51495.4
58806.5 114747 -64072.7 51616 114747 -37334.6 51616 114747 13351.4 51616 114747 64037.3 51616 114747 90775.4 51616
58959.6 115207 -64059.8 51733 115207 -37261.1 51733 115207 13539.7 51733 115207 64340.4 51733 115207 91139.1 51733
59112.5 115667 -64046.9 51850 115667 -37187.7 51850 115667 13728 51850 115667 64643.6 51850 115667 91502.9 51850
59265.5 116125 -64033.3 51966.9 116125 -37113.4 51966.9 116125 13917 51966.9 116125 64947.5 51966.9 116125 91867.3 51966.9
59418.2 116583 -64020.9 52084.7 116583 -37040 52084.7 116583 14106.1 52084.7 116583 65252.3 52084.7 116583 92233.2 52084.7
59570.5 117039 -64010.8 52204.2 117039 -36968 52204.2 117039 14295.6 52204.2 117039 65559.1 52204.2 117039 92601.9 52204.2
59722.8 117495 -64000.9 52323.9 117495 -36896.1 52323.9 117495 14485 52323.9 117495 65866 52323.9 117495 92970.8 52323.9
59874.6 117949 -63994.8 52446.5 117949 -36826.5 52446.5 117949 14674.9 52446.5 117949 66176.3 52446.5 117949 93344.6 52446.5
60022.7 118387 -63980.1 52537.4 118387 -36764.8 52537.4 118387 14825.9 52537.4 118387 66416.6 52537.4 118387 93632 52537.4
60165.9 118803 -63958.7 52592 118803 -36715 52592 118803 14929.3 52592 118803 66573.6 52592 118803 93817.3 52592
60308.3 119218 -63936.6 52646.4 119218 -36664.7 52646.4 119218 15033.1 52646.4 119218 66730.8 52646.4 119218 94002.7 52646.4
60449.2 119629 -63913.6 52699.2 119629 -36614.4 52699.2 119629 15135.2 52699.2 119629 66884.8 52699.2 119629 94184 52699.2
60586.1 120022 -63885.3 52722 120022 -36574.3 52722 120022 15197.7 52722 120022 66969.6 52722 120022 94280.6 52722
60722.6 120414 -63857.7 52744.9 120414 -36534.9 52744.9 120414 15259.6 52744.9 120414 67054 52744.9 120414 94376.9 52744.9
60859.2 120807 -63829.7 52767.3 120807 -36495.1 52767.3 120807 15321.4 52767.3 120807 67137.9 52767.3 120807 94472.4 52767.3
60995.3 121196 -63803.8 52790.9 121196 -36457.1 52790.9 121196 15382.5 52790.9 121196 67222.1 52790.9 121196 94568.8 52790.9
61131.4 121586 -63778.4 52814.3 121586 -36419.5 52814.3 121586 15443.1 52814.3 121586 67305.8 52814.3 121586 94664.6 52814.3
135.076 121974 -63751.3 52837 121974 -36380.7 52837 121974 15504.2 52837 121974 67389 52837 121974 94759.6 52837
266.8 122356 -63716.7 52856.3 122356 -36336 52856.3 122356 15567.9 52856.3 122356 67471.8 52856.3 122356 94852.4 52856.3
398.947 122738 -63683 52876 122738 -36292.2 52876 122738 15630.9 52876 122738 67554.1 52876 122738 94944.9 52876
535.999 123130 -63657.5 52898.5 123130 -36255 52898.5 123130 15690.2 52898.5 123130 67635.5 52898.5 123130 95037.9 52898.5
673.04 123522 -63631.6 52920.6 123522 -36217.7 52920.6 123522 15749.3 52920.6 123522 67716.3 52920.6 123522 95130.2 52920.6
-2914.92 117378 -55884.2 48877.6 117378 -30564.6 48877.6 117378 17432.3 48877.6 117378 65429.2 48877.6 117378 90748.7 48877.6
-2490.81 118415 -55855.2 49143.2 118415 -30398.1 49143.2 118415 17859.6 49143.2 118415 66117.3 49143.2 118415 91574.5 49143.2
-2127.02 119391 -55584.7 49319.7 119391 -30036.2 49319.7 119391 18394.8 49319.7 119391 66825.7 49319.7 119391 92374.3 49319.7
-1888.89 120249 -55383.3 49568.7 120249 -29705.7 49568.7 120249 18969.8 49568.7 120249 67645.4 49568.7 120249 93322.9 49568.7
-1371.79 121629 -55802.2 50175 121629 -29810.6 50175 121629 19460.3 50175 121629 68731.2 50175 121629 94722.8 50175
-934.636 122729 -56173.9 50527.3 122729 -29999.8 50527.3 122729 19617.1 50527.3 122729 69233.9 50527.3 122729 95408.1 50527.3
-633.472 123358 -56603.4 50725.7 123358 -30326.5 50725.7 123358 19485.1 50725.7 123358 69296.7 50725.7 123358 95573.6 50725.7
-364.052 123890 -57028 50896.6 123890 -30662.6 50896.6 123890 19316.8 50896.6 123890 69296.3 50896.6 123890 95661.7 50896.6
-96.436 124419 -57450.1 51066.1 124419 -30996.8 51066.1 124419 19149 51066.1 124419 69294.9 51066.1 124419 95748.1 51066.1
169.672 124944 -57869.3 51234.3 124944 -31329 51234.3 124944 18982.1 51234.3 124944 69293.1 51234.3 124944 95833.5 51234.3
432.661 125467 -58288.2 51402.4 125467 -31660.7 51402.4 125467 18815.5 51402.4 125467 69291.7 51402.4 125467 95919.2 51402.4
694.563 125988 -58703.8 51569.3 125988 -31989.9 51569.3 125988 18650.1 51569.3 125988 69290.2 51569.3 125988 96004.1 51569.3
955.208 126508 -59116.6 51735 126508 -32316.9 51735 126508 18485.9 51735 126508 69288.6 51735 126508 96088.4 51735
1214.49 127025 -59525.8 51899.3 127025 -32641 51899.3 127025 18323 51899.3 127025 69287.1 51899.3 127025 96171.9 51899.3
1361.49 127418 -59559.2 51938 127418 -32654.3 51938 127418 18347.9 51938 127418 69350 51938 127418 96254.9 51938
1484.27 127784 -59511.5 51949.6 127784 -32600.6 51949.6 127784 18412.8 51949.6 127784 69426.3 51949.6 127784 96337.2 51949.6
1606.86 128150 -59464.5 51961.2 128150 -32547.6 51961.2 128150 18477.4 51961.2 128150 69502.3 51961.2 128150 96419.2 51961.2
1729.37 128514 -59417.7 51972.8 128514 -32494.7 51972.8 128514 18541.5 51972.8 128514 69577.8 51972.8 128514 96500.7 51972.8
1851.8 128879 -59370.8 51984.1 128879 -32442.1 51984.1 128879 18605.3 51984.1 128879 69652.7 51984.1 128879 96581.5 51984.1
1957.84 129162 -59423.6 52045.3 129162 -32463.1 52045.3 129162 18644.4 52045.3 129162 69751.9 52045.3 129162 96712.4 52045.3
2061.4 129425 -59497 52116.9 129425 -32499.4 52116.9 129425 18678.3 52116.9 129425 69856 52116.9 129425 96853.6 52116.9
2164.34 129687 -59573.4 52189.1 129687 -32538.4 52189.1 129687 18710.3 52189.1 129687 69958.9 52189.1 129687 96993.9 52189.1
2266.62 129947 -59652.1 52261.8 129947 -32579.5 52261.8 129947 18740.5 52261.8 129947 70060.6 52261.8 129947 97133.2 52261.8
2368.73 130206 -59732 52334.4 130206 -32621.7 52334.4 130206 18769.6 52334.4 130206 70160.9 52334.4 130206 97271.2 52334.4
2470.45 130463 -59812 52406.6 130463 -32664.4 52406.6 130463 18797.9 52406.6 130463 70260.1 52406.6 130463 97407.7 52406.6
2571.83 130718 -59893.5 52478.8 130718 -32708.4 52478.8 130718 18824.8 52478.8 130718 70358 52478.8 130718 97543 52478.8
2672.86 130972 -59976.2 52551 130972 -32753.8 52551 130972 18850.3 52551 130972 70454.4 52551 130972 97676.9 52551
2773.51 131223 -60060.4 52623.2 131223 -32800.6 52623.2 131223 18874.4 52623.2 131223 70549.3 52623.2 131223 97809.2 52623.2
2873.84 131473 -60146.1 52695.3 131473 -32848.9 52695.3 131473 18896.9 52695.3 131473 70642.6 52695.3 131473 97939.8 52695.3
2973.6 131721 -60233 52767.3 131721 -32898.5 52767.3 131721 18917.9 52767.3 131721 70734.4 52767.3 131721 98068.8 52767.3
3072.99 131966 -60321.7 52839.3 131966 -32949.9 52839.3 131966 18937.2 52839.3 131966 70824.3 52839.3 131966 98196.1 52839.3
3171.91 132209 -60412.2 52911.2 132209 -33003.2 52911.2 132209 18954.6 52911.2 132209 70912.4 52911.2 132209 98321.4 52911.2
3270.34 132450 -60504.6 52983.1 132450 -33058.3 52983.1 132450 18970.1 52983.1 132450 70998.5 52983.1 132450 98444.8 52983.1
3368.21 132688 -60599.1 53055.1 132688 -33115.5 53055.1 132688 18983.5 53055.1 132688 71082.6 53055.1 132688 98566.1 53055.1
3465.52 132923 -60695.8 53127 132923 -33175 53127 132923 18994.7 53127 132923 71164.4 53127 132923 98685.3 53127
3562.2 133155 -60795 53199 133155 -33236.8 53199 133155 19003.5 53199 133155 71243.9 53199 133155 98802 53199
3653.48 133359 -60926.2 53284.9 133359 -33323.5 53284.9 133359 19001.2 53284.9 133359 71326 53284.9 133359 98928.6 53284.9
3151.59 130834 -62919.6 53373.9 130834 -35270.9 53373.9 130834 17141.3 53373.9 130834 69553.4 53373.9 130834 97202.1 53373.9
3041.28 130096 -63446.6 53021.3 130096 -35980.5 53021.3 130096 16085.4 53021.3 130096 68151.3 53021.3 130096 95617.4 53021.3
3141.26 130330 -63549.8 53059.4 130330 -36064 53059.4 130330 16039.3 53059.4 130330 68142.6 53059.4 130330 95628.4 53059.4
3255.52 130627 -63641.1 53144.7 130627 -36111.1 53144.7 130627 16076 53144.7 130627 68263.1 53144.7 130627 95793.2 53144.7
3369.62 130923 -63734.1 53230.8 130923 -36159.6 53230.8 130923 16112 53230.8 130923 68383.6 53230.8 130923 95958.1 53230.8
3470.33 131154 -63889.5 53342.6 131154 -36256.9 53342.6 131154 16124.5 53342.6 131154 68505.9 53342.6 131154 96138.4 53342.6
3570.58 131384 -64046.1 53455 131384 -36355.3 53455 131384 16136.5 53455 131384 68628.2 53455 131384 96319 53455
3670.96 131614 -64202.5 53567.3 131614 -36453.5 53567.3 131614 16148.5 53567.3 131614 68750.6 53567.3 131614 96499.5 53567.3
3771.39 131844 -64358.9 53679.7 131844 -36551.8 53679.7 131844 16160.6 53679.7 131844 68873 53679.7 131844 96680.1 53679.7
3871.84 132074 -64515.2 53791.9 132074 -36649.9 53791.9 132074 16172.7 53791.9 132074 68995.3 53791.9 132074 96860.6 53791.9
3972.4 132304 -64670.2 53903.7 132304 -36747 53903.7 132304 16185.4 53903.7 132304 69117.8 53903.7 132304 97041 53903.7
4072.68 132534 -64823.6 54014.9 132534 -36842.8 54014.9 132534 16198.8 54014.9 132534 69240.3 54014.9 132534 97221.1 54014.9
4172.93 132764 -64976.9 54126 132764 -36938.5 54126 132764 16212.2 54126 132764 69362.9 54126 132764 97401.2 54126
4272.94 132993 -65130.1 54237.1 132993 -37034.2 54237.1 132993 16225.6 54237.1 132993 69485.4 54237.1 132993 97581.3 54237.1
4373.16 133223 -65283.3 54348.2 133223 -37129.9 54348.2 133223 16239 54348.2 133223 69607.9 54348.2 133223 97761.3 54348.2
4473.38 133452 -65436.5 54459.3 133452 -37225.5 54459.3 133452 16252.5 54459.3 133452 69730.4 54459.3 133452 97941.4 54459.3
4573.59 133682 -65589.6 54570.3 133682 -37321.1 54570.3 133682 16265.9 54570.3 133682 69852.9 54570.3 133682 98121.4 54570.3
4662.02 133869 -65741.2 54665.5 133869 -37423.4 54665.5 133869 16257.1 54665.5 133869 69937.6 54665.5 133869 98255.4 54665.5
4749.82 134055 -65892.7 54760.1 134055 -37525.9 54760.1 134055 16247.4 54760.1 134055 70020.8 54760.1 134055 98387.6 54760.1
4837.62 134241 -66044.2 54854.7 134241 -37628.4 54854.7 134241 16237.8 54854.7 134241 70104 54854.7 134241 98519.8 54854.7
4925.42 134427 -66195.7 54949.2 134427 -37730.9 54949.2 134427 16228.1 54949.2 134427 70187.2 54949.2 134427 98652 54949.2
5013.19 134613 -66347.2 55043.8 134613 -37833.5 55043.8 134613 16218.5 55043.8 134613 70270.4 55043.8 134613 98784.2 55043.8
5100.95 134799 -66498.7 55138.4 134799 -37936 55138.4 134799 16208.8 55138.4 134799 70353.6 55138.4 134799 98916.4 55138.4
5188.71 134985 -66650.4 55233 134985 -38038.7 55233 134985 16199.1 55233 134985 70436.8 55233 134985 99048.6 55233
5276.45 135171 -66802.7 55327.8 135171 -38141.8 55327.8 135171 16189 55327.8 135171 70519.9 55327.8 135171 99180.8 55327.8
5364.21 135356 -66954.6 55422.5 135356 -38244.6 55422.5 135356 16179.2 55422.5 135356 70603.1 55422.5 135356 99313 55422.5
5451.81 135542 -67106.8 55517.4 135542 -38347.7 55517.4 135542 16169.3 55517.4 135542 70686.2 55517.4 135542 99445.3 55517.4
5539.48 135727 -67258.8 55612.1 135727 -38450.6 55612.1 135727 16159.4 55612.1 135727 70769.4 55612.1 135727 99577.6 55612.1
5627.14 135913 -67410.7 55706.8 135913 -38553.5 55706.8 135913 16149.5 55706.8 135913 70852.6 55706.8 135913 99709.8 55706.8
5714.8 136098 -67562.7 55801.6 136098 -38656.4 55801.6 136098 16139.7 55801.6 136098 70935.7 55801.6 136098 99842 55801.6
5802.47 136284 -67714.1 55896.1 136284 -38758.8 55896.1 136284 16130 55896.1 136284 71018.9 55896.1 136284 99974.2 55896.1
5890.07 136469 -67865.4 55990.6 136469 -38861.2 55990.6 136469 16120.5 55990.6 136469 71102.2 55990.6 136469 100106 55990.6
5977.7 136655 -68016.6 56085 136655 -38963.4 56085 136655 16111 56085 136655 71185.4 56085 136655 100239 56085
6062.11 136830 -68166.4 56176.5 136830 -39065.9 56176.5 136830 16098.4 56176.5 136830 71262.6 56176.5 136830 100363 56176.5
6145.16 137002 -68315.6 56266.7 137002 -39168.3 56266.7 137002 16084.5 56266.7 137002 71337.3 56266.7 137002 100485 56266.7
6228.21 137173 -68464.9 56357 137173 -39270.9 56357 137173 16070.6 56357 137173 71412 56357 137173 100606 56357
6311.22 137345 -68614.7 56447.4 137345 -39373.9 56447.4 137345 16056.4 56447.4 137345 71486.6 56447.4 137345 100727 56447.4
6394.21 137516 -68764.3 56537.7 137516 -39476.6 56537.7 137516 16042.3 56537.7 137516 71561.2 56537.7 137516 100849 56537.7
6477.22 137687 -68913.8 56628 137687 -39579.4 56628 137687 16028.3 56628 137687 71635.9 56628 137687 100970 56628
6560.21 137859 -69063.4 56718.4 137859 -39682.2 56718.4 137859 16014.1 56718.4 137859 71710.5 56718.4 137859 101092 56718.4
6643.18 138030 -69213 56808.7 138030 -39785 56808.7 138030 16000 56808.7 138030 71785 56808.7 138030 101213 56808.7
6726.12 138201 -69362.6 56899 138201 -39887.8 56899 138201 15985.8 56899 138201 71859.5 56899 138201 101334 56899
6808.37 138372 -69511.3 56989 138372 -39989.9 56989 138372 15972.2 56989 138372 71934.3 56989 138372 101456 56989
6890.47 138542 -69659.7 57078.9 138542 -40091.7 57078.9 138542 15958.7 57078.9 138542 72009.1 57078.9 138542 101577 57078.9
6972.55 138712 -69808 57168.8 138712 -40193.5 57168.8 138712 15945.2 57168.8 138712 72083.9 57168.8 138712 101699 57168.8
7053.62 138880 -69956 57257.8 138880 -40295.3 57257.8 138880 15930.8 57257.8 138880 72156.8 57257.8 138880 101818 57257.8
7133.37 139043 -70103.4 57345.6 139043 -40397.2 57345.6 139043 15915 57345.6 139043 72227.3 57345.6 139043 101933 57345.6
7213.17 139206 -70250.8 57433.4 139206 -40499.1 57433.4 139206 15899.4 57433.4 139206 72297.8 57433.4 139206 102049 57433.4
7292.97 139370 -70398.2 57521.3 139370 -40601 57521.3 139370 15883.7 57521.3 139370 72368.5 57521.3 139370 102166 57521.3
7372.76 139533 -70545.5 57609.1 139533 -40702.9 57609.1 139533 15868.1 57609.1 139533 72439.1 57609.1 139533 102282 57609.1
7452.53 139697 -70692.9 57696.9 139697 -40804.7 57696.9 139697 15852.5 57696.9 139697 72509.7 57696.9 139697 102398 57696.9
7532.12 139860 -70840 57784.6 139860 -40906.4 57784.6 139860 15836.9 57784.6 139860 72580.3 57784.6 139860 102514 57784.6
7611.74 140023 -70987.2 57872.4 140023 -41008.1 57872.4 140023 15821.5 57872.4 140023 72651.1 57872.4 140023 102630 57872.4
7690.78 140186 -71130.1 57958.9 140186 -41106.3 57958.9 140186 15808.2 57958.9 140186 72722.7 57958.9 140186 102746 57958.9
7769.6 140348 -71271.6 58044.8 140348 -41203.2 58044.8 140348 15795.6 58044.8 140348 72794.4 58044.8 140348 102863 58044.8
7848.48 140511 -71413.1 58130.8 140511 -41300.2 58130.8 140511 15783.1 58130.8 140511 72866.5 58130.8 140511 102979 58130.8
7927.33 140674 -71554.8 58216.9 140674 -41397.3 58216.9 140674 15770.6 58216.9 140674 72938.4 58216.9 140674 103096 58216.9
8006.17 140837 -71696.5 58303 140837 -41494.4 58303 140837 15758 58303 140837 73010.4 58303 140837 103212 58303
78.8965 141000 -71838.2 58389.1 141000 -41591.5 58389.1 141000 15745.5 58389.1 141000 73082.5 58389.1 141000 103329 58389.1
157.758 141162 -71979.8 58475.3 141162 -41688.5 58475.3 141162 15733.1 58475.3 141162 73154.6 58475.3 141162 103446 58475.3
236.6 141325 -72121.4 58561.4 141325 -41785.5 58561.4 141325 15720.6 58561.4 141325 73226.7 58561.4 141325 103563 58561.4
315.424 141488 -72263 58647.4 141488 -41882.5 58647.4 141488 15708.2 58647.4 141488 73298.8 58647.4 141488 103679 58647.4
394.228 141650 -72404.5 58733.5 141650 -41979.4 58733.5 141650 15695.7 58733.5 141650 73370.8 58733.5 141650 103796 58733.5
473.013 141813 -72546 58819.5 141813 -42076.4 58819.5 141813 15683.2 58819.5 141813 73442.8 58819.5 141813 103912 58819.5
551.778 141975 -72687.5 58905.5 141975 -42173.3 58905.5 141975 15670.8 58905.5 141975 73514.8 58905.5 141975 104029 58905.5
627.768 142136 -72803.8 58983.3 142136 -42249.3 58983.3 142136 15671.1 58983.3 142136 73591.6 58983.3 142136 104146 58983.3
697.582 142291 -72863.4 59042.5 142291 -42278.2 59042.5 142291 15700.4 59042.5 142291 73679 59042.5 142291 104264 59042.5
767.359 142447 -72923 59102 142447 -42307 59102 142447 15730 59102 142447 73767 59102 142447 104383 59102
837.163 142603 -72982.6 59161.5 142603 -42335.8 59161.5 142603 15759.7 59161.5 142603 73855.2 59161.5 142603 104502 59161.5
906.914 142758 -73042.2 59221.1 142758 -42364.5 59221.1 142758 15789.4 59221.1 142758 73943.3 59221.1 142758 104621 59221.1
976.648 142914 -73101.8 59280.6 142914 -42393.3 59280.6 142914 15819.1 59280.6 142914 74031.4 59280.6 142914 104740 59280.6
1046.36 143069 -73161.3 59340 143069 -42422 59340 143069 15848.8 59340 143069 74119.5 59340 143069 104859 59340
1116.05 143225 -73220.8 59399.5 143225 -42450.7 59399.5 143225 15878.5 59399.5 143225 74207.6 59399.5 143225 104978 59399.5
1185.72 143380 -73280.2 59458.9 143380 -42479.3 59458.9 143380 15908.2 59458.9 143380 74295.6 59458.9 143380 105097 59458.9
1255.36 143536 -73339.5 59518.3 143536 -42507.9 59518.3 143536 15937.9 59518.3 143536 74383.7 59518.3 143536 105215 59518.3
1324.99 143691 -73398.8 59577.6 143691 -42536.4 59577.6 143691 15967.6 59577.6 143691 74471.7 59577.6 143691 105334 59577.6
1391.09 143835 -73458 59632.8 143835 -42567.1 59632.8 143835 15991.2 59632.8 143835 74549.4 59632.8 143835 105440 59632.8
1454.3 143970 -73517.2 59684.5 143970 -42599.5 59684.5 143970 16009.5 59684.5 143970 74618.6 59684.5 143970 105536 59684.5
1517.43 144104 -73576.4 59736.1 144104 -42631.9 59736.1 144104 16027.8 59736.1 144104 74687.6 59736.1 144104 105632 59736.1
1580.5 144239 -73635.5 59787.7 144239 -42664.3 59787.7 144239 16046.1 59787.7 144239 74756.4 59787.7 144239 105728 59787.7
1643.51 144373 -73694.5 59839.2 144373 -42696.7 59839.2 144373 16064.3 59839.2 144373 74825.2 59839.2 144373 105823 59839.2
1706.45 144507 -73753.6 59890.6 144507 -42729 59890.6 144507 16082.4 59890.6 144507 74893.8 59890.6 144507 105918 59890.6
1769.34 144641 -73812.5 59942 144641 -42761.4 59942 144641 16100.5 59942 144641 74962.3 59942 144641 106013 59942
1832.16 144774 -73871.4 59993.3 144774 -42793.8 59993.3 144774 16118.4 59993.3 144774 75030.7 59993.3 144774 106108 59993.3
1894.92 144908 -73930.3 60044.5 144908 -42826.1 60044.5 144908 16136.4 60044.5 144908 75098.9 60044.5 144908 106203 60044.5
1957.61 145041 -73989.1 60095.6 145041 -42858.4 60095.6 145041 16154.2 60095.6 145041 75166.9 60095.6 145041 106298 60095.6
2020.23 145174 -74047.9 60146.6 145174 -42890.8 60146.6 145174 16172 60146.6 145174 75234.8 60146.6 145174 106392 60146.6
2082.78 145307 -74106.6 60197.6 145307 -42923.1 60197.6 145307 16189.8 60197.6 145307 75302.6 60197.6 145307 106486 60197.6
2145.26 145439 -74165.3 60248.5 145439 -42955.4 60248.5 145439 16207.4 60248.5 145439 75370.2 60248.5 145439 106580 60248.5
2207.67 145572 -74223.9 60299.3 145572 -42987.7 60299.3 145572 16225 60299.3 145572 75437.7 60299.3 145572 106674 60299.3
2270.01 145704 -74282.5 60350 145704 -43020.1 60350 145704 16242.4 60350 145704 75504.9 60350 145704 106767 60350
2332.27 145836 -74341.1 60400.6 145836 -43052.4 60400.6 145836 16259.8 60400.6 145836 75572.1 60400.6 145836 106861 60400.6
2394.45 145967 -74399.6 60451.2 145967 -43084.7 60451.2 145967 16277.2 60451.2 145967 75639 60451.2 145967 106954 60451.2
2456.55 146099 -74458 60501.6 146099 -43117 60501.6 146099 16294.4 60501.6 146099 75705.8 60501.6 146099 107047 60501.6
2518.57 146230 -74516.4 60552 146230 -43149.3 60552 146230 16311.5 60552 146230 75772.3 60552 146230 107139 60552
2580.5 146361 -74574.8 60602.2 146361 -43181.7 60602.2 146361 16328.5 60602.2 146361 75838.7 60602.2 146361 107232 60602.2
2639.73 146483 -74633.1 60649.3 146483 -43215.6 60649.3 146483 16340.9 60649.3 146483 75897.4 60649.3 146483 107315 60649.3
2698.1 146603 -74691.5 60695.4 146603 -43250.1 60695.4 146603 16351.6 60695.4 146603 75953.4 60695.4 146603 107395 60695.4
2756.29 146722 -74749.8 60741.4 146722 -43284.6 60741.4 146722 16362.3 60741.4 146722 76009.1 60741.4 146722 107474 60741.4
2814.41 146841 -74808.1 60787.2 146841 -43319.1 60787.2 146841 16372.7 60787.2 146841 76064.6 60787.2 146841 107554 60787.2
2872.42 146959 -74866.3 60832.9 146959 -43353.7 60832.9 146959 16383.1 60832.9 146959 76119.8 60832.9 146959 107632 60832.9
2930.32 147077 -74924.5 60878.5 147077 -43388.3 60878.5 147077 16393.2 60878.5 147077 76174.7 60878.5 147077 107711 60878.5
2988.09 147195 -74982.7 60924 147195 -43422.9 60924 147195 16403.3 60924 147195 76229.4 60924 147195 107789 60924
3045.74 147312 -75040.9 60969.3 147312 -43457.6 60969.3 147312 16413.1 60969.3 147312 76283.8 60969.3 147312 107867 60969.3
3072.35 147323 -75122.5 60998.3 147323 -43524.2 60998.3 147323 16374.9 60998.3 147323 76274.1 60998.3 147323 107872 60998.3
3068.02 147208 -75276.2 61029.1 147208 -43662 61029.1 147208 16267.4 61029.1 147208 76196.7 61029.1 147208 107811 61029.1
2999.46 146822 -75569.7 61041.7 146822 -43948.9 61041.7 146822 15992.8 61041.7 146822 75934.5 61041.7 146822 107555 61041.7
3002.2 146734 -75707.1 61075.2 146734 -44069 61075.2 146734 15905.6 61075.2 146734 75880.2 61075.2 146734 107518 61075.2
3067.16 146904 -75705.2 61116.4 146904 -44045.7 61116.4 146904 15969.4 61116.4 146904 75984.6 61116.4 146904 107644 61116.4
3132.05 147074 -75703.6 61157.6 147074 -44022.8 61157.6 147074 16032.8 61157.6 147074 76088.4 61157.6 147074 107769 61157.6
3196.61 147243 -75700.5 61194.9 147243 -44000.3 61194.9 147243 16091.8 61194.9 147243 76184 61194.9 147243 107884 61194.9
3259.78 147404 -75682.6 61194.5 147404 -43982.6 61194.5 147404 16109.2 61194.5 147404 76200.9 61194.5 147404 107901 61194.5
3322.72 147565 -75664 61193.8 147565 -43964.4 61193.8 147565 16126.8 61193.8 147565 76217.9 61193.8 147565 107918 61193.8
3384.04 147714 -75661.7 61202.6 147714 -43957.5 61202.6 147714 16142.3 61202.6 147714 76242.1 61202.6 147714 107946 61202.6
3440.06 147827 -75719.6 61246 147827 -43993 61246 147827 16149.4 61246 147827 76291.8 61246 147827 108018 61246
3495.89 147938 -75779 61289.8 147938 -44029.7 61289.8 147938 16155.7 61289.8 147938 76341 61289.8 147938 108090 61289.8
3551.76 148050 -75839.7 61333.9 148050 -44067.5 61333.9 148050 16161.2 61333.9 148050 76389.9 61333.9 148050 108162 61333.9
3607.55 148161 -75900.4 61378 148161 -44105.4 61378 148161 16166.6 61378 148161 76438.7 61378 148161 108234 61378
3663.17 148273 -75961.1 61422.1 148273 -44143.3 61422.1 148273 16172 61422.1 148273 76487.4 61422.1 148273 108305 61422.1
3718.81 148384 -76021.7 61466.1 148384 -44181.1 61466.1 148384 16177.4 61466.1 148384 76535.9 61466.1 148384 108377 61466.1
3735.24 148375 -76157.2 61509.5 148375 -44294 61509.5 148375 16107.1 61509.5 148375 76508.3 61509.5 148375 108371 61509.5
3522.78 147515 -76347.8 61118.8 147515 -44687.1 61118.8 147515 15330.4 61118.8 147515 75347.9 61118.8 147515 107009 61118.8
3620.08 147705 -76430.3 61181.2 147705 -44737.3 61181.2 147705 15341.5 61181.2 147705 75420.2 61181.2 147705 107113 61181.2
3685.16 147876 -76432.9 61225.4 147876 -44717 61225.4 147876 15405.1 61225.4 147876 75527.2 61225.4 147876 107243 61225.4
3750.23 148047 -76436 61269.6 148047 -44697.1 61269.6 148047 15468.4 61269.6 148047 75634 61269.6 148047 107373 61269.6
3814.58 148213 -76448.7 61324.5 148213 -44681.4 61324.5 148213 15538 61324.5 148213 75757.5 61324.5 148213 107525 61324.5
3877.73 148369 -76493.7 61413.3 148369 -44680.4 61413.3 148369 15626.3 61413.3 148369 75933.1 61413.3 148369 107746 61413.3
3941.5 148524 -76536.6 61501.3 148524 -44677.7 61501.3 148524 15715.5 61501.3 148524 76108.6 61501.3 148524 107967 61501.3
4003.75 148679 -76583.3 61591.7 148679 -44677.6 61591.7 148679 15804.2 61591.7 148679 76286.1 61591.7 148679 108192 61591.7
4064.03 148818 -76633 61664.8 148818 -44689.5 61664.8 148818 15864.1 61664.8 148818 76417.7 61664.8 148818 108361 61664.8
4120.1 148930 -76695.3 61710.5 148930 -44728.1 61710.5 148930 15870.4 61710.5 148930 76468.8 61710.5 148930 108436 61710.5
4176.11 149043 -76757.3 61756 149043 -44766.4 61756 149043 15876.8 61756 149043 76520 61756 149043 108511 61756
4232.03 149155 -76818.7 61801.5 149155 -44804.4 61801.5 149155 15883.5 61801.5 149155 76571.3 61801.5 149155 108586 61801.5
4288.2 149267 -76880 61846.7 149267 -44842.2 61846.7 149267 15890.1 61846.7 149267 76622.4 61846.7 149267 108660 61846.7
4344.1 149379 -76941.4 61892.1 149379 -44880.1 61892.1 149379 15896.8 61892.1 149379 76673.7 61892.1 149379 108735 61892.1
4400.04 149491 -77002.5 61937.4 149491 -44917.7 61937.4 149491 15903.6 61937.4 149491 76724.9 61937.4 149491 108810 61937.4
4455.95 149603 -77063.7 61982.7 149603 -44955.4 61982.7 149603 15910.4 61982.7 149603 76776.2 61982.7 149603 108884 61982.7
4511.87 149715 -77124.7 62027.9 149715 -44993 62027.9 149715 15917.2 62027.9 149715 76827.4 62027.9 149715 108959 62027.9
4567.77 149827 -77185.6 62073.1 149827 -45030.5 62073.1 149827 15924.1 62073.1 149827 76878.7 62073.1 149827 109034 62073.1
4623.65 149939 -77246.4 62118.3 149939 -45067.9 62118.3 149939 15931 62118.3 149939 76929.9 62118.3 149939 109108 62118.3
4679.52 150052 -77307.1 62163.4 150052 -45105.3 62163.4 150052 15938 62163.4 150052 76981.2 62163.4 150052 109183 62163.4
4735.36 150164 -77367.8 62208.5 150164 -45142.6 62208.5 150164 15945 62208.5 150164 77032.5 62208.5 150164 109258 62208.5
4791.18 150275 -77428.3 62253.6 150275 -45179.8 62253.6 150275 15952 62253.6 150275 77083.8 62253.6 150275 109332 62253.6
4846.96 150387 -77488.7 62298.6 150387 -45216.9 62298.6 150387 15959.1 62298.6 150387 77135.1 62298.6 150387 109407 62298.6
4902.72 150499 -77549 62343.5 150499 -45253.9 62343.5 150499 15966.2 62343.5 150499 77186.4 62343.5 150499 109482 62343.5
4958.45 150611 -77609.2 62388.4 150611 -45290.8 62388.4 150611 15973.4 62388.4 150611 77237.7 62388.4 150611 109556 62388.4
5014.14 150723 -77669.3 62433.3 150723 -45327.6 62433.3 150723 15980.7 62433.3 150723 77288.9 62433.3 150723 109631 62433.3
5069.79 150835 -77729.2 62478.1 150835 -45364.3 62478.1 150835 15987.9 62478.1 150835 77340.2 62478.1 150835 109705 62478.1
5124.67 150946 -77787.1 62522.3 150946 -45399.3 62522.3 150946 15996.4 62522.3 150946 77392.1 62522.3 150946 109780 62522.3
5179.9 151057 -77845.7 62566.7 151057 -45435 62566.7 151057 16004.3 62566.7 151057 77443.5 62566.7 151057 109854 62566.7
5234.58 151167 -77902.6 62610.4 151167 -45469.2 62610.4 151167 16012.9 62610.4 151167 77495 62610.4 151167 109928 62610.4
2224.3 146138 -71447 59324.9 146138 -40715.6 59324.9 146138 17540.3 59324.9 146138 75796.2 59324.9 146138 106528 59324.9
2571.33 147048 -71411.1 59577.5 147048 -40548.8 59577.5 147048 17955.2 59577.5 147048 76459.1 59577.5 147048 107321 59577.5
2815.86 147835 -71533.9 59914.4 147835 -40497 59914.4 147835 18337.8 59914.4 147835 77172.5 59914.4 147835 108209 59914.4
3012.03 148556 -71598.9 60230.6 148556 -40398.2 60230.6 148556 18747.1 60230.6 148556 77892.4 60230.6 148556 109093 60230.6
3176.87 149158 -71745.3 60631.7 149158 -40336.9 60631.7 149158 19202.2 60631.7 149158 78741.3 60631.7 149158 110150 60631.7
3258.45 149354 -71900.3 60737.4 149354 -40437.1 60737.4 149354 19205.8 60737.4 149354 78848.8 60737.4 149354 110312 60737.4
3339.8 149548 -72055.4 60843.3 149548 -40537.4 60843.3 149548 19209.5 60843.3 149548 78956.4 60843.3 149548 110474 60843.3
3619.61 153856 -71516.1 59918.1 153856 -40477.3 59918.1 153856 18361.1 59918.1 153856 77199.6 59918.1 153856 108238 59918.1
5991.23 155860 -70798 58867 155860 -40303.8 58867 155860 17502.4 58867 155860 75308.6 58867 155860 105803 58867
8380.15 157837 -70081.3 57817.1 157837 -40130.9 57817.1 157837 16644.4 57817.1 157837 73419.7 57817.1 157837 103370 57817.1
10736.4 159762 -69360.5 56765.4 159762 -39954.9 56765.4 159762 15787.6 56765.4 159762 71530.1 56765.4 159762 100936 56765.4
13096.1 161631 -68638.2 55714.5 161631 -39777 55714.5 161631 14933.5 55714.5 161631 69644.1 55714.5 161631 98505.3 55714.5
15553.7 163125 -67739.3 54531.9 163125 -39490.7 54531.9 163125 14058.5 54531.9 163125 67607.8 54531.9 163125 95856.4 54531.9
18018.9 164315 -66791.1 53329.6 164315 -39165.4 53329.6 164315 13203.3 53329.6 164315 65572 53329.6 164315 93197.8 53329.6
20560.5 165056 -65772.4 52084.6 165056 -38791.5 52084.6 165056 12354.6 52084.6 165056 63500.6 52084.6 165056 90481.5 52084.6
23040 166398 -64857 50885.2 166398 -38497.5 50885.2 166398 11470.8 50885.2 166398 61439.1 50885.2 166398 87798.6 50885.2
25566.8 167111 -63922.8 49703.3 167111 -38175.5 49703.3 167111 10632.2 49703.3 167111 59439.9 49703.3 167111 85187.2 49703.3
28140.1 167750 -63000.2 48537.9 167750 -37856.7 48537.9 167750 9806.58 48537.9 167750 57469.8 48537.9 167750 82613.4 48537.9
30719.3 168378 -62068.7 47369.6 168378 -37530.3 47369.6 168378 8985.69 47369.6 168378 55501.7 47369.6 168378 80040.1 47369.6
33260.1 168997 -61137.4 46202.1 168997 -37203.8 46202.1 168997 8165.76 46202.1 168997 53535.3 46202.1 168997 77468.9 46202.1
33936.1 168048 -60079.8 44943 168048 -36798.4 44943 168048 7334.79 44943 168048 51468 44943 168048 74749.4 44943
36415.6 168571 -59167 43786.4 168571 -36484.8 43786.4 168571 6512.54 43786.4 168571 49509.9 43786.4 168571 72192.1 43786.4
38862.9 169047 -58256.3 42631.9 169047 -36172.2 42631.9 169047 5691.59 42631.9 169047 47555.3 42631.9 169047 69639.5 42631.9
41305.2 169516 -57335.7 41473 169516 -35851.9 41473 169516 4873.77 41473 169516 45599.4 41473 169516 67083.3 41473
43737.5 169965 -56409.2 40311.9 169965 -35526.8 40311.9 169965 4058.67 40311.9 169965 43644.2 40311.9 169965 64526.5 40311.9
46155.9 170522 -55484.4 39151.1 170522 -35203.4 39151.1 170522 3242.24 39151.1 170522 41687.9 39151.1 170522 61968.9 39151.1
48577.6 171118 -54555.1 37988.1 171118 -34876.6 37988.1 171118 2426.99 37988.1 171118 39730.6 37988.1 171118 59409.1 37988.1
51020.8 171527 -53643.1 36837.1 171527 -34560.7 36837.1 171527 1612.52 36837.1 171527 37785.8 36837.1 171527 56868.1 36837.1
53468.4 172024 -52723.2 35678.8 172024 -34240.8 35678.8 172024 795.098 35678.8 172024 35831 35678.8 172024 54313.4 35678.8
55896 172506 -51805.3 34524.2 172506 -33921 34524.2 172506 -18.9431 34524.2 172506 33883.2 34524.2 172506 51767.4 34524.2
58298.4 172978 -50885.6 33369.2 172978 -33599.7 33369.2 172978 -831.785 33369.2 172978 31936.2 33369.2 172978 49222.1 33369.2
60662.2 173500 -49968.3 32215 173500 -33280.3 32215 173500 -1645.72 32215 173500 29988.8 32215 173500 46676.8 32215
63009.8 174231 -49046.5 31062.1 174231 -32955.7 31062.1 174231 -2453.36 31062.1 174231 28049 31062.1 174231 44139.7 31062.1
64826.6 174812 -48591 30495.4 174812 -32793.8 30495.4 174812 -2847.96 30495.4 174812 27097.9 30495.4 174812 42895.1 30495.4
66405.9 175252 -48361.2 30203.2 175252 -32715.3 30203.2 175252 -3056.31 30203.2 175252 26602.7 30203.2 175252 42248.5 30203.2
67918.1 175588 -48216.3 30010.3 175588 -32670.4 30010.3 175588 -3200.89 30010.3 175588 26268.6 30010.3 175588 41814.5 30010.3
69542.5 175748 -48015 29808.3 175748 -32573.7 29808.3 175748 -3302.58 29808.3 175748 25968.6 29808.3 175748 41409.9 29808.3
70973 176140 -47957.5 29656.8 176140 -32594.7 29656.8 176140 -3472.26 29656.8 176140 25650.2 29656.8 176140 41013 29656.8
72589.2 176278 -47781 29478.4 176278 -32510.6 29478.4 176278 -3563.34 29478.4 176278 25383.9 29478.4 176278 40654.3 29478.4
72591.2 174582 -47671.8 29309.6 174582 -32488.9 29309.6 174582 -3707.36 29309.6 174582 25074.1 29309.6 174582 40257.1 29309.6
74254.1 174944 -47584.8 29173.9 174944 -32472.2 29173.9 174944 -3823.96 29173.9 174944 24824.2 29173.9 174944 39936.9 29173.9
76013.4 175143 -47441.8 29032.4 175143 -32402.5 29032.4 175143 -3893.17 29032.4 175143 24616.1 29032.4 175143 39655.5 29032.4
77591.2 175603 -47460 28950 175603 -32463.4 28950 175603 -4035.05 28950 175603 24393.3 28950 175603 39389.9 28950
79136.2 175727 -47524.1 28987 175727 -32508.2 28987 175727 -4043.51 28987 175727 24421.2 28987 175727 39437 28987
79987 175034 -47974.6 29472.9 175034 -32707 29472.9 175034 -3765.18 29472.9 175034 25176.7 29472.9 175034 40444.2 29472.9
80568.3 174704 -48246.9 29766.9 174704 -32827.1 29766.9 174704 -3596.58 29766.9 174704 25633.9 29766.9 174704 41053.8 29766.9
81409.9 175022 -48172 29689.1 175022 -32792.5 29689.1 175022 -3638.36 29689.1 175022 25515.7 29689.1 175022 40895.3 29689.1
82145.3 175471 -48171.6 29638.3 175471 -32818.3 29638.3 175471 -3714.08 29638.3 175471 25390.2 29638.3 175471 40743.4 29638.3
82778.3 175787 -48122.5 29567.7 175787 -32805.8 29567.7 175787 -3770.98 29567.7 175787 25263.9 29567.7 175787 40580.5 29567.7
83252.4 176119 -48054.8 29487.3 176119 -32779.8 29487.3 176119 -3823.84 29487.3 176119 25132.1 29487.3 176119 40407.1 29487.3
83722.4 176433 -47975.5 29402.2 176433 -32744.5 29402.2 176433 -3872.11 29402.2 176433 25000.3 29402.2 176433 40231.2 29402.2
83556.6 176748 -47873.2 29275.1 176748 -32708.1 29275.1 176748 -3960.51 29275.1 176748 24787.1 29275.1 176748 39952.1 29275.1
82681 176836 -47731.3 29112.8 176836 -32650.2 29112.8 176836 -4062 29112.8 176836 24526.3 29112.8 176836 39607.3 29112.8
83411.8 177226 -47644.4 29018 177226 -32612.5 29018 177226 -4117.45 29018 177226 24377.6 29018 177226 39409.5 29018
83857 177658 -47584.1 28935.3 177658 -32595 28935.3 177658 -4181.1 28935.3 177658 24232.8 28935.3 177658 39221.9 28935.3
84301.4 178096 -47527.9 28854.3 178096 -32580.8 28854.3 178096 -4246.46 28854.3 178096 24087.9 28854.3 178096 39034.9 28854.3
84748.6 178498 -47448.7 28762.9 178498 -32549 28762.9 178498 -4304.36 28762.9 178498 23940.3 28762.9 178498 38840 28762.9
85189.1 179069 -47404.2 28683.8 179069 -32545.4 28683.8 179069 -4378.47 28683.8 179069 23788.5 28683.8 179069 38647.3 28683.8
85628.9 179568 -47311.3 28559.4 179568 -32517 28559.4 179568 -4472.25 28559.4 179568 23572.5 28559.4 179568 38366.9 28559.4
86070.7 179978 -47177.6 28407.1 179978 -32462.2 28407.1 179978 -4567.01 28407.1 179978 23328.2 28407.1 179978 38043.6 28407.1
86506.2 180469 -47087.9 28268.6 180469 -32444.2 28268.6 180469 -4685.05 28268.6 180469 23074.2 28268.6 180469 37717.8 28268.6
86948.1 180920 -46951.3 28113.9 180920 -32387.7 28113.9 180920 -4780.37 28113.9 180920 22827 28113.9 180920 37390.6 28113.9
87383 181447 -46850 27970.1 181447 -32361 27970.1 181447 -4894.96 27970.1 181447 22571.1 27970.1 181447 37060.1 27970.1
87819.7 181963 -46741.6 27823.5 181963 -32328.4 27823.5 181963 -5006.27 27823.5 181963 22315.9 27823.5 181963 36729 27823.5
88259.9 182460 -46601.5 27665.7 182460 -32270.1 27665.7 182460 -5102.92 27665.7 182460 22064.3 27665.7 182460 36395.7 27665.7
88694.6 183063 -46494.6 27516.9 183063 -32240.3 27516.9 183063 -5219.2 27516.9 183063 21801.9 27516.9 183063 36056.2 27516.9
84322.4 300199 -40273.6 22720.7 300199 -28503.9 22720.7 300199 -6192.58 22720.7 300199 16118.7 22720.7 300199 27888.5 22720.7
85667.2 252823 -37746.1 19439 252823 -27676.3 19439 252823 -8587.56 19439 252823 10501.2 19439 252823 20571 19439
86913.1 256602 -36869.4 18406.2 256602 -27334.6 18406.2 256602 -9260.09 18406.2 256602 8814.47 18406.2 256602 18349.3 18406.2
88070 260237 -36006.5 17378.3 260237 -27004.2 17378.3 260237 -9939.09 17378.3 260237 7126.02 17378.3 260237 16128.3 17378.3
89209.1 263793 -35153 16370 263793 -26673 16370 263793 -10598 16370 263793 5476.97 16370 263793 13956.9 16370
90140.1 266617 -34528.1 15619.8 266617 -26436.7 15619.8 266617 -11098.4 15619.8 266617 4239.99 15619.8 266617 12331.4 15619.8
90573.7 267566 -34391 15459.3 267566 -26382.8 15459.3 267566 -11202.1 15459.3 267566 3978.63 15459.3 267566 11986.8 15459.3
91006.6 268529 -34255.9 15300.1 268529 -26330.2 15300.1 268529 -11305.8 15300.1 268529 3718.53 15300.1 268529 11644.3 15300.1
91438.9 269502 -34127.5 15143.8 269502 -26282.7 15143.8 269502 -11411.8 15143.8 269502 3459.13 15143.8 269502 11303.9 15143.8
91871 270495 -34000.3 14988.5 270495 -26236 14988.5 270495 -11517.6 14988.5 270495 3200.76 14988.5 270495 10965.1 14988.5
92303.5 271458 -33868.6 14830.6 271458 -26186 14830.6 271458 -11622.6 14830.6 271458 2940.76 14830.6 271458 10623.3 14830.6
92735.7 272450 -33739.7 14674.6 272450 -26138 14674.6 272450 -11727.8 14674.6 272450 2682.38 14674.6 272450 10284.1 14674.6
93168.3 273402 -33606.5 14515.9 273402 -26086.9 14515.9 273402 -11832.6 14515.9 273402 2421.75 14515.9 273402 9941.28 14515.9
93600.4 274402 -33480 14361 274402 -26040.7 14361 274402 -11938.5 14361 274402 2163.78 14361 274402 9603.07 14361
94033.1 275363 -33345.5 14202 275363 -25988.6 14202 275363 -12042.5 14202 275363 1903.63 14202 275363 9260.56 14202
94465.4 276351 -33215.2 14045.3 276351 -25939.4 14045.3 276351 -12147.2 14045.3 276351 1644.98 14045.3 276351 8920.71 14045.3
94898.1 277322 -33081.4 13886.8 277322 -25887.8 13886.8 277322 -12251.2 13886.8 277322 1385.37 13886.8 277322 8579.01 13886.8
95330.3 278279 -32961.4 13732.9 278279 -25847.5 13732.9 278279 -12362 13732.9 278279 1123.45 13732.9 278279 8237.38 13732.9
95762.2 279217 -32854.5 13583.3 279217 -25818.1 13583.3 279217 -12479.6 13583.3 279217 858.92 13583.3 279217 7895.32 13583.3
96194.1 280155 -32747.8 13433.7 280155 -25788.8 13433.7 280155 -12597.2 13433.7 280155 594.394 13433.7 280155 7553.3 13433.7
96626 281094 -32640.8 13284 281094 -25759.4 13284 281094 -12714.8 13284 281094 329.854 13284 281094 7211.23 13284
97057.8 282032 -32534.2 13134.5 282032 -25730.3 13134.5 282032 -12832.5 13134.5 282032 65.2851 13134.5 282032 6869.2 13134.5
97489.1 282961 -32426.5 12984.3 282961 -25700.4 12984.3 282961 -12950.1 12984.3 282961 -199.813 12984.3 282961 6526.3 12984.3
97918.4 283909 -32321.4 12835.6 283909 -25672.4 12835.6 283909 -13068.1 12835.6 283909 -463.764 12835.6 283909 6185.32 12835.6
98347.8 284845 -32214.1 12685.7 284845 -25642.7 12685.7 284845 -13185.6 12685.7 284845 -728.473 12685.7 284845 5842.96 12685.7
98782.1 285525 -32167.6 12608.3 285525 -25636.3 12608.3 285525 -13255.2 12608.3 285525 -874.151 12608.3 285525 5657.18 12608.3
99216.2 286132 -32117.6 12536 286132 -25623.7 12536 286132 -13313.6 12536 286132 -1003.47 12536 286132 5490.42 12536
99649.6 286760 -32072.6 12465.9 286760 -25615 12465.9 286760 -13373.8 12465.9 286760 -1132.55 12465.9 286760 5325.02 12465.9
100083 287387 -32027.5 12395.4 287387 -25606.5 12395.4 287387 -13434.4 12395.4 287387 -1262.38 12395.4 287387 5158.68 12395.4
100516 288007 -31981.4 12324.2 288007 -25597.2 12324.2 288007 -13495.1 12324.2 288007 -1393.03 12324.2 288007 4991.12 12324.2
100951 288553 -31922.2 12247.4 288553 -25577.8 12247.4 288553 -13551.1 12247.4 288553 -1524.43 12247.4 288553 4819.95 12247.4
101382 289248 -31890.3 12182.2 289248 -25579.6 12182.2 289248 -13616.9 12182.2 289248 -1654.21 12182.2 289248 4656.43 12182.2
101815 289873 -31843.8 12110.9 289873 -25570.2 12110.9 289873 -13677.5 12110.9 289873 -1784.92 12110.9 289873 4488.74 12110.9
102239 290470 -31792.4 12037.4 290470 -25556.8 12037.4 290470 -13736.4 12037.4 290470 -1915.89 12037.4 290470 4319.71 12037.4
102669 291099 -31750 11967.8 291099 -25550.4 11967.8 291099 -13798.3 11967.8 291099 -2046.15 11967.8 291099 4153.4 11967.8
103094 291709 -31703 11896.1 291709 -25540.6 11896.1 291709 -13858.9 11896.1 291709 -2177.19 11896.1 291709 3985.19 11896.1
103519 292319 -31655.4 11823.6 292319 -25530.6 11823.6 292319 -13920 11823.6 292319 -2309.49 11823.6 292319 3815.37 11823.6
103943 292930 -31607.8 11751.1 292930 -25520.5 11751.1 292930 -13981.2 11751.1 292930 -2441.79 11751.1 292930 3645.52 11751.1
104368 293540 -31560.2 11678.6 293540 -25510.5 11678.6 293540 -14042.3 11678.6 293540 -2574.09 11678.6 293540 3475.67 11678.6
104793 294151 -31512.6 11606.1 294151 -25500.4 11606.1 294151 -14103.4 11606.1 294151 -2706.39 11606.1 294151 3305.82 11606.1
105218 294761 -31465 11533.7 294761 -25490.3 11533.7 294761 -14164.5 11533.7 294761 -2838.68 11533.7 294761 3135.98 11533.7
