1619.67 1.16247e-05 -0.000386698 2.80173e-06 2.93248e-06 -0.000244871 2.80173e-06 -6.09853e-06 -3.69898e-05 2.80173e-06 -5.57967e-06 7.20751e-05 2.80173e-06 2.31552e-08 0.000192198 2.80173e-06
2995.48 3.04582e-05 -0.000752159 4.86825e-06 1.50482e-05 -0.000503444 4.86825e-06 -7.67396e-06 -7.82757e-05 4.86825e-06 -6.05112e-06 0.000129403 4.86825e-06 5.97613e-06 0.000357321 4.86825e-06
4347.22 4.90024e-05 -0.00111359 6.91973e-06 2.713e-05 -0.000759243 6.91973e-06 -8.60039e-06 -0.000126814 6.91973e-06 -5.88358e-06 0.000193802 6.91973e-06 1.28605e-05 0.000528763 6.91973e-06
5692.96 6.74774e-05 -0.00147195 8.94932e-06 3.89737e-05 -0.00101202 8.94932e-06 -9.21161e-06 -0.000178348 8.94932e-06 -5.6723e-06 0.000258496 8.94932e-06 1.96538e-05 0.000699095 8.94932e-06
7036.64 8.60797e-05 -0.00183062 1.09739e-05 5.07281e-05 -0.0012643 1.09739e-05 -9.72657e-06 -0.000230572 1.09739e-05 -5.45192e-06 0.000323502 1.09739e-05 2.64372e-05 0.000869759 1.09739e-05
8377.79 0.000104494 -0.00218833 1.29905e-05 6.23675e-05 -0.00151563 1.29905e-05 -9.99868e-06 -0.000284773 1.29905e-05 -5.06936e-06 0.000389888 1.29905e-05 3.31984e-05 0.00104051 1.29905e-05
9717.02 0.000122804 -0.00254649 1.50025e-05 7.39617e-05 -0.0017672 1.50025e-05 -1.02689e-05 -0.000339081 1.50025e-05 -4.55481e-06 0.000457148 1.50025e-05 3.9914e-05 0.00121102 1.50025e-05
11054.5 0.000141017 -0.00290524 1.7013e-05 8.55082e-05 -0.00201898 1.7013e-05 -1.05503e-05 -0.00039323 1.7013e-05 -4.02884e-06 0.000524729 1.7013e-05 4.66289e-05 0.00138202 1.7013e-05
12390.3 0.000159158 -0.00326507 1.90262e-05 9.70195e-05 -0.00227121 1.90262e-05 -1.08506e-05 -0.000447062 1.90262e-05 -3.46161e-06 0.000593186 1.90262e-05 5.33911e-05 0.00155433 1.90262e-05
13724.5 0.000177199 -0.00362557 2.10384e-05 0.000108482 -0.00252367 2.10384e-05 -1.11636e-05 -0.000500702 2.10384e-05 -2.879e-06 0.000662042 2.10384e-05 6.0158e-05 0.00172726 2.10384e-05
15056.7 0.000195117 -0.00398641 2.30462e-05 0.000119886 -0.0027762 2.30462e-05 -1.14838e-05 -0.000554264 2.30462e-05 -2.30381e-06 0.000730874 2.30462e-05 6.68922e-05 0.00190019 2.30462e-05
16386.9 0.00021291 -0.0043476 2.50497e-05 0.000131228 -0.00302879 2.50497e-05 -1.18112e-05 -0.000607743 2.50497e-05 -1.73564e-06 0.000799689 2.50497e-05 7.35941e-05 0.00207312 2.50497e-05
17715.2 0.000230569 -0.00470907 2.70479e-05 0.000142508 -0.0032814 2.70479e-05 -1.2144e-05 -0.000661179 2.70479e-05 -1.18139e-06 0.000868357 2.70479e-05 8.02524e-05 0.00224588 2.70479e-05
19041.4 0.000248087 -0.00507074 2.90398e-05 0.000153722 -0.00353399 2.90398e-05 -1.24798e-05 -0.00071462 2.90398e-05 -6.487e-07 0.000936735 2.90398e-05 8.68548e-05 0.00241826 2.90398e-05
20365.6 0.000265469 -0.00543276 3.10266e-05 0.000164873 -0.00378663 3.10266e-05 -1.28213e-05 -0.000768011 3.10266e-05 -1.28603e-07 0.00100499 3.10266e-05 9.34155e-05 0.0025905 3.10266e-05
21687.7 0.000282712 -0.00579511 3.3008e-05 0.000175959 -0.0040393 3.3008e-05 -1.31681e-05 -0.000821357 3.3008e-05 3.77504e-07 0.00107309 3.3008e-05 9.99319e-05 0.00276257 3.3008e-05
23007.8 0.000299816 -0.00615788 3.49848e-05 0.00018698 -0.00429203 3.49848e-05 -1.35225e-05 -0.000874609 3.49848e-05 8.7622e-07 0.00114117 3.49848e-05 0.000106414 0.00293462 3.49848e-05
24325.7 0.000316775 -0.00652103 3.69565e-05 0.000197935 -0.00454478 3.69565e-05 -1.38739e-05 -0.00092784 3.69565e-05 1.36623e-06 0.00120919 3.69565e-05 0.000112859 0.00310663 3.69565e-05
25641.7 0.000333572 -0.00688435 3.89233e-05 0.000208807 -0.00479731 3.89233e-05 -1.41476e-05 -0.000981478 3.89233e-05 1.85767e-06 0.00127736 3.89233e-05 0.000119278 0.00327879 3.89233e-05
26955.5 0.000350221 -0.00724814 4.08851e-05 0.000219613 -0.0050499 4.08851e-05 -1.44311e-05 -0.001035 4.08851e-05 2.34083e-06 0.00134548 4.08851e-05 0.000125661 0.00345092 4.08851e-05
28267.1 0.000366716 -0.00761236 4.28417e-05 0.000230349 -0.00530251 4.28417e-05 -1.47243e-05 -0.00108841 4.28417e-05 2.81435e-06 0.00141352 4.28417e-05 0.000132005 0.00362298 4.28417e-05
29576.6 0.000383059 -0.00797712 4.47935e-05 0.000241017 -0.00555519 4.47935e-05 -1.50274e-05 -0.0011417 4.47935e-05 3.28037e-06 0.00148154 4.47935e-05 0.000138312 0.00379502 4.47935e-05
30883.9 0.000399245 -0.00834243 4.67404e-05 0.000251616 -0.00580793 4.67404e-05 -1.53404e-05 -0.00119486 4.67404e-05 3.73852e-06 0.00154951 4.67404e-05 0.000144583 0.00396705 4.67404e-05
32189 0.000415271 -0.00870831 4.86823e-05 0.000262145 -0.00606073 4.86823e-05 -1.56636e-05 -0.0012479 4.86823e-05 4.18929e-06 0.00161745 4.86823e-05 0.000150818 0.00413906 4.86823e-05
33491.9 0.000431132 -0.00907479 5.06192e-05 0.000272603 -0.0063136 5.06192e-05 -1.59971e-05 -0.00130081 5.06192e-05 4.63263e-06 0.00168536 5.06192e-05 0.000157016 0.00431105 5.06192e-05
34792.4 0.000446826 -0.00944189 5.2551e-05 0.000282989 -0.00656652 5.2551e-05 -1.63409e-05 -0.00135359 5.2551e-05 5.06839e-06 0.00175322 5.2551e-05 0.000163176 0.00448303 5.2551e-05
36090.7 0.000462347 -0.00980965 5.44776e-05 0.000293302 -0.0068195 5.44776e-05 -1.66952e-05 -0.00140623 5.44776e-05 5.49672e-06 0.00182105 5.44776e-05 0.000169299 0.00465499 5.44776e-05
37386.6 0.000477692 -0.0101781 5.63989e-05 0.000303542 -0.00707254 5.63989e-05 -1.70596e-05 -0.00145873 5.63989e-05 5.91668e-06 0.00188882 5.63989e-05 0.000175383 0.0048269 5.63989e-05
38680.2 0.000492854 -0.0105472 5.83149e-05 0.000313706 -0.00732564 5.83149e-05 -1.74347e-05 -0.00151109 5.83149e-05 6.3289e-06 0.00195655 5.83149e-05 0.000181428 0.00499878 5.83149e-05
39971.3 0.00050783 -0.0109171 6.02255e-05 0.000323794 -0.00757878 6.02255e-05 -1.78206e-05 -0.0015633 6.02255e-05 6.73333e-06 0.00202423 6.02255e-05 0.000187433 0.00517063 6.02255e-05
41260.1 0.000522615 -0.0112878 6.21306e-05 0.000333804 -0.00783198 6.21306e-05 -1.82173e-05 -0.00161535 6.21306e-05 7.12991e-06 0.00209186 6.21306e-05 0.000193399 0.00534244 6.21306e-05
42546.3 0.000537202 -0.0116593 6.40301e-05 0.000343735 -0.00808523 6.40301e-05 -1.86251e-05 -0.00166725 6.40301e-05 7.51864e-06 0.00215944 6.40301e-05 0.000199325 0.00551421 6.40301e-05
43830.1 0.000551586 -0.0120317 6.5924e-05 0.000353587 -0.00833852 6.5924e-05 -1.9044e-05 -0.00171899 6.5924e-05 7.89961e-06 0.00222697 6.5924e-05 0.000205211 0.00568594 6.5924e-05
45110.5 0.000565759 -0.0124049 6.78106e-05 0.000363358 -0.00859183 6.78106e-05 -1.94653e-05 -0.00177069 6.78106e-05 8.26276e-06 0.00229422 6.78106e-05 0.000211039 0.00585729 6.78106e-05
46114 0.000578726 -0.0127315 6.90918e-05 0.000373486 -0.00883319 6.90918e-05 -1.66387e-05 -0.00186776 6.90918e-05 4.89371e-06 0.00227462 6.90918e-05 0.000210769 0.00590332 6.90918e-05
47114.9 0.000591508 -0.0130582 7.03628e-05 0.00038354 -0.00907444 7.03628e-05 -1.38018e-05 -0.00196516 7.03628e-05 1.47543e-06 0.002254 7.03628e-05 0.000210408 0.00594775 7.03628e-05
48117.6 0.000604028 -0.013384 7.16143e-05 0.000393479 -0.00931517 7.16143e-05 -1.09426e-05 -0.00206336 7.16143e-05 -2.08875e-06 0.00223076 7.16143e-05 0.000209816 0.00598839 7.16143e-05
49086.6 0.000616359 -0.0137048 7.27853e-05 0.000403407 -0.00955467 7.27853e-05 -7.68239e-06 -0.0021675 7.27853e-05 -6.16298e-06 0.0021962 7.27853e-05 0.000208402 0.00601237 7.27853e-05
49917.9 0.000630064 -0.0140369 7.39458e-05 0.000414388 -0.00980489 7.39458e-05 -3.482e-06 -0.00228163 7.39458e-05 -9.96416e-06 0.00215898 7.39458e-05 0.000207328 0.00603302 7.39458e-05
50690.7 0.000644217 -0.0143764 7.51186e-05 0.000425827 -0.0100607 7.51186e-05 1.05807e-06 -0.00239905 7.51186e-05 -1.35103e-05 0.00212321 7.51186e-05 0.000206612 0.00605603 7.51186e-05
51459.4 0.000658254 -0.0147166 7.62854e-05 0.000437208 -0.0103168 7.62854e-05 5.60257e-06 -0.00251663 7.62854e-05 -1.70635e-05 0.00208713 7.62854e-05 0.00020587 0.00607839 7.62854e-05
52222.6 0.000672165 -0.0150573 7.7439e-05 0.000448546 -0.0105731 7.7439e-05 1.01979e-05 -0.00263516 7.7439e-05 -2.06922e-05 0.00204942 7.7439e-05 0.000205005 0.00609825 7.7439e-05
52965.6 0.000686139 -0.0154012 7.8595e-05 0.000459987 -0.0108315 7.8595e-05 1.48919e-05 -0.00275469 7.8595e-05 -2.42315e-05 0.00201226 7.8595e-05 0.000204258 0.00611889 7.8595e-05
53622.4 0.000699456 -0.015728 7.96708e-05 0.000470999 -0.0110776 7.96708e-05 1.95897e-05 -0.00287032 7.96708e-05 -2.75246e-05 0.00197572 7.96708e-05 0.000203582 0.00613595 7.96708e-05
54110.5 0.000715258 -0.0161038 8.10394e-05 0.000483788 -0.0113524 8.10394e-05 2.43999e-05 -0.00298296 8.10394e-05 -2.86122e-05 0.00197408 8.10394e-05 0.000206349 0.00620801 8.10394e-05
54463.9 0.000872963 -0.017812 8.18671e-05 0.000489347 -0.0114829 8.18671e-05 2.54206e-05 -0.00301918 8.18671e-05 -2.80232e-05 0.00199987 8.18671e-05 0.000209414 0.00628142 8.18671e-05
54732.6 0.00107807 -0.0199324 8.24057e-05 0.000491979 -0.0115523 8.24057e-05 2.52336e-05 -0.00302893 8.24057e-05 -2.71782e-05 0.00202769 8.24057e-05 0.000211924 0.00634138 8.24057e-05
54874.9 0.00126066 -0.0218227 8.26105e-05 0.000495253 -0.0116237 8.26105e-05 2.72007e-05 -0.00307231 8.26105e-05 -2.89952e-05 0.00199981 8.26105e-05 0.000210404 0.00632209 8.26105e-05
54960.1 0.00143702 -0.023654 8.26541e-05 0.000498881 -0.0116972 8.26541e-05 3.02465e-05 -0.00313297 8.26541e-05 -3.15905e-05 0.00194849 8.26541e-05 0.000206758 0.00626549 8.26541e-05
55000.9 0.00160874 -0.0254435 8.25728e-05 0.000502763 -0.011772 8.25728e-05 3.41113e-05 -0.00320673 8.25728e-05 -3.47663e-05 0.00187932 8.25728e-05 0.000201478 0.00618026 8.25728e-05
55227.7 0.00180555 -0.0275245 8.30136e-05 0.000504952 -0.0118303 8.30136e-05 3.40037e-05 -0.00321585 8.30136e-05 -3.4325e-05 0.00189908 8.30136e-05 0.00020359 0.00622422 8.30136e-05
55439.4 0.00199865 -0.029581 8.34273e-05 0.000506986 -0.0118846 8.34273e-05 3.38846e-05 -0.003224 8.34273e-05 -3.38873e-05 0.00191804 8.34273e-05 0.000205598 0.00626601 8.34273e-05
55646.9 0.00219299 -0.0316669 8.38294e-05 0.000508874 -0.0119359 8.38294e-05 3.36908e-05 -0.00323061 8.38294e-05 -3.34215e-05 0.00193747 8.38294e-05 0.000207585 0.00630804 8.38294e-05
55676.6 0.00246852 -0.0357557 8.34819e-05 0.000499234 -0.0117855 8.34819e-05 2.73166e-05 -0.00312146 8.34819e-05 -3.07252e-05 0.00200205 8.34819e-05 0.000210612 0.00636916 8.34819e-05
55617.1 0.0027731 -0.0406787 8.28165e-05 0.000484843 -0.0115555 8.28165e-05 1.85294e-05 -0.00296655 8.28165e-05 -2.61461e-05 0.00209389 8.28165e-05 0.000214056 0.00643492 8.28165e-05
55510 0.00305527 -0.0450772 8.23223e-05 0.000474276 -0.0113826 8.23223e-05 1.20934e-05 -0.00284929 8.23223e-05 -2.20619e-05 0.00217017 8.23223e-05 0.000217297 0.00649102 8.23223e-05
55551.7 0.00325601 -0.0472633 8.2628e-05 0.000477008 -0.0114266 8.2628e-05 1.28524e-05 -0.00286263 8.2628e-05 -2.12275e-05 0.00218569 8.2628e-05 0.000219193 0.0065245 8.2628e-05
55600.1 0.0034542 -0.0494245 8.29283e-05 0.000479686 -0.0114701 8.29283e-05 1.35948e-05 -0.0028761 8.29283e-05 -2.04784e-05 0.00220009 8.29283e-05 0.000220971 0.00655645 8.29283e-05
55785.3 0.00364411 -0.0515132 8.3282e-05 0.000481699 -0.0115114 8.3282e-05 1.35314e-05 -0.00288297 8.3282e-05 -2.00328e-05 0.00221754 8.3282e-05 0.000222495 0.00659433 8.3282e-05
55969.4 0.00383398 -0.0536036 8.36356e-05 0.000483705 -0.0115525 8.36356e-05 1.34606e-05 -0.00288973 8.36356e-05 -1.95777e-05 0.00223516 8.36356e-05 0.00022403 0.0066324 8.36356e-05
56152.6 0.00402379 -0.0556956 8.39892e-05 0.000485706 -0.0115935 8.39892e-05 1.33851e-05 -0.00289637 8.39892e-05 -1.91132e-05 0.00225293 8.39892e-05 0.000225575 0.00667065 8.39892e-05
56334.7 0.00421356 -0.0577893 8.43428e-05 0.000487701 -0.0116343 8.43428e-05 1.33049e-05 -0.00290289 8.43428e-05 -1.8639e-05 0.00227086 8.43428e-05 0.000227132 0.00670908 8.43428e-05
56515.7 0.00440327 -0.0598848 8.46964e-05 0.000489691 -0.0116751 8.46964e-05 1.32196e-05 -0.00290929 8.46964e-05 -1.81576e-05 0.00228896 8.46964e-05 0.000228699 0.00674771 8.46964e-05
56694.3 0.00459669 -0.0619975 8.50447e-05 0.000491568 -0.0117143 8.50447e-05 1.30813e-05 -0.00291468 8.50447e-05 -1.76411e-05 0.00230768 8.50447e-05 0.000230291 0.00678675 8.50447e-05
56854.6 0.00484416 -0.0643366 8.53147e-05 0.000492151 -0.0117322 8.53147e-05 1.22465e-05 -0.00290725 8.53147e-05 -1.67829e-05 0.0023326 8.53147e-05 0.000232042 0.0068283 8.53147e-05
57013.8 0.00509182 -0.0666773 8.55853e-05 0.000492734 -0.0117501 8.55853e-05 1.14082e-05 -0.00289972 8.55853e-05 -1.59129e-05 0.00235773 8.55853e-05 0.000233808 0.00687012 8.55853e-05
57171.8 0.00533967 -0.0690198 8.58567e-05 0.000493317 -0.0117679 8.58567e-05 1.05659e-05 -0.00289208 8.58567e-05 -1.50295e-05 0.0023831 8.58567e-05 0.000235592 0.00691225 8.58567e-05
57328.6 0.00558772 -0.0713641 8.61289e-05 0.0004939 -0.0117858 8.61289e-05 9.71967e-06 -0.00288434 8.61289e-05 -1.41325e-05 0.00240869 8.61289e-05 0.000237393 0.00695469 8.61289e-05
57484.1 0.00583585 -0.0737091 8.64019e-05 0.000494463 -0.0118038 8.64019e-05 8.86897e-06 -0.00287648 8.64019e-05 -1.32214e-05 0.00243454 8.64019e-05 0.000239213 0.00699745 8.64019e-05
57598.7 0.00610894 -0.0762872 8.67606e-05 0.000494921 -0.0118203 8.67606e-05 7.51339e-06 -0.002859 8.67606e-05 -1.13007e-05 0.00247914 8.67606e-05 0.00024246 0.00706536 8.67606e-05
57655.9 0.00639782 -0.0790105 8.71847e-05 0.000495342 -0.0118344 8.71847e-05 5.78127e-06 -0.00283334 8.71847e-05 -8.4469e-06 0.00254008 8.71847e-05 0.000246991 0.00715471 8.71847e-05
57699.5 0.0066735 -0.0816078 8.75767e-05 0.000495766 -0.0118496 8.75767e-05 4.24349e-06 -0.00281026 8.75767e-05 -5.7878e-06 0.00259633 8.75767e-05 0.000251205 0.00723725 8.75767e-05
57730.9 0.00693904 -0.0841085 8.79442e-05 0.000496225 -0.0118647 8.79442e-05 2.85631e-06 -0.00278913 8.79442e-05 -3.2675e-06 0.0026491 8.79442e-05 0.000255191 0.00731473 8.79442e-05
57751.2 0.00720231 -0.0865867 8.8309e-05 0.000496696 -0.0118793 8.8309e-05 1.48888e-06 -0.0027679 8.8309e-05 -7.04029e-07 0.00270223 8.8309e-05 0.00025922 0.0073925 8.8309e-05
57768.1 0.00744518 -0.0888719 8.86085e-05 0.000497263 -0.0118945 8.86085e-05 5.28217e-07 -0.00275318 8.86085e-05 1.27706e-06 0.00274329 8.86085e-05 0.000262387 0.00745357 8.86085e-05
57819.5 0.00763246 -0.0906337 8.87174e-05 0.000498059 -0.0119132 8.87174e-05 7.38238e-07 -0.00275883 8.87174e-05 1.29232e-06 0.00274569 8.87174e-05 0.000262716 0.0074621 8.87174e-05
57907.3 0.0078398 -0.092588 8.88537e-05 0.000498816 -0.0119342 8.88537e-05 8.01583e-07 -0.00276379 8.88537e-05 1.25436e-06 0.00274928 8.88537e-05 0.000263051 0.00747336 8.88537e-05
57978 0.00803748 -0.0944496 8.89562e-05 0.000499651 -0.0119553 8.89562e-05 1.09559e-06 -0.00277197 8.89562e-05 9.83306e-07 0.00274732 8.89562e-05 0.000263022 0.00747675 8.89562e-05
58032.9 0.00822636 -0.0962269 8.90269e-05 0.000500561 -0.0119765 8.90269e-05 1.60727e-06 -0.00278321 8.90269e-05 4.82068e-07 0.0027403 8.90269e-05 0.000262642 0.00747279 8.90269e-05
58188.4 0.00847247 -0.0985529 8.92979e-05 0.000501008 -0.0119972 8.92979e-05 7.58624e-07 -0.00277542 8.92979e-05 1.37828e-06 0.00276573 8.92979e-05 0.000264428 0.00751524 8.92979e-05
58343.2 0.00871887 -0.100882 8.95695e-05 0.000501455 -0.0120179 8.95695e-05 -9.26206e-08 -0.00276758 8.95695e-05 2.27539e-06 0.00279152 8.95695e-05 0.000266219 0.00755804 8.95695e-05
58498.7 0.00896532 -0.103211 8.9841e-05 0.000501903 -0.0120386 8.9841e-05 -9.43146e-07 -0.00275975 8.9841e-05 3.17182e-06 0.00281732 8.9841e-05 0.000268009 0.00760084 8.9841e-05
58653 0.00921147 -0.105537 9.0111e-05 0.000502352 -0.0120594 9.0111e-05 -1.78328e-06 -0.00275209 9.0111e-05 4.05118e-06 0.0028428 9.0111e-05 0.000269773 0.00764322 9.0111e-05
58806.5 0.00945745 -0.107862 9.03766e-05 0.000502817 -0.0120804 9.03766e-05 -2.58799e-06 -0.002745 9.03766e-05 4.88698e-06 0.00286736 9.03766e-05 0.000271475 0.00768438 9.03766e-05
58959.6 0.00970332 -0.110186 9.06406e-05 0.000503286 -0.0121014 9.06406e-05 -3.38226e-06 -0.00273811 9.06406e-05 5.70737e-06 0.00289161 9.06406e-05 0.000273153 0.00772513 9.06406e-05
59112.5 0.00994915 -0.112509 9.09044e-05 0.000503755 -0.0121225 9.09044e-05 -4.17643e-06 -0.00273125 9.09044e-05 6.52499e-06 0.00291582 9.09044e-05 0.000274826 0.00776582 9.09044e-05
59265.5 0.0101951 -0.114833 9.11678e-05 0.000504226 -0.0121436 9.11678e-05 -4.96663e-06 -0.00272446 9.11678e-05 7.33773e-06 0.00293994 9.11678e-05 0.000276493 0.00780642 9.11678e-05
59418.2 0.0104411 -0.117157 9.1431e-05 0.000504697 -0.0121647 9.1431e-05 -5.75794e-06 -0.00271766 9.1431e-05 8.15005e-06 0.00296406 9.1431e-05 0.000278157 0.00784701 9.1431e-05
59570.5 0.010687 -0.119481 9.16942e-05 0.000505169 -0.0121858 9.16942e-05 -6.54968e-06 -0.00271086 9.16942e-05 8.96493e-06 0.00298821 9.16942e-05 0.000279825 0.00788766 9.16942e-05
59722.8 0.0109329 -0.121805 9.19574e-05 0.00050564 -0.0122069 9.19574e-05 -7.34098e-06 -0.00270405 9.19574e-05 9.77914e-06 0.00301237 9.19574e-05 0.00028149 0.00792832 9.19574e-05
59874.6 0.0111788 -0.124129 9.22206e-05 0.000506112 -0.012228 9.22206e-05 -8.13164e-06 -0.00269723 9.22206e-05 1.05977e-05 0.00303659 9.22206e-05 0.00028316 0.00796907 9.22206e-05
60022.7 0.0114243 -0.126448 9.24712e-05 0.000506626 -0.0122497 9.24712e-05 -8.82209e-06 -0.00269201 9.24712e-05 1.12921e-05 0.00305818 9.24712e-05 0.000284651 0.00800626 9.24712e-05
60165.9 0.0116691 -0.128761 9.27064e-05 0.000507194 -0.0122719 9.27064e-05 -9.38842e-06 -0.00268873 9.27064e-05 1.18387e-05 0.00307659 9.27064e-05 0.000285928 0.00803915 9.27064e-05
60308.3 0.0119098 -0.13108 9.2939e-05 0.000507731 -0.0122936 9.2939e-05 -9.97054e-06 -0.00268514 9.2939e-05 1.23924e-05 0.00309511 9.2939e-05 0.000287205 0.00807203 9.2939e-05
60449.2 0.012145 -0.133405 9.31676e-05 0.000508229 -0.0123144 9.31676e-05 -1.0568e-05 -0.00268122 9.31676e-05 1.29494e-05 0.00311365 9.31676e-05 0.000288474 0.00810472 9.31676e-05
60586.1 0.0123797 -0.135725 9.33836e-05 0.000508773 -0.0123357 9.33836e-05 -1.10627e-05 -0.0026789 9.33836e-05 1.33863e-05 0.00312958 9.33836e-05 0.000289569 0.00813388 9.33836e-05
60722.6 0.0126144 -0.138044 9.35989e-05 0.000509317 -0.012357 9.35989e-05 -1.15528e-05 -0.00267667 9.35989e-05 1.38161e-05 0.00314538 9.35989e-05 0.000290652 0.00816286 9.35989e-05
60859.2 0.012849 -0.140362 9.38143e-05 0.000509861 -0.0123784 9.38143e-05 -1.20439e-05 -0.00267441 9.38143e-05 1.4247e-05 0.00316121 9.38143e-05 0.000291736 0.00819189 9.38143e-05
60995.3 0.0130836 -0.142682 9.40293e-05 0.000510407 -0.0123997 9.40293e-05 -1.25314e-05 -0.00267219 9.40293e-05 1.46777e-05 0.00317701 9.40293e-05 0.000292818 0.00822087 9.40293e-05
61131.4 0.0133183 -0.145001 9.42444e-05 0.000510952 -0.0124211 9.42444e-05 -1.30186e-05 -0.00266998 9.42444e-05 1.51082e-05 0.00319281 9.42444e-05 0.000293899 0.00824986 9.42444e-05
135.076 0.0135372 -0.147324 9.44563e-05 0.000511463 -0.0124418 9.44563e-05 -1.35224e-05 -0.00266743 9.44563e-05 1.55447e-05 0.00320869 9.44563e-05 0.000294978 0.00827878 9.44563e-05
266.8 0.0136964 -0.149664 9.46569e-05 0.000511841 -0.0124596 9.46569e-05 -1.40933e-05 -0.00266357 9.46569e-05 1.60074e-05 0.00322498 9.46569e-05 0.000296053 0.00830752 9.46569e-05
398.947 0.0137166 -0.151793 9.48591e-05 0.000512128 -0.0124768 9.48591e-05 -1.49067e-05 -0.00265729 9.48591e-05 1.64762e-05 0.00324132 9.48591e-05 0.000297206 0.00833709 9.48591e-05
535.999 0.0136433 -0.152806 9.50768e-05 0.000512357 -0.0124954 9.50768e-05 -1.51024e-05 -0.00265828 9.50768e-05 1.6651e-05 0.00325433 9.50768e-05 0.000297615 0.00835965 9.50768e-05
673.04 0.0134652 -0.155217 9.52944e-05 0.000512819 -0.0125165 9.52944e-05 -1.55001e-05 -0.00265718 9.52944e-05 1.7006e-05 0.00326928 9.52944e-05 0.000298472 0.00838658 9.52944e-05
-2914.92 0.00977327 -0.183262 8.24174e-05 0.000343744 -0.00965069 8.24174e-05 -7.53385e-05 -0.00128814 8.24174e-05 4.74713e-05 0.00374338 8.24174e-05 0.00029521 0.00822286 8.24174e-05
-2490.81 0.00939566 -0.18667 8.31451e-05 0.000339689 -0.00961076 8.31451e-05 -7.90941e-05 -0.0012133 8.31451e-05 5.37567e-05 0.00389481 8.31451e-05 0.00030522 0.00840854 8.31451e-05
-2127.02 0.00902424 -0.190036 8.38433e-05 0.000336353 -0.00957851 8.38433e-05 -8.24465e-05 -0.00114526 8.38433e-05 5.98508e-05 0.00403787 8.38433e-05 0.000314463 0.00859597 8.38433e-05
-1888.89 0.0086891 -0.193097 8.4237e-05 0.000335194 -0.00957333 8.4237e-05 -8.39976e-05 -0.00111693 8.4237e-05 6.28869e-05 0.00410625 8.4237e-05 0.000318539 0.0086896 8.4237e-05
-1371.79 0.00865645 -0.194137 8.56484e-05 0.000348769 -0.00981587 8.56484e-05 -8.20637e-05 -0.00119498 8.56484e-05 6.19624e-05 0.00411468 8.56484e-05 0.000321761 0.00877775 8.56484e-05
-934.636 0.00862526 -0.195097 8.68379e-05 0.000361621 -0.0100425 8.68379e-05 -7.98069e-05 -0.00127696 8.68379e-05 6.00808e-05 0.00410024 8.68379e-05 0.000323285 0.00882897 8.68379e-05
-633.472 0.00859929 -0.195885 8.77041e-05 0.000372649 -0.0102328 8.77041e-05 -7.7451e-05 -0.00135431 8.77041e-05 5.78096e-05 0.00406906 8.77041e-05 0.000323203 0.0088414 8.77041e-05
-364.052 0.008574 -0.196628 8.84894e-05 0.000383038 -0.0104113 8.84894e-05 -7.51483e-05 -0.0014286 8.84894e-05 5.54902e-05 0.00403569 8.84894e-05 0.000322845 0.00884679 8.84894e-05
-96.436 0.00854755 -0.197378 8.92688e-05 0.00039335 -0.0105885 8.92688e-05 -7.28626e-05 -0.00150237 8.92688e-05 5.31853e-05 0.00400253 8.92688e-05 0.000322485 0.00885208 8.92688e-05
169.672 0.00851984 -0.198135 9.0043e-05 0.000403571 -0.0107641 9.0043e-05 -7.04718e-05 -0.00157662 9.0043e-05 5.09111e-05 0.00396988 9.0043e-05 0.000322144 0.00885769 9.0043e-05
432.661 0.00849113 -0.198889 9.08086e-05 0.000413528 -0.0109354 9.08086e-05 -6.70638e-05 -0.00165879 9.08086e-05 4.87788e-05 0.00393977 9.08086e-05 0.000321936 0.00886575 9.08086e-05
694.563 0.00846087 -0.199655 9.15699e-05 0.000423418 -0.0111056 9.15699e-05 -6.3682e-05 -0.00174038 9.15699e-05 4.66639e-05 0.00390995 9.15699e-05 0.000321735 0.0088739 9.15699e-05
955.208 0.00842891 -0.200433 9.23266e-05 0.000433235 -0.0112746 9.23266e-05 -6.03286e-05 -0.00182132 9.23266e-05 4.45685e-05 0.00388044 9.23266e-05 0.000321542 0.00888217 9.23266e-05
1214.49 0.00839506 -0.201223 9.3078e-05 0.00044297 -0.0114422 9.3078e-05 -5.70075e-05 -0.00190154 9.3078e-05 4.24873e-05 0.00385129 9.3078e-05 0.000321357 0.00889055 9.3078e-05
1361.49 0.00847329 -0.203353 9.33524e-05 0.000444723 -0.0114777 9.33524e-05 -5.69409e-05 -0.00190972 9.33524e-05 4.26524e-05 0.00386072 9.33524e-05 0.00032227 0.00891693 9.33524e-05
1484.27 0.00857608 -0.20577 9.35239e-05 0.000444757 -0.0114848 9.35239e-05 -5.75747e-05 -0.00190238 9.35239e-05 4.32983e-05 0.00387846 9.35239e-05 0.000323417 0.00894716 9.35239e-05
1606.86 0.00867885 -0.208188 9.36952e-05 0.000444792 -0.0114918 9.36952e-05 -5.82068e-05 -0.00189508 9.36952e-05 4.39348e-05 0.00389619 9.36952e-05 0.00032456 0.00897734 9.36952e-05
1729.37 0.00878159 -0.210606 9.38663e-05 0.000444829 -0.0114989 9.38663e-05 -5.88377e-05 -0.0018878 9.38663e-05 4.45699e-05 0.00391389 9.38663e-05 0.000325701 0.00900749 9.38663e-05
1851.8 0.00888431 -0.213024 9.40373e-05 0.000444866 -0.011506 9.40373e-05 -5.94676e-05 -0.00188053 9.40373e-05 4.52037e-05 0.00393156 9.40373e-05 0.00032684 0.00903762 9.40373e-05
1957.84 0.00898764 -0.215445 9.42009e-05 0.000444997 -0.0115136 9.42009e-05 -6.0009e-05 -0.00187422 9.42009e-05 4.58439e-05 0.00394841 9.42009e-05 0.000327975 0.00906638 9.42009e-05
2061.4 0.00909134 -0.217872 9.43658e-05 0.000445145 -0.0115213 9.43658e-05 -6.05449e-05 -0.00186779 9.43658e-05 4.6522e-05 0.00396572 9.43658e-05 0.000329158 0.00909575 9.43658e-05
2164.34 0.00919491 -0.220296 9.4529e-05 0.000445298 -0.011529 9.4529e-05 -6.10708e-05 -0.00186156 9.4529e-05 4.71735e-05 0.00398282 9.4529e-05 0.000330315 0.00912463 9.4529e-05
2266.62 0.00929846 -0.22272 9.46926e-05 0.000445451 -0.0115367 9.46926e-05 -6.15989e-05 -0.00185527 9.46926e-05 4.78251e-05 0.00400018 9.46926e-05 0.000331483 0.0091537 9.46926e-05
2368.73 0.00940198 -0.225144 9.48556e-05 0.000445607 -0.0115445 9.48556e-05 -6.21222e-05 -0.00184906 9.48556e-05 4.84664e-05 0.00401761 9.48556e-05 0.00033264 0.00918258 9.48556e-05
2470.45 0.00950554 -0.227569 9.50178e-05 0.000445768 -0.0115523 9.50178e-05 -6.26391e-05 -0.00184297 9.50178e-05 4.90859e-05 0.00403558 9.50178e-05 0.000333785 0.00921121 9.50178e-05
2571.83 0.0096091 -0.229994 9.51794e-05 0.000445932 -0.0115601 9.51794e-05 -6.31523e-05 -0.00183694 9.51794e-05 4.97021e-05 0.00405347 9.51794e-05 0.000334925 0.00923973 9.51794e-05
2672.86 0.00971264 -0.232419 9.53407e-05 0.000446099 -0.011568 9.53407e-05 -6.3662e-05 -0.00183096 9.53407e-05 5.03148e-05 0.00407128 9.53407e-05 0.000336059 0.00926815 9.53407e-05
2773.51 0.00981616 -0.234844 9.55014e-05 0.000446269 -0.0115759 9.55014e-05 -6.41679e-05 -0.00182503 9.55014e-05 5.09242e-05 0.004089 9.55014e-05 0.000337188 0.00929645 9.55014e-05
2873.84 0.00991966 -0.237269 9.56616e-05 0.000446443 -0.0115838 9.56616e-05 -6.46694e-05 -0.00181918 9.56616e-05 5.15284e-05 0.0041066 9.56616e-05 0.000338309 0.00932459 9.56616e-05
2973.6 0.0100232 -0.239694 9.58215e-05 0.000446619 -0.0115917 9.58215e-05 -6.51678e-05 -0.00181337 9.58215e-05 5.21315e-05 0.00412415 9.58215e-05 0.000339427 0.00935267 9.58215e-05
3072.99 0.0101267 -0.242118 9.59807e-05 0.0004468 -0.0115997 9.59807e-05 -6.56612e-05 -0.00180765 9.59807e-05 5.27293e-05 0.00414158 9.59807e-05 0.000340538 0.00938058 9.59807e-05
3171.91 0.0102301 -0.244543 9.61393e-05 0.000446984 -0.0116077 9.61393e-05 -6.61499e-05 -0.00180199 9.61393e-05 5.33229e-05 0.0041589 9.61393e-05 0.000341642 0.00940835 9.61393e-05
3270.34 0.0103336 -0.246967 9.62973e-05 0.000447173 -0.0116158 9.62973e-05 -6.66337e-05 -0.00179641 9.62973e-05 5.39119e-05 0.0041761 9.62973e-05 0.000342739 0.00943597 9.62973e-05
3368.21 0.0104371 -0.249392 9.64547e-05 0.000447365 -0.0116239 9.64547e-05 -6.71122e-05 -0.00179091 9.64547e-05 5.44961e-05 0.00419318 9.64547e-05 0.000343828 0.00946341 9.64547e-05
3465.52 0.0105405 -0.251816 9.66113e-05 0.000447563 -0.011632 9.66113e-05 -6.75848e-05 -0.0017855 9.66113e-05 5.50756e-05 0.00421013 9.66113e-05 0.00034491 0.00949068 9.66113e-05
3562.2 0.010644 -0.25424 9.67672e-05 0.000447766 -0.0116402 9.67672e-05 -6.80514e-05 -0.00178018 9.67672e-05 5.56495e-05 0.00422693 9.67672e-05 0.000345983 0.00951776 9.67672e-05
3653.48 0.0107477 -0.256667 9.69198e-05 0.000448005 -0.0116486 9.69198e-05 -6.84824e-05 -0.00177531 9.69198e-05 5.62163e-05 0.00424322 9.69198e-05 0.000347041 0.0095441 9.69198e-05
3151.59 0.0107827 -0.257216 9.63077e-05 0.000452428 -0.0116893 9.63077e-05 -6.33435e-05 -0.00185575 9.63077e-05 5.13916e-05 0.00412715 9.63077e-05 0.000339497 0.00939186 9.63077e-05
3041.28 0.0108613 -0.258927 9.60595e-05 0.000454548 -0.0117155 9.60595e-05 -6.10522e-05 -0.0018971 9.60595e-05 4.84379e-05 0.0040662 9.60595e-05 0.000335235 0.00931511 9.60595e-05
3141.26 0.0109735 -0.261503 9.62177e-05 0.000454803 -0.0117247 9.62177e-05 -6.14921e-05 -0.00189242 9.62177e-05 4.90126e-05 0.00408117 9.62177e-05 0.000336398 0.00933874 9.62177e-05
3255.52 0.0110879 -0.264137 9.64075e-05 0.000454921 -0.0117324 9.64075e-05 -6.21396e-05 -0.00188412 9.64075e-05 4.98812e-05 0.00410226 9.64075e-05 0.000338007 0.0093704 9.64075e-05
3369.62 0.0112023 -0.266768 9.65963e-05 0.000455041 -0.0117403 9.65963e-05 -6.27818e-05 -0.00187593 9.65963e-05 5.07383e-05 0.00412314 9.65963e-05 0.0003396 0.0094018 9.65963e-05
3470.33 0.0113131 -0.269364 9.67748e-05 0.000455235 -0.0117484 9.67748e-05 -6.33377e-05 -0.00186881 9.67748e-05 5.15618e-05 0.00414266 9.67748e-05 0.000341123 0.00943127 9.67748e-05
3570.58 0.0114238 -0.271959 9.69529e-05 0.000455417 -0.0117567 9.69529e-05 -6.38917e-05 -0.00186171 9.69529e-05 5.23841e-05 0.00416214 9.69529e-05 0.000342644 0.00946069 9.69529e-05
3670.96 0.0115346 -0.274555 9.71312e-05 0.000455599 -0.0117649 9.71312e-05 -6.44461e-05 -0.00185459 9.71312e-05 5.32077e-05 0.00418164 9.71312e-05 0.000344167 0.00949013 9.71312e-05
3771.39 0.0116453 -0.27715 9.73094e-05 0.000455781 -0.0117731 9.73094e-05 -6.50003e-05 -0.00184749 9.73094e-05 5.40307e-05 0.00420113 9.73094e-05 0.000345689 0.00951957 9.73094e-05
3871.84 0.011756 -0.279745 9.74875e-05 0.000455963 -0.0117814 9.74875e-05 -6.55538e-05 -0.0018404 9.74875e-05 5.48519e-05 0.00422058 9.74875e-05 0.000347174 0.00954967 9.74875e-05
3972.4 0.0118667 -0.28234 9.76651e-05 0.000456146 -0.0117896 9.76651e-05 -6.61063e-05 -0.00183337 9.76651e-05 5.5658e-05 0.00424008 9.76651e-05 0.000348531 0.00958237 9.76651e-05
4072.68 0.0119773 -0.284937 9.78417e-05 0.000456334 -0.011798 9.78417e-05 -6.66526e-05 -0.00182648 9.78417e-05 5.6413e-05 0.00426064 9.78417e-05 0.000349871 0.00961476 9.78417e-05
4172.93 0.012088 -0.287532 9.80182e-05 0.000456522 -0.0118063 9.80182e-05 -6.71986e-05 -0.00181958 9.80182e-05 5.71674e-05 0.0042812 9.80182e-05 0.000351209 0.00964716 9.80182e-05
4272.94 0.0121986 -0.290128 9.81947e-05 0.00045671 -0.0118146 9.81947e-05 -6.77445e-05 -0.00181269 9.81947e-05 5.79219e-05 0.00430176 9.81947e-05 0.000352547 0.00967957 9.81947e-05
4373.16 0.0123091 -0.292724 9.83712e-05 0.000456898 -0.0118229 9.83712e-05 -6.82904e-05 -0.0018058 9.83712e-05 5.8676e-05 0.00432234 9.83712e-05 0.000353885 0.00971199 9.83712e-05
4473.38 0.0124196 -0.295319 9.85477e-05 0.000457085 -0.0118312 9.85477e-05 -6.88363e-05 -0.00179891 9.85477e-05 5.94298e-05 0.00434291 9.85477e-05 0.000355221 0.00974442 9.85477e-05
4573.59 0.0125301 -0.297915 9.87242e-05 0.000457273 -0.0118395 9.87242e-05 -6.93822e-05 -0.00179201 9.87242e-05 6.01835e-05 0.0043635 9.87242e-05 0.000356557 0.00977687 9.87242e-05
4662.02 0.012634 -0.30035 9.88764e-05 0.000457518 -0.0118481 9.88764e-05 -6.98e-05 -0.00178723 9.88764e-05 6.07627e-05 0.00437987 9.88764e-05 0.000357628 0.00980335 9.88764e-05
4749.82 0.0127376 -0.302781 9.90279e-05 0.000457764 -0.0118567 9.90279e-05 -7.02137e-05 -0.00178251 9.90279e-05 6.13357e-05 0.0043961 9.90279e-05 0.000358689 0.00982964 9.90279e-05
4837.62 0.0128413 -0.305211 9.91793e-05 0.000458011 -0.0118652 9.91793e-05 -7.06273e-05 -0.00177779 9.91793e-05 6.19087e-05 0.00441234 9.91793e-05 0.00035975 0.00985594 9.91793e-05
4925.42 0.0129448 -0.307641 9.93308e-05 0.000458258 -0.0118738 9.93308e-05 -7.10408e-05 -0.00177308 9.93308e-05 6.24816e-05 0.00442858 9.93308e-05 0.000360811 0.00988224 9.93308e-05
5013.19 0.0130484 -0.310072 9.94822e-05 0.000458505 -0.0118824 9.94822e-05 -7.14542e-05 -0.00176836 9.94822e-05 6.30543e-05 0.00444483 9.94822e-05 0.00036187 0.00990856 9.94822e-05
5100.95 0.0131519 -0.312502 9.96336e-05 0.000458752 -0.0118909 9.96336e-05 -7.18676e-05 -0.00176365 9.96336e-05 6.36269e-05 0.00446108 9.96336e-05 0.000362929 0.00993488 9.96336e-05
5188.71 0.0132554 -0.314932 9.97851e-05 0.000458998 -0.0118995 9.97851e-05 -7.22817e-05 -0.00175891 9.97851e-05 6.4201e-05 0.00447736 9.97851e-05 0.000363989 0.00996125 9.97851e-05
5276.45 0.0133588 -0.317362 9.99369e-05 0.000459244 -0.011908 9.99369e-05 -7.26973e-05 -0.00175415 9.99369e-05 6.4778e-05 0.00449371 9.99369e-05 0.000365053 0.00998772 9.99369e-05
5364.21 0.0134623 -0.319792 0.000100089 0.00045949 -0.0119166 0.000100089 -7.31119e-05 -0.00174941 0.000100089 6.53533e-05 0.00451003 0.000100089 0.000366115 0.0100141 0.000100089
5451.81 0.0135657 -0.322222 0.00010024 0.000459736 -0.0119251 0.00010024 -7.35254e-05 -0.00174468 0.00010024 6.59265e-05 0.00452631 0.00010024 0.000367172 0.0100405 0.00010024
5539.48 0.013669 -0.324652 0.000100391 0.000459983 -0.0119337 0.000100391 -7.39394e-05 -0.00173995 0.000100391 6.65004e-05 0.00454261 0.000100391 0.000368231 0.0100669 0.000100391
5627.14 0.0137724 -0.327082 0.000100543 0.000460229 -0.0119422 0.000100543 -7.43534e-05 -0.00173522 0.000100543 6.70742e-05 0.00455892 0.000100543 0.00036929 0.0100934 0.000100543
5714.8 0.0138757 -0.329512 0.000100694 0.000460476 -0.0119508 0.000100694 -7.47673e-05 -0.00173049 0.000100694 6.76478e-05 0.00457523 0.000100694 0.000370347 0.0101198 0.000100694
5802.47 0.013979 -0.331942 0.000100846 0.000460723 -0.0119593 0.000100846 -7.5182e-05 -0.00172578 0.000100846 6.82951e-05 0.00459183 0.000100846 0.0003714 0.0101462 0.000100846
5890.07 0.0140822 -0.334373 0.000100997 0.000460971 -0.0119679 0.000100997 -7.55969e-05 -0.00172107 0.000100997 6.89525e-05 0.00460849 0.000100997 0.000372452 0.0101725 0.000100997
5977.7 0.0141855 -0.336803 0.000101148 0.000461219 -0.0119765 0.000101148 -7.60115e-05 -0.00171637 0.000101148 6.96087e-05 0.00462513 0.000101148 0.000373503 0.0101989 0.000101148
6062.11 0.0142863 -0.339176 0.000101293 0.000461473 -0.011985 0.000101293 -7.63996e-05 -0.00171208 0.000101293 7.02241e-05 0.00464087 0.000101293 0.000374498 0.0102239 0.000101293
6145.16 0.014386 -0.341524 0.000101436 0.000461729 -0.0119935 0.000101436 -7.67762e-05 -0.00170795 0.000101436 7.08216e-05 0.0046562 0.000101436 0.000375468 0.0102484 0.000101436
6228.21 0.0144856 -0.343871 0.000101579 0.000461986 -0.0120019 0.000101579 -7.71166e-05 -0.00170416 0.000101579 7.142e-05 0.00467156 0.000101579 0.000376439 0.010273 0.000101579
6311.22 0.0145852 -0.346216 0.000101722 0.00046224 -0.0120103 0.000101722 -7.73968e-05 -0.00170091 0.000101722 7.20236e-05 0.00468702 0.000101722 0.000377416 0.0102976 0.000101722
6394.21 0.0146846 -0.34856 0.000101865 0.000462494 -0.0120188 0.000101865 -7.76765e-05 -0.00169767 0.000101865 7.2625e-05 0.00470244 0.000101865 0.00037839 0.0103222 0.000101865
6477.22 0.0147841 -0.350904 0.000102008 0.000462749 -0.0120272 0.000102008 -7.79563e-05 -0.00169442 0.000102008 7.32266e-05 0.00471787 0.000102008 0.000379364 0.0103469 0.000102008
6560.21 0.0148835 -0.353248 0.000102151 0.000463003 -0.0120356 0.000102151 -7.82362e-05 -0.00169118 0.000102151 7.38284e-05 0.00473331 0.000102151 0.000380337 0.0103715 0.000102151
6643.18 0.0149829 -0.355592 0.000102294 0.000463258 -0.012044 0.000102294 -7.85159e-05 -0.00168794 0.000102294 7.44298e-05 0.00474874 0.000102294 0.00038131 0.0103962 0.000102294
6726.12 0.0150821 -0.357935 0.000102436 0.000463486 -0.0120528 0.000102436 -7.87958e-05 -0.00168469 0.000102436 7.50317e-05 0.00476419 0.000102436 0.000382284 0.0104208 0.000102436
6808.37 0.0151813 -0.360275 0.000102577 0.000463721 -0.0120616 0.000102577 -7.90654e-05 -0.00168168 0.000102577 7.5605e-05 0.00477909 0.000102577 0.000383222 0.0104448 0.000102577
6890.47 0.0152804 -0.362614 0.000102717 0.000463959 -0.0120705 0.000102717 -7.93327e-05 -0.00167872 0.000102717 7.61723e-05 0.00479388 0.000102717 0.000384154 0.0104686 0.000102717
6972.55 0.0153794 -0.364953 0.000102857 0.000464197 -0.0120794 0.000102857 -7.96e-05 -0.00167576 0.000102857 7.67394e-05 0.00480867 0.000102857 0.000385084 0.0104924 0.000102857
7053.62 0.0154777 -0.367275 0.000102995 0.000464436 -0.0120882 0.000102995 -7.98615e-05 -0.0016729 0.000102995 7.72938e-05 0.00482318 0.000102995 0.000385998 0.0105158 0.000102995
7133.37 0.015575 -0.369572 0.000103131 0.000464679 -0.012097 0.000103131 -8.01154e-05 -0.00167018 0.000103131 7.78316e-05 0.00483731 0.000103131 0.000386888 0.0105387 0.000103131
7213.17 0.0156722 -0.37187 0.000103266 0.000464921 -0.0121059 0.000103266 -8.03696e-05 -0.00166745 0.000103266 7.837e-05 0.00485146 0.000103266 0.000387779 0.0105616 0.000103266
7292.97 0.0157695 -0.374169 0.000103402 0.000465163 -0.0121147 0.000103402 -8.06239e-05 -0.00166471 0.000103402 7.89085e-05 0.00486562 0.000103402 0.00038867 0.0105846 0.000103402
7372.76 0.0158666 -0.376467 0.000103538 0.000465405 -0.0121235 0.000103538 -8.08781e-05 -0.00166198 0.000103538 7.94468e-05 0.00487978 0.000103538 0.00038956 0.0106075 0.000103538
7452.53 0.0159638 -0.378765 0.000103674 0.000465647 -0.0121323 0.000103674 -8.11322e-05 -0.00165925 0.000103674 7.99847e-05 0.00489394 0.000103674 0.00039045 0.0106304 0.000103674
7532.12 0.0160609 -0.381064 0.00010381 0.000465889 -0.0121411 0.00010381 -8.13871e-05 -0.0016565 0.00010381 8.05264e-05 0.00490817 0.00010381 0.000391344 0.0106535 0.00010381
7611.74 0.0161581 -0.383364 0.000103946 0.000466131 -0.0121499 0.000103946 -8.16424e-05 -0.00165374 0.000103946 8.10692e-05 0.00492242 0.000103946 0.000392239 0.0106765 0.000103946
7690.78 0.0162552 -0.385663 0.000104082 0.000466377 -0.0121588 0.000104082 -8.18939e-05 -0.00165104 0.000104082 8.16073e-05 0.00493655 0.000104082 0.000393127 0.0106994 0.000104082
7769.6 0.0163522 -0.387962 0.000104217 0.000466624 -0.0121676 0.000104217 -8.2144e-05 -0.00164836 0.000104217 8.21437e-05 0.00495064 0.000104217 0.000394013 0.0107223 0.000104217
7848.48 0.0164493 -0.390262 0.000104352 0.00046687 -0.0121766 0.000104352 -8.23946e-05 -0.00164568 0.000104352 8.26811e-05 0.00496476 0.000104352 0.0003949 0.0107452 0.000104352
7927.33 0.0165461 -0.392557 0.000104488 0.000467078 -0.0121866 0.000104488 -8.26462e-05 -0.00164296 0.000104488 8.32211e-05 0.00497892 0.000104488 0.000395789 0.0107681 0.000104488
8006.17 0.0166428 -0.394852 0.000104623 0.000467286 -0.0121967 0.000104623 -8.28979e-05 -0.00164025 0.000104623 8.3761e-05 0.00499309 0.000104623 0.000396678 0.0107911 0.000104623
78.8965 0.0167396 -0.397147 0.000104758 0.000467494 -0.0122067 0.000104758 -8.31497e-05 -0.00163753 0.000104758 8.4301e-05 0.00500727 0.000104758 0.000397567 0.0108141 0.000104758
157.758 0.0168363 -0.399442 0.000104894 0.000467702 -0.0122168 0.000104894 -8.34015e-05 -0.00163481 0.000104894 8.48409e-05 0.00502145 0.000104894 0.000398456 0.0108371 0.000104894
236.6 0.0169329 -0.401737 0.000105029 0.00046791 -0.0122268 0.000105029 -8.36532e-05 -0.00163209 0.000105029 8.53805e-05 0.00503563 0.000105029 0.000399344 0.0108601 0.000105029
315.424 0.0170295 -0.404032 0.000105165 0.000468118 -0.0122369 0.000105165 -8.39049e-05 -0.00162938 0.000105165 8.59198e-05 0.00504981 0.000105165 0.000400231 0.010883 0.000105165
394.228 0.017126 -0.406327 0.0001053 0.000468325 -0.0122469 0.0001053 -8.41564e-05 -0.00162666 0.0001053 8.64588e-05 0.00506399 0.0001053 0.000401118 0.010906 0.0001053
473.013 0.0172225 -0.408621 0.000105435 0.000468533 -0.012257 0.000105435 -8.44079e-05 -0.00162395 0.000105435 8.69975e-05 0.00507816 0.000105435 0.000402004 0.010929 0.000105435
551.778 0.0173189 -0.410915 0.000105571 0.00046874 -0.012267 0.000105571 -8.46593e-05 -0.00162124 0.000105571 8.75359e-05 0.00509233 0.000105571 0.000402889 0.010952 0.000105571
627.768 0.0174149 -0.4132 0.000105701 0.000468959 -0.0122773 0.000105701 -8.48931e-05 -0.00161899 0.000105701 8.80115e-05 0.00510537 0.000105701 0.000403701 0.0109736 0.000105701
697.582 0.0175099 -0.415463 0.000105821 0.000469205 -0.012288 0.000105821 -8.5087e-05 -0.00161778 0.000105821 8.83443e-05 0.00511582 0.000105821 0.000404344 0.0109917 0.000105821
767.359 0.0176049 -0.417725 0.000105941 0.00046945 -0.0122987 0.000105941 -8.52818e-05 -0.00161655 0.000105941 8.86795e-05 0.00512631 0.000105941 0.000404991 0.0110099 0.000105941
837.163 0.0176998 -0.419987 0.00010606 0.000469695 -0.0123094 0.00010606 -8.54765e-05 -0.00161532 0.00010606 8.90144e-05 0.0051368 0.00010606 0.000405636 0.0110281 0.00010606
906.914 0.0177946 -0.422248 0.00010618 0.00046994 -0.0123201 0.00010618 -8.56714e-05 -0.00161409 0.00010618 8.93501e-05 0.0051473 0.00010618 0.000406282 0.0110464 0.00010618
976.648 0.0178894 -0.42451 0.0001063 0.000470184 -0.0123308 0.0001063 -8.58662e-05 -0.00161286 0.0001063 8.96854e-05 0.0051578 0.0001063 0.000406928 0.0110646 0.0001063
1046.36 0.0179841 -0.426771 0.00010642 0.000470429 -0.0123416 0.00010642 -8.60609e-05 -0.00161163 0.00010642 9.00205e-05 0.0051683 0.00010642 0.000407573 0.0110828 0.00010642
1116.05 0.0180787 -0.429032 0.00010654 0.000470673 -0.0123523 0.00010654 -8.62555e-05 -0.0016104 0.00010654 9.03552e-05 0.0051788 0.00010654 0.000408218 0.0111011 0.00010654
1185.72 0.0181733 -0.431292 0.000106659 0.000470917 -0.012363 0.000106659 -8.645e-05 -0.00160917 0.000106659 9.06897e-05 0.00518929 0.000106659 0.000408862 0.0111193 0.000106659
1255.36 0.0182678 -0.433553 0.000106779 0.000471161 -0.0123737 0.000106779 -8.66444e-05 -0.00160795 0.000106779 9.10238e-05 0.00519978 0.000106779 0.000409505 0.0111375 0.000106779
1324.99 0.0183622 -0.435813 0.000106898 0.000471405 -0.0123844 0.000106898 -8.68387e-05 -0.00160673 0.000106898 9.13577e-05 0.00521026 0.000106898 0.000410148 0.0111558 0.000106898
1391.09 0.0184539 -0.438007 0.000107011 0.000471658 -0.012395 0.000107011 -8.70114e-05 -0.00160588 0.000107011 9.16447e-05 0.00521968 0.000107011 0.000410727 0.0111725 0.000107011
1454.3 0.0185432 -0.440144 0.000107118 0.000471918 -0.0124055 0.000107118 -8.71657e-05 -0.00160537 0.000107118 9.1891e-05 0.00522818 0.000107118 0.000411252 0.0111878 0.000107118
1517.43 0.0186324 -0.442281 0.000107225 0.000472179 -0.012416 0.000107225 -8.73197e-05 -0.00160486 0.000107225 9.21369e-05 0.00523666 0.000107225 0.000411776 0.0112032 0.000107225
1580.5 0.0187216 -0.444416 0.000107332 0.000472439 -0.0124265 0.000107332 -8.74734e-05 -0.00160435 0.000107332 9.23821e-05 0.00524514 0.000107332 0.000412298 0.0112185 0.000107332
1643.51 0.0188106 -0.446551 0.000107439 0.000472699 -0.012437 0.000107439 -8.76267e-05 -0.00160385 0.000107439 9.26265e-05 0.00525359 0.000107439 0.00041282 0.0112339 0.000107439
1706.45 0.0188996 -0.448685 0.000107545 0.00047296 -0.0124475 0.000107545 -8.77798e-05 -0.00160336 0.000107545 9.28702e-05 0.00526204 0.000107545 0.00041334 0.0112492 0.000107545
1769.34 0.0189884 -0.450817 0.000107652 0.00047322 -0.0124581 0.000107652 -8.79324e-05 -0.00160287 0.000107652 9.3113e-05 0.00527046 0.000107652 0.00041386 0.0112645 0.000107652
1832.16 0.0190772 -0.452949 0.000107758 0.00047348 -0.0124686 0.000107758 -8.80848e-05 -0.00160239 0.000107758 9.3355e-05 0.00527887 0.000107758 0.000414377 0.0112797 0.000107758
1894.92 0.0191658 -0.455079 0.000107864 0.000473741 -0.0124791 0.000107864 -8.82368e-05 -0.00160191 0.000107864 9.35962e-05 0.00528727 0.000107864 0.000414894 0.011295 0.000107864
1957.61 0.0192544 -0.457209 0.00010797 0.000474001 -0.0124896 0.00010797 -8.83884e-05 -0.00160144 0.00010797 9.38365e-05 0.00529565 0.00010797 0.000415409 0.0113102 0.00010797
2020.23 0.0193428 -0.459337 0.000108076 0.000474261 -0.0125001 0.000108076 -8.85397e-05 -0.00160097 0.000108076 9.4076e-05 0.005304 0.000108076 0.000415924 0.0113254 0.000108076
2082.78 0.0194311 -0.461464 0.000108182 0.000474521 -0.0125106 0.000108182 -8.86906e-05 -0.00160052 0.000108182 9.43146e-05 0.00531235 0.000108182 0.000416436 0.0113406 0.000108182
2145.26 0.0195193 -0.46359 0.000108288 0.000474782 -0.0125211 0.000108288 -8.88411e-05 -0.00160007 0.000108288 9.45522e-05 0.00532067 0.000108288 0.000416948 0.0113557 0.000108288
2207.67 0.0196073 -0.465715 0.000108393 0.000475042 -0.0125316 0.000108393 -8.89912e-05 -0.00159962 0.000108393 9.4789e-05 0.00532897 0.000108393 0.000417458 0.0113708 0.000108393
2270.01 0.0196953 -0.467838 0.000108499 0.000475302 -0.0125421 0.000108499 -8.91409e-05 -0.00159918 0.000108499 9.50248e-05 0.00533726 0.000108499 0.000417966 0.0113859 0.000108499
2332.27 0.0197831 -0.46996 0.000108604 0.000475562 -0.0125526 0.000108604 -8.92901e-05 -0.00159875 0.000108604 9.52596e-05 0.00534552 0.000108604 0.000418473 0.011401 0.000108604
2394.45 0.0198708 -0.472081 0.000108709 0.000475823 -0.0125631 0.000108709 -8.9439e-05 -0.00159833 0.000108709 9.54935e-05 0.00535377 0.000108709 0.000418979 0.011416 0.000108709
2456.55 0.0199584 -0.4742 0.000108814 0.000476083 -0.0125736 0.000108814 -8.95874e-05 -0.00159792 0.000108814 9.57263e-05 0.00536199 0.000108814 0.000419483 0.011431 0.000108814
2518.57 0.0200458 -0.476318 0.000108919 0.000476343 -0.012584 0.000108919 -8.97354e-05 -0.00159751 0.000108919 9.59581e-05 0.00537019 0.000108919 0.000419986 0.011446 0.000108919
2580.5 0.0201331 -0.478435 0.000109024 0.000476604 -0.0125945 0.000109024 -8.98829e-05 -0.00159711 0.000109024 9.61888e-05 0.00537837 0.000109024 0.000420487 0.011461 0.000109024
2639.73 0.0202183 -0.480501 0.000109123 0.000476871 -0.0126049 0.000109123 -9.00139e-05 -0.001597 0.000109123 9.63841e-05 0.00538574 0.000109123 0.00042094 0.0114748 0.000109123
2698.1 0.0203027 -0.482549 0.000109221 0.00047714 -0.0126153 0.000109221 -9.0139e-05 -0.001597 0.000109221 9.65659e-05 0.0053928 0.000109221 0.000421375 0.0114881 0.000109221
2756.29 0.0203869 -0.484596 0.000109319 0.00047741 -0.0126257 0.000109319 -9.02637e-05 -0.001597 0.000109319 9.67473e-05 0.00539985 0.000109319 0.00042181 0.0115015 0.000109319
2814.41 0.020471 -0.486641 0.000109416 0.000477679 -0.0126361 0.000109416 -9.03877e-05 -0.00159701 0.000109416 9.69269e-05 0.00540687 0.000109416 0.000422242 0.0115147 0.000109416
2872.42 0.0205549 -0.488683 0.000109513 0.000477949 -0.0126464 0.000109513 -9.05111e-05 -0.00159704 0.000109513 9.71051e-05 0.00541385 0.000109513 0.000422671 0.011528 0.000109513
2930.32 0.0206386 -0.490724 0.00010961 0.000478219 -0.0126568 0.00010961 -9.06339e-05 -0.00159707 0.00010961 9.72819e-05 0.0054208 0.00010961 0.000423099 0.0115412 0.00010961
2988.09 0.0207222 -0.492762 0.000109706 0.000478489 -0.0126671 0.000109706 -9.07559e-05 -0.00159712 0.000109706 9.74571e-05 0.00542772 0.000109706 0.000423525 0.0115543 0.000109706
3045.74 0.0208055 -0.494799 0.000109803 0.000478759 -0.0126775 0.000109803 -9.08773e-05 -0.00159718 0.000109803 9.76308e-05 0.00543461 0.000109803 0.000423948 0.0115674 0.000109803
3072.35 0.0208684 -0.496309 0.000109845 0.000479121 -0.012687 0.000109845 -9.0817e-05 -0.00160032 0.000109845 9.74533e-05 0.00543308 0.000109845 0.000423893 0.0115683 0.000109845
3068.02 0.0209214 -0.497543 0.000109842 0.000479646 -0.012697 0.000109842 -9.05666e-05 -0.00160674 0.000109842 9.69406e-05 0.00542442 0.000109842 0.000423375 0.0115594 0.000109842
2999.46 0.0209527 -0.498213 0.000109744 0.000480531 -0.0127083 0.000109744 -8.99058e-05 -0.00162029 0.000109744 9.57024e-05 0.00540043 0.000109744 0.000421835 0.01153 0.000109744
3002.2 0.021009 -0.49949 0.000109752 0.000481018 -0.0127181 0.000109752 -8.97002e-05 -0.00162588 0.000109752 9.52778e-05 0.00539354 0.000109752 0.000421438 0.0115235 0.000109752
3067.16 0.0210831 -0.501324 0.000109852 0.000481157 -0.0127266 0.000109852 -8.98912e-05 -0.00162455 0.000109852 9.5564e-05 0.0054016 0.000109852 0.000422039 0.0115368 0.000109852
3132.05 0.021157 -0.503158 0.000109952 0.000481296 -0.0127351 0.000109952 -9.00814e-05 -0.00162324 0.000109952 9.5848e-05 0.00540961 0.000109952 0.000422636 0.0115501 0.000109952
3196.61 0.0212308 -0.504994 0.000110051 0.000481441 -0.0127437 0.000110051 -9.02664e-05 -0.00162205 0.000110051 9.61134e-05 0.00541737 0.000110051 0.0004232 0.0115631 0.000110051
3259.78 0.0213058 -0.506854 0.000110138 0.000481637 -0.0127531 0.000110138 -9.03995e-05 -0.00162219 0.000110138 9.6204e-05 0.00542236 0.000110138 0.000423498 0.0115743 0.000110138
3322.72 0.0213806 -0.508714 0.000110226 0.000481833 -0.0127626 0.000110226 -9.0532e-05 -0.00162233 0.000110226 9.62778e-05 0.00542768 0.000110226 0.000423793 0.0115854 0.000110226
3384.04 0.0214567 -0.510606 0.000110314 0.000482046 -0.0127722 0.000110314 -9.06605e-05 -0.00162249 0.000110314 9.63661e-05 0.00543338 0.000110314 0.000424111 0.0115968 0.000110314
3440.06 0.0215379 -0.51261 0.000110408 0.000482317 -0.0127825 0.000110408 -9.07727e-05 -0.0016227 0.000110408 9.65203e-05 0.00543981 0.000110408 0.000424507 0.0116093 0.000110408
3495.89 0.021619 -0.514615 0.000110502 0.000482587 -0.0127927 0.000110502 -9.08872e-05 -0.00162284 0.000110502 9.66853e-05 0.00544642 0.000110502 0.000424915 0.011622 0.000110502
3551.76 0.0217 -0.51662 0.000110596 0.000482857 -0.012803 0.000110596 -9.10027e-05 -0.00162295 0.000110596 9.68549e-05 0.00545311 0.000110596 0.000425328 0.0116347 0.000110596
3607.55 0.0217808 -0.518625 0.00011069 0.000483126 -0.0128132 0.00011069 -9.11182e-05 -0.00162306 0.00011069 9.70252e-05 0.00545982 0.00011069 0.000425742 0.0116475 0.00011069
3663.17 0.0218615 -0.520629 0.000110784 0.000483396 -0.0128234 0.000110784 -9.12336e-05 -0.00162316 0.000110784 9.71955e-05 0.00546652 0.000110784 0.000426156 0.0116603 0.000110784
3718.81 0.0219419 -0.522633 0.000110879 0.000483665 -0.0128337 0.000110879 -9.13487e-05 -0.00162328 0.000110879 9.73649e-05 0.0054732 0.000110879 0.000426568 0.0116731 0.000110879
3735.24 0.0220015 -0.524073 0.0001109 0.000484105 -0.0128439 0.0001109 -9.11982e-05 -0.00162824 0.0001109 9.69781e-05 0.00546771 0.0001109 0.000426251 0.0116686 0.0001109
3522.78 0.0220022 -0.524017 0.000110507 0.000484155 -0.0128333 0.000110507 -9.01097e-05 -0.00164607 0.000110507 9.44266e-05 0.00541606 0.000110507 0.000422476 0.011596 0.000110507
3620.08 0.0220649 -0.525441 0.000110654 0.000485925 -0.0128696 0.000110654 -8.97312e-05 -0.00166084 0.000110654 9.35646e-05 0.00540606 0.000110654 0.000422083 0.0115935 0.000110654
3685.16 0.0221414 -0.527284 0.000110757 0.00048606 -0.0128781 0.000110757 -8.99298e-05 -0.00165931 0.000110757 9.38832e-05 0.00541464 0.000110757 0.000422724 0.0116075 0.000110757
3750.23 0.022214 -0.529128 0.000110859 0.000486192 -0.0128865 0.000110859 -9.01294e-05 -0.00165775 0.000110859 9.42027e-05 0.00542322 0.000110859 0.000423365 0.0116215 0.000110859
3814.58 0.0222869 -0.530983 0.000110964 0.000486323 -0.0128949 0.000110964 -9.03362e-05 -0.00165596 0.000110964 9.45626e-05 0.00543243 0.000110964 0.000424054 0.0116363 0.000110964
3877.73 0.022361 -0.532871 0.000111077 0.000486451 -0.0129031 0.000111077 -9.0562e-05 -0.00165354 0.000111077 9.5029e-05 0.00544328 0.000111077 0.000424868 0.0116531 0.000111077
3941.5 0.022435 -0.534761 0.00011119 0.000486578 -0.0129112 0.00011119 -9.07907e-05 -0.00165104 0.00011119 9.55031e-05 0.00545437 0.00011119 0.000425643 0.0116712 0.00011119
4003.75 0.0225086 -0.536647 0.000111301 0.000486711 -0.0129195 0.000111301 -9.10104e-05 -0.00164879 0.000111301 9.59182e-05 0.00546524 0.000111301 0.000426317 0.01169 0.000111301
4064.03 0.0225843 -0.538585 0.000111407 0.000486891 -0.0129284 0.000111407 -9.11971e-05 -0.00164728 0.000111407 9.62496e-05 0.00547523 0.000111407 0.000426915 0.011707 0.000111407
4120.1 0.0226636 -0.540602 0.000111503 0.000487157 -0.0129387 0.000111503 -9.13171e-05 -0.00164731 0.000111503 9.64296e-05 0.00548214 0.000111503 0.00042734 0.0117201 0.000111503
4176.11 0.0227425 -0.542621 0.000111598 0.000487422 -0.0129489 0.000111598 -9.14379e-05 -0.00164733 0.000111598 9.66119e-05 0.00548909 0.000111598 0.000427768 0.0117333 0.000111598
4232.03 0.0228212 -0.544639 0.000111693 0.000487687 -0.0129591 0.000111693 -9.15588e-05 -0.00164735 0.000111693 9.67941e-05 0.00549604 0.000111693 0.000428195 0.0117464 0.000111693
4288.2 0.0228995 -0.546656 0.000111789 0.000487951 -0.0129694 0.000111789 -9.16791e-05 -0.00164739 0.000111789 9.69731e-05 0.00550294 0.000111789 0.000428619 0.0117595 0.000111789
4344.1 0.0229775 -0.548674 0.000111884 0.000488214 -0.0129796 0.000111884 -9.17988e-05 -0.00164744 0.000111884 9.71503e-05 0.00550981 0.000111884 0.00042904 0.0117725 0.000111884
4400.04 0.023055 -0.550692 0.000111979 0.000488476 -0.0129898 0.000111979 -9.19189e-05 -0.00164747 0.000111979 9.73285e-05 0.00551669 0.000111979 0.000429462 0.0117856 0.000111979
4455.95 0.0231322 -0.552709 0.000112073 0.000488738 -0.0130001 0.000112073 -9.20394e-05 -0.00164751 0.000112073 9.75061e-05 0.00552357 0.000112073 0.000429883 0.0117986 0.000112073
4511.87 0.0232088 -0.554727 0.000112168 0.000488999 -0.0130103 0.000112168 -9.21603e-05 -0.00164754 0.000112168 9.76844e-05 0.00553045 0.000112168 0.000430305 0.0118117 0.000112168
4567.77 0.0232849 -0.556745 0.000112263 0.000489259 -0.0130205 0.000112263 -9.22812e-05 -0.00164757 0.000112263 9.78626e-05 0.00553734 0.000112263 0.000430726 0.0118248 0.000112263
4623.65 0.0233604 -0.558763 0.000112358 0.000489519 -0.0130307 0.000112358 -9.24023e-05 -0.00164759 0.000112358 9.80408e-05 0.00554423 0.000112358 0.000431147 0.0118378 0.000112358
4679.52 0.0234351 -0.560781 0.000112453 0.000489778 -0.0130409 0.000112453 -9.25235e-05 -0.00164761 0.000112453 9.8219e-05 0.00555112 0.000112453 0.000431568 0.0118509 0.000112453
4735.36 0.0235091 -0.562799 0.000112548 0.000490037 -0.0130511 0.000112548 -9.26448e-05 -0.00164762 0.000112548 9.83972e-05 0.00555801 0.000112548 0.000431989 0.0118639 0.000112548
4791.18 0.0235822 -0.564817 0.000112642 0.000490294 -0.0130612 0.000112642 -9.27663e-05 -0.00164763 0.000112642 9.85753e-05 0.0055649 0.000112642 0.000432409 0.011877 0.000112642
4846.96 0.0236541 -0.566835 0.000112737 0.00049055 -0.0130714 0.000112737 -9.2888e-05 -0.00164763 0.000112737 9.87533e-05 0.00557179 0.000112737 0.000432828 0.0118901 0.000112737
4902.72 0.0237248 -0.568854 0.000112831 0.000490805 -0.0130815 0.000112831 -9.30098e-05 -0.00164763 0.000112831 9.89312e-05 0.00557867 0.000112831 0.000433247 0.0119031 0.000112831
4958.45 0.0237937 -0.570872 0.000112925 0.000491058 -0.0130916 0.000112925 -9.3132e-05 -0.00164762 0.000112925 9.91091e-05 0.00558556 0.000112925 0.000433665 0.0119161 0.000112925
5014.14 0.0238604 -0.57289 0.000113019 0.00049131 -0.0131016 0.000113019 -9.32545e-05 -0.00164759 0.000113019 9.92869e-05 0.00559245 0.000113019 0.000434083 0.0119291 0.000113019
5069.79 0.0239242 -0.574908 0.000113113 0.000491558 -0.0131116 0.000113113 -9.33775e-05 -0.00164755 0.000113113 9.94642e-05 0.00559932 0.000113113 0.000434499 0.0119421 0.000113113
5124.67 0.0239835 -0.576932 0.000113207 0.000491801 -0.0131215 0.000113207 -9.35047e-05 -0.00164738 0.000113207 9.96576e-05 0.00560647 0.000113207 0.000434932 0.0119555 0.000113207
5179.9 0.0240347 -0.578953 0.0001133 0.000492038 -0.0131312 0.0001133 -9.3631e-05 -0.00164723 0.0001133 9.984e-05 0.00561343 0.0001133 0.000435351 0.0119685 0.0001133
5234.58 0.0240625 -0.580976 0.000113391 0.000492253 -0.0131405 0.000113391 -9.37621e-05 -0.00164694 0.000113391 0.000100026 0.00562043 0.000113391 0.000435766 0.0119815 0.000113391
2224.3 0.0205918 -0.604701 0.000102322 0.000334759 -0.010475 0.000102322 -0.000111795 -0.000755618 0.000102322 0.000140255 0.00624171 0.000102322 0.000442263 0.0120035 0.000102322
2571.33 0.0202218 -0.608057 0.000103097 0.000331333 -0.0104403 0.000103097 -0.000112442 -0.000719392 0.000103097 0.000148287 0.00641364 0.000103097 0.000452524 0.0122245 0.000103097
2815.86 0.0198675 -0.611291 0.000103679 0.00032953 -0.0104253 0.000103679 -0.000112882 -0.000695922 0.000103679 0.000153869 0.00653307 0.000103679 0.000459399 0.0123866 0.000103679
3012.03 0.019524 -0.614435 0.000104168 0.000328417 -0.0104187 0.000104168 -0.000113236 -0.000678306 0.000104168 0.000158274 0.00662778 0.000104168 0.000464899 0.0125169 0.000104168
3176.87 0.0191998 -0.617407 0.000104598 0.0003276 -0.0104156 0.000104598 -0.000113545 -0.000663776 0.000104598 0.000161994 0.00670834 0.000104598 0.000469584 0.0126287 0.000104598
3258.45 0.018928 -0.619912 0.000104801 0.000328087 -0.0104279 0.000104801 -0.000113676 -0.000661918 0.000104801 0.000163009 0.00673236 0.000104801 0.000471096 0.0126665 0.000104801
3339.8 0.0186563 -0.622416 0.000105005 0.000328577 -0.0104403 0.000105005 -0.000113806 -0.000660083 0.000105005 0.000164018 0.00675629 0.000105005 0.000472601 0.0127043 0.000105005
3619.61 0.0185523 -0.623017 0.000104704 0.000313456 -0.0102954 0.000104704 -0.000116835 -0.000639566 0.000104704 0.000155345 0.00672552 0.000104704 0.000462758 0.0126607 0.000104704
5991.23 0.0184688 -0.623521 0.000104566 0.000301921 -0.0101832 0.000104566 -0.000119105 -0.000619665 0.000104566 0.000150062 0.00672458 0.000104566 0.000456743 0.0126567 0.000104566
8380.15 0.0183846 -0.624029 0.00010443 0.000290309 -0.0100703 0.00010443 -0.000121391 -0.000599435 0.00010443 0.000144714 0.00672448 0.00010443 0.000450741 0.012654 0.00010443
10736.4 0.0183014 -0.624531 0.000104299 0.000278859 -0.00995894 0.000104299 -0.000123646 -0.000579344 0.000104299 0.000139466 0.00672506 0.000104299 0.000444858 0.0126521 0.000104299
13096.1 0.0182164 -0.625047 0.000104177 0.00026723 -0.00984565 0.000104177 -0.000125934 -0.000558348 0.000104177 0.000134307 0.00672868 0.000104177 0.000439077 0.0126543 0.000104177
15553.7 0.0181269 -0.625585 0.000104019 0.000254794 -0.00972505 0.000104019 -0.000128396 -0.000537207 0.000104019 0.000128358 0.00672548 0.000104019 0.000432401 0.0126473 0.000104019
18018.9 0.0180347 -0.626137 0.000103844 0.000241919 -0.00960042 0.000103844 -0.000130954 -0.00051579 0.000103844 0.000122035 0.00671955 0.000103844 0.000425297 0.0126367 0.000103844
20560.5 0.0179561 -0.626619 0.000103757 0.000231306 -0.00949673 0.000103757 -0.000133038 -0.00049547 0.000103757 0.000117647 0.00672876 0.000103757 0.000420385 0.0126464 0.000103757
23040 0.017848 -0.627259 0.000103515 0.000215987 -0.00934912 0.000103515 -0.000136104 -0.000471486 0.000103515 0.000109609 0.00671346 0.000103515 0.000411343 0.0126231 0.000103515
25566.8 0.0177518 -0.627841 0.000103367 0.000202748 -0.00922054 0.000103367 -0.000138729 -0.000447912 0.000103367 0.000103536 0.00671526 0.000103367 0.000404527 0.0126225 0.000103367
28140.1 0.0176498 -0.62846 0.000103216 0.000188801 -0.00908506 0.000103216 -0.000141496 -0.000422764 0.000103216 9.77847e-05 0.0067212 0.000103216 0.000397431 0.0126239 0.000103216
30719.3 0.017549 -0.629074 0.000103069 0.000174935 -0.00895184 0.000103069 -0.000144228 -0.000397906 0.000103069 9.29201e-05 0.00673078 0.000103069 0.000390433 0.0126257 0.000103069
33260.1 0.0174488 -0.629685 0.000102922 0.00016112 -0.0088195 0.000102922 -0.000146948 -0.000373147 0.000102922 8.80796e-05 0.0067404 0.000102922 0.000383462 0.0126276 0.000102922
33936.1 0.0174055 -0.629955 0.000102895 0.000155365 -0.00876377 0.000102895 -0.000148067 -0.000361214 0.000102895 8.64807e-05 0.00675261 0.000102895 0.000381125 0.0126396 0.000102895
36415.6 0.0173102 -0.630528 0.000102719 0.000142011 -0.00863657 0.000102719 -0.000150716 -0.000338872 0.000102719 8.13677e-05 0.00675366 0.000102719 0.000373788 0.0126302 0.000102719
38862.9 0.0172169 -0.631087 0.000102533 0.000128849 -0.00851147 0.000102533 -0.000153334 -0.000317399 0.000102533 7.61738e-05 0.00675179 0.000102533 0.000366341 0.0126171 0.000102533
41305.2 0.0171245 -0.631627 0.000102343 0.000117449 -0.00839236 0.000102343 -0.00015606 -0.000294856 0.000102343 7.08459e-05 0.00675108 0.000102343 0.000358687 0.012605 0.000102343
43737.5 0.0170338 -0.632156 0.000102164 0.000106487 -0.00827635 0.000102164 -0.000158741 -0.000272306 0.000102164 6.57008e-05 0.00675229 0.000102164 0.000351282 0.0125957 0.000102164
46155.9 0.0169418 -0.632693 0.000101976 9.53256e-05 -0.00815842 0.000101976 -0.000161474 -0.000249586 0.000101976 6.03939e-05 0.00675226 0.000101976 0.000343644 0.0125846 0.000101976
48577.6 0.0168516 -0.633218 0.000101789 8.4362e-05 -0.00804271 0.000101789 -0.000164162 -0.000227381 0.000101789 5.51454e-05 0.00675161 0.000101789 0.000336088 0.0125729 0.000101789
51020.8 0.0167612 -0.633744 0.000101596 7.33321e-05 -0.00792646 0.000101596 -0.000166871 -0.00020524 0.000101596 4.98076e-05 0.00674989 0.000101596 0.000328402 0.0125597 0.000101596
53468.4 0.016669 -0.63428 0.000101397 6.20735e-05 -0.00780795 0.000101397 -0.000169638 -0.000182771 0.000101397 4.4319e-05 0.00674742 0.000101397 0.000320496 0.0125453 0.000101397
55896 0.016579 -0.634804 0.000101209 5.11001e-05 -0.00769241 0.000101209 -0.000172335 -0.000160553 0.000101209 3.90451e-05 0.00674658 0.000101209 0.000312888 0.0125334 0.000101209
58298.4 0.0164884 -0.635332 0.000101022 4.0063e-05 -0.00757625 0.000101022 -0.000175048 -0.000138087 0.000101022 3.37344e-05 0.00674616 0.000101022 0.000305263 0.0125222 0.000101022
60662.2 0.0164007 -0.635841 0.000100827 2.92941e-05 -0.00746321 0.000100827 -0.000177703 -0.000116734 0.000100827 2.8392e-05 0.00674279 0.000100827 0.000297611 0.0125073 0.000100827
63009.8 0.0163142 -0.636343 0.000100638 1.86797e-05 -0.00735182 0.000100638 -0.000180319 -9.55432e-05 0.000100638 2.31547e-05 0.00674013 0.000100638 0.000290107 0.0124936 0.000100638
64826.6 0.0162441 -0.636768 0.000100571 1.05179e-05 -0.00726483 0.000100571 -0.0001823 -7.55016e-05 0.000100571 2.00871e-05 0.00675712 0.000100571 0.000285623 0.012509 0.000100571
66405.9 0.016181 -0.637157 0.000100544 3.33747e-06 -0.00718777 0.000100544 -0.00018403 -5.63502e-05 0.000100544 1.77736e-05 0.00677977 0.000100544 0.000282192 0.0125332 0.000100544
67918.1 0.0161207 -0.637529 0.000100523 -3.50617e-06 -0.00711427 0.000100523 -0.000185679 -3.78602e-05 0.000100523 1.56235e-05 0.00680254 0.000100523 0.000278993 0.0125579 0.000100523
69542.5 0.0160952 -0.637708 0.000100622 -5.84721e-06 -0.00708723 0.000100622 -0.000186199 -2.64581e-05 0.000100622 1.61903e-05 0.00683617 0.000100622 0.000279642 0.0126016 0.000100622
70973 0.0160001 -0.638274 0.00010048 -1.71985e-05 -0.00696732 0.00010048 -0.00018898 -8.47553e-07 0.00010048 1.13088e-05 0.00684812 0.00010048 0.000272564 0.0126073 0.00010048
72589.2 0.0159751 -0.638448 0.000100567 -1.95441e-05 -0.00694047 0.000100567 -0.000189508 1.00333e-05 0.000100567 1.17312e-05 0.00687905 0.000100567 0.000273014 0.0126474 0.000100567
72591.2 0.015913 -0.638841 0.000100588 -2.63859e-05 -0.00686635 0.000100588 -0.000191143 3.05615e-05 0.000100588 1.00835e-05 0.00691215 0.000100588 0.000270473 0.0126863 0.000100588
74254.1 0.0158508 -0.639221 0.000100541 -3.35802e-05 -0.00678968 0.000100541 -0.000192892 4.8874e-05 0.000100541 7.50631e-06 0.00693026 0.000100541 0.000266669 0.0127045 0.000100541
76013.4 0.0158255 -0.639396 0.000100626 -3.59811e-05 -0.00676231 0.000100626 -0.000193435 5.97841e-05 0.000100626 7.87122e-06 0.00696075 0.000100626 0.000267033 0.012744 0.000100626
77591.2 0.0157241 -0.639993 0.000100437 -4.82915e-05 -0.00663315 0.000100437 -0.000196474 8.59902e-05 0.000100437 2.13351e-06 0.00696553 0.000100437 0.000258745 0.0127393 0.000100437
79136.2 0.0156645 -0.64036 0.000100411 -5.51072e-05 -0.00656029 0.000100411 -0.000198127 0.000104239 0.000100411 -9.58407e-08 0.0069872 0.000100411 0.000255414 0.0127627 0.000100411
79987 0.0156228 -0.64064 0.000100506 -5.92802e-05 -0.00651372 0.000100506 -0.000199097 0.000120745 0.000100506 -1.05951e-07 0.00702765 0.000100506 0.000255175 0.0128143 0.000100506
80568.3 0.0155987 -0.640802 0.000100561 -6.16982e-05 -0.00648673 0.000100561 -0.000199658 0.000130304 0.000100561 -1.15146e-07 0.00705106 0.000100561 0.00025503 0.0128442 0.000100561
81409.9 0.0155862 -0.640882 0.000100572 -6.30387e-05 -0.00647212 0.000100572 -0.000199977 0.000134698 0.000100572 -3.51092e-07 0.00705942 0.000100572 0.000254642 0.0128545 0.000100572
82145.3 0.0155434 -0.641123 0.00010044 -6.85159e-05 -0.00641562 0.00010044 -0.000201352 0.000144031 0.00010044 -3.5098e-06 0.00704961 0.00010044 0.000250143 0.0128361 0.00010044
82778.3 0.015522 -0.641248 0.000100394 -7.11485e-05 -0.00638815 0.000100394 -0.000202005 0.000149382 0.000100394 -4.80869e-06 0.00704931 0.000100394 0.000248272 0.0128333 0.000100394
83252.4 0.015511 -0.641312 0.000100368 -7.25224e-05 -0.00637384 0.000100368 -0.000202347 0.000152095 0.000100368 -5.50702e-06 0.00704874 0.000100368 0.000247268 0.0128313 0.000100368
83722.4 0.0155049 -0.641349 0.000100363 -7.32266e-05 -0.00636636 0.000100363 -0.000202519 0.000153882 0.000100363 -5.76446e-06 0.00705047 0.000100363 0.000246886 0.012833 0.000100363
83556.6 0.0155033 -0.641344 0.000100287 -7.37856e-05 -0.00636173 0.000100287 -0.000202685 0.00015184 0.000100287 -6.89237e-06 0.0070354 0.000100287 0.000245298 0.0128126 0.000100287
82681 0.015509 -0.641301 0.000100017 -7.20717e-05 -0.00636475 0.000100017 -0.000201812 0.000146767 0.000100017 -6.61133e-06 0.00701271 0.000100017 0.000244934 0.0127755 0.000100017
83411.8 0.0155054 -0.641321 0.000100131 -7.32492e-05 -0.00636122 0.000100131 -0.000202368 0.000148519 0.000100131 -7.29439e-06 0.007018 0.000100131 0.000244393 0.0127862 0.000100131
83857 0.0155015 -0.641334 0.000100174 -7.45543e-05 -0.0063555 0.000100174 -0.000202918 0.000148672 0.000100174 -8.54524e-06 0.00701297 0.000100174 0.00024297 0.0127822 0.000100174
84301.4 0.0154896 -0.641398 0.000100127 -7.61433e-05 -0.00633928 0.000100127 -0.000203316 0.000150871 0.000100127 -9.55244e-06 0.00700732 0.000100127 0.000241559 0.0127731 0.000100127
84748.6 0.0154848 -0.641426 0.000100114 -7.67459e-05 -0.00633303 0.000100114 -0.000203466 0.000151984 0.000100114 -9.86632e-06 0.00700634 0.000100114 0.00024112 0.0127712 0.000100114
85189.1 0.0154667 -0.641524 0.000100038 -7.91808e-05 -0.00630824 0.000100038 -0.000204084 0.00015531 0.000100038 -1.14538e-05 0.00699706 0.000100038 0.000238901 0.0127563 0.000100038
85628.9 0.0154528 -0.6416 9.99853e-05 -8.1014e-05 -0.0062895 9.99853e-05 -0.000204547 0.000158044 9.99853e-05 -1.2602e-05 0.00699135 9.99853e-05 0.000237288 0.0127468 9.99853e-05
86070.7 0.0154476 -0.64163 9.9976e-05 -8.16416e-05 -0.00628292 9.9976e-05 -0.000204702 0.000159393 9.9976e-05 -1.28863e-05 0.00699133 9.9976e-05 0.000236886 0.0127461 9.9976e-05
86506.2 0.0154258 -0.641748 9.9886e-05 -8.45582e-05 -0.00625322 9.9886e-05 -0.000205442 0.000163436 9.9886e-05 -1.47944e-05 0.00698081 9.9886e-05 0.000234199 0.0127291 9.9886e-05
86948.1 0.0154207 -0.641779 9.98775e-05 -8.51776e-05 -0.00624672 9.98775e-05 -0.000205595 0.000164807 9.98775e-05 -1.50648e-05 0.00698098 9.98775e-05 0.000233816 0.0127287 9.98775e-05
87383 0.0154019 -0.641881 9.98024e-05 -8.76831e-05 -0.00622117 9.98024e-05 -0.000206229 0.000168381 9.98024e-05 -1.66871e-05 0.00697283 9.98024e-05 0.000231545 0.0127148 9.98024e-05
87819.7 0.0153857 -0.64197 9.97394e-05 -8.98244e-05 -0.00619932 9.97394e-05 -0.000206771 0.000171497 9.97394e-05 -1.80598e-05 0.00696626 9.97394e-05 0.000229627 0.0127032 9.97394e-05
88259.9 0.0153804 -0.642002 9.97305e-05 -9.04694e-05 -0.00619256 9.97305e-05 -0.000206931 0.000172919 9.97305e-05 -1.83506e-05 0.00696674 9.97305e-05 0.000229221 0.0127029 9.97305e-05
88694.6 0.0153611 -0.642106 9.96552e-05 -9.29458e-05 -0.0061669 9.96552e-05 -0.000207586 0.000176744 9.96552e-05 -2e-05 0.00695903 9.96552e-05 0.000226888 0.01269 9.96552e-05
84322.4 0.0154734 -0.641891 9.91076e-05 -5.23806e-05 -0.00635646 9.91076e-05 -0.000190462 0.000197393 9.91076e-05 2.64146e-05 0.007258 9.91076e-05 0.000282568 0.0130117 9.91076e-05
85667.2 0.0154018 -0.642167 0.000100489 -7.67324e-05 -0.00626498 0.000100489 -0.000201398 0.000209715 0.000100489 5.30246e-06 0.00724074 0.000100489 0.000259849 0.0130555 0.000100489
86913.1 0.0153952 -0.642176 0.000100493 -7.91775e-05 -0.00625299 0.000100493 -0.000202411 0.000207749 0.000100493 2.28745e-06 0.00721895 0.000100493 0.000256103 0.0130314 0.000100493
88070 0.0153881 -0.642184 0.000100481 -8.18156e-05 -0.00623972 0.000100481 -0.000203493 0.000205236 0.000100481 -1.07043e-06 0.00719295 0.000100481 0.000251906 0.0130015 0.000100481
89209.1 0.0153825 -0.642188 0.000100458 -8.39194e-05 -0.00622888 0.000100458 -0.000204351 0.000202952 0.000100458 -3.83728e-06 0.00717024 0.000100458 0.000248422 0.0129746 0.000100458
90140.1 0.0153758 -0.642199 0.00010047 -8.63704e-05 -0.00621708 0.00010047 -0.000205384 0.000201319 0.00010047 -6.85024e-06 0.00714961 0.00010047 0.000244621 0.0129528 0.00010047
90573.7 0.0153732 -0.642208 0.000100511 -8.72724e-05 -0.00621354 0.000100511 -0.000205794 0.000201631 0.000100511 -7.74701e-06 0.00714774 0.000100511 0.000243531 0.0129537 0.000100511
91006.6 0.0153659 -0.642247 0.000100501 -8.83433e-05 -0.00620386 0.000100501 -0.000206116 0.000203116 0.000100501 -8.48691e-06 0.00714553 0.000100501 0.00024253 0.0129508 0.000100501
91438.9 0.0153544 -0.64231 0.00010046 -8.97842e-05 -0.00618862 0.00010046 -0.000206483 0.000205445 0.00010046 -9.37735e-06 0.00714177 0.00010046 0.000241261 0.0129442 0.00010046
91871 0.0153428 -0.642375 0.000100417 -9.12545e-05 -0.00617307 0.000100417 -0.00020686 0.000207801 0.000100417 -1.02953e-05 0.00713775 0.000100417 0.000239954 0.0129373 0.000100417
92303.5 0.0153326 -0.642431 0.000100382 -9.25119e-05 -0.00615965 0.000100382 -0.00020719 0.000209963 0.000100382 -1.10733e-05 0.00713473 0.000100382 0.000238843 0.0129319 0.000100382
92735.7 0.0153212 -0.64249 0.000100339 -9.37273e-05 -0.00614565 0.000100339 -0.000207594 0.000212589 0.000100339 -1.20242e-05 0.00713094 0.000100339 0.000237486 0.0129252 0.000100339
93168.3 0.0153122 -0.642538 0.000100306 -9.46976e-05 -0.00613455 0.000100306 -0.000207912 0.00021477 0.000100306 -1.27554e-05 0.00712853 0.000100306 0.000236421 0.0129207 0.000100306
93600.4 0.0152999 -0.642602 0.000100258 -9.60445e-05 -0.00611929 0.000100258 -0.000208353 0.000217562 0.000100258 -1.38306e-05 0.00712409 0.000100258 0.000234875 0.0129129 0.000100258
94033.1 0.0152907 -0.64265 0.000100226 -9.70291e-05 -0.00610808 0.000100226 -0.000208676 0.000219778 0.000100226 -1.45719e-05 0.00712174 0.000100226 0.000233805 0.0129085 0.000100226
94465.4 0.0152799 -0.642707 0.000100185 -9.82097e-05 -0.00609468 0.000100185 -0.000209064 0.000222306 0.000100185 -1.54929e-05 0.00711828 0.000100185 0.000232478 0.0129023 0.000100185
94898.1 0.0152704 -0.642757 0.000100151 -9.92311e-05 -0.00608306 0.000100151 -0.0002094 0.000224575 0.000100151 -1.62695e-05 0.00711569 0.000100151 0.000231358 0.0128974 0.000100151
95330.3 0.0152603 -0.64281 0.000100115 -0.000100329 -0.00607065 0.000100115 -0.000209759 0.000227001 0.000100115 -1.71013e-05 0.00711291 0.000100115 0.000230157 0.0128923 0.000100115
95762.2 0.01525 -0.642864 0.000100079 -0.000101438 -0.00605811 0.000100079 -0.000210122 0.00022948 0.000100079 -1.7935e-05 0.00711028 0.000100079 0.000228957 0.0128873 0.000100079
96194.1 0.0152397 -0.642918 0.000100043 -0.000102553 -0.0060455 0.000100043 -0.000210488 0.000231968 0.000100043 -1.87816e-05 0.00710759 0.000100043 0.000227749 0.0128823 0.000100043
96626 0.0152295 -0.642972 0.000100007 -0.000103662 -0.00603296 0.000100007 -0.000210853 0.000234446 0.000100007 -1.96227e-05 0.00710493 0.000100007 0.000226549 0.0128774 0.000100007
97057.8 0.0152191 -0.643027 9.99708e-05 -0.000104784 -0.00602028 9.99708e-05 -0.000211221 0.000236944 9.99708e-05 -2.04756e-05 0.0071022 9.99708e-05 0.000225333 0.0128723 9.99708e-05
97489.1 0.0152094 -0.643078 9.99375e-05 -0.000105833 -0.00600841 9.99375e-05 -0.000211566 0.000239318 9.99375e-05 -2.12636e-05 0.00709984 9.99375e-05 0.000224208 0.0128678 9.99375e-05
97918.4 0.0151984 -0.643136 9.98975e-05 -0.000107038 -0.00599481 9.98975e-05 -0.000211962 0.000241952 9.98975e-05 -2.21922e-05 0.00709666 9.98975e-05 0.000222885 0.0128621 9.98975e-05
98347.8 0.0151882 -0.643189 9.98623e-05 -0.000108135 -0.00598241 9.98623e-05 -0.000212322 0.000244412 9.98623e-05 -2.30222e-05 0.00709408 9.98623e-05 0.000221701 0.0128572 9.98623e-05
98782.1 0.0151751 -0.643259 9.98173e-05 -0.000109562 -0.00596626 9.98173e-05 -0.00021279 0.000247653 9.98173e-05 -2.40913e-05 0.00709092 9.98173e-05 0.000220175 0.0128513 9.98173e-05
99216.2 0.0151659 -0.643309 9.97959e-05 -0.000110507 -0.00595542 9.97959e-05 -0.000213097 0.000250201 9.97959e-05 -2.46979e-05 0.00709089 9.97959e-05 0.000219298 0.0128501 9.97959e-05
99649.6 0.0151547 -0.64337 9.9763e-05 -0.0001117 -0.00594184 9.9763e-05 -0.000213487 0.000253138 9.9763e-05 -2.55352e-05 0.00708941 9.9763e-05 0.000218096 0.0128467 9.9763e-05
100083 0.0151431 -0.643433 9.97283e-05 -0.000112932 -0.00592783 9.97283e-05 -0.00021389 0.00025613 9.97283e-05 -2.64094e-05 0.00708768 9.97283e-05 0.000216843 0.0128429 9.97283e-05
100516 0.0151312 -0.643496 9.96921e-05 -0.000114193 -0.00591351 9.96921e-05 -0.000214303 0.000259166 9.96921e-05 -2.73117e-05 0.00708576 9.96921e-05 0.00021555 0.0128388 9.96921e-05
100951 0.0151255 -0.643529 9.96863e-05 -0.000114749 -0.00590701 9.96863e-05 -0.000214481 0.000260991 9.96863e-05 -2.75869e-05 0.0070874 9.96863e-05 0.000215142 0.0128404 9.96863e-05
101382 0.0151069 -0.643626 9.96167e-05 -0.000116787 -0.00588407 9.96167e-05 -0.000215152 0.000265355 9.96167e-05 -2.91799e-05 0.00708156 9.96167e-05 0.000212874 0.01283 9.96167e-05
101815 0.0150953 -0.643689 9.95816e-05 -0.000118024 -0.00587002 9.95816e-05 -0.000215557 0.000268347 9.95816e-05 -3.00614e-05 0.00707976 9.95816e-05 0.000211611 0.0128261 9.95816e-05
102239 0.0150859 -0.64374 9.95576e-05 -0.000119011 -0.00585874 9.95576e-05 -0.000215878 0.000270928 9.95576e-05 -3.07154e-05 0.00707932 9.95576e-05 0.000210668 0.0128243 9.95576e-05
102669 0.0150724 -0.643812 9.95128e-05 -0.000120466 -0.00584228 9.95128e-05 -0.000216355 0.000274279 9.95128e-05 -3.1794e-05 0.00707635 9.95128e-05 0.000209126 0.0128186 9.95128e-05
103094 0.0150607 -0.643875 9.9478e-05 -0.000121706 -0.00582819 9.9478e-05 -0.000216761 0.0002773 9.9478e-05 -3.26727e-05 0.00707464 9.9478e-05 0.000207866 0.0128148 9.9478e-05
103519 0.015049 -0.643938 9.94429e-05 -0.000122952 -0.00581404 9.94429e-05 -0.000217168 0.000280326 9.94429e-05 -3.35576e-05 0.00707289 9.94429e-05 0.000206597 0.0128109 9.94429e-05
103943 0.0150373 -0.644001 9.94079e-05 -0.000124194 -0.00579994 9.94079e-05 -0.000217574 0.000283345 9.94079e-05 -3.44386e-05 0.00707117 9.94079e-05 0.000205334 0.0128071 9.94079e-05
104368 0.0150257 -0.644064 9.9373e-05 -0.000125435 -0.00578584 9.9373e-05 -0.00021798 0.000286364 9.9373e-05 -3.53189e-05 0.00706945 9.9373e-05 0.000204072 0.0128033 9.9373e-05
104793 0.015014 -0.644126 9.93382e-05 -0.000126676 -0.00577176 9.93382e-05 -0.000218386 0.000289382 9.93382e-05 -3.61986e-05 0.00706773 9.93382e-05 0.00020281 0.0127996 9.93382e-05
105218 0.0150024 -0.644189 9.93033e-05 -0.000127917 -0.00575767 9.93033e-05 -0.000218792 0.000292402 9.93033e-05 -3.70787e-05 0.00706601 9.93033e-05 0.000201548 0.0127958 9.93033e-05
