6160.54 4.10224e-05 -0.000897486 7.5957e-06 1.68529e-05 -0.000509 7.5957e-06 -7.24891e-06 2.81692e-05 7.5957e-06 2.62275e-05 0.000660198 7.5957e-06 5.10221e-05 0.00105052 7.5957e-06
11983.9 8.30375e-05 -0.00171263 1.41891e-05 3.70399e-05 -0.00098108 1.41891e-05 -1.16258e-05 5.71941e-05 1.41891e-05 5.59912e-05 0.00128893 1.41891e-05 0.000103197 0.00202471 1.41891e-05
17772.9 0.000124822 -0.00253441 2.07663e-05 5.72858e-05 -0.00145739 2.07663e-05 -1.59872e-05 8.5254e-05 2.07663e-05 8.54095e-05 0.00191761 2.07663e-05 0.000154649 0.00300175 2.07663e-05
23523.6 0.000165753 -0.00335354 2.72903e-05 7.71342e-05 -0.00193052 2.72903e-05 -2.03312e-05 0.000113797 2.72903e-05 0.000114504 0.00254669 2.72903e-05 0.000205254 0.00398043 2.72903e-05
29235.1 0.000205948 -0.00417231 3.37705e-05 9.6679e-05 -0.00240206 3.37705e-05 -2.46582e-05 0.000142576 3.37705e-05 0.000143369 0.00317668 3.37705e-05 0.000255028 0.00496186 3.37705e-05
34905.3 0.000245454 -0.00499186 4.02079e-05 0.000115977 -0.0028729 4.02079e-05 -2.89652e-05 0.000171331 4.02079e-05 0.00017182 0.0038068 4.02079e-05 0.000303912 0.00594598 4.02079e-05
40531.7 0.000284203 -0.00581163 4.65951e-05 0.000135003 -0.00334263 4.65951e-05 -3.32505e-05 0.000199962 4.65951e-05 0.000199763 0.00443612 4.65951e-05 0.000351789 0.00693185 4.65951e-05
45894.4 0.00031556 -0.00651705 5.25087e-05 0.000148669 -0.00372174 5.25087e-05 -3.74282e-05 0.00024652 5.25087e-05 0.000228094 0.00507423 5.25087e-05 0.000398096 0.00790635 5.25087e-05
50017 0.000312333 -0.00662665 5.61638e-05 0.000136005 -0.0036372 5.61638e-05 -3.94226e-05 0.000412954 5.61638e-05 0.000259922 0.00575567 5.61638e-05 0.000440457 0.00880647 5.61638e-05
53309.3 0.000302923 -0.00661484 5.93898e-05 0.000118459 -0.00345937 5.93898e-05 -3.53692e-05 0.000679886 5.93898e-05 0.000294251 0.00646966 5.93898e-05 0.000483606 0.00971979 5.93898e-05
54854.5 0.000286235 -0.00641565 6.01803e-05 0.000100325 -0.00322248 6.01803e-05 -2.89602e-05 0.000891426 6.01803e-05 0.000310306 0.00681493 6.01803e-05 0.000501408 0.0101202 6.01803e-05
55473.9 0.000262023 -0.0060593 6.01019e-05 7.63285e-05 -0.00287003 6.01019e-05 -1.83076e-05 0.00116201 6.01019e-05 0.000326575 0.00713463 6.01019e-05 0.000516784 0.0104456 6.01019e-05
55533.7 0.000250466 -0.00589338 6.0663e-05 6.29699e-05 -0.00267556 6.0663e-05 -7.72339e-06 0.00138006 6.0663e-05 0.000342563 0.00743383 6.0663e-05 0.000533918 0.0107855 6.0663e-05
56127.7 0.000244398 -0.0058231 6.15769e-05 5.39825e-05 -0.00255881 6.15769e-05 -1.79763e-07 0.00154835 6.15769e-05 0.000356598 0.00771309 6.15769e-05 0.000550174 0.0111254 6.15769e-05
56889.3 0.000237576 -0.00574179 6.22941e-05 4.48654e-05 -0.00244101 6.22941e-05 6.30769e-06 0.00169838 6.22941e-05 0.000368105 0.0079521 6.22941e-05 0.000563337 0.0114133 6.22941e-05
57568.5 0.000229991 -0.00564681 6.29464e-05 3.51908e-05 -0.00231284 6.29464e-05 1.31731e-05 0.00185438 6.29464e-05 0.000379682 0.00819137 6.29464e-05 0.000576345 0.0116981 6.29464e-05
57750.2 0.000214991 -0.0054193 6.24148e-05 2.39067e-05 -0.00212287 6.24148e-05 1.94895e-05 0.00198591 6.24148e-05 0.000383791 0.00828119 6.24148e-05 0.0005786 0.0117612 6.24148e-05
57992.2 0.000215083 -0.00542666 6.28146e-05 2.29312e-05 -0.00211097 6.28146e-05 2.14765e-05 0.00202943 6.28146e-05 0.000388445 0.00837076 6.28146e-05 0.000584271 0.0118766 6.28146e-05
58592.1 0.000209837 -0.00536528 6.3638e-05 1.63681e-05 -0.00201451 6.3638e-05 2.83305e-05 0.00218212 6.3638e-05 0.000401076 0.00862484 6.3638e-05 0.000598796 0.0121869 6.3638e-05
59258.4 0.000202741 -0.00527786 6.44617e-05 8.25246e-06 -0.00189354 6.44617e-05 3.64496e-05 0.00235825 6.44617e-05 0.000414707 0.00890337 6.44617e-05 0.000614217 0.0125231 6.44617e-05
59920.4 0.000195793 -0.00519253 6.52703e-05 2.9737e-07 -0.00177524 6.52703e-05 4.53466e-05 0.00253563 6.52703e-05 0.00042797 0.00917682 6.52703e-05 0.000629195 0.0128538 6.52703e-05
60538.2 0.000191093 -0.00514078 6.63673e-05 -6.54509e-06 -0.00167473 6.63673e-05 5.51083e-05 0.00272543 6.63673e-05 0.000443825 0.00949422 6.63673e-05 0.000647488 0.0132472 6.63673e-05
61131.2 0.000187447 -0.00510473 6.75813e-05 -1.28122e-05 -0.00158337 6.75813e-05 6.5132e-05 0.00291877 6.75813e-05 0.000460606 0.00982843 6.75813e-05 0.000666953 0.0136658 6.75813e-05
58797.4 0.000168524 -0.00476832 6.6459e-05 -2.46658e-05 -0.00132484 6.6459e-05 8.04154e-05 0.00313855 6.6459e-05 0.000470043 0.00994224 6.6459e-05 0.000672817 0.0137177 6.6459e-05
60112.1 0.000162916 -0.00472021 6.81121e-05 -3.15721e-05 -0.00121804 6.81121e-05 9.23561e-05 0.0033873 6.81121e-05 0.000490839 0.0103835 6.81121e-05 0.000697231 0.0142748 6.81121e-05
61268.4 0.000165379 -0.00478935 6.97478e-05 -3.33269e-05 -0.00121022 6.97478e-05 9.86179e-05 0.00352728 6.97478e-05 0.000505996 0.010708 6.97478e-05 0.000716125 0.0147107 6.97478e-05
62172.5 0.00016509 -0.00481091 7.11783e-05 -3.64087e-05 -0.00117023 7.11783e-05 0.000106451 0.0036902 7.11783e-05 0.000521528 0.0110359 7.11783e-05 0.000734698 0.0151394 7.11783e-05
62706.5 0.000161094 -0.00476799 7.23246e-05 -4.12626e-05 -0.00108683 7.23246e-05 0.000116415 0.00388377 7.23246e-05 0.000537575 0.0113669 7.23246e-05 0.000752884 0.0155555 7.23246e-05
63201.9 0.000157834 -0.00473419 7.32324e-05 -4.5171e-05 -0.00102116 7.32324e-05 0.000124047 0.004035 7.32324e-05 0.000549933 0.0116276 7.32324e-05 0.000943076 0.0176174 7.32324e-05
63645.8 0.000155479 -0.00471138 7.38253e-05 -4.71947e-05 -0.000984358 7.38253e-05 0.000128672 0.00413107 7.38253e-05 0.000557553 0.0117954 7.38253e-05 0.00136139 0.0219064 7.38253e-05
64083.2 0.000153311 -0.00469112 7.4403e-05 -4.8982e-05 -0.000951151 7.4403e-05 0.000133062 0.00422279 7.4403e-05 0.000564844 0.0119571 7.4403e-05 0.00179404 0.0263952 7.4403e-05
64512.2 0.000151391 -0.00467431 7.49623e-05 -5.06376e-05 -0.000921003 7.49623e-05 0.000137152 0.00430887 7.49623e-05 0.000571729 0.012111 7.49623e-05 0.00224568 0.0311477 7.49623e-05
64153.6 0.000173535 -0.00499496 7.43053e-05 -3.74085e-05 -0.0011975 7.43053e-05 0.000115893 0.00393465 7.43053e-05 0.000545304 0.0116661 7.43053e-05 0.00363651 0.0500553 7.43053e-05
64627.8 0.000170315 -0.0049589 7.48248e-05 -4.04872e-05 -0.00114646 7.48248e-05 0.000120761 0.00402784 7.48248e-05 0.000553629 0.0118116 7.48248e-05 0.00440538 0.0579186 7.48248e-05
65064.1 0.000167922 -0.0049337 7.5166e-05 -4.2689e-05 -0.00111204 7.5166e-05 0.000123644 0.00408692 7.5166e-05 0.000558728 0.0119049 7.5166e-05 0.00532856 0.066614 7.5166e-05
65488.4 0.000165869 -0.00491341 7.55018e-05 -4.46639e-05 -0.00108196 7.55018e-05 0.000126247 0.00414097 7.55018e-05 0.000563501 0.0119926 7.55018e-05 0.00620182 0.0748394 7.55018e-05
65870.1 0.000164969 -0.00490967 7.58232e-05 -4.58795e-05 -0.00106631 7.58232e-05 0.000127955 0.0041788 7.58232e-05 0.000567225 0.0120625 7.58232e-05 0.00691917 0.081597 7.58232e-05
66251.6 0.000164086 -0.00490618 7.61441e-05 -4.7083e-05 -0.00105089 7.61441e-05 0.000129639 0.00421634 7.61441e-05 0.000570517 0.0121378 7.61441e-05 0.00763331 0.0883242 7.61441e-05
66632.9 0.00016318 -0.0049023 7.64632e-05 -4.80042e-05 -0.001038 7.64632e-05 0.000131323 0.00425405 7.64632e-05 0.000573647 0.0122159 7.64632e-05 0.00834629 0.0950406 7.64632e-05
67013.9 0.000162289 -0.00489867 7.67829e-05 -4.88801e-05 -0.00102564 7.67829e-05 0.000132939 0.00429292 7.67829e-05 0.000576766 0.012294 7.67829e-05 0.00905861 0.101751 7.67829e-05
67381.3 0.000161642 -0.0048984 7.70895e-05 -4.96344e-05 -0.00101608 7.70895e-05 0.000134291 0.00432774 7.70895e-05 0.00057958 0.0123654 7.70895e-05 0.00971496 0.107934 7.70895e-05
67741.8 0.000161081 -0.00489928 7.73886e-05 -5.03406e-05 -0.00100757 7.73886e-05 0.000135541 0.00436052 7.73886e-05 0.000582252 0.012434 7.73886e-05 0.010345 0.113871 7.73886e-05
68100.4 0.000160454 -0.00489909 7.76837e-05 -5.10684e-05 -0.00099844 7.76837e-05 0.000136824 0.00439387 7.76837e-05 0.000584931 0.0125027 7.76837e-05 0.0109747 0.119803 7.76837e-05
68448.7 0.00015993 -0.00490018 7.79676e-05 -5.17356e-05 -0.000990577 7.79676e-05 0.000137979 0.00442461 7.79676e-05 0.000587426 0.0125674 7.79676e-05 0.0115688 0.125401 7.79676e-05
68795 0.000159413 -0.00490133 7.82489e-05 -5.23979e-05 -0.000982822 7.82489e-05 0.000139117 0.004455 7.82489e-05 0.000589887 0.0126316 7.82489e-05 0.0121567 0.13094 7.82489e-05
69137.6 0.00015893 -0.00490298 7.85326e-05 -5.30487e-05 -0.000975344 7.85326e-05 0.000140249 0.00448527 7.85326e-05 0.000592352 0.0126958 7.85326e-05 0.0127467 0.136499 7.85326e-05
69480.4 0.000158445 -0.00490461 7.88161e-05 -5.37014e-05 -0.000967841 7.88161e-05 0.00014138 0.00451557 7.88161e-05 0.000594812 0.0127602 7.88161e-05 0.0133367 0.142057 7.88161e-05
69814.1 0.000158225 -0.00491037 7.91149e-05 -5.42626e-05 -0.000962752 7.91149e-05 0.00014241 0.00454402 7.91149e-05 0.000597259 0.0128243 7.91149e-05 0.0139312 0.147659 7.91149e-05
70117.4 0.000158854 -0.00492945 7.94633e-05 -5.45308e-05 -0.000965425 7.94633e-05 0.000143118 0.00456657 7.94633e-05 0.000599678 0.0128874 7.94633e-05 0.014542 0.153412 7.94633e-05
70420.1 0.000159482 -0.00494851 7.98109e-05 -5.47983e-05 -0.000968103 7.98109e-05 0.000143822 0.00458906 7.98109e-05 0.000602087 0.0129504 7.98109e-05 0.0151514 0.159152 7.98109e-05
70701.8 0.000160529 -0.00497336 8.0146e-05 -5.48667e-05 -0.000975271 8.0146e-05 0.000144189 0.00460468 8.0146e-05 0.000604117 0.0130046 8.0146e-05 0.0156893 0.16422 8.0146e-05
70975.1 0.000161716 -0.00500013 8.04757e-05 -5.48669e-05 -0.000983962 8.04757e-05 0.000144437 0.00461788 8.04757e-05 0.000606008 0.0130556 8.04757e-05 0.0162011 0.169041 8.04757e-05
71247.4 0.000162926 -0.00502721 8.08046e-05 -5.48565e-05 -0.000992895 8.08046e-05 0.000144666 0.0046307 8.08046e-05 0.000607875 0.0131062 8.08046e-05 0.0167088 0.173824 8.08046e-05
71518.6 0.000164165 -0.00505472 8.1133e-05 -5.48324e-05 -0.00100215 8.1133e-05 0.000144872 0.00464305 8.1133e-05 0.000609715 0.0131562 8.1133e-05 0.0172121 0.178565 8.1133e-05
71784.9 0.000165482 -0.00508328 8.14579e-05 -5.47699e-05 -0.00101225 8.14579e-05 0.00014501 0.00465402 8.14579e-05 0.000611472 0.0132043 8.14579e-05 0.0176997 0.183158 8.14579e-05
72037.8 0.000167059 -0.00511545 8.17741e-05 -5.45825e-05 -0.00102518 8.17741e-05 0.000144931 0.00466057 8.17741e-05 0.000612984 0.0132467 8.17741e-05 0.0181409 0.187315 8.17741e-05
72142.2 0.000171393 -0.00518502 8.18507e-05 -5.28766e-05 -0.00107267 8.18507e-05 0.00014129 0.00460231 8.18507e-05 0.000609608 0.0131946 8.18507e-05 0.0181388 0.187254 8.18507e-05
72300.7 0.000174662 -0.00524049 8.21083e-05 -5.18762e-05 -0.00110386 8.21083e-05 0.000139783 0.00458111 8.21083e-05 0.000609619 0.0131982 8.21083e-05 0.0181392 0.187277 8.21083e-05
72551 0.00017624 -0.0052729 8.2489e-05 -5.17757e-05 -0.00111464 8.2489e-05 0.000140282 0.00459602 8.2489e-05 0.000612332 0.0132528 8.2489e-05 0.0184632 0.190361 8.2489e-05
72793.6 0.000177902 -0.00530602 8.27937e-05 -5.15343e-05 -0.0011286 8.27937e-05 0.000140122 0.00459982 8.27937e-05 0.000613688 0.0132915 8.27937e-05 0.0188716 0.194209 8.27937e-05
72783.8 0.000186169 -0.00543295 8.313e-05 -4.71368e-05 -0.00121967 8.313e-05 0.00013609 0.00452961 8.313e-05 0.000611628 0.013253 8.313e-05 0.0188714 0.194181 8.313e-05
73059.5 0.000185672 -0.00543408 8.33017e-05 -4.77945e-05 -0.00121443 8.33017e-05 0.000136338 0.00454251 8.33017e-05 0.000612873 0.0132828 8.33017e-05 0.019014 0.195553 8.33017e-05
73309.7 0.000186806 -0.00545931 8.35609e-05 -4.75961e-05 -0.00122561 8.35609e-05 0.000136178 0.0045468 8.35609e-05 0.000613978 0.0133167 8.35609e-05 0.0193703 0.199017 8.35609e-05
73555 0.00018843 -0.00549187 8.38595e-05 -4.71657e-05 -0.00124126 8.38595e-05 0.000135988 0.00455021 8.38595e-05 0.00061527 0.0133542 8.38595e-05 0.0197749 0.202983 8.38595e-05
73796.1 0.00019003 -0.00552401 8.41573e-05 -4.6749e-05 -0.00125658 8.41573e-05 0.000135823 0.004554 8.41573e-05 0.00061658 0.0133922 8.41573e-05 0.0201821 0.206974 8.41573e-05
74038.6 0.000191639 -0.00555637 8.44553e-05 -4.63278e-05 -0.00127207 8.44553e-05 0.000135646 0.00455759 8.44553e-05 0.000617878 0.0134299 8.44553e-05 0.0205877 0.21095 8.44553e-05
74280.1 0.00019321 -0.00558901 8.47526e-05 -4.59113e-05 -0.00128752 8.47526e-05 0.000135472 0.00456122 8.47526e-05 0.000619174 0.0134677 8.47526e-05 0.0209929 0.214921 8.47526e-05
74521.3 0.000194785 -0.00562175 8.50505e-05 -4.54925e-05 -0.00130301 8.50505e-05 0.000135298 0.00456485 8.50505e-05 0.000620471 0.0135055 8.50505e-05 0.0213988 0.218899 8.50505e-05
72328.2 0.000165035 -0.00511351 8.31044e-05 -5.73324e-05 -0.00097894 8.31044e-05 0.000153382 0.00483703 8.31044e-05 0.000627803 0.0135876 8.31044e-05 0.0214018 0.218856 8.31044e-05
72753.1 0.000157334 -0.00500585 8.31293e-05 -6.07204e-05 -0.000902925 8.31293e-05 0.000157943 0.00493446 8.31293e-05 0.000631919 0.0136978 8.31293e-05 0.0221264 0.225907 8.31293e-05
73093.1 0.000153965 -0.00496243 8.33202e-05 -6.24745e-05 -0.00086639 8.33202e-05 0.000160797 0.00499643 8.33202e-05 0.00063541 0.0137875 8.33202e-05 0.0228713 0.233203 8.33202e-05
73394.1 0.000151977 -0.00493927 8.35106e-05 -6.35879e-05 -0.00084474 8.35106e-05 0.000162675 0.00503936 8.35106e-05 0.000638012 0.0138562 8.35106e-05 0.0234587 0.238957 8.35106e-05
73631.2 0.000151748 -0.00494156 8.36834e-05 -6.38702e-05 -0.000842235 8.36834e-05 0.000163232 0.00505615 8.36834e-05 0.000639328 0.0138942 8.36834e-05 0.0238082 0.242385 8.36834e-05
73867.4 0.000151507 -0.00494365 8.38554e-05 -6.41544e-05 -0.000839633 8.38554e-05 0.000163796 0.00507304 8.38554e-05 0.000640644 0.0139322 8.38554e-05 0.0241575 0.245811 8.38554e-05
74103.4 0.000151261 -0.00494565 8.4027e-05 -6.44396e-05 -0.000836988 8.4027e-05 0.000164361 0.00508998 8.4027e-05 0.000641958 0.0139703 8.4027e-05 0.0245067 0.249236 8.4027e-05
74339.1 0.000151012 -0.00494758 8.41982e-05 -6.47253e-05 -0.000834313 8.41982e-05 0.000164929 0.00510695 8.41982e-05 0.00064327 0.0140084 8.41982e-05 0.0248557 0.252658 8.41982e-05
74572 0.00015084 -0.00495065 8.43674e-05 -6.49889e-05 -0.000832339 8.43674e-05 0.000165428 0.00512258 8.43674e-05 0.000644508 0.0140448 8.43674e-05 0.0251795 0.256043 8.43674e-05
75034.2 0.000157192 -0.00506047 8.48894e-05 -6.36018e-05 -0.000888422 8.48894e-05 0.000162203 0.0050792 8.48894e-05 0.000644139 0.014054 8.48894e-05 0.0254332 0.258855 8.48894e-05
75628.3 0.000165952 -0.00521014 8.55348e-05 -6.08905e-05 -0.000974807 8.55348e-05 0.000157437 0.00501248 8.55348e-05 0.000642985 0.0140501 8.55348e-05 0.0256326 0.261173 8.55348e-05
76206.9 0.000174204 -0.00535163 8.61534e-05 -5.83541e-05 -0.00105624 8.61534e-05 0.000152956 0.00495017 8.61534e-05 0.000641951 0.0140483 8.61534e-05 0.0258331 0.263569 8.61534e-05
76763.3 0.000182034 -0.00548662 8.67425e-05 -5.59376e-05 -0.00113393 8.67425e-05 0.000148659 0.00489053 8.67425e-05 0.00064094 0.0140463 8.67425e-05 0.0260155 0.265871 8.67425e-05
76998.6 0.0001841 -0.00552619 8.70407e-05 -5.55111e-05 -0.00115261 8.70407e-05 0.000148101 0.00488756 8.70407e-05 0.000641868 0.0140769 8.70407e-05 0.0263134 0.269717 8.70407e-05
77215.6 0.00018666 -0.00556908 8.73311e-05 -5.50712e-05 -0.00117002 8.73311e-05 0.000147213 0.00488275 8.73311e-05 0.000642798 0.014109 8.73311e-05 0.0262006 0.274214 8.73311e-05
38018.2 0.515074 -0.966154 3.55047e-05 0.515074 -0.663757 3.55047e-05 0.515074 -0.0905206 3.55047e-05 0.515074 0.482716 3.55047e-05 0.515074 0.785113 3.55047e-05
