1619.67 -4524.69 -2402.42 1050.63 -4524.69 -1858.17 1050.63 -4524.69 -826.474 1050.63 -4524.69 205.223 1050.63 -4524.69 749.469 1050.63
2995.48 155.11 -4439.42 2179.14 155.11 -3310.59 2179.14 155.11 -1170.72 2179.14 155.11 969.153 2179.14 155.11 2097.99 2179.14
4347.22 4743.21 -6461.46 3272.29 4743.21 -4766.35 3272.29 4743.21 -1553.03 3272.29 4743.21 1660.3 3272.29 4743.21 3355.41 3272.29
5692.96 9315.32 -8486.13 4370.31 9315.32 -6222.23 4370.31 9315.31 -1930.67 4370.31 9315.31 2360.89 4370.31 9315.32 4624.8 4370.31
7036.64 13881.2 -10511.9 5468.09 13881.2 -7679.37 5468.09 13881.2 -2309.8 5468.09 13881.2 3059.76 5468.09 13881.2 5892.34 5468.09
8377.79 18437.5 -12547.6 6567.13 18437.5 -9145.74 6567.13 18437.5 -2696.94 6567.13 18437.5 3751.85 6567.13 18437.5 7153.76 6567.13
9717.02 22986.3 -14584.4 7665.93 22986.3 -10613.3 7665.93 22986.3 -3085.54 7665.93 22986.3 4442.25 7665.93 22986.3 8413.36 7665.93
11054.5 27529.3 -16618.8 8762.54 27529.3 -12079.6 8762.54 27529.3 -3475.01 8762.54 27529.3 5129.63 8762.54 27529.3 9668.8 8762.54
12390.3 32067.2 -18647.8 9854.12 32067.2 -13543.2 9854.12 32067.2 -3866.6 9854.12 32067.2 5809.95 9854.12 32067.2 10914.6 9854.12
13724.5 36599.3 -20674.2 10943.2 36599.3 -15005.4 10943.2 36599.3 -4259.35 10943.2 36599.3 6486.67 10943.2 36599.3 12155.5 10943.2
15056.7 41125 -22700.2 12032 41125 -16467.4 12032 41125 -4652.3 12032 41125 7162.84 12032 41125 13395.6 12032
16386.9 45644.2 -24725.9 13120.3 45644.2 -17929.3 13120.3 45644.2 -5045.47 13120.3 45644.2 7838.38 13120.3 45644.2 14634.9 13120.3
17715.2 50156.7 -26751.6 14208.8 50156.7 -19391.2 14208.8 50156.7 -5438.49 14208.8 50156.7 8514.23 14208.8 50156.7 15874.6 14208.8
19041.4 54662.3 -28778 15298 54662.3 -20853.3 15298 54662.3 -5830.95 15298 54662.3 9191.41 15298 54662.3 17116.1 15298
20365.6 59161.1 -30804.4 16387.4 59161.1 -22315.4 16387.4 59161.1 -6223.33 16387.4 59161.1 9868.74 16387.4 59161.1 18357.7 16387.4
21687.7 63653 -32830.8 17476.8 63653 -23777.4 17476.8 63653 -6615.54 17476.8 63653 10546.4 17476.8 63653 19599.7 17476.8
23007.8 68138.1 -34856.8 18565.9 68138.1 -25239.3 18565.9 68138.1 -7008 18565.9 68138.1 11223.3 18565.9 68138.1 20840.8 18565.9
24325.7 72616.2 -36882.6 19654.7 72616.2 -26701.1 19654.7 72616.2 -7400.52 19654.7 72616.2 11900.1 19654.7 72616.2 22081.6 19654.7
25641.7 77088.1 -38908.3 20743.4 77088.1 -28162.8 20743.4 77088.1 -7793.16 20743.4 77088.1 12576.5 20743.4 77088.1 23322 20743.4
26955.5 81553 -40933.6 21831.9 81553 -29624.3 21831.9 81553 -8185.78 21831.9 81553 13252.7 21831.9 81553 24562 21831.9
28267.1 86010.7 -42958.3 22920 86010.7 -31085.3 22920 86010.7 -8578.27 22920 86010.7 13928.8 22920 86010.7 25801.8 22920
29576.6 90461.2 -44982.7 24007.7 90461.2 -32546.2 24007.7 90461.2 -8971.06 24007.7 90461.2 14604.1 24007.7 90461.2 27040.5 24007.7
30883.9 94904.4 -47006.6 25095 94904.4 -34006.9 25095 94904.4 -9364.14 25095 94904.4 15278.7 25095 94904.4 28278.4 25095
32189 99340.1 -49030.2 26181.8 99340.1 -35467.5 26181.8 99340.1 -9757.53 26181.8 99340.1 15952.5 26181.8 99340.1 29515.1 26181.8
33491.9 103768 -51053.3 27268 103768 -36927.9 27268 103768 -10151.2 27268 103768 16625.4 27268 103768 30750.8 27268
34792.4 108189 -53076 28353.8 108189 -38388.2 28353.8 108189 -10545.3 28353.8 108189 17297.6 28353.8 108189 31985.4 28353.8
36090.7 112602 -55098.2 29439.1 112602 -39848.2 29439.1 112602 -10939.7 29439.1 112602 17968.9 29439.1 112602 33218.9 29439.1
37386.6 117006 -57120.1 30523.8 117006 -41308.2 30523.8 117006 -11334.3 30523.8 117006 18639.5 30523.8 117006 34451.4 30523.8
38680.2 121403 -59141.5 31608.1 121403 -42767.9 31608.1 121403 -11729.4 31608.1 121403 19309.2 31608.1 121403 35682.8 31608.1
39971.3 125792 -61162.5 32691.8 125792 -44227.5 32691.8 125792 -12124.8 32691.8 125792 19978 32691.8 125792 36913 32691.8
41260.1 130173 -63183.1 33775.1 130173 -45687 33775.1 130173 -12520.5 33775.1 130173 20645.9 33775.1 130173 38142.1 33775.1
42546.3 134546 -65203.3 34857.7 134546 -47146.3 34857.7 134546 -12916.7 34857.7 134546 21313 34857.7 134546 39369.9 34857.7
43830.1 138910 -67223.1 35939.9 138910 -48605.5 35939.9 138910 -13313.2 35939.9 138910 21979.1 35939.9 138910 40596.7 35939.9
45110.5 143262 -69242.7 37021.4 143262 -50064.9 37021.4 143262 -13710.6 37021.4 143262 22643.6 37021.4 143262 41821.4 37021.4
46114 146449 -71300.5 38019.5 146449 -51605.6 38019.5 146449 -14271.3 38019.5 146449 23063.1 38019.5 146449 42757.9 38019.5
47114.9 149626 -73359.7 39020.3 149626 -53146.4 39020.3 149626 -14829.2 39020.3 149626 23488 39020.3 149626 43701.3 39020.3
48117.6 152813 -75433 40039.5 152813 -54691.8 40039.5 152813 -15373.8 40039.5 152813 23944.3 40039.5 152813 44685.5 40039.5
49086.6 155860 -77511.8 41054 155860 -56245 41054 155860 -15930.7 41054 155860 24383.5 41054 155860 45650.3 41054
49917.9 158320 -79401.9 41809.7 158320 -57743.6 41809.7 158320 -16687.3 41809.7 158320 24369 41809.7 158320 46027.3 41809.7
50690.7 160533 -81201.1 42443.2 160533 -59214.7 42443.2 160533 -17536.3 42443.2 160533 24142 42443.2 160533 46128.4 42443.2
51459.4 162729 -82997.5 43073 162729 -60684.8 43073 162729 -18388 43073 162729 23908.9 43073 162729 46221.6 43073
52222.6 164902 -84797.2 43702.3 164902 -62158.6 43702.3 164902 -19243.8 43702.3 164902 23671 43702.3 164902 46309.6 43702.3
52965.6 166992 -86564.5 44290.8 166992 -63621 44290.8 166992 -20128.3 44290.8 166992 23364.4 44290.8 166992 46307.9 44290.8
53622.4 168780 -88174.1 44771.6 168780 -64981.6 44771.6 168780 -21016.8 44771.6 168780 22948.1 44771.6 168780 46140.6 44771.6
54110.5 170188 -88294.7 44704.7 170188 -65136.8 44704.7 170188 -21237.7 44704.7 170188 22661.5 44704.7 170188 45819.4 44704.7
54463.9 171346 -88508.4 44782.9 171346 -65309.9 44782.9 171346 -21333.9 44782.9 171346 22642 44782.9 171346 45840.5 44782.9
54732.6 172279 -88757.4 44913.2 172279 -65491.5 44913.2 172279 -21387.6 44913.2 172279 22716.3 44913.2 172279 45982.2 44913.2
54874.9 172659 -89053.7 45047.3 172659 -65718.3 45047.3 172659 -21482.6 45047.3 172659 22753 45047.3 172659 46088.4 45047.3
54960.1 172785 -89379.7 45191 172785 -65969.9 45191 172785 -21593.2 45191 172785 22783.4 45191 172785 46193.2 45191
55000.9 172714 -89727.6 45341.8 172714 -66239.7 45341.8 172714 -21714.9 45341.8 172714 22809.9 45341.8 172714 46297.9 45341.8
55227.7 173499 -89963.7 45463.8 173499 -66412.6 45463.8 173499 -21768 45463.8 173499 22876.5 45463.8 173499 46427.6 45463.8
55439.4 174229 -90194 45576.3 174229 -66584.5 45576.3 174229 -21829.5 45576.3 174229 22925.6 45576.3 174229 46535 45576.3
55646.9 174949 -90422.8 45689.5 174949 -66754.7 45689.5 174949 -21888.5 45689.5 174949 22977.7 45689.5 174949 46645.8 45689.5
55676.6 175393 -90793.7 46021.3 175393 -66953.7 46021.3 175393 -21761.7 46021.3 175393 23430.3 46021.3 175393 47270.2 46021.3
55617.1 175651 -91221.4 46418.6 175651 -67175.7 46418.6 175651 -21593.5 46418.6 175651 23988.7 46418.6 175651 48034.5 46418.6
55510 175538 -91626.4 46594 175538 -67489.8 46594 175538 -21735.4 46594 175538 24018.9 46594 175538 48155.5 46594
55551.7 175510 -91880.6 46455.8 175510 -67815.7 46455.8 175510 -22197 46455.8 175510 23421.6 46455.8 175510 47486.6 46455.8
55600.1 175517 -92127.3 46334.7 175517 -68125 46334.7 175517 -22625.1 46334.7 175517 22874.7 46334.7 175517 46877 46334.7
55785.3 176160 -92325.2 46440.5 176160 -68268.1 46440.5 176160 -22664.4 46440.5 176160 22939.3 46440.5 176160 46996.4 46440.5
55969.4 176801 -92518 46544.5 176801 -68407 46544.5 176801 -22701.2 46544.5 176801 23004.6 46544.5 176801 47115.6 46544.5
56152.6 177439 -92705.4 46646.7 177439 -68541.5 46646.7 177439 -22735.4 46646.7 177439 23070.7 46646.7 177439 47234.6 46646.7
56334.7 178075 -92887.1 46746.8 178075 -68671.4 46746.8 178075 -22766.9 46746.8 178075 23137.6 46746.8 178075 47353.3 46746.8
56515.7 178709 -93063 46844.9 178709 -68796.4 46844.9 178709 -22795.6 46844.9 178709 23205.2 46844.9 178709 47471.7 46844.9
56694.3 179338 -93233.8 46942.7 179338 -68916.5 46942.7 179338 -22819.7 46942.7 179338 23277.1 46942.7 179338 47594.3 46942.7
56854.6 179943 -93411 47063.4 179943 -69031.3 47063.4 179943 -22816 47063.4 179943 23399.3 47063.4 179943 47779 47063.4
57013.8 180546 -93580.8 47181.4 180546 -69139.9 47181.4 180546 -22808.6 47181.4 180546 23522.6 47181.4 180546 47963.5 47181.4
57171.8 181147 -93742.6 47296.7 181147 -69241.9 47296.7 181147 -22797.5 47296.7 181147 23647 47296.7 181147 48147.6 47296.7
57328.6 181744 -93896 47409.1 181744 -69337.2 47409.1 181744 -22782.4 47409.1 181744 23772.4 47409.1 181744 48331.2 47409.1
57484.1 182339 -94040.6 47518.2 182339 -69425.2 47518.2 182339 -22763.2 47518.2 182339 23898.7 47518.2 182339 48514.1 47518.2
57598.7 182891 -93729.1 47484.7 182891 -69131.1 47484.7 182891 -22502 47484.7 182891 24127 47484.7 182891 48725 47484.7
57655.9 183330 -92956.9 47290.3 183330 -68459.6 47290.3 183330 -22021.5 47290.3 183330 24416.7 47290.3 183330 48914 47290.3
57699.5 183697 -92227.3 47091.9 183697 -67832.7 47091.9 183697 -21589.4 47091.9 183697 24653.9 47091.9 183697 49048.4 47091.9
57730.9 184002 -91532.7 46889.8 184002 -67242.9 46889.8 184002 -21198 46889.8 184002 24846.9 46889.8 184002 49136.7 46889.8
57751.2 184272 -90794.9 46667.2 184272 -66620.4 46667.2 184272 -20794.2 46667.2 184272 25032 46667.2 184272 49206.5 46667.2
57768.1 184477 -90224.7 46485.9 184477 -66144 46485.9 184477 -20495.8 46485.9 184477 25152.5 46485.9 184477 49233.2 46485.9
57819.5 184626 -90354.9 46513.7 184626 -66259.9 46513.7 184626 -20584.3 46513.7 184626 25091.2 46513.7 184626 49186.2 46513.7
57907.3 184931 -90490.8 46592.5 184931 -66355 46592.5 184931 -20602.1 46592.5 184931 25150.8 46592.5 184931 49286.6 46592.5
57978 185161 -90627.3 46662.9 185161 -66455 46662.9 185161 -20633 46662.9 185161 25189 46662.9 185161 49361.3 46662.9
58032.9 185324 -90764.4 46726.4 185324 -66559.3 46726.4 185324 -20674.9 46726.4 185324 25209.5 46726.4 185324 49414.7 46726.4
58188.4 185921 -90898.8 46836.1 185921 -66636.8 46836.1 185921 -20644.6 46836.1 185921 25347.6 46836.1 185921 49609.6 46836.1
58343.2 186517 -91033.5 46946.6 186517 -66714.3 46946.6 186517 -20613.6 46946.6 186517 25487 46946.6 186517 49806.2 46946.6
58498.7 187113 -91168.3 47057.2 187113 -66791.7 47057.2 187113 -20582.5 47057.2 187113 25626.8 47057.2 187113 50003.3 47057.2
58653 187709 -91302.9 47166.9 187709 -66869.6 47166.9 187709 -20552.6 47166.9 187709 25764.3 47166.9 187709 50197.7 47166.9
58806.5 188298 -91438.4 47278.2 188298 -66947.4 47278.2 188298 -20521.2 47278.2 188298 25905 47278.2 188298 50396.1 47278.2
58959.6 188885 -91574.2 47389.8 188885 -67025.4 47389.8 188885 -20489.5 47389.8 188885 26046.4 47389.8 188885 50595.3 47389.8
59112.5 189472 -91710.1 47501.5 189472 -67103.4 47501.5 189472 -20457.9 47501.5 189472 26187.7 47501.5 189472 50794.3 47501.5
59265.5 190059 -91846.1 47613.5 190059 -67181.4 47613.5 190059 -20425.9 47613.5 190059 26329.5 47613.5 190059 50994.3 47613.5
59418.2 190644 -91982.2 47725.1 190644 -67259.7 47725.1 190644 -20394.6 47725.1 190644 26470.5 47725.1 190644 51193 47725.1
59570.5 191229 -92118.4 47836.1 191229 -67338.3 47836.1 191229 -20364.2 47836.1 191229 26609.9 47836.1 191229 51389.9 47836.1
59722.8 191812 -92254.5 47947 191812 -67417 47947 191812 -20334 47947 191812 26749 47947 191812 51586.5 47947
59874.6 192394 -92390.8 48057 192394 -67496.3 48057 192394 -20305.3 48057 192394 26885.7 48057 192394 51780.1 48057
60022.7 192958 -92529.3 48169.3 192958 -67576.7 48169.3 192958 -20275.4 48169.3 192958 27026 48169.3 192958 51978.6 48169.3
60165.9 193500 -92670.8 48283.7 193500 -67659 48283.7 193500 -20245.3 48283.7 193500 27168.3 48283.7 193500 52180.1 48283.7
60308.3 194040 -92812.7 48398.3 194040 -67741.5 48398.3 194040 -20215.3 48398.3 194040 27310.9 48398.3 194040 52382.2 48398.3
60449.2 194575 -92955.2 48513.3 194575 -67824.3 48513.3 194575 -20185.2 48513.3 194575 27454 48513.3 194575 52584.8 48513.3
60586.1 195091 -93100.2 48630 195091 -67908.9 48630 195091 -20155.2 48630 195091 27598.5 48630 195091 52789.8 48630
60722.6 195606 -93245.1 48746.3 195606 -67993.5 48746.3 195606 -20125.6 48746.3 195606 27742.3 48746.3 195606 52993.9 48746.3
60859.2 196122 -93390 48862.8 196122 -68078.1 48862.8 196122 -20095.8 48862.8 196122 27886.5 48862.8 196122 53198.4 48862.8
60995.3 196635 -93535.1 48978.7 196635 -68163.2 48978.7 196635 -20067 48978.7 196635 28029.1 48978.7 196635 53401.1 48978.7
61131.4 197148 -93680.2 49094.5 197148 -68248.3 49094.5 197148 -20038.5 49094.5 197148 28171.4 49094.5 197148 53603.3 49094.5
135.076 197659 -93825.7 49210.7 197659 -68333.6 49210.7 197659 -20009.6 49210.7 197659 28314.4 49210.7 197659 53806.5 49210.7
266.8 198161 -93972.3 49328.9 198161 -68418.9 49328.9 198161 -19978.9 49328.9 198161 28461.2 49328.9 198161 54014.5 49328.9
398.947 198664 -94118.7 49446.8 198664 -68504.3 49446.8 198664 -19948.4 49446.8 198664 28607.4 49446.8 198664 54221.9 49446.8
535.999 199180 -94263.5 49562.7 199180 -68589.1 49562.7 199180 -19919.6 49562.7 199180 28750 49562.7 199180 54424.4 49562.7
673.04 199695 -94408.4 49678.5 199695 -68673.9 49678.5 199695 -19890.6 49678.5 199695 28892.8 49678.5 199695 54627.2 49678.5
-2914.92 191551 -96207.8 52373.5 191551 -69077.3 52373.5 191551 -17647.5 52373.5 191551 33782.4 52373.5 191551 60912.9 52373.5
-2490.81 193478 -96274.9 52666.7 193478 -68992.5 52666.7 193478 -17274.8 52666.7 193478 34442.9 52666.7 193478 61725.3 52666.7
-2127.02 195108 -96367.1 52864.6 195108 -68982.2 52864.6 195108 -17070.2 52864.6 195108 34841.8 52864.6 195108 62226.7 52864.6
-1888.89 196121 -96514.6 53047.1 196121 -69035.1 53047.1 196121 -16943.9 53047.1 196121 35147.3 53047.1 196121 62626.7 53047.1
-1371.79 197701 -96537.2 53008.8 197701 -69077.6 53008.8 197701 -17023.9 53008.8 197701 35029.7 53008.8 197701 62489.3 53008.8
-934.636 198979 -96581 52980.7 198979 -69135.9 52980.7 198979 -17109.9 52980.7 198979 34916.1 52980.7 198979 62361.2 52980.7
-633.472 199762 -96642.6 52928.2 199762 -69224.7 52928.2 199762 -17250.2 52928.2 199762 34724.2 52928.2 199762 62142.1 52928.2
-364.052 200440 -96706.1 52874.3 200440 -69316.2 52874.3 200440 -17394.7 52874.3 200440 34526.9 52874.3 200440 61916.8 52874.3
-96.436 201114 -96770 52821.2 201114 -69407.6 52821.2 201114 -17538.2 52821.2 201114 34331.1 52821.2 201114 61693.6 52821.2
169.672 201785 -96834.5 52769.1 201785 -69499.1 52769.1 201785 -17680.9 52769.1 201785 34137.2 52769.1 201785 61472.6 52769.1
432.661 202453 -96899.6 52717.4 202453 -69591 52717.4 202453 -17823.5 52717.4 202453 33943.9 52717.4 202453 61252.5 52717.4
694.563 203120 -96965.3 52666.8 203120 -69682.8 52666.8 203120 -17965 52666.8 203120 33752.7 52666.8 203120 61035.2 52666.8
955.208 203784 -97031.6 52617.3 203784 -69774.8 52617.3 203784 -18105.6 52617.3 203784 33563.6 52617.3 203784 60820.3 52617.3
1214.49 204446 -97098.7 52569.2 204446 -69866.9 52569.2 204446 -18245 52569.2 204446 33376.9 52569.2 204446 60608.8 52569.2
1361.49 204962 -97235.6 52661.7 204962 -69955.8 52661.7 204962 -18243 52661.7 204962 33469.8 52661.7 204962 60749.6 52661.7
1484.27 205446 -97387.6 52784.6 205446 -70044.2 52784.6 205446 -18210.7 52784.6 205446 33622.8 52784.6 205446 60966.3 52784.6
1606.86 205929 -97539.7 52907.4 205929 -70132.7 52907.4 205929 -18178.6 52907.4 205929 33775.4 52907.4 205929 61182.4 52907.4
1729.37 206412 -97691.8 53030.1 206412 -70221.2 53030.1 206412 -18146.7 53030.1 206412 33927.8 53030.1 206412 61398.4 53030.1
1851.8 206894 -97844 53152.8 206894 -70309.8 53152.8 206894 -18114.8 53152.8 206894 34080.2 53152.8 206894 61614.4 53152.8
1957.84 207303 -97999.8 53249.1 207303 -70415.7 53249.1 207303 -18126.2 53249.1 207303 34163.4 53249.1 207303 61747.5 53249.1
2061.4 207695 -98157 53340.3 207695 -70525.7 53340.3 207695 -18146.6 53340.3 207695 34232.5 53340.3 207695 61863.8 53340.3
2164.34 208085 -98314.1 53430.4 208085 -70636.1 53430.4 208085 -18168.4 53430.4 208085 34299.2 53430.4 208085 61977.2 53430.4
2266.62 208474 -98471.1 53519.9 208474 -70746.7 53519.9 208474 -18191.2 53519.9 208474 34364.3 53519.9 208474 62088.6 53519.9
2368.73 208862 -98628.2 53609.1 208862 -70857.7 53609.1 208862 -18214.6 53609.1 208862 34428.5 53609.1 208862 62199 53609.1
2470.45 209248 -98785.6 53698.3 209248 -70968.8 53698.3 209248 -18238.2 53698.3 209248 34492.5 53698.3 209248 62309.3 53698.3
2571.83 209632 -98943.1 53787.1 209632 -71080.3 53787.1 209632 -18262.4 53787.1 209632 34555.5 53787.1 209632 62418.3 53787.1
2672.86 210015 -99100.8 53875.7 210015 -71192.1 53875.7 210015 -18287.3 53875.7 210015 34617.6 53875.7 210015 62526.2 53875.7
2773.51 210395 -99258.6 53963.8 210395 -71304.3 53963.8 210395 -18312.8 53963.8 210395 34678.6 53963.8 210395 62632.9 53963.8
2873.84 210774 -99416.3 54051.5 210774 -71416.6 54051.5 210774 -18339.1 54051.5 210774 34738.4 54051.5 210774 62738.2 54051.5
2973.6 211151 -99574.2 54138.9 211151 -71529.2 54138.9 211151 -18365.9 54138.9 211151 34797.5 54138.9 211151 62842.5 54138.9
3072.99 211526 -99732.3 54225.8 211526 -71642.2 54225.8 211526 -18393.5 54225.8 211526 34855.2 54225.8 211526 62945.2 54225.8
3171.91 211899 -99890.5 54312.3 211899 -71755.7 54312.3 211899 -18422 54312.3 211899 34911.6 54312.3 211899 63046.4 54312.3
3270.34 212269 -100049 54398.3 212269 -71869.5 54398.3 212269 -18451.5 54398.3 212269 34966.5 54398.3 212269 63145.9 54398.3
3368.21 212637 -100207 54483.7 212637 -71983.9 54483.7 212637 -18482 54483.7 212637 35019.9 54483.7 212637 63243.6 54483.7
3465.52 213002 -100366 54568.5 213002 -72098.7 54568.5 213002 -18513.5 54568.5 213002 35071.7 54568.5 213002 63339.3 54568.5
3562.2 213365 -100525 54652.7 213365 -72214.1 54652.7 213365 -18546.2 54652.7 213365 35121.7 54652.7 213365 63432.9 54652.7
3653.48 213702 -100686 54728.5 213702 -72335.4 54728.5 213702 -18593 54728.5 213702 35149.3 54728.5 213702 63499.8 54728.5
3151.59 211363 -100832 54214.6 211363 -72747.8 54214.6 211363 -19510.1 54214.6 211363 33727.6 54214.6 211363 61811.8 54214.6
3041.28 210743 -101136 54196.3 210743 -73061.7 54196.3 210743 -19842 54196.3 210743 33377.7 54196.3 210743 61452.4 54196.3
3141.26 211114 -101307 54286 211114 -73186.1 54286 211114 -19878.3 54286 211114 33429.5 54286 211114 61550.8 54286
3255.52 211550 -101475 54380.7 211550 -73304.8 54380.7 211550 -19904 54380.7 211550 33496.8 54380.7 211550 61667 54380.7
3369.62 211986 -101643 54474.6 211986 -73423.6 54474.6 211986 -19930.6 54474.6 211986 33562.4 54474.6 211986 61781.3 54474.6
3470.33 212360 -101812 54550.7 212360 -73553.5 54550.7 212360 -19985.8 54550.7 212360 33581.9 54550.7 212360 61840.3 54550.7
3570.58 212734 -101981 54626.4 212734 -73683.6 54626.4 212734 -20041.5 54626.4 212734 33600.5 54626.4 212734 61898 54626.4
3670.96 213107 -102150 54702.1 213107 -73813.6 54702.1 213107 -20097.2 54702.1 213107 33619.2 54702.1 213107 61956 54702.1
3771.39 213480 -102320 54777.9 213480 -73943.7 54777.9 213480 -20152.9 54777.9 213480 33637.9 54777.9 213480 62013.9 54777.9
3871.84 213854 -102489 54853.6 213854 -74073.7 54853.6 213854 -20208.5 54853.6 213854 33656.7 54853.6 213854 62071.9 54853.6
3972.4 214227 -102658 54929.8 214227 -74203.7 54929.8 214227 -20263.7 54929.8 214227 33676.3 54929.8 214227 62131 54929.8
4072.68 214600 -102828 55006.5 214600 -74333.5 55006.5 214600 -20318.2 55006.5 214600 33697.2 55006.5 214600 62191.6 55006.5
4172.93 214972 -102997 55083.2 214972 -74463.3 55083.2 214972 -20372.6 55083.2 214972 33718 55083.2 214972 62252.2 55083.2
4272.94 215344 -103167 55160 215344 -74593.1 55160 215344 -20427.1 55160 215344 33738.9 55160 215344 62312.9 55160
4373.16 215717 -103337 55236.7 215717 -74722.9 55236.7 215717 -20481.5 55236.7 215717 33759.8 55236.7 215717 62373.5 55236.7
4473.38 216089 -103506 55313.4 216089 -74852.6 55313.4 216089 -20535.9 55313.4 216089 33780.7 55313.4 216089 62434.2 55313.4
4573.59 216462 -103676 55390.2 216462 -74982.4 55390.2 216462 -20590.4 55390.2 216462 33801.7 55390.2 216462 62494.9 55390.2
4662.02 216784 -103838 55460.9 216784 -75108.2 55460.9 216784 -20646.7 55460.9 216784 33814.8 55460.9 216784 62544.6 55460.9
4749.82 217105 -104000 55531.4 217105 -75233.9 55531.4 217105 -20703.1 55531.4 217105 33827.7 55531.4 217105 62594 55531.4
4837.62 217425 -104163 55602 217425 -75359.6 55602 217425 -20759.5 55602 217425 33840.6 55602 217425 62643.5 55602
4925.42 217746 -104325 55672.6 217746 -75485.3 55672.6 217746 -20815.9 55672.6 217746 33853.5 55672.6 217746 62692.9 55672.6
5013.19 218067 -104487 55743.1 218067 -75611 55743.1 218067 -20872.3 55743.1 218067 33866.3 55743.1 218067 62742.4 55743.1
5100.95 218387 -104649 55813.7 218387 -75736.7 55813.7 218387 -20928.7 55813.7 218387 33879.2 55813.7 218387 62791.8 55813.7
5188.71 218708 -104811 55884.1 218708 -75862.4 55884.1 218708 -20985.2 55884.1 218708 33891.9 55884.1 218708 62841 55884.1
5276.45 219028 -104974 55954.4 219028 -75988.1 55954.4 219028 -21042 55954.4 219028 33904.2 55954.4 219028 62889.6 55954.4
5364.21 219348 -105136 56024.8 219348 -76113.9 56024.8 219348 -21098.6 56024.8 219348 33916.7 56024.8 219348 62938.7 56024.8
5451.81 219668 -105298 56095.1 219668 -76239.6 56095.1 219668 -21155.3 56095.1 219668 33929 56095.1 219668 62987.4 56095.1
5539.48 219989 -105460 56165.5 219989 -76365.4 56165.5 219989 -21212 56165.5 219989 33941.5 56165.5 219989 63036.3 56165.5
5627.14 220309 -105622 56235.9 220309 -76491.1 56235.9 220309 -21268.6 56235.9 220309 33953.9 56235.9 220309 63085.2 56235.9
5714.8 220629 -105785 56306.3 220629 -76616.9 56306.3 220629 -21325.2 56306.3 220629 33966.4 56306.3 220629 63134.2 56306.3
5802.47 220949 -105947 56376.8 220949 -76742.6 56376.8 220949 -21381.7 56376.8 220949 33979.2 56376.8 220949 63183.5 56376.8
5890.07 221269 -106109 56447.4 221269 -76868.3 56447.4 221269 -21438.1 56447.4 221269 33992.2 56447.4 221269 63233.1 56447.4
5977.7 221589 -106271 56518 221589 -76994 56518 221589 -21494.4 56518 221589 34005.2 56518 221589 63282.6 56518
6062.11 221896 -106431 56586.5 221896 -77117.6 56586.5 221896 -21550.7 56586.5 221896 34016.1 56586.5 221896 63329.1 56586.5
6145.16 222198 -106588 56654.2 222198 -77240.2 56654.2 222198 -21606.9 56654.2 222198 34026.3 56654.2 222198 63374.3 56654.2
6228.21 222500 -106746 56721.7 222500 -77362.8 56721.7 222500 -21663.2 56721.7 222500 34036.4 56721.7 222500 63419.3 56721.7
6311.22 222802 -106903 56789.1 222802 -77485.5 56789.1 222802 -21719.7 56789.1 222802 34046.1 56789.1 222802 63463.9 56789.1
6394.21 223103 -107061 56856.5 223103 -77608.1 56856.5 223103 -21776.1 56856.5 223103 34055.9 56856.5 223103 63508.7 56856.5
6477.22 223405 -107218 56924 223405 -77730.7 56924 223405 -21832.5 56924 223405 34065.8 56924 223405 63553.5 56924
6560.21 223707 -107376 56991.4 223707 -77853.3 56991.4 223707 -21888.9 56991.4 223707 34075.6 56991.4 223707 63598.2 56991.4
6643.18 224008 -107534 57058.8 224008 -77976 57058.8 224008 -21945.3 57058.8 224008 34085.3 57058.8 224008 63642.9 57058.8
6726.12 224310 -107691 57126.2 224310 -78098.6 57126.2 224310 -22001.7 57126.2 224310 34095.1 57126.2 224310 63687.6 57126.2
6808.37 224608 -107849 57194 224608 -78221.5 57194 224608 -22058.1 57194 224608 34105.3 57194 224608 63732.9 57194
6890.47 224906 -108007 57261.9 224906 -78344.4 57261.9 224906 -22114.4 57261.9 224906 34115.6 57261.9 224906 63778.4 57261.9
6972.55 225203 -108165 57329.7 225203 -78467.3 57329.7 225203 -22170.7 57329.7 225203 34126 57329.7 225203 63823.9 57329.7
7053.62 225497 -108322 57396.9 225497 -78589.6 57396.9 225497 -22227 57396.9 225497 34135.7 57396.9 225497 63868.4 57396.9
7133.37 225785 -108478 57463.2 225785 -78711 57463.2 225785 -22283.2 57463.2 225785 34144.6 57463.2 225785 63911.6 57463.2
7213.17 226073 -108634 57529.6 226073 -78832.3 57529.6 226073 -22339.4 57529.6 226073 34153.5 57529.6 226073 63954.9 57529.6
7292.97 226362 -108790 57595.9 226362 -78953.7 57595.9 226362 -22395.7 57595.9 226362 34162.4 57595.9 226362 63998.2 57595.9
7372.76 226650 -108945 57662.3 226650 -79075.1 57662.3 226650 -22451.9 57662.3 226650 34171.3 57662.3 226650 64041.4 57662.3
7452.53 226939 -109101 57728.6 226939 -79196.5 57728.6 226939 -22508.2 57728.6 226939 34180.2 57728.6 226939 64084.7 57728.6
7532.12 227227 -109255 57794.4 227227 -79316.6 57794.4 227227 -22563.6 57794.4 227227 34189.5 57794.4 227227 64128.1 57794.4
7611.74 227515 -109409 57860.2 227515 -79436.4 57860.2 227515 -22618.8 57860.2 227515 34198.8 57860.2 227515 64171.5 57860.2
7690.78 227801 -109563 57925.3 227801 -79557 57925.3 227801 -22675.5 57925.3 227801 34206.1 57925.3 227801 64212.5 57925.3
7769.6 228085 -109718 57990.2 228085 -79677.8 57990.2 228085 -22732.6 57990.2 228085 34212.7 57990.2 228085 64252.7 57990.2
7848.48 228370 -109872 58055.1 228370 -79798.6 58055.1 228370 -22789.7 58055.1 228370 34219.3 58055.1 228370 64292.9 58055.1
7927.33 228654 -110027 58119.9 228654 -79919.5 58119.9 228654 -22846.9 58119.9 228654 34225.7 58119.9 228654 64333 58119.9
8006.17 228939 -110181 58184.7 228939 -80040.4 58184.7 228939 -22904.1 58184.7 228939 34232.2 58184.7 228939 64373 58184.7
78.8965 229224 -110336 58249.6 229224 -80161.2 58249.6 229224 -22961.3 58249.6 229224 34238.6 58249.6 229224 64413.1 58249.6
157.758 229509 -110490 58314.4 229509 -80282.1 58314.4 229509 -23018.5 58314.4 229509 34245.2 58314.4 229509 64453.2 58314.4
236.6 229793 -110645 58379.3 229793 -80403 58379.3 229793 -23075.7 58379.3 229793 34251.7 58379.3 229793 64493.3 58379.3
315.424 230078 -110799 58444.1 230078 -80523.8 58444.1 230078 -23132.8 58444.1 230078 34258.2 58444.1 230078 64533.4 58444.1
394.228 230363 -110953 58509 230363 -80644.7 58509 230363 -23190 58509 230363 34264.7 58509 230363 64573.5 58509
473.013 230647 -111108 58573.8 230647 -80765.5 58573.8 230647 -23247.2 58573.8 230647 34271.2 58573.8 230647 64613.6 58573.8
551.778 230931 -111262 58638.7 230931 -80886.3 58638.7 230931 -23304.3 58638.7 230931 34277.7 58638.7 230931 64653.7 58638.7
627.768 231214 -111385 58701.8 231214 -80976.1 58701.8 231214 -23332.1 58701.8 231214 34311.9 58701.8 231214 64720.6 58701.8
697.582 231492 -111435 58761 231492 -80995.6 58761 231492 -23293.5 58761 231492 34408.6 58761 231492 64848 58761
767.359 231771 -111485 58820.1 231771 -81015 58820.1 231771 -23254.9 58820.1 231771 34505.3 58820.1 231771 64975.3 58820.1
837.163 232049 -111535 58879.2 232049 -81034.4 58879.2 232049 -23216.2 58879.2 232049 34602 58879.2 232049 65102.5 58879.2
906.914 232327 -111585 58938.2 232327 -81053.7 58938.2 232327 -23177.6 58938.2 232327 34698.6 58938.2 232327 65229.7 58938.2
976.648 232606 -111635 58997.2 232606 -81073 58997.2 232606 -23138.9 58997.2 232606 34795.2 58997.2 232606 65356.9 58997.2
1046.36 232884 -111685 59056.3 232884 -81092.3 59056.3 232884 -23100.2 59056.3 232884 34891.9 59056.3 232884 65484.2 59056.3
1116.05 233162 -111734 59115.3 233162 -81111.5 59115.3 233162 -23061.4 59115.3 233162 34988.6 59115.3 233162 65611.5 59115.3
1185.72 233440 -111784 59174.3 233440 -81130.7 59174.3 233440 -23022.7 59174.3 233440 35085.3 59174.3 233440 65738.8 59174.3
1255.36 233718 -111834 59233.3 233718 -81149.8 59233.3 233718 -22983.8 59233.3 233718 35182.1 59233.3 233718 65866.1 59233.3
1324.99 233996 -111883 59292.3 233996 -81168.9 59292.3 233996 -22945 59292.3 233996 35278.9 59292.3 233996 65993.5 59292.3
1391.09 234259 -111932 59349.3 234259 -81188.2 59349.3 234259 -22908.3 59349.3 234259 35371.5 59349.3 234259 66115.6 59349.3
1454.3 234510 -111980 59404.5 234510 -81207.6 59404.5 234510 -22873.6 59404.5 234510 35460.5 59404.5 234510 66233.2 59404.5
1517.43 234761 -112028 59459.7 234761 -81227 59459.7 234761 -22838.8 59459.7 234761 35549.5 59459.7 234761 66350.7 59459.7
1580.5 235011 -112076 59514.9 235011 -81246.4 59514.9 235011 -22804 59514.9 235011 35638.4 59514.9 235011 66468.3 59514.9
1643.51 235262 -112124 59570 235262 -81265.8 59570 235262 -22769.2 59570 235262 35727.4 59570 235262 66585.8 59570
1706.45 235512 -112172 59625.1 235512 -81285.1 59625.1 235512 -22734.4 59625.1 235512 35816.3 59625.1 235512 66703.3 59625.1
1769.34 235762 -112220 59680.2 235762 -81304.3 59680.2 235762 -22699.6 59680.2 235762 35905.2 59680.2 235762 66820.7 59680.2
1832.16 236011 -112268 59735.2 236011 -81323.6 59735.2 236011 -22664.8 59735.2 236011 35994.1 59735.2 236011 66938.1 59735.2
1894.92 236261 -112315 59790.2 236261 -81342.8 59790.2 236261 -22629.9 59790.2 236261 36082.9 59790.2 236261 67055.4 59790.2
1957.61 236510 -112363 59845.2 236510 -81361.9 59845.2 236510 -22595.1 59845.2 236510 36171.7 59845.2 236510 67172.7 59845.2
2020.23 236758 -112411 59900.1 236758 -81381.1 59900.1 236758 -22560.3 59900.1 236758 36260.5 59900.1 236758 67289.9 59900.1
2082.78 237007 -112458 59955.1 237007 -81400.1 59955.1 237007 -22525.5 59955.1 237007 36349.2 59955.1 237007 67407.1 59955.1
2145.26 237255 -112506 60009.9 237255 -81419.2 60009.9 237255 -22490.6 60009.9 237255 36438 60009.9 237255 67524.3 60009.9
2207.67 237503 -112553 60064.8 237503 -81438.2 60064.8 237503 -22455.8 60064.8 237503 36526.6 60064.8 237503 67641.3 60064.8
2270.01 237751 -112600 60119.5 237751 -81457.2 60119.5 237751 -22421 60119.5 237751 36615.3 60119.5 237751 67758.4 60119.5
2332.27 237998 -112648 60174.3 237998 -81476.1 60174.3 237998 -22386.1 60174.3 237998 36703.9 60174.3 237998 67875.3 60174.3
2394.45 238245 -112695 60229 238245 -81495 60229 238245 -22351.3 60229 238245 36792.4 60229 238245 67992.2 60229
2456.55 238492 -112742 60283.7 238492 -81513.9 60283.7 238492 -22316.5 60283.7 238492 36880.9 60283.7 238492 68109 60283.7
2518.57 238739 -112789 60338.3 238739 -81532.7 60338.3 238739 -22281.7 60338.3 238739 36969.4 60338.3 238739 68225.8 60338.3
2580.5 238985 -112836 60392.9 238985 -81551.5 60392.9 238985 -22246.9 60392.9 238985 37057.8 60392.9 238985 68342.5 60392.9
2639.73 239220 -112883 60445.9 239220 -81570.5 60445.9 239220 -22213.8 60445.9 239220 37143 60445.9 239220 68455.1 60445.9
2698.1 239451 -112929 60498.3 239451 -81589.5 60498.3 239451 -22181.3 60498.3 239451 37226.9 60498.3 239451 68566.3 60498.3
2756.29 239681 -112975 60550.8 239681 -81608.4 60550.8 239681 -22148.7 60550.8 239681 37310.9 60550.8 239681 68677.4 60550.8
2814.41 239912 -113021 60603.1 239912 -81627.3 60603.1 239912 -22116.3 60603.1 239912 37394.8 60603.1 239912 68788.4 60603.1
2872.42 240141 -113067 60655.4 240141 -81646.2 60655.4 240141 -22083.8 60655.4 240141 37478.6 60655.4 240141 68899.2 60655.4
2930.32 240371 -113113 60707.6 240371 -81665.1 60707.6 240371 -22051.4 60707.6 240371 37562.2 60707.6 240371 69009.9 60707.6
2988.09 240600 -113159 60759.7 240600 -81683.9 60759.7 240600 -22019.1 60759.7 240600 37645.8 60759.7 240600 69120.5 60759.7
3045.74 240828 -113204 60811.8 240828 -81702.7 60811.8 240828 -21986.7 60811.8 240828 37729.3 60811.8 240828 69231 60811.8
3072.35 240925 -113243 60841 240925 -81726.4 60841 240925 -21981.7 60841 240925 37763 60841 240925 69279.9 60841
3068.02 240888 -113279 60841.4 240888 -81762.1 60841.4 240888 -22017.1 60841.4 240888 37728 60841.4 240888 69245.1 60841.4
2999.46 240562 -113311 60785.1 240562 -81823 60785.1 240562 -22133.2 60785.1 240562 37556.6 60785.1 240562 69044.5 60785.1
3002.2 240554 -113348 60792.1 240554 -81856.8 60792.1 240554 -22160.2 60792.1 240554 37536.5 60792.1 240554 69028 60792.1
3067.16 240820 -113389 60854.5 240820 -81864.7 60854.5 240820 -22106.7 60854.5 240820 37651.2 60854.5 240820 69175 60854.5
3132.05 241087 -113429 60916.8 241087 -81872.5 60916.8 241087 -22053.5 60916.8 241087 37765.6 60916.8 241087 69321.7 60916.8
3196.61 241352 -113469 60979.6 241352 -81880.5 60979.6 241352 -21999.8 60979.6 241352 37881 60979.6 241352 69469.6 60979.6
3259.78 241608 -113513 61047.7 241608 -81889.6 61047.7 241608 -21941.9 61047.7 241608 38005.8 61047.7 241608 69629.7 61047.7
3322.72 241864 -113558 61116.1 241864 -81898.6 61116.1 241864 -21883.8 61116.1 241864 38131 61116.1 241864 69790.3 61116.1
3384.04 242112 -113603 61180.8 242112 -81909.7 61180.8 242112 -21831.4 61180.8 242112 38247 61180.8 242112 69939.8 61180.8
3440.06 242334 -113647 61231.8 242334 -81928.3 61231.8 242334 -21799.9 61231.8 242334 38328.5 61231.8 242334 70047.8 61231.8
3495.89 242555 -113692 61282.1 242555 -81947.1 61282.1 242555 -21769.2 61282.1 242555 38408.6 61282.1 242555 70154 61282.1
3551.76 242776 -113737 61332 242776 -81966.1 61332 242776 -21739.2 61332 242776 38487.6 61332 242776 70258.8 61332
3607.55 242996 -113782 61381.8 242996 -81985.1 61381.8 242996 -21709.4 61381.8 242996 38566.4 61381.8 242996 70363.4 61381.8
3663.17 243216 -113827 61431.6 243216 -82004.1 61431.6 243216 -21679.4 61431.6 243216 38645.2 61431.6 243216 70468 61431.6
3718.81 243436 -113872 61481.4 243436 -82023 61481.4 243436 -21649.5 61481.4 243436 38724 61481.4 243436 70572.6 61481.4
3735.24 243488 -113912 61506.3 243488 -82050.3 61506.3 243488 -21652.3 61506.3 243488 38745.6 61506.3 243488 70607.1 61506.3
3522.78 242649 -113790 61384 242649 -81991.8 61384 242649 -21713.9 61384 242649 38563.9 61384 242649 70362 61384
3620.08 242935 -113998 61474 242935 -82152.9 61474 242935 -21786.6 61474 242935 38579.6 61474 242935 70424.4 61474
3685.16 243202 -114037 61534.7 243202 -82161.1 61534.7 243202 -21735.2 61534.7 243202 38690.7 61534.7 243202 70566.9 61534.7
3750.23 243470 -114077 61595.3 243470 -82169.3 61595.3 243470 -21684 61595.3 243470 38801.4 61595.3 243470 70708.9 61595.3
3814.58 243735 -114116 61653.3 243735 -82178.3 61653.3 243735 -21635.9 61653.3 243735 38906.4 61653.3 243735 70844.1 61653.3
3877.73 243993 -114153 61703 243993 -82189.6 61703 243993 -21598.4 61703 243993 38992.8 61703 243993 70956.2 61703
3941.5 244251 -114190 61753.5 244251 -82200.8 61753.5 244251 -21560.1 61753.5 244251 39080.6 61753.5 244251 71070.2 61753.5
4003.75 244509 -114227 61802.6 244509 -82212.2 61802.6 244509 -21523.2 61802.6 244509 39165.8 61802.6 244509 71180.8 61802.6
4064.03 244754 -114267 61852.9 244754 -82226.1 61852.9 244754 -21487.8 61852.9 244754 39250.6 61852.9 244754 71291.6 61852.9
4120.1 244976 -114311 61902.4 244976 -82244.7 61902.4 244976 -21457.8 61902.4 244976 39329.2 61902.4 244976 71395.9 61902.4
4176.11 245198 -114356 61952.1 245198 -82263.3 61952.1 245198 -21427.6 61952.1 245198 39408.1 61952.1 245198 71500.5 61952.1
4232.03 245420 -114400 62001.9 245420 -82281.9 62001.9 245420 -21397.2 62001.9 245420 39487.5 62001.9 245420 71605.7 62001.9
4288.2 245642 -114444 62051.7 245642 -82300.3 62051.7 245642 -21366.7 62051.7 245642 39566.9 62051.7 245642 71710.9 62051.7
4344.1 245864 -114489 62101.5 245864 -82318.7 62101.5 245864 -21336.2 62101.5 245864 39646.3 62101.5 245864 71816.1 62101.5
4400.04 246086 -114533 62151.4 246086 -82337.1 62151.4 246086 -21305.6 62151.4 246086 39725.9 62151.4 246086 71921.5 62151.4
4455.95 246308 -114577 62201.2 246308 -82355.4 62201.2 246308 -21275 62201.2 246308 39805.4 62201.2 246308 72026.8 62201.2
4511.87 246530 -114621 62251.1 246530 -82373.6 62251.1 246530 -21244.3 62251.1 246530 39885.1 62251.1 246530 72132.4 62251.1
4567.77 246751 -114665 62301 246751 -82391.9 62301 246751 -21213.5 62301 246751 39964.8 62301 246751 72237.9 62301
4623.65 246973 -114709 62350.9 246973 -82410 62350.9 246973 -21182.7 62350.9 246973 40044.6 62350.9 246973 72343.6 62350.9
4679.52 247195 -114753 62400.7 247195 -82428.2 62400.7 247195 -21151.8 62400.7 247195 40124.5 62400.7 247195 72449.3 62400.7
4735.36 247416 -114797 62450.6 247416 -82446.2 62450.6 247416 -21120.9 62450.6 247416 40204.4 62450.6 247416 72555 62450.6
4791.18 247638 -114841 62500.5 247638 -82464.3 62500.5 247638 -21090 62500.5 247638 40284.3 62500.5 247638 72660.8 62500.5
4846.96 247859 -114885 62550.4 247859 -82482.3 62550.4 247859 -21058.9 62550.4 247859 40364.4 62550.4 247859 72766.7 62550.4
4902.72 248081 -114928 62600.4 248081 -82500.2 62600.4 248081 -21027.9 62600.4 248081 40444.5 62600.4 248081 72872.7 62600.4
4958.45 248302 -114972 62650.3 248302 -82518.1 62650.3 248302 -20996.7 62650.3 248302 40524.6 62650.3 248302 72978.7 62650.3
5014.14 248523 -115016 62700.2 248523 -82535.9 62700.2 248523 -20965.6 62700.2 248523 40604.8 62700.2 248523 73084.7 62700.2
5069.79 248744 -115060 62750.1 248744 -82553.7 62750.1 248744 -20934.3 62750.1 248744 40685 62750.1 248744 73190.8 62750.1
5124.67 248965 -115104 62800.8 248965 -82571.6 62800.8 248965 -20902.4 62800.8 248965 40766.8 62800.8 248965 73298.9 62800.8
5179.9 249185 -115147 62851.1 249185 -82589.3 62851.1 249185 -20870.8 62851.1 249185 40847.7 62851.1 249185 73405.8 62851.1
5234.58 249404 -115191 62901.7 249404 -82607.2 62901.7 249404 -20838.9 62901.7 249404 40929.3 62901.7 249404 73513.6 62901.7
2224.3 243159 -116766 65341.5 243159 -82917.7 65341.5 243159 -18753.7 65341.5 243159 45410.4 65341.5 243159 79258.6 65341.5
2571.33 244713 -116856 65455.8 244713 -82948.4 65455.8 244713 -18672 65455.8 244713 45604.3 65455.8 244713 79511.7 65455.8
2815.86 245770 -116967 65513.8 245770 -83029.2 65513.8 245770 -18695.9 65513.8 245770 45637.4 65513.8 245770 79574.8 65513.8
3012.03 246618 -116958 65547 246618 -83003.4 65547 246618 -18637.5 65547 246618 45728.4 65547 246618 79683 65547
3176.87 247360 -116950 65563.1 247360 -82987.4 65563.1 247360 -18605.7 65563.1 247360 45776.1 65563.1 247360 79739.1 65563.1
3258.45 247681 -116982 65583.9 247681 -83008.7 65583.9 247681 -18606.6 65583.9 247681 45795.5 65583.9 247681 79769.2 65583.9
3339.8 248001 -117014 65604.4 248001 -83030 65604.4 248001 -18607.7 65604.4 248001 45814.6 65604.4 248001 79799 65604.4
3619.61 252098 -116364 65249.5 252098 -82563.5 65249.5 252098 -18489.8 65249.5 252098 45584 65249.5 252098 79384.5 65249.5
5991.23 254401 -116005 65061.8 254401 -82301.6 65061.8 254401 -18412.1 65061.8 254401 45477.3 65061.8 254401 79180.6 65061.8
8380.15 256711 -115644 64872.8 256711 -82038.7 64872.8 256711 -18334.9 64872.8 256711 45368.9 64872.8 256711 78974.3 64872.8
10736.4 258967 -115292 64688.8 258967 -81782.1 64688.8 258967 -18258.9 64688.8 258967 45264.2 64688.8 258967 78774.3 64688.8
13096.1 261254 -114935 64501.7 261254 -81521.9 64501.7 261254 -18182.5 64501.7 261254 45156.9 64501.7 261254 78570 64501.7
15553.7 263364 -114610 64337.8 263364 -81282 64337.8 263364 -18103.6 64337.8 263364 45074.9 64337.8 263364 78403.1 64337.8
18018.9 265432 -114293 64180 265432 -81046.8 64180 265432 -18023.3 64180 265432 45000.2 64180 265432 78246.8 64180
20560.5 266641 -114115 64100.9 266641 -80909.6 64100.9 266641 -17963.8 64100.9 266641 44982 64100.9 266641 78187.5 64100.9
23040 269567 -113660 63864.9 269567 -80576.8 63864.9 269567 -17862.7 63864.9 269567 44851.4 63864.9 269567 77934.7 63864.9
25566.8 271606 -113338 63704.8 271606 -80337.9 63704.8 271606 -17781.1 63704.8 271606 44775.8 63704.8 271606 77776.1 63704.8
28140.1 273717 -112997 63534.1 273717 -80084.8 63534.1 273717 -17695.5 63534.1 273717 44693.8 63534.1 273717 77605.7 63534.1
30719.3 275719 -112673 63373.5 275719 -79844.7 63373.5 275719 -17613.2 63373.5 275719 44618.4 63373.5 275719 77447.1 63373.5
33260.1 277708 -112352 63214.1 277708 -79606.2 63214.1 277708 -17531.2 63214.1 277708 44543.8 63214.1 277708 77290 63214.1
33936.1 277469 -112399 63263.9 277469 -79626.9 63263.9 277469 -17502.9 63263.9 277469 44621 63263.9 277469 77392.9 63263.9
36415.6 279407 -112097 63113.7 279407 -79402.9 63113.7 279407 -17426.5 63113.7 279407 44549.9 63113.7 279407 77244 63113.7
38862.9 281258 -111800 62968.6 281258 -79180.9 62968.6 281258 -17346.9 62968.6 281258 44487 62968.6 281258 77106 62968.6
41305.2 282981 -111524 62835.6 282981 -78974.2 62835.6 282981 -17271 62835.6 282981 44432.3 62835.6 282981 76982.4 62835.6
43737.5 284622 -111262 62710 284622 -78777.4 62710 284622 -17197.4 62710 284622 44382.6 62710 284622 76867.6 62710
46155.9 286348 -110986 62576.5 286348 -78570.4 62576.5 286348 -17121.5 62576.5 286348 44327.4 62576.5 286348 76743.3 62576.5
48577.6 288020 -110719 62448.1 288020 -78369.8 62448.1 288020 -17047.1 62448.1 288020 44275.7 62448.1 288020 76625.1 62448.1
51020.8 289703 -110450 62318.7 289703 -78168 62318.7 289703 -16972.3 62318.7 289703 44223.4 62318.7 289703 76505.7 62318.7
53468.4 291421 -110176 62186 291421 -77962 62186 291421 -16896.5 62186 291421 44168.9 62186 291421 76382.5 62186
55896 293100 -109907 62056.8 293100 -77760.6 62056.8 293100 -16822 62056.8 293100 44116.5 62056.8 293100 76263.2 62056.8
58298.4 294772 -109640 61928.1 294772 -77559.9 61928.1 294772 -16747.8 61928.1 294772 44064.4 61928.1 294772 76144.4 61928.1
60662.2 296422 -109377 61801.8 296422 -77362.1 61801.8 296422 -16673.9 61801.8 296422 44014.2 61801.8 296422 76028.7 61801.8
63009.8 298084 -109111 61674 298084 -77162.7 61674 298084 -16600.1 61674 298084 43962.5 61674 298084 75910.9 61674
64826.6 299522 -108875 61551.1 299522 -76990.2 61551.1 299522 -16548.2 61551.1 299522 43893.7 61551.1 299522 75778.4 61551.1
66405.9 300895 -108645 61426.5 300895 -76825.2 61426.5 300895 -16505.6 61426.5 300895 43814 61426.5 300895 75634.1 61426.5
67918.1 302246 -108418 61301.3 302246 -76662.9 61301.3 302246 -16466.2 61301.3 302246 43730.5 61301.3 302246 75485.8 61301.3
69542.5 302343 -108403 61294.5 302343 -76651.3 61294.5 302343 -16461.3 61294.5 302343 43728.7 61294.5 302343 75480.4 61294.5
70973 304918 -107967 61050 304918 -76341.7 61050 304918 -16391.8 61050 304918 43558.1 61050 304918 75183.2 61050
72589.2 305041 -107947 61039.7 305041 -76326.9 61039.7 305041 -16387.1 61039.7 305041 43552.8 61039.7 305041 75172.5 61039.7
72591.2 305917 -107798 60956.8 305917 -76221.6 60956.8 305917 -16363.2 60956.8 305917 43495.1 60956.8 305917 75071.9 60956.8
74254.1 307377 -107550 60816.5 307377 -76046 60816.5 307377 -16325.3 60816.5 307377 43395.4 60816.5 307377 74899.5 60816.5
76013.4 307560 -107519 60799.7 307560 -76024 60799.7 307560 -16319.8 60799.7 307560 43384.3 60799.7 307560 74879.7 60799.7
77591.2 310450 -107027 60520.5 310450 -75676.4 60520.5 310450 -16246.4 60520.5 310450 43183.6 60520.5 310450 74534.4 60520.5
79136.2 311925 -106773 60371.8 311925 -75499 60371.8 311925 -16215.1 60371.8 311925 43068.8 60371.8 311925 74342.6 60371.8
79987 312607 -106609 60224.3 312607 -75411.6 60224.3 312607 -16272.5 60224.3 312607 42866.6 60224.3 312607 74063.9 60224.3
80568.3 313045 -106509 60134.7 313045 -75358 60134.7 313045 -16306.9 60134.7 313045 42744.3 60134.7 313045 73895.2 60134.7
81409.9 313295 -106474 60119.5 313295 -75330.7 60119.5 313295 -16294.6 60119.5 313295 42741.5 60119.5 313295 73884.6 60119.5
82145.3 314776 -106232 59996.1 314776 -75153.3 59996.1 314776 -16238.3 59996.1 314776 42676.8 59996.1 314776 73755.9 59996.1
82778.3 315432 -106128 59945.8 315432 -75074.7 59945.8 315432 -16209.2 59945.8 315432 42656.4 59945.8 315432 73709.5 59945.8
83252.4 315791 -106074 59923.6 315791 -75031.9 59923.6 315791 -16188.1 59923.6 315791 42655.7 59923.6 315791 73697.2 59923.6
83722.4 315957 -106051 59918.5 315957 -75012.3 59918.5 315957 -16173.5 59918.5 315957 42665.2 59918.5 315957 73704.2 59918.5
83556.6 316259 -106014 59914.8 316259 -74976.7 59914.8 316259 -16141.6 59914.8 316259 42693.6 59914.8 316259 73730.6 59914.8
82681 316092 -106059 59961.5 316092 -74997.7 59961.5 316092 -16116.7 59961.5 316092 42764.4 59961.5 316092 73825.6 59961.5
83411.8 316284 -106029 59948 316284 -74974.7 59948 316284 -16107 59948 316284 42760.8 59948 316284 73815 59948
83857 316620 -105973 59917.7 316620 -74934.4 59917.7 316620 -16096.4 59917.7 316620 42741.7 59917.7 316620 73780.2 59917.7
84301.4 317048 -105901 59878.3 317048 -74882.9 59878.3 317048 -16083.5 59878.3 317048 42715.8 59878.3 317048 73734 59878.3
84748.6 317192 -105878 59866.4 317192 -74865.6 59866.4 317192 -16077.9 59866.4 317192 42709.7 59866.4 317192 73721.7 59866.4
85189.1 317887 -105760 59801.4 317887 -74782 59801.4 317887 -16058.3 59801.4 317887 42665.5 59801.4 317887 73643.8 59801.4
85628.9 318356 -105682 59759 318356 -74725.7 59759 318356 -16043.5 59759 318356 42638.7 59759 318356 73595.1 59759
86070.7 318450 -105668 59753.3 318450 -74714.5 59753.3 318450 -16037.9 59753.3 318450 42638.7 59753.3 318450 73592.1 59753.3
86506.2 319196 -105543 59684.8 319196 -74624.7 59684.8 319196 -16015.4 59684.8 319196 42594 59684.8 319196 73511.9 59684.8
86948.1 319297 -105527 59678.5 319297 -74612.7 59678.5 319297 -16009.6 59678.5 319297 42593.5 59678.5 319297 73508.1 59678.5
87383 319938 -105420 59620.1 319938 -74535.6 59620.1 319938 -15989.8 59620.1 319938 42555.9 59620.1 319938 73440.3 59620.1
87819.7 320475 -105330 59571.7 320475 -74471 59571.7 320475 -15972.8 59571.7 320475 42525.5 59571.7 320475 73384.8 59571.7
88259.9 320591 -105312 59563.9 320591 -74457.2 59563.9 320591 -15966.6 59563.9 320591 42524 59563.9 320591 73379.3 59563.9
88694.6 321253 -105202 59503.5 321253 -74377.6 59503.5 321253 -15946.3 59503.5 321253 42485 59503.5 321253 73309 59503.5
84322.4 344089 -101307 57287.6 344089 -71631.1 57287.6 344089 -15375.8 57287.6 344089 40879.5 57287.6 344089 70555.5 57287.6
85667.2 326550 -103020 58629.3 326550 -72649.4 58629.3 326550 -15076.6 58629.3 326550 42496.2 58629.3 326550 72867.3 58629.3
86913.1 327778 -102930 58575.2 327778 -72586.4 58575.2 327778 -15066.7 58575.2 327778 42452.9 58575.2 327778 72796 58575.2
88070 329021 -102837 58520.5 329021 -72522.7 58520.5 329021 -15056.7 58520.5 329021 42409.3 58520.5 329021 72724.1 58520.5
89209.1 330126 -102758 58474.5 330126 -72466.6 58474.5 330126 -15045.8 58474.5 330126 42375 58474.5 330126 72666 58474.5
90140.1 331216 -102674 58422 331216 -72409.8 58422 331216 -15040.5 58422 331216 42328.7 58422 331216 72592.5 58422
90573.7 331633 -102638 58397.5 331633 -72387.1 58397.5 331633 -15041.9 58397.5 331633 42303.3 58397.5 331633 72554.3 58397.5
91006.6 332103 -102598 58369.2 332103 -72361.4 58369.2 332103 -15044 58369.2 332103 42273.4 58369.2 332103 72509.7 58369.2
91438.9 332670 -102549 58334.2 332670 -72330.3 58334.2 332670 -15047.2 58334.2 332670 42235.8 58334.2 332670 72454.1 58334.2
91871 333255 -102498 58297.9 333255 -72298.1 58297.9 333255 -15050.7 58297.9 333255 42196.8 58297.9 333255 72396.2 58297.9
92303.5 333777 -102452 58266 333777 -72269.5 58266 333777 -15053.4 58266 333777 42162.7 58266 333777 72345.6 58266
92735.7 334341 -102403 58231.2 334341 -72238.5 58231.2 334341 -15056.5 58231.2 334341 42125.4 58231.2 334341 72290.3 58231.2
93168.3 334836 -102361 58201.2 334836 -72211.5 58201.2 334836 -15059 58201.2 334836 42093.5 58201.2 334836 72242.9 58201.2
93600.4 335432 -102309 58164.2 335432 -72178.6 58164.2 335432 -15062.5 58164.2 335432 42053.6 58164.2 335432 72183.7 58164.2
94033.1 335920 -102267 58134.6 335920 -72151.9 58134.6 335920 -15064.8 58134.6 335920 42022.3 58134.6 335920 72137.1 58134.6
94465.4 336466 -102219 58101 336466 -72121.9 58101 336466 -15067.8 58101 336466 41986.3 58101 336466 72083.7 58101
94898.1 336964 -102176 58070.7 336964 -72094.5 58070.7 336964 -15070.2 58070.7 336964 41954.1 58070.7 336964 72035.8 58070.7
95330.3 337493 -102130 58037.9 337493 -72065.4 58037.9 337493 -15073.4 58037.9 337493 41918.7 58037.9 337493 71983.5 58037.9
95762.2 338034 -102083 58003.8 338034 -72035.6 58003.8 338034 -15077 58003.8 338034 41881.6 58003.8 338034 71928.7 58003.8
96194.1 338577 -102035 57969.5 338577 -72005.6 57969.5 338577 -15080.6 57969.5 338577 41844.3 57969.5 338577 71873.7 57969.5
96626 339118 -101987 57935.4 339118 -71975.7 57935.4 339118 -15084.2 57935.4 339118 41807.2 57935.4 339118 71818.9 57935.4
97057.8 339664 -101939 57901 339664 -71945.5 57901 339664 -15087.9 57901 339664 41769.7 57901 339664 71763.6 57901
97489.1 340192 -101893 57867.8 340192 -71916.4 57867.8 340192 -15091.4 57867.8 340192 41733.7 57867.8 340192 71710.3 57867.8
97918.4 340761 -101843 57831.8 340761 -71884.9 57831.8 340761 -15095.3 57831.8 340761 41694.4 57831.8 340761 71652.4 57831.8
98347.8 341296 -101796 57798 341296 -71855.3 57798 341296 -15098.8 57798 341296 41657.7 57798 341296 71598.2 57798
98782.1 341871 -101744 57759.9 341871 -71823.3 57759.9 341871 -15104.2 57759.9 341871 41614.9 57759.9 341871 71535.7 57759.9
99216.2 342272 -101708 57733.4 342272 -71800.9 57733.4 342272 -15107.8 57733.4 342272 41585.2 57733.4 342272 71492.2 57733.4
99649.6 342751 -101665 57701.5 342751 -71774 57701.5 342751 -15112.3 57701.5 342751 41549.4 57701.5 342751 71439.9 57701.5
100083 343228 -101610 57665.6 343228 -71737.8 57665.6 343228 -15111.3 57665.6 343228 41515.2 57665.6 343228 71387.1 57665.6
100516 343683 -101533 57622.8 343683 -71683.2 57622.8 343683 -15098.7 57622.8 343683 41485.7 57622.8 343683 71335.5 57622.8
100951 343927 -101492 57600.3 343927 -71653.8 57600.3 343927 -15091.5 57600.3 343927 41470.8 57600.3 343927 71308.9 57600.3
101382 344609 -101376 57535.5 344609 -71571.8 57535.5 344609 -15073.1 57535.5 344609 41425.6 57535.5 344609 71230.1 57535.5
101815 345061 -101300 57492.9 345061 -71517.5 57492.9 345061 -15060.6 57492.9 345061 41396.4 57492.9 345061 71178.8 57492.9
102239 345436 -101237 57457.8 345436 -71472.4 57457.8 345436 -15050 57457.8 345436 41372.4 57457.8 345436 71136.6 57457.8
102669 345944 -101151 57409.7 345944 -71411.3 57409.7 345944 -15036 57409.7 345944 41339.2 57409.7 345944 71078.5 57409.7
103094 346389 -101075 57367.8 346389 -71357.8 57367.8 346389 -15023.7 57367.8 346389 41310.4 57367.8 346389 71028 57367.8
103519 346836 -101000 57325.8 346836 -71304.1 57325.8 346836 -15011.3 57325.8 346836 41281.5 57325.8 346836 70977.4 57325.8
103943 347281 -100925 57283.9 347281 -71250.6 57283.9 347281 -14998.9 57283.9 347281 41252.7 57283.9 347281 70926.9 57283.9
104368 347726 -100850 57242 347726 -71197.1 57242 347726 -14986.5 57242 347726 41224 57242 347726 70876.4 57242
104793 348171 -100774 57200.1 348171 -71143.6 57200.1 348171 -14974.2 57200.1 348171 41195.2 57200.1 348171 70826 57200.1
105218 348616 -100699 57158.2 348616 -71090.1 57158.2 348616 -14961.8 57158.2 348616 41166.4 57158.2 348616 70775.5 57158.2
