6160.54 -7130.14 -4120.1 3663.6 -7130.14 -2222.29 3663.6 -7130.14 1375.3 3663.6 -7130.14 4972.88 3663.6 -7130.14 6870.7 3663.6
11983.9 -10690.9 -7301.72 6502.37 -10690.9 -3933.37 6502.37 -10690.9 2451.84 6502.37 -10690.9 8837.04 6502.37 -10690.9 12205.4 6502.37
17772.9 -14234.3 -10461.2 9326.53 -14234.3 -5629.89 9326.53 -14234.3 3528.58 9326.53 -14234.3 12687.1 9326.53 -14234.3 17518.4 9326.53
23523.6 -17758.9 -13609.6 12140.5 -17758.9 -7320.53 12140.5 -17758.9 4601.24 12140.5 -17758.9 16523 12140.5 -17758.9 22812 12140.5
29235.1 -21264.3 -16745.6 14944.5 -21264.3 -9004 14944.5 -21264.3 5671.23 14944.5 -21264.3 20346.5 14944.5 -21264.3 28088 14944.5
34905.3 -24749.5 -19861.4 17735 -24749.5 -10674.4 17735 -24749.5 6741.08 17735 -24749.5 24156.5 17735 -24749.5 33343.6 17735
40531.7 -28213.3 -22950.1 20508 -28213.3 -12326.6 20508 -28213.3 7811.89 20508 -28213.3 27950.4 20508 -28213.3 38573.9 20508
45894.4 -31543.3 -25888.2 23167 -31543.3 -13887.2 23167 -31543.3 8862.33 23167 -31543.3 31611.9 23167 -31543.3 43612.8 23167
50017 -34237.8 -28135.5 25287.5 -34237.8 -15036.1 25287.5 -34237.8 9795.67 25287.5 -34237.8 34627.5 25287.5 -34237.8 47726.9 25287.5
53309.3 -36491.8 -29651.5 26929.1 -36491.8 -15701.7 26929.1 -36491.8 10742.2 26929.1 -36491.8 37186.1 26929.1 -36491.8 51135.9 26929.1
54854.5 -38234.8 -28732.1 27443.6 -38234.8 -14515.8 27443.6 -38234.8 12433.3 27443.6 -38234.8 39382.4 27443.6 -38234.8 53598.7 27443.6
55473.9 -39653.6 -27587.4 27764.1 -39653.6 -13205.1 27764.1 -39653.6 14058.8 27764.1 -39653.6 41322.6 27764.1 -39653.6 55704.9 27764.1
55533.7 -40564.3 -25786.5 27568.1 -40564.3 -11505.7 27568.1 -40564.3 15565.7 27568.1 -40564.3 42637 27568.1 -40564.3 56917.9 27568.1
56127.7 -42100.9 -24089.3 27734.3 -42100.9 -9722.39 27734.3 -42100.9 17512.2 27734.3 -42100.9 44746.7 27734.3 -42100.9 59113.6 27734.3
56889.3 -43759.9 -22667.8 28069.4 -43759.9 -8127.26 28069.4 -43759.9 19436.3 28069.4 -43759.9 46999.9 28069.4 -43759.9 61540.4 28069.4
57568.5 -45360.5 -21196.1 28358.4 -45360.5 -6505.87 28358.4 -45360.5 21341.5 28358.4 -45360.5 49188.9 28358.4 -45360.5 63879.1 28358.4
57750.2 -46821.1 -18720 28215.3 -46821.1 -4103.87 28215.3 -46821.1 23603 28215.3 -46821.1 51310 28215.3 -46821.1 65926.1 28215.3
57992.2 -48807 -16213.9 28394.1 -48807 -1505.18 28394.1 -48807 26377.3 28394.1 -48807 54259.7 28394.1 -48807 68968.4 28394.1
58592.1 -50537 -14514.8 28696.2 -50537 350.378 28696.2 -50537 28529.5 28696.2 -50537 56708.6 28696.2 -50537 71573.8 28696.2
59258.4 -52152.7 -12660 28861.3 -52152.7 2290.75 28861.3 -52152.7 30632 28861.3 -52152.7 58973.2 28861.3 -52152.7 73923.9 28861.3
59920.4 -53745.8 -10856.6 29032.1 -53745.8 4182.66 29032.1 -53745.8 32691.6 29032.1 -53745.8 61200.6 29032.1 -53745.8 76239.9 29032.1
60538.2 -55168.6 -8687.42 28950 -55168.6 6309.24 28950 -55168.6 34737.6 28950 -55168.6 63165.9 28950 -55168.6 78162.6 28950
61131.2 -56499.8 -6386.27 28759 -56499.8 8511.44 28759 -56499.8 36752.2 28759 -56499.8 64993 28759 -56499.8 79890.7 28759
58797.4 -55266.5 -4279.14 27394.5 -55266.5 9911.75 27394.5 -55266.5 36812.6 27394.5 -55266.5 63713.5 27394.5 -55266.5 77904.4 27394.5
60112.1 -56777.8 -2802.54 27574.7 -56777.8 11481.7 27574.7 -56777.8 38559.5 27574.7 -56777.8 65637.4 27574.7 -56777.8 79921.6 27574.7
61268.4 -58620 -508.378 27638.7 -58620 13809 27638.7 -58620 40949.6 27638.7 -58620 68090.2 27638.7 -58620 82407.6 27638.7
62172.5 -60219.4 1764.3 27591.5 -60219.4 16057.2 27591.5 -60219.4 43151.5 27591.5 -60219.4 70245.8 27591.5 -60219.4 84538.8 27591.5
62706.5 -61462.2 4000.71 27382.4 -61462.2 18185.3 27382.4 -61462.2 45074.3 27382.4 -61462.2 71963.3 27382.4 -61462.2 86147.9 27382.4
63201.9 -62558.9 5743.71 27289 -62558.9 19880 27289 -62558.9 46677.2 27289 -62558.9 73474.5 27289 -62558.9 87610.8 27289
63645.8 -63462.6 6845.28 27342.6 -63462.6 21009.3 27342.6 -63462.6 47859.2 27342.6 -63462.6 74709 27342.6 -63462.6 88873 27342.6
64083.2 -64340.8 7905.52 27398.1 -64340.8 22098.3 27398.1 -64340.8 49002.7 27398.1 -64340.8 75907.1 27398.1 -64340.8 90099.8 27398.1
64512.2 -65187.3 8914.93 27455.8 -65187.3 23137.6 27455.8 -65187.3 50098.6 27455.8 -65187.3 77059.7 27455.8 -65187.3 91282.3 27455.8
64153.6 -64705.6 8475.17 27376.2 -64705.6 22656.6 27376.2 -64705.6 49539.5 27376.2 -64705.6 76422.3 27376.2 -64705.6 90603.7 27376.2
64627.8 -65052.8 8464.13 27541.6 -65052.8 22731.2 27541.6 -65052.8 49776.6 27541.6 -65052.8 76821.9 27541.6 -65052.8 91089 27541.6
65064.1 -65354.6 8292.65 27747.5 -65354.6 22666.4 27747.5 -65354.6 49913.9 27747.5 -65354.6 77161.4 27747.5 -65354.6 91535.2 27747.5
65488.4 -65733.3 8322.16 27919.6 -65733.3 22785.1 27919.6 -65733.3 50201.6 27919.6 -65733.3 77618.1 27919.6 -65733.3 92081.1 27919.6
65870.1 -66402.2 8826.45 28078.4 -66402.2 23371.6 28078.4 -66402.2 50944.1 28078.4 -66402.2 78516.5 28078.4 -66402.2 93061.7 28078.4
66251.6 -67069.5 9327.98 28237.2 -67069.5 23955.4 28237.2 -67069.5 51683.8 28237.2 -67069.5 79412.2 28237.2 -67069.5 94039.6 28237.2
66632.9 -67736.5 9828.67 28396.2 -67736.5 24538.4 28396.2 -67736.5 52422.9 28396.2 -67736.5 80307.4 28396.2 -67736.5 95017.2 28396.2
67013.9 -68403.2 10328.9 28555.1 -68403.2 25121 28555.1 -68403.2 53161.5 28555.1 -68403.2 81202 28555.1 -68403.2 95994.1 28555.1
67381.3 -69015.6 10749.8 28789.2 -69015.6 25663.1 28789.2 -69015.6 53933.6 28789.2 -69015.6 82204 28789.2 -69015.6 97117.3 28789.2
67741.8 -69602.4 11133.4 29060 -69602.4 26187 29060 -69602.4 54723.3 29060 -69602.4 83259.7 29060 -69602.4 98313.3 29060
68100.4 -70187.5 11516.7 29331.4 -70187.5 26710.9 29331.4 -70187.5 55513.8 29331.4 -70187.5 84316.7 29331.4 -70187.5 99511 29331.4
68448.7 -70737 11849.7 29652.2 -70737 27210.2 29652.2 -70737 56328.1 29652.2 -70737 85446 29652.2 -70737 100806 29652.2
68795 -71281.2 12174.9 29984.5 -71281.2 27707.4 29984.5 -71281.2 57151.7 29984.5 -71281.2 86595.9 29984.5 -71281.2 102128 29984.5
69137.6 -71823.9 12502.6 30318.8 -71823.9 28208.3 30318.8 -71823.9 57980.8 30318.8 -71823.9 87753.2 30318.8 -71823.9 103459 30318.8
69480.4 -72367.8 12830.9 30657.2 -72367.8 28711.9 30657.2 -72367.8 58816.6 30657.2 -72367.8 88921.3 30657.2 -72367.8 104802 30657.2
69814.1 -72903.9 13162.4 30989.4 -72903.9 29215.6 30989.4 -72903.9 59646.6 30989.4 -72903.9 90077.6 30989.4 -72903.9 106131 30989.4
70117.4 -73419.2 13506.6 31301.2 -73419.2 29721.2 31301.2 -73419.2 60458.3 31301.2 -73419.2 91195.5 31301.2 -73419.2 107410 31301.2
70420.1 -73933.6 13848.9 31614.3 -73933.6 30225.7 31614.3 -73933.6 61270.3 31614.3 -73933.6 92314.9 31614.3 -73933.6 108692 31614.3
70701.8 -74339.4 14070.3 31834.4 -74339.4 30561.2 31834.4 -74339.4 61821.9 31834.4 -74339.4 93082.7 31834.4 -74339.4 109574 31834.4
70975.1 -74706.3 14247.9 32024.3 -74706.3 30837.2 32024.3 -74706.3 62284.5 32024.3 -74706.3 93731.7 32024.3 -74706.3 110321 32024.3
71247.4 -75068 14419.3 32214.3 -75068 31106.9 32214.3 -75068 62740.8 32214.3 -75068 94374.7 32214.3 -75068 111062 32214.3
71518.6 -75423.9 14583.8 32404.4 -75423.9 31369.9 32404.4 -75423.9 63190.3 32404.4 -75423.9 95010.8 32404.4 -75423.9 111797 32404.4
71784.9 -75757.6 14722.6 32581.5 -75757.6 31600.5 32581.5 -75757.6 63594.9 32581.5 -75757.6 95589.3 32581.5 -75757.6 112467 32581.5
72037.8 -76023.7 14783.8 32709.2 -76023.7 31727.8 32709.2 -76023.7 63847.6 32709.2 -76023.7 95967.3 32709.2 -76023.7 112911 32709.2
72142.2 -75633.4 13810.7 33310.5 -75633.4 31066.1 33310.5 -75633.4 63776.4 33310.5 -75633.4 96486.6 33310.5 -75633.4 113742 33310.5
72300.7 -75462.6 13333.5 33653.5 -75462.6 30766.7 33653.5 -75462.6 63813.8 33653.5 -75462.6 96860.9 33653.5 -75462.6 114294 33653.5
72551 -75702.8 13467.4 33721.8 -75702.8 30935.9 33721.8 -75702.8 64050 33721.8 -75702.8 97164.1 33721.8 -75702.8 114633 33721.8
72793.6 -75922 13477.1 33820.2 -75922 30996.6 33820.2 -75922 64207.4 33820.2 -75922 97418.2 33820.2 -75922 114938 33820.2
72783.8 -74945.1 12517.2 32885.9 -74945.1 29552.7 32885.9 -74945.1 61846 32885.9 -74945.1 94139.4 32885.9 -74945.1 111175 32885.9
73059.5 -75268 12337.9 33113.3 -75268 29491.3 33113.3 -75268 62007.9 33113.3 -75268 94524.5 33113.3 -75268 111678 33113.3
73309.7 -75516.8 12288.4 33256.6 -75516.8 29516 33256.6 -75516.8 62173.3 33256.6 -75516.8 94830.7 33256.6 -75516.8 112058 33256.6
73555 -75746.3 12297.7 33369.1 -75746.3 29583.5 33369.1 -75746.3 62351.4 33369.1 -75746.3 95119.2 33369.1 -75746.3 112405 33369.1
73796.1 -75974.2 12310.8 33479.6 -75974.2 29653.8 33479.6 -75974.2 62530.2 33479.6 -75974.2 95406.5 33479.6 -75974.2 112750 33479.6
74038.6 -76202.4 12322.2 33590.9 -76202.4 29722.9 33590.9 -76202.4 62708.5 33590.9 -76202.4 95694.2 33590.9 -76202.4 113095 33590.9
74280.1 -76430 12334.1 33701.7 -76430 29792.3 33701.7 -76430 62886.7 33701.7 -76430 95981.2 33701.7 -76430 113439 33701.7
74521.3 -76657.5 12346.5 33812.4 -76657.5 29862 33812.4 -76657.5 63065.1 33812.4 -76657.5 96268.3 33812.4 -76657.5 113784 33812.4
72328.2 -75488.2 14014 32648.4 -75488.2 30926.4 32648.4 -75488.2 62986.5 32648.4 -75488.2 95046.5 32648.4 -75488.2 111959 32648.4
72753.1 -75807.3 13665.9 32937 -75807.3 30727.9 32937 -75807.3 63071.3 32937 -75807.3 95414.8 32937 -75807.3 112477 32937
73093.1 -76162.6 13608.3 33138 -76162.6 30774.4 33138 -76162.6 63315.2 33138 -76162.6 95856.1 33138 -76162.6 113022 33138
73394.1 -76689.9 13987.9 33260.7 -76689.9 31217.6 33260.7 -76689.9 63879 33260.7 -76689.9 96540.3 33260.7 -76689.9 113770 33260.7
73631.2 -76908.3 13980 33372.6 -76908.3 31267.7 33372.6 -76908.3 64038.9 33372.6 -76908.3 96810.2 33372.6 -76908.3 114098 33372.6
73867.4 -77126.3 13972.4 33484.2 -77126.3 31317.9 33484.2 -77126.3 64198.7 33484.2 -77126.3 97079.5 33484.2 -77126.3 114425 33484.2
74103.4 -77344 13964.6 33595.7 -77344 31367.8 33595.7 -77344 64358.1 33595.7 -77344 97348.4 33595.7 -77344 114752 33595.7
74339.1 -77561.2 13956.4 33706.7 -77561.2 31417.1 33706.7 -77561.2 64516.5 33706.7 -77561.2 97615.8 33706.7 -77561.2 115077 33706.7
74572 -77765.3 13932.5 33807.3 -77765.3 31445.3 33807.3 -77765.3 64643.4 33807.3 -77765.3 97841.5 33807.3 -77765.3 115354 33807.3
75034.2 -78054.7 13719.3 34010 -78054.7 31337.2 34010 -78054.7 64734.3 34010 -78054.7 98131.5 34010 -78054.7 115749 34010
75628.3 -78393 13392 34273.5 -78393 31146.3 34273.5 -78393 64802.2 34273.5 -78393 98458.1 34273.5 -78393 116212 34273.5
76206.9 -78725.5 13076.6 34529.7 -78725.5 30963.7 34529.7 -78725.5 64871.2 34529.7 -78725.5 98778.7 34529.7 -78725.5 116666 34529.7
76763.3 -79032.6 12746.9 34791.3 -79032.6 30769.5 34791.3 -79032.6 64933.8 34791.3 -79032.6 99098.2 34791.3 -79032.6 117121 34791.3
76998.6 -79227 12702 34902.2 -79227 30782.1 34902.2 -79227 65055.3 34902.2 -79227 99328.6 34902.2 -79227 117409 34902.2
77215.6 -79415.5 12678.9 35002.7 -79415.5 30811 35002.7 -79415.5 65183 35002.7 -79415.5 99555 35002.7 -79415.5 117687 35002.7
38018.2 4.6214e+06 -94410.4 79979.9 4.6214e+06 -52979.3 79979.9 4.6214e+06 25559.4 79979.9 4.6214e+06 104098 79979.9 4.6214e+06 145529 79979.9
