1619.67 5.65877e-06 -0.000136826 1.22873e-06 1.75856e-06 -7.43386e-05 1.22873e-06 -1.41346e-06 5.59049e-06 1.22873e-06 3.62835e-06 0.000104292 1.22873e-06 7.5338e-06 0.000166804 1.22873e-06
2995.48 2.42814e-05 -0.000381894 2.74111e-06 1.49802e-05 -0.00024092 2.74111e-06 -1.15803e-07 9.91573e-06 2.74111e-06 1.73087e-05 0.000276195 2.74111e-06 2.66085e-05 0.000417195 2.74111e-06
4347.22 4.32668e-05 -0.000632277 4.25969e-06 2.8823e-05 -0.000413007 4.25969e-06 4.15297e-06 2.59738e-05 4.25969e-06 3.08918e-05 0.000444387 4.25969e-06 4.53337e-05 0.000663694 4.25969e-06
5692.96 6.19031e-05 -0.0008775 5.76938e-06 4.23537e-05 -0.000580258 5.76938e-06 1.09058e-05 2.96982e-05 5.76938e-06 4.4718e-05 0.000616163 5.76938e-06 6.42642e-05 0.000913462 5.76938e-06
7036.64 8.04927e-05 -0.0011226 7.27802e-06 5.58487e-05 -0.000747305 7.27802e-06 1.76251e-05 3.35498e-05 7.27802e-06 5.85182e-05 0.000787894 7.27802e-06 8.31577e-05 0.00116328 7.27802e-06
8377.79 9.90509e-05 -0.00136771 8.78484e-06 6.95132e-05 -0.000914052 8.78484e-06 2.43313e-05 3.72539e-05 8.78484e-06 7.23721e-05 0.000959294 8.78484e-06 0.000102008 0.00141292 8.78484e-06
9717.02 0.000117557 -0.00161248 1.02888e-05 8.3189e-05 -0.00108041 1.02888e-05 3.10277e-05 4.11206e-05 1.02888e-05 8.63417e-05 0.00113038 1.02888e-05 0.000120818 0.00166244 1.02888e-05
11054.5 0.000136011 -0.00185691 1.17899e-05 9.68271e-05 -0.00124642 1.17899e-05 3.77155e-05 4.51861e-05 1.17899e-05 0.000100288 0.00130137 1.17899e-05 0.00013959 0.00191187 1.17899e-05
12390.3 0.00015438 -0.0021005 1.32861e-05 0.000110404 -0.00141171 1.32861e-05 4.4395e-05 4.97367e-05 1.32861e-05 0.000114211 0.00147224 1.32861e-05 0.000158317 0.00216107 1.32861e-05
13724.5 0.000172685 -0.00234356 1.47784e-05 0.000123936 -0.00157652 1.47784e-05 5.1066e-05 5.45488e-05 1.47784e-05 0.000128107 0.00164296 1.47784e-05 0.000176998 0.00241006 1.47784e-05
15056.7 0.000190948 -0.00258644 1.62685e-05 0.000137438 -0.00174112 1.62685e-05 5.77278e-05 5.94096e-05 1.62685e-05 0.000141976 0.00181353 1.62685e-05 0.000195641 0.00265896 1.62685e-05
16386.9 0.000209169 -0.00282916 1.77563e-05 0.000150912 -0.00190553 1.77563e-05 6.43803e-05 6.4333e-05 1.77563e-05 0.000155822 0.001984 1.77563e-05 0.000214247 0.00290777 1.77563e-05
17715.2 0.000227358 -0.00307184 1.92425e-05 0.000164364 -0.00206985 1.92425e-05 7.10233e-05 6.9216e-05 1.92425e-05 0.000169642 0.00215433 1.92425e-05 0.000232815 0.00315652 1.92425e-05
19041.4 0.000245523 -0.00331464 2.07273e-05 0.000177802 -0.00223419 2.07273e-05 7.76566e-05 7.393e-05 2.07273e-05 0.000183433 0.0023245 2.07273e-05 0.000251346 0.0034052 2.07273e-05
20365.6 0.000263658 -0.00355747 2.2211e-05 0.000191219 -0.00239848 2.2211e-05 8.42803e-05 7.8649e-05 2.2211e-05 0.000197204 0.00249462 2.2211e-05 0.000269847 0.00365392 2.2211e-05
21687.7 0.000281758 -0.00380023 2.36926e-05 0.000204613 -0.00256265 2.36926e-05 9.08943e-05 8.32984e-05 2.36926e-05 0.000210945 0.00266456 2.36926e-05 0.000288306 0.0039025 2.36926e-05
23007.8 0.000299812 -0.00404278 2.51716e-05 0.000217976 -0.0027266 2.51716e-05 9.74984e-05 8.79992e-05 2.51716e-05 0.000224659 0.00283433 2.51716e-05 0.000306723 0.00415095 2.51716e-05
24325.7 0.000317824 -0.00428517 2.66483e-05 0.000231311 -0.00289035 2.66483e-05 0.000104093 9.27011e-05 2.66483e-05 0.000238344 0.00300393 2.66483e-05 0.000325097 0.00439926 2.66483e-05
25641.7 0.000335797 -0.00452745 2.81229e-05 0.000244619 -0.00305395 2.81229e-05 0.000110678 9.74348e-05 2.81229e-05 0.000252004 0.00317342 2.81229e-05 0.000343433 0.00464752 2.81229e-05
26955.5 0.000353722 -0.00476947 2.95947e-05 0.000257893 -0.00321728 2.95947e-05 0.000117252 0.00010225 2.95947e-05 0.000265635 0.00334275 2.95947e-05 0.000361726 0.00489563 2.95947e-05
28267.1 0.000371595 -0.00501121 3.10635e-05 0.000271133 -0.00338032 3.10635e-05 0.000123816 0.000107125 3.10635e-05 0.000279236 0.00351188 3.10635e-05 0.000379972 0.00514354 3.10635e-05
29576.6 0.000389421 -0.00525272 3.25297e-05 0.00028434 -0.00354312 3.25297e-05 0.00013037 0.000112069 3.25297e-05 0.000292809 0.00368085 3.25297e-05 0.000398176 0.00539134 3.25297e-05
30883.9 0.0004072 -0.005494 3.39932e-05 0.000297515 -0.00370566 3.39932e-05 0.000136914 0.000117077 3.39932e-05 0.000306354 0.00384966 3.39932e-05 0.000416335 0.00563899 3.39932e-05
32189 0.000424931 -0.00573506 3.54542e-05 0.000310658 -0.00386796 3.54542e-05 0.000143447 0.000122172 3.54542e-05 0.000319871 0.00401834 3.54542e-05 0.000434454 0.00588655 3.54542e-05
33491.9 0.000442615 -0.00597589 3.69126e-05 0.000323767 -0.00403 3.69126e-05 0.000149969 0.000127355 3.69126e-05 0.000333361 0.00418688 3.69126e-05 0.00045253 0.00613401 3.69126e-05
34792.4 0.00046025 -0.00621649 3.83684e-05 0.000336843 -0.00419178 3.83684e-05 0.000156481 0.000132626 3.83684e-05 0.000346824 0.00435529 3.83684e-05 0.000470564 0.00638137 3.83684e-05
36090.7 0.000477837 -0.00645686 3.98218e-05 0.000349886 -0.0043533 3.98218e-05 0.000162981 0.000138 3.98218e-05 0.00036026 0.00452357 3.98218e-05 0.000488557 0.00662865 3.98218e-05
37386.6 0.000495378 -0.00669704 4.12727e-05 0.000362896 -0.00451459 4.12727e-05 0.00016947 0.000143455 4.12727e-05 0.00037367 0.00469173 4.12727e-05 0.000506508 0.00687585 4.12727e-05
38680.2 0.000512868 -0.00693697 4.27209e-05 0.000375872 -0.0046756 4.27209e-05 0.000175948 0.000149004 4.27209e-05 0.00038705 0.00485974 4.27209e-05 0.000524416 0.00712294 4.27209e-05
39971.3 0.000530308 -0.00717663 4.41664e-05 0.000388813 -0.00483633 4.41664e-05 0.000182415 0.000154649 4.41664e-05 0.000400403 0.0050276 4.41664e-05 0.000542279 0.00736991 4.41664e-05
41260.1 0.000547696 -0.00741603 4.56091e-05 0.000401719 -0.00499678 4.56091e-05 0.000188869 0.000160396 4.56091e-05 0.000413726 0.00519531 4.56091e-05 0.000560097 0.00761676 4.56091e-05
42546.3 0.000565034 -0.00765518 4.70492e-05 0.000414589 -0.00515694 4.70492e-05 0.000195312 0.000166258 4.70492e-05 0.000427022 0.00536289 4.70492e-05 0.000577873 0.00786354 4.70492e-05
43830.1 0.000582318 -0.00789405 4.84863e-05 0.000427423 -0.0053168 4.84863e-05 0.000201743 0.000172226 4.84863e-05 0.000440288 0.00553032 4.84863e-05 0.000595602 0.00811018 4.84863e-05
45110.5 0.000599543 -0.00813254 4.99204e-05 0.000440215 -0.00547627 4.99204e-05 0.00020816 0.000178386 4.99204e-05 0.000453524 0.00569761 4.99204e-05 0.000613284 0.0083567 4.99204e-05
46114 0.000614213 -0.00833521 5.12645e-05 0.000450737 -0.00560502 5.12645e-05 0.000213752 0.000215591 5.12645e-05 0.000466805 0.00587273 5.12645e-05 0.0006308 0.00860649 5.12645e-05
47114.9 0.000628936 -0.0085392 5.26135e-05 0.0004613 -0.00573468 5.26135e-05 0.000219333 0.000252158 5.26135e-05 0.000480074 0.00604805 5.26135e-05 0.000648313 0.00885691 5.26135e-05
48117.6 0.000644002 -0.00874925 5.39877e-05 0.000472121 -0.00586883 5.39877e-05 0.000224904 0.000285584 5.39877e-05 0.00049336 0.00622403 5.39877e-05 0.00066592 0.00910957 5.39877e-05
49086.6 0.000658973 -0.00895885 5.53676e-05 0.000482827 -0.0060021 5.53676e-05 0.00023037 0.000320959 5.53676e-05 0.000506669 0.00640163 5.53676e-05 0.000683575 0.00936437 5.53676e-05
49917.9 0.000669543 -0.00909923 5.64859e-05 0.000490056 -0.00608092 5.64859e-05 0.000235409 0.000399622 5.64859e-05 0.000519714 0.0065787 5.64859e-05 0.000700143 0.0096047 5.64859e-05
50690.7 0.000678013 -0.00920641 5.74763e-05 0.000495635 -0.00613378 5.74763e-05 0.000240259 0.000498502 5.74763e-05 0.000532604 0.00675508 5.74763e-05 0.00071615 0.00983759 5.74763e-05
51459.4 0.000686395 -0.00931235 5.84615e-05 0.000501146 -0.00618567 5.84615e-05 0.000245093 0.000598013 5.84615e-05 0.000545461 0.00693142 5.84615e-05 0.000732103 0.0100703 5.84615e-05
52222.6 0.000694665 -0.00941676 5.94412e-05 0.000506563 -0.0062363 5.94412e-05 0.000249888 0.0006985 5.94412e-05 0.000558284 0.00710785 5.94412e-05 0.000748004 0.0103029 5.94412e-05
52965.6 0.000702286 -0.00951096 6.03819e-05 0.000511463 -0.00627895 6.03819e-05 0.000254619 0.000805247 6.03819e-05 0.000571049 0.00728421 6.03819e-05 0.000763722 0.0105336 6.03819e-05
53622.4 0.000709258 -0.00959848 6.12648e-05 0.000515858 -0.00631808 6.12648e-05 0.000258753 0.00090534 6.12648e-05 0.000582805 0.00744888 6.12648e-05 0.000778271 0.0107493 6.12648e-05
54110.5 0.000716884 -0.00970383 6.21561e-05 0.000520775 -0.00637419 6.21561e-05 0.000261853 0.000974233 6.21561e-05 0.000592745 0.00759182 6.21561e-05 0.00079108 0.0109434 6.21561e-05
54463.9 0.000720977 -0.0097546 6.27866e-05 0.000523007 -0.00639061 6.27866e-05 0.00026438 0.00106219 6.27866e-05 0.000601438 0.00771867 6.27866e-05 0.00080182 0.011107 6.27866e-05
54732.6 0.000723422 -0.00978159 6.32153e-05 0.000524205 -0.00639466 6.32153e-05 0.000266388 0.0011353 6.32153e-05 0.00060803 0.00781419 6.32153e-05 0.000809793 0.0112277 6.32153e-05
54874.9 0.000725366 -0.00980368 6.35795e-05 0.000525072 -0.00639724 6.35795e-05 0.00026789 0.00119775 6.35795e-05 0.0006135 0.00789499 6.35795e-05 0.000816453 0.01133 6.35795e-05
54960.1 0.000726986 -0.00982139 6.39448e-05 0.0005256 -0.00639556 6.39448e-05 0.000269246 0.00126667 6.39448e-05 0.00061911 0.00797957 6.39448e-05 0.000823277 0.0114361 6.39448e-05
55000.9 0.000728349 -0.0098356 6.43102e-05 0.000525861 -0.00639052 6.43102e-05 0.00027049 0.00134056 6.43102e-05 0.000624821 0.008067 6.43102e-05 0.000830218 0.0115453 6.43102e-05
55227.7 0.000730338 -0.00985725 6.4633e-05 0.000526923 -0.00639486 6.4633e-05 0.00027217 0.00139437 6.4633e-05 0.000629843 0.00813879 6.4633e-05 0.000836262 0.0116361 6.4633e-05
55439.4 0.000732346 -0.00988018 6.49494e-05 0.000528015 -0.00640071 6.49494e-05 0.000273705 0.00144387 6.49494e-05 0.000634569 0.00820681 6.49494e-05 0.000841994 0.0117229 6.49494e-05
55646.9 0.00073424 -0.00990136 6.52583e-05 0.000529017 -0.00640527 6.52583e-05 0.000275222 0.00149421 6.52583e-05 0.000639267 0.00827458 6.52583e-05 0.000847676 0.0118089 6.52583e-05
55676.6 0.000730871 -0.00984545 6.52518e-05 0.000525871 -0.00634944 6.52518e-05 0.000276118 0.00159025 6.52518e-05 0.000643345 0.00833719 6.52518e-05 0.000851771 0.0118724 6.52518e-05
55617.1 0.000724437 -0.00974488 6.5064e-05 0.000520328 -0.00625818 6.5064e-05 0.000276721 0.00171407 6.5064e-05 0.000647165 0.00839801 6.5064e-05 0.000855052 0.0119242 6.5064e-05
55510 0.000714537 -0.00959224 6.46758e-05 0.000512084 -0.00612503 6.46758e-05 0.000277269 0.00187455 6.46758e-05 0.000651101 0.00846142 6.46758e-05 0.000857819 0.0119676 6.46758e-05
55551.7 0.0007083 -0.00949198 6.44912e-05 0.000506768 -0.00603387 6.44912e-05 0.000278347 0.00200124 6.44912e-05 0.000655367 0.00852586 6.44912e-05 0.000861522 0.0120232 6.44912e-05
55600.1 0.000702219 -0.00939395 6.43247e-05 0.000501547 -0.00594402 6.43247e-05 0.00028131 0.00210805 6.43247e-05 0.000659786 0.0085928 6.43247e-05 0.000865439 0.0120823 6.43247e-05
55785.3 0.000703686 -0.00940858 6.45708e-05 0.000502297 -0.00594585 6.45708e-05 0.000283731 0.00213995 6.45708e-05 0.000663752 0.0086497 6.45708e-05 0.000870182 0.0121539 6.45708e-05
55969.4 0.000705151 -0.00942319 6.48162e-05 0.000503045 -0.00594772 6.48162e-05 0.000286139 0.0021717 6.48162e-05 0.0006677 0.00870639 6.48162e-05 0.000874905 0.0122252 6.48162e-05
56152.6 0.000706613 -0.00943782 6.50609e-05 0.000503793 -0.00594963 6.50609e-05 0.000288535 0.0022033 6.50609e-05 0.000671631 0.00876286 6.50609e-05 0.000879607 0.0122963 6.50609e-05
56334.7 0.000708074 -0.00945246 6.53049e-05 0.000504541 -0.00595159 6.53049e-05 0.000290918 0.00223472 6.53049e-05 0.000675542 0.0088191 6.53049e-05 0.000884288 0.0123671 6.53049e-05
56515.7 0.000709533 -0.0094671 6.55481e-05 0.000505289 -0.0059536 6.55481e-05 0.000293288 0.00226598 6.55481e-05 0.000679434 0.00887512 6.55481e-05 0.000888947 0.0124377 6.55481e-05
56694.3 0.000710947 -0.00948114 6.57884e-05 0.000506002 -0.00595515 6.57884e-05 0.000295656 0.00229736 6.57884e-05 0.000683307 0.00893095 6.57884e-05 0.000893578 0.0125079 6.57884e-05
56854.6 0.000711838 -0.00948627 6.59958e-05 0.000506236 -0.00594958 6.59958e-05 0.000298178 0.00233262 6.59958e-05 0.000687175 0.00898721 6.59958e-05 0.000898104 0.0125768 6.59958e-05
57013.8 0.00071275 -0.00949138 6.62023e-05 0.000506469 -0.00594406 6.62023e-05 0.000300686 0.0023677 6.62023e-05 0.000691021 0.0090432 6.62023e-05 0.000902605 0.0126453 6.62023e-05
57171.8 0.000713661 -0.00949653 6.64081e-05 0.000506704 -0.0059386 6.64081e-05 0.000303179 0.00240259 6.64081e-05 0.000694847 0.00909896 6.64081e-05 0.000907085 0.0127136 6.64081e-05
57328.6 0.000714571 -0.00950171 6.66132e-05 0.00050694 -0.00593323 6.66132e-05 0.000305657 0.00243729 6.66132e-05 0.000698652 0.00915446 6.66132e-05 0.000911541 0.0127816 6.66132e-05
57484.1 0.000715482 -0.00950697 6.68177e-05 0.000507178 -0.00592795 6.68177e-05 0.000308118 0.00247177 6.68177e-05 0.000702436 0.0092097 6.68177e-05 0.000915973 0.0128493 6.68177e-05
57598.7 0.000716144 -0.00950931 6.70177e-05 0.000507182 -0.00592 6.70177e-05 0.00031057 0.00250785 6.70177e-05 0.000706206 0.00926598 6.70177e-05 0.000920393 0.0129179 6.70177e-05
57655.9 0.000716851 -0.00951471 6.72254e-05 0.000507207 -0.0059147 6.72254e-05 0.000312624 0.00253996 6.72254e-05 0.000709624 0.00931905 6.72254e-05 0.000924507 0.0129835 6.72254e-05
57699.5 0.00071788 -0.00952651 6.74446e-05 0.000507515 -0.00591522 6.74446e-05 0.000314259 0.00256592 6.74446e-05 0.000712664 0.00936721 6.74446e-05 0.000928288 0.0130448 6.74446e-05
57730.9 0.000719186 -0.00954381 6.76757e-05 0.000508062 -0.00592062 6.76757e-05 0.000315553 0.00258693 6.76757e-05 0.00071541 0.00941168 6.76757e-05 0.000931819 0.013103 6.76757e-05
57751.2 0.000720583 -0.00956324 6.79074e-05 0.000508698 -0.00592813 6.79074e-05 0.000316651 0.00260518 6.79074e-05 0.000717954 0.0094535 6.79074e-05 0.000935153 0.0131585 6.79074e-05
57768.1 0.000722158 -0.00958655 6.81013e-05 0.000509635 -0.00594144 6.81013e-05 0.000317116 0.00261232 6.81013e-05 0.000719578 0.00948049 6.81013e-05 0.000937431 0.0131968 6.81013e-05
57819.5 0.000724037 -0.00961528 6.81968e-05 0.0005112 -0.00596526 6.81968e-05 0.000316447 0.0025974 6.81968e-05 0.000719333 0.00947593 6.81968e-05 0.000937491 0.0131972 6.81968e-05
57907.3 0.000724864 -0.00962442 6.81656e-05 0.000512129 -0.00597601 6.81656e-05 0.000316207 0.00258575 6.81656e-05 0.00071871 0.00946238 6.81656e-05 0.000936688 0.0131821 6.81656e-05
57978 0.000725717 -0.00963536 6.80824e-05 0.000513256 -0.00599123 6.80824e-05 0.000315296 0.00256278 6.80824e-05 0.000716993 0.00943305 6.80824e-05 0.000934598 0.0131486 6.80824e-05
58032.9 0.000726575 -0.00964759 6.79474e-05 0.000514557 -0.00601041 6.79474e-05 0.000313754 0.00252914 6.79474e-05 0.000714229 0.00938856 6.79474e-05 0.000931269 0.0130972 6.79474e-05
58188.4 0.000727358 -0.00965075 6.8127e-05 0.000514751 -0.00600433 6.8127e-05 0.000316149 0.0025619 6.8127e-05 0.000717944 0.00943763 6.8127e-05 0.000935583 0.0131556 6.8127e-05
58343.2 0.000728125 -0.00965366 6.83058e-05 0.000514929 -0.00599804 6.83058e-05 0.000318549 0.00259478 6.83058e-05 0.000721659 0.00948673 6.83058e-05 0.000939894 0.013214 6.83058e-05
58498.7 0.000728887 -0.00965652 6.84827e-05 0.00051511 -0.00599179 6.84827e-05 0.000320936 0.00262742 6.84827e-05 0.000725275 0.00953645 6.84827e-05 0.000943995 0.0132753 6.84827e-05
58653 0.00072967 -0.00965971 6.86605e-05 0.000515309 -0.00598582 6.86605e-05 0.000323311 0.00265986 6.86605e-05 0.000728788 0.00958711 6.86605e-05 0.000948063 0.013337 6.86605e-05
58806.5 0.000730397 -0.00966212 6.88214e-05 0.000515507 -0.00597994 6.88214e-05 0.000325575 0.00269041 6.88214e-05 0.000732084 0.0096341 6.88214e-05 0.00095185 0.0133939 6.88214e-05
58959.6 0.000731107 -0.0096643 6.89773e-05 0.000515705 -0.0059741 6.89773e-05 0.000327807 0.00272038 6.89773e-05 0.000735316 0.00968004 6.89773e-05 0.000955557 0.0134496 6.89773e-05
59112.5 0.000731817 -0.00966649 6.91333e-05 0.000515902 -0.00596825 6.91333e-05 0.000330038 0.00275037 6.91333e-05 0.000738548 0.009726 6.91333e-05 0.000959262 0.0135052 6.91333e-05
59265.5 0.000732518 -0.00966855 6.92891e-05 0.000516091 -0.0059623 6.92891e-05 0.000332273 0.00278046 6.92891e-05 0.000741783 0.00977205 6.92891e-05 0.00096297 0.013561 6.92891e-05
59418.2 0.00073323 -0.00967079 6.94463e-05 0.000516286 -0.00595645 6.94463e-05 0.000334506 0.00281055 6.94463e-05 0.000745022 0.00981824 6.94463e-05 0.000966687 0.013617 6.94463e-05
59570.5 0.000733957 -0.00967331 6.96057e-05 0.000516489 -0.00595076 6.96057e-05 0.000336737 0.00284069 6.96057e-05 0.000748273 0.00986471 6.96057e-05 0.000970424 0.0136733 6.96057e-05
59722.8 0.000734686 -0.00967586 6.97652e-05 0.000516693 -0.00594509 6.97652e-05 0.000338967 0.00287082 6.97652e-05 0.000751524 0.00991121 6.97652e-05 0.000974161 0.0137298 6.97652e-05
59874.6 0.000735441 -0.00967888 6.99286e-05 0.000516911 -0.0059397 6.99286e-05 0.000341195 0.00290101 6.99286e-05 0.000754794 0.00995816 6.99286e-05 0.000977931 0.0137869 6.99286e-05
60022.7 0.000736097 -0.00968065 7.00498e-05 0.00051717 -0.00593522 7.00498e-05 0.000343125 0.00292555 7.00498e-05 0.000757487 0.00999522 7.00498e-05 0.00100699 0.0140805 7.00498e-05
60165.9 0.000736658 -0.00968133 7.01227e-05 0.000517491 -0.00593216 7.01227e-05 0.000344684 0.00294316 7.01227e-05 0.000759486 0.0100205 7.01227e-05 0.00106743 0.0146684 7.01227e-05
60308.3 0.00073721 -0.00968191 7.01953e-05 0.000517805 -0.005929 7.01953e-05 0.000346241 0.00296081 7.01953e-05 0.000761483 0.0100457 7.01953e-05 0.0011281 0.0152591 7.01953e-05
60449.2 0.000737748 -0.00968235 7.02656e-05 0.000518112 -0.00592581 7.02656e-05 0.00034778 0.0029782 7.02656e-05 0.000763447 0.0100705 7.02656e-05 0.0011909 0.0158663 7.02656e-05
60586.1 0.000738208 -0.00968191 7.0296e-05 0.000518471 -0.00592382 7.0296e-05 0.000349008 0.0029898 7.0296e-05 0.000764834 0.0100854 7.0296e-05 0.00128766 0.0167179 7.0296e-05
60722.6 0.000738674 -0.00968158 7.03265e-05 0.000518837 -0.00592191 7.03265e-05 0.000350232 0.00300133 7.03265e-05 0.000766218 0.0101003 7.03265e-05 0.00138461 0.0175719 7.03265e-05
60859.2 0.000739135 -0.00968118 7.03565e-05 0.0005192 -0.00591997 7.03565e-05 0.000351456 0.00301284 7.03565e-05 0.000767598 0.0101152 7.03565e-05 0.00148152 0.018426 7.03565e-05
60995.3 0.000739611 -0.00968105 7.03878e-05 0.000519573 -0.00591823 7.03878e-05 0.00035267 0.00302423 7.03878e-05 0.000768975 0.01013 7.03878e-05 0.00157929 0.0192885 7.03878e-05
61131.4 0.00074009 -0.00968098 7.04191e-05 0.000519949 -0.00591655 7.04191e-05 0.00035388 0.00303555 7.04191e-05 0.000770348 0.0101448 7.04191e-05 0.00167719 0.0201527 7.04191e-05
135.076 0.000740552 -0.00968067 7.04493e-05 0.000520311 -0.00591468 7.04493e-05 0.000355089 0.00304692 7.04493e-05 0.000771715 0.0101595 7.04493e-05 0.00177482 0.0210152 7.04493e-05
266.8 0.000740939 -0.00967931 7.04751e-05 0.000520613 -0.00591199 7.04751e-05 0.000356303 0.00305863 7.04751e-05 0.000773066 0.0101741 7.04751e-05 0.00187092 0.0218648 7.04751e-05
398.947 0.000741335 -0.00967808 7.05013e-05 0.000520924 -0.00590942 7.05013e-05 0.000357515 0.00307026 7.05013e-05 0.000774415 0.0101886 7.05013e-05 0.00196736 0.022718 7.05013e-05
535.999 0.000741818 -0.00967802 7.05313e-05 0.000521307 -0.00590781 7.05313e-05 0.000358721 0.0030814 7.05313e-05 0.000775774 0.0102031 7.05313e-05 0.00206551 0.0235869 7.05313e-05
673.04 0.000742297 -0.00967791 7.05608e-05 0.00052169 -0.00590618 7.05608e-05 0.000359925 0.00309252 7.05608e-05 0.000777128 0.0102174 7.05608e-05 0.00216364 0.0244564 7.05608e-05
-2914.92 0.000665808 -0.00859926 6.51702e-05 0.000462919 -0.00510507 6.51702e-05 0.000358903 0.00329104 6.51702e-05 0.000746834 0.00986239 6.51702e-05 0.00211604 0.0238176 6.51702e-05
-2490.81 0.000667411 -0.0086042 6.55243e-05 0.000463358 -0.00509177 6.55243e-05 0.000363934 0.0033593 6.55243e-05 0.000754504 0.00996236 6.55243e-05 0.0021248 0.023937 6.55243e-05
-2127.02 0.00066686 -0.0085766 6.57595e-05 0.000462034 -0.00505207 6.57595e-05 0.00036957 0.0034426 6.57595e-05 0.000762235 0.0100645 6.57595e-05 0.00213322 0.0240524 6.57595e-05
-1888.89 0.000666684 -0.00855716 6.60916e-05 0.000460766 -0.00501553 6.60916e-05 0.000375234 0.00353087 6.60916e-05 0.000770551 0.0101819 6.60916e-05 0.00214269 0.0241868 6.60916e-05
-1371.79 0.000672688 -0.00862436 6.69e-05 0.000464113 -0.00504111 6.69e-05 0.000381387 0.00361059 6.69e-05 0.000781594 0.0103449 6.69e-05 0.00215685 0.024386 6.69e-05
-934.636 0.000677791 -0.00868292 6.73698e-05 0.000467672 -0.00507548 6.73698e-05 0.000384698 0.00364055 6.73698e-05 0.00078755 0.010424 6.73698e-05 0.00229834 0.0256748 6.73698e-05
-633.472 0.000682545 -0.00874515 6.76342e-05 0.000471557 -0.0051241 6.76342e-05 0.000385061 0.00362621 6.76342e-05 0.000789193 0.0104378 6.76342e-05 0.00247123 0.0272112 6.76342e-05
-364.052 0.000687086 -0.00880593 6.78621e-05 0.000475349 -0.00517314 6.78621e-05 0.000384974 0.00360603 6.78621e-05 0.000790137 0.0104422 6.78621e-05 0.00258055 0.0281815 6.78621e-05
-96.436 0.000691597 -0.00886633 6.80881e-05 0.000479118 -0.0052219 6.80881e-05 0.000384882 0.0035859 6.80881e-05 0.000791067 0.0104465 6.80881e-05 0.00268911 0.0291458 6.80881e-05
169.672 0.000696081 -0.00892634 6.83124e-05 0.000482865 -0.00527037 6.83124e-05 0.000384791 0.00356587 6.83124e-05 0.000791988 0.0104507 6.83124e-05 0.00279736 0.0301083 6.83124e-05
432.661 0.000700556 -0.00898626 6.85366e-05 0.000486602 -0.00531875 6.85366e-05 0.000384698 0.00354588 6.85366e-05 0.000792908 0.010455 6.85366e-05 0.00290642 0.0310789 6.85366e-05
694.563 0.000705001 -0.00904576 6.87591e-05 0.000490316 -0.00536679 6.87591e-05 0.000384608 0.00352604 6.87591e-05 0.000793823 0.0104592 6.87591e-05 0.00301549 0.0320507 6.87591e-05
955.208 0.000709418 -0.00910485 6.898e-05 0.000494007 -0.00541451 6.898e-05 0.000384523 0.00350635 6.898e-05 0.000794735 0.0104634 6.898e-05 0.00312477 0.0330253 6.898e-05
1214.49 0.000713802 -0.00916345 6.9199e-05 0.000497671 -0.00546183 6.9199e-05 0.000384444 0.00348685 6.9199e-05 0.000795644 0.0104675 6.9199e-05 0.0032341 0.0340014 6.9199e-05
1361.49 0.000714784 -0.00917119 6.92507e-05 0.000498483 -0.00546692 6.92507e-05 0.000385414 0.0034931 6.92507e-05 0.000796876 0.0104792 6.92507e-05 0.00333291 0.0348857 6.92507e-05
1484.27 0.000715033 -0.00916797 6.92661e-05 0.000498682 -0.00546291 6.92661e-05 0.000386609 0.00350485 6.92661e-05 0.000798174 0.0104924 6.92661e-05 0.00342956 0.0357519 6.92661e-05
1606.86 0.000715287 -0.00916484 6.92817e-05 0.000498884 -0.00545897 6.92817e-05 0.000387798 0.00351654 6.92817e-05 0.000799468 0.0105056 6.92817e-05 0.00352664 0.0366228 6.92817e-05
1729.37 0.00071554 -0.00916172 6.9297e-05 0.000499087 -0.00545505 6.9297e-05 0.000388985 0.00352817 6.9297e-05 0.000800757 0.0105187 6.9297e-05 0.00362398 0.0374968 6.9297e-05
1851.8 0.000715794 -0.0091586 6.93121e-05 0.000499291 -0.00545116 6.93121e-05 0.000390168 0.00353974 6.93121e-05 0.00080204 0.0105317 6.93121e-05 0.00372149 0.0383733 6.93121e-05
1957.84 0.000716744 -0.00916798 6.93938e-05 0.000499973 -0.00545634 6.93938e-05 0.000391014 0.00354725 6.93938e-05 0.000803357 0.0105476 6.93938e-05 0.00385301 0.0395608 6.93938e-05
2061.4 0.000717834 -0.00917993 6.94891e-05 0.000500749 -0.00546338 6.94891e-05 0.000391783 0.00355389 6.94891e-05 0.000804669 0.0105642 6.94891e-05 0.00399267 0.0408244 6.94891e-05
2164.34 0.000718947 -0.00919228 6.95855e-05 0.000501545 -0.00547076 6.95855e-05 0.000392536 0.00356023 6.95855e-05 0.000805969 0.0105806 6.95855e-05 0.00413332 0.042099 6.95855e-05
2266.62 0.000720076 -0.00920491 6.96824e-05 0.000502356 -0.00547841 6.96824e-05 0.000393275 0.00356633 6.96824e-05 0.000807255 0.0105968 6.96824e-05 0.00427487 0.0433838 6.96824e-05
2368.73 0.000721213 -0.00921768 6.97792e-05 0.000503175 -0.00548619 6.97792e-05 0.000394002 0.00357225 6.97792e-05 0.000808529 0.0106128 6.97792e-05 0.00441723 0.0446781 6.97792e-05
2470.45 0.000722348 -0.00923046 6.98755e-05 0.000503993 -0.00549402 6.98755e-05 0.00039472 0.00357804 6.98755e-05 0.00080979 0.0106287 6.98755e-05 0.00456037 0.0459818 6.98755e-05
2571.83 0.000723492 -0.00924342 6.99718e-05 0.00050482 -0.00550201 6.99718e-05 0.000395425 0.00358363 6.99718e-05 0.000811038 0.0106443 6.99718e-05 0.00470447 0.0472966 6.99718e-05
2672.86 0.000724643 -0.00925653 7.0068e-05 0.000505656 -0.00551017 7.0068e-05 0.000396117 0.00358901 7.0068e-05 0.000812269 0.0106597 7.0068e-05 0.00484951 0.0486224 7.0068e-05
2773.51 0.000725804 -0.00926981 7.01642e-05 0.0005065 -0.0055185 7.01642e-05 0.000396795 0.00359416 7.01642e-05 0.000813474 0.010675 7.01642e-05 0.00499551 0.0499595 7.01642e-05
2873.84 0.000726974 -0.00928328 7.02604e-05 0.000507354 -0.00552702 7.02604e-05 0.000397458 0.00359909 7.02604e-05 0.000814663 0.0106901 7.02604e-05 0.00514257 0.051309 7.02604e-05
2973.6 0.00072815 -0.00929689 7.03564e-05 0.000508215 -0.00553569 7.03564e-05 0.000398107 0.00360379 7.03564e-05 0.000815836 0.0107049 7.03564e-05 0.00529073 0.0526714 7.03564e-05
3072.99 0.000729338 -0.00931072 7.04523e-05 0.000509087 -0.00554458 7.04523e-05 0.000398739 0.00360823 7.04523e-05 0.00081699 0.0107195 7.04523e-05 0.00544007 0.0540476 7.04523e-05
3171.91 0.000730537 -0.00932477 7.05483e-05 0.000509971 -0.00555369 7.05483e-05 0.000399354 0.00361239 7.05483e-05 0.000818126 0.0107337 7.05483e-05 0.00559066 0.0554384 7.05483e-05
3270.34 0.000731747 -0.00933905 7.06442e-05 0.000510866 -0.00556303 7.06442e-05 0.00039995 0.00361625 7.06442e-05 0.000819242 0.0107477 7.06442e-05 0.00574259 0.0568448 7.06442e-05
3368.21 0.000732971 -0.00935359 7.07401e-05 0.000511774 -0.00557263 7.07401e-05 0.000400527 0.00361981 7.07401e-05 0.000820336 0.0107614 7.07401e-05 0.00589596 0.0582681 7.07401e-05
3465.52 0.000734208 -0.0093684 7.0836e-05 0.000512696 -0.0055825 7.0836e-05 0.000401082 0.00362303 7.0836e-05 0.000821408 0.0107747 7.0836e-05 0.00605094 0.0597098 7.0836e-05
3562.2 0.00073546 -0.0093835 7.0932e-05 0.000513633 -0.00559266 7.0932e-05 0.000401614 0.00362588 7.0932e-05 0.000822456 0.0107877 7.0932e-05 0.00620755 0.0611705 7.0932e-05
3653.48 0.000736933 -0.00940261 7.10465e-05 0.000514729 -0.00560587 7.10465e-05 0.000402012 0.00362697 7.10465e-05 0.000823472 0.0108008 7.10465e-05 0.00637715 0.062758 7.10465e-05
3151.59 0.000749299 -0.00964541 7.11652e-05 0.000526706 -0.00584257 7.11652e-05 0.000383979 0.00334568 7.11652e-05 0.000803977 0.0105446 7.11652e-05 0.00703186 0.071216 7.11652e-05
3041.28 0.000752443 -0.009709 7.06951e-05 0.000531395 -0.00593036 7.06951e-05 0.000375155 0.00319084 7.06951e-05 0.000790801 0.0103525 7.06951e-05 0.00743367 0.0770449 7.06951e-05
3141.26 0.000753734 -0.00972467 7.07459e-05 0.000532519 -0.00594341 7.07459e-05 0.000375311 0.00318592 7.07459e-05 0.000791145 0.0103534 7.07459e-05 0.0076743 0.0794773 7.07459e-05
3255.52 0.000755034 -0.00973927 7.08597e-05 0.000533445 -0.00595215 7.08597e-05 0.000376168 0.00319319 7.08597e-05 0.000792692 0.0103718 7.08597e-05 0.00790399 0.0816307 7.08597e-05
3369.62 0.000756349 -0.00975411 7.09744e-05 0.000534383 -0.00596108 7.09744e-05 0.000377019 0.00320034 7.09744e-05 0.000794239 0.0103903 7.09744e-05 0.00813395 0.0837865 7.09744e-05
3470.33 0.000758075 -0.00977664 7.11235e-05 0.000535619 -0.00597594 7.11235e-05 0.000377575 0.00320372 7.11235e-05 0.000795686 0.0104085 7.11235e-05 0.00837354 0.0860345 7.11235e-05
3570.58 0.00075981 -0.00979935 7.12734e-05 0.000536861 -0.00599093 7.12734e-05 0.000378125 0.00320701 7.12734e-05 0.00079713 0.0104266 7.12734e-05 0.00861333 0.0882844 7.12734e-05
3670.96 0.000761543 -0.00982201 7.14231e-05 0.000538101 -0.00600589 7.14231e-05 0.000378676 0.00321032 7.14231e-05 0.000798576 0.0104448 7.14231e-05 0.00885309 0.0905339 7.14231e-05
3771.39 0.000763276 -0.00984469 7.15729e-05 0.000539343 -0.00602086 7.15729e-05 0.000379227 0.00321363 7.15729e-05 0.000800021 0.0104629 7.15729e-05 0.00909285 0.0927835 7.15729e-05
3871.84 0.000765008 -0.00986735 7.17226e-05 0.000540583 -0.00603581 7.17226e-05 0.000379778 0.00321694 7.17226e-05 0.000801466 0.0104811 7.17226e-05 0.00933258 0.0950328 7.17226e-05
3972.4 0.00076673 -0.00988984 7.18716e-05 0.000541814 -0.00605062 7.18716e-05 0.000380333 0.00322033 7.18716e-05 0.000802911 0.0104993 7.18716e-05 0.00957213 0.0972804 7.18716e-05
4072.68 0.000768436 -0.00991211 7.20199e-05 0.000543033 -0.00606526 7.20199e-05 0.000380893 0.00322383 7.20199e-05 0.000804358 0.0105175 7.20199e-05 0.0098114 0.0995253 7.20199e-05
4172.93 0.000770142 -0.00993436 7.2168e-05 0.000544252 -0.00607989 7.2168e-05 0.000381452 0.00322732 7.2168e-05 0.000805803 0.0105356 7.2168e-05 0.0100506 0.101769 7.2168e-05
4272.94 0.000771848 -0.00995661 7.23162e-05 0.000545471 -0.00609451 7.23162e-05 0.000382011 0.00323082 7.23162e-05 0.000807249 0.0105538 7.23162e-05 0.0102897 0.104013 7.23162e-05
4373.16 0.000773553 -0.00997886 7.24643e-05 0.000546689 -0.00610913 7.24643e-05 0.000382571 0.00323431 7.24643e-05 0.000808694 0.010572 7.24643e-05 0.0105288 0.106257 7.24643e-05
4473.38 0.000775257 -0.0100011 7.26124e-05 0.000547907 -0.00612374 7.26124e-05 0.00038313 0.00323781 7.26124e-05 0.00081014 0.0105902 7.26124e-05 0.010768 0.1085 7.26124e-05
4573.59 0.000776962 -0.0100233 7.27605e-05 0.000549125 -0.00613835 7.27605e-05 0.00038369 0.00324132 7.27605e-05 0.000811585 0.0106084 7.27605e-05 0.0110071 0.110744 7.27605e-05
4662.02 0.000778578 -0.010045 7.28874e-05 0.000550324 -0.00615349 7.28874e-05 0.000384009 0.00324136 7.28874e-05 0.000812635 0.0106212 7.28874e-05 0.0111871 0.112433 7.28874e-05
4749.82 0.000780192 -0.0100667 7.30135e-05 0.000551523 -0.00616865 7.30135e-05 0.00038432 0.00324128 7.30135e-05 0.00081367 0.0106338 7.30135e-05 0.0113649 0.1141 7.30135e-05
4837.62 0.000781805 -0.0100883 7.31396e-05 0.000552721 -0.00618381 7.31396e-05 0.00038463 0.0032412 7.31396e-05 0.000814706 0.0106464 7.31396e-05 0.0115426 0.115768 7.31396e-05
4925.42 0.000783418 -0.01011 7.32656e-05 0.00055392 -0.00619897 7.32656e-05 0.000384941 0.00324113 7.32656e-05 0.000815741 0.010659 7.32656e-05 0.0117204 0.117435 7.32656e-05
5013.19 0.000785031 -0.0101316 7.33917e-05 0.000555118 -0.00621413 7.33917e-05 0.000385252 0.00324105 7.33917e-05 0.000816776 0.0106716 7.33917e-05 0.0118981 0.119103 7.33917e-05
5100.95 0.000786643 -0.0101533 7.35178e-05 0.000556317 -0.00622928 7.35178e-05 0.000385562 0.00324097 7.35178e-05 0.000817811 0.0106842 7.35178e-05 0.0120759 0.12077 7.35178e-05
5188.71 0.000788258 -0.0101749 7.3644e-05 0.000557516 -0.00624446 7.3644e-05 0.000385872 0.00324087 7.3644e-05 0.000818846 0.0106967 7.3644e-05 0.0122537 0.122438 7.3644e-05
5276.45 0.000789877 -0.0101967 7.37705e-05 0.00055872 -0.00625971 7.37705e-05 0.000386179 0.00324074 7.37705e-05 0.00081988 0.0107093 7.37705e-05 0.0124315 0.124106 7.37705e-05
5364.21 0.000791493 -0.0102184 7.38967e-05 0.000559921 -0.0062749 7.38967e-05 0.000386488 0.00324064 7.38967e-05 0.000820914 0.0107219 7.38967e-05 0.0126092 0.125773 7.38967e-05
5451.81 0.000793111 -0.0102401 7.40232e-05 0.000561123 -0.00629013 7.40232e-05 0.000386796 0.00324051 7.40232e-05 0.000821948 0.0107345 7.40232e-05 0.012787 0.127441 7.40232e-05
5539.48 0.000794727 -0.0102618 7.41495e-05 0.000562324 -0.00630534 7.41495e-05 0.000387104 0.0032404 7.41495e-05 0.000822982 0.0107471 7.41495e-05 0.0129648 0.129109 7.41495e-05
5627.14 0.000796343 -0.0102835 7.42758e-05 0.000563525 -0.00632054 7.42758e-05 0.000387412 0.00324029 7.42758e-05 0.000824016 0.0107597 7.42758e-05 0.0131426 0.130776 7.42758e-05
5714.8 0.000797959 -0.0103052 7.44021e-05 0.000564726 -0.00633574 7.44021e-05 0.000387721 0.00324018 7.44021e-05 0.00082505 0.0107723 7.44021e-05 0.0133203 0.132443 7.44021e-05
5802.47 0.000799571 -0.0103269 7.45281e-05 0.000565923 -0.00635089 7.45281e-05 0.00038803 0.0032401 7.45281e-05 0.000826085 0.0107849 7.45281e-05 0.013498 0.13411 7.45281e-05
5890.07 0.000801181 -0.0103485 7.46541e-05 0.000567119 -0.00636602 7.46541e-05 0.000388341 0.00324003 7.46541e-05 0.000827119 0.0107975 7.46541e-05 0.0136757 0.135777 7.46541e-05
5977.7 0.00080279 -0.0103701 7.47801e-05 0.000568315 -0.00638114 7.47801e-05 0.000388651 0.00323997 7.47801e-05 0.000828153 0.0108101 7.47801e-05 0.0138533 0.137444 7.47801e-05
6062.11 0.000804371 -0.0103914 7.4902e-05 0.000569495 -0.0063962 7.4902e-05 0.00038892 0.0032394 7.4902e-05 0.00082912 0.0108218 7.4902e-05 0.014021 0.139016 7.4902e-05
6145.16 0.000805938 -0.0104127 7.50223e-05 0.000570667 -0.00641123 7.50223e-05 0.000389172 0.00323862 7.50223e-05 0.000830057 0.0108331 7.50223e-05 0.0141843 0.140549 7.50223e-05
6228.21 0.000807507 -0.0104339 7.51426e-05 0.00057184 -0.00642627 7.51426e-05 0.000389424 0.00323783 7.51426e-05 0.000830994 0.0108445 7.51426e-05 0.0143477 0.142081 7.51426e-05
6311.22 0.00080908 -0.0104552 7.52632e-05 0.000573016 -0.00644137 7.52632e-05 0.000389673 0.00323701 7.52632e-05 0.000831931 0.0108558 7.52632e-05 0.0145111 0.143614 7.52632e-05
6394.21 0.000810595 -0.0104773 7.53836e-05 0.000574191 -0.00645643 7.53836e-05 0.000389924 0.0032362 7.53836e-05 0.000832868 0.0108672 7.53836e-05 0.0146744 0.145146 7.53836e-05
6477.22 0.000812108 -0.0104994 7.55041e-05 0.000575365 -0.0064715 7.55041e-05 0.000390174 0.0032354 7.55041e-05 0.000833797 0.0108786 7.55041e-05 0.0148378 0.146679 7.55041e-05
6560.21 0.00081362 -0.0105215 7.56245e-05 0.000576541 -0.00648657 7.56245e-05 0.000390424 0.00323459 7.56245e-05 0.000834705 0.0108904 7.56245e-05 0.0150011 0.14821 7.56245e-05
6643.18 0.000815133 -0.0105437 7.57449e-05 0.000577716 -0.00650165 7.57449e-05 0.000390674 0.00323377 7.57449e-05 0.000835613 0.0109021 7.57449e-05 0.0151643 0.149741 7.57449e-05
6726.12 0.000816645 -0.0105658 7.58653e-05 0.000578891 -0.00651672 7.58653e-05 0.000390924 0.00323295 7.58653e-05 0.00083652 0.0109138 7.58653e-05 0.0153275 0.151272 7.58653e-05
6808.37 0.000818148 -0.0105878 7.59853e-05 0.000580058 -0.00653168 7.59853e-05 0.000391176 0.0032322 7.59853e-05 0.000837429 0.0109256 7.59853e-05 0.0154908 0.152803 7.59853e-05
6890.47 0.000819648 -0.0106098 7.61052e-05 0.000581223 -0.00654662 7.61052e-05 0.000391428 0.00323147 7.61052e-05 0.000838337 0.0109374 7.61052e-05 0.015654 0.154334 7.61052e-05
6972.55 0.000821148 -0.0106318 7.62251e-05 0.000582387 -0.00656155 7.62251e-05 0.00039168 0.00323074 7.62251e-05 0.000839245 0.0109492 7.62251e-05 0.0158171 0.155865 7.62251e-05
7053.62 0.000822639 -0.0106536 7.63438e-05 0.000583547 -0.00657646 7.63438e-05 0.00039192 0.00322985 7.63438e-05 0.000840128 0.0109607 7.63438e-05 0.0159772 0.157366 7.63438e-05
7133.37 0.000824118 -0.0106754 7.64608e-05 0.0005847 -0.00659135 7.64608e-05 0.000392142 0.00322875 7.64608e-05 0.000840978 0.0109719 7.64608e-05 0.016133 0.158828 7.64608e-05
7213.17 0.000825598 -0.0106972 7.65779e-05 0.000585853 -0.00660624 7.65779e-05 0.000392365 0.00322766 7.65779e-05 0.000841829 0.010983 7.65779e-05 0.0162891 0.160293 7.65779e-05
7292.97 0.000827077 -0.010719 7.6695e-05 0.000587006 -0.00662112 7.6695e-05 0.000392589 0.00322658 7.6695e-05 0.000842681 0.0109943 7.6695e-05 0.0164453 0.161758 7.6695e-05
7372.76 0.000828555 -0.0107408 7.68121e-05 0.000588159 -0.006636 7.68121e-05 0.000392812 0.0032255 7.68121e-05 0.000843533 0.0110055 7.68121e-05 0.0166015 0.163222 7.68121e-05
7452.53 0.000830033 -0.0107626 7.69292e-05 0.000589312 -0.00665088 7.69292e-05 0.000393035 0.00322441 7.69292e-05 0.000844384 0.0110167 7.69292e-05 0.0167576 0.164687 7.69292e-05
7532.12 0.00083151 -0.0107843 7.70462e-05 0.000590463 -0.00666574 7.70462e-05 0.000393259 0.00322334 7.70462e-05 0.000845235 0.0110279 7.70462e-05 0.0169137 0.166151 7.70462e-05
7611.74 0.000832986 -0.0108061 7.71633e-05 0.000591614 -0.00668059 7.71633e-05 0.000393483 0.00322229 7.71633e-05 0.000846088 0.0110391 7.71633e-05 0.01707 0.167618 7.71633e-05
7690.78 0.000834427 -0.0108272 7.72785e-05 0.000592735 -0.00669498 7.72785e-05 0.000393721 0.00322153 7.72785e-05 0.000846946 0.0110504 7.72785e-05 0.0172263 0.169084 7.72785e-05
7769.6 0.000835856 -0.0108482 7.7393e-05 0.000593845 -0.0067092 7.7393e-05 0.000393964 0.00322087 7.7393e-05 0.000847805 0.0110618 7.7393e-05 0.0173825 0.17055 7.7393e-05
7848.48 0.000837286 -0.0108692 7.75078e-05 0.000594955 -0.00672343 7.75078e-05 0.000394208 0.00322023 7.75078e-05 0.000848666 0.0110732 7.75078e-05 0.0175392 0.172019 7.75078e-05
7927.33 0.000838717 -0.0108902 7.76225e-05 0.000596066 -0.00673768 7.76225e-05 0.000394452 0.00321958 7.76225e-05 0.000849526 0.0110846 7.76225e-05 0.0176957 0.173488 7.76225e-05
8006.17 0.000840143 -0.0109112 7.77373e-05 0.000597178 -0.00675192 7.77373e-05 0.000394695 0.00321893 7.77373e-05 0.000850387 0.011096 7.77373e-05 0.0178523 0.174957 7.77373e-05
78.8965 0.000841549 -0.0109324 7.78522e-05 0.000598289 -0.00676616 7.78522e-05 0.000394939 0.00321829 7.78522e-05 0.000851249 0.0111074 7.78522e-05 0.0180092 0.176428 7.78522e-05
157.758 0.000842954 -0.0109536 7.7967e-05 0.0005994 -0.00678039 7.7967e-05 0.000395183 0.00321765 7.7967e-05 0.00085211 0.0111188 7.7967e-05 0.018166 0.177899 7.7967e-05
236.6 0.000844359 -0.0109748 7.80818e-05 0.00060051 -0.00679462 7.80818e-05 0.000395427 0.00321701 7.80818e-05 0.000852971 0.0111302 7.80818e-05 0.0183227 0.179369 7.80818e-05
315.424 0.000845763 -0.0109959 7.81966e-05 0.00060162 -0.00680885 7.81966e-05 0.000395671 0.00321638 7.81966e-05 0.000853832 0.0111416 7.81966e-05 0.0184794 0.180839 7.81966e-05
394.228 0.000847166 -0.0110171 7.83113e-05 0.00060273 -0.00682307 7.83113e-05 0.000395915 0.00321574 7.83113e-05 0.000854693 0.0111531 7.83113e-05 0.018636 0.182308 7.83113e-05
473.013 0.000848569 -0.0110383 7.8426e-05 0.00060384 -0.0068373 7.8426e-05 0.000396159 0.0032151 7.8426e-05 0.000855553 0.0111645 7.8426e-05 0.0187926 0.183777 7.8426e-05
551.778 0.000849971 -0.0110594 7.85407e-05 0.00060495 -0.00685151 7.85407e-05 0.000396402 0.00321446 7.85407e-05 0.000856413 0.0111759 7.85407e-05 0.0189491 0.185245 7.85407e-05
627.768 0.000851173 -0.011077 7.86444e-05 0.000605879 -0.00686295 7.86444e-05 0.00039673 0.00321562 7.86444e-05 0.000857306 0.0111879 7.86444e-05 0.0191059 0.186716 7.86444e-05
697.582 0.000851925 -0.0110866 7.87234e-05 0.0006064 -0.0068681 7.87234e-05 0.000397249 0.00322085 7.87234e-05 0.000858273 0.0112014 7.87234e-05 0.0192634 0.188194 7.87234e-05
767.359 0.000852676 -0.0110962 7.88027e-05 0.000606921 -0.00687322 7.88027e-05 0.000397771 0.00322613 7.88027e-05 0.000859245 0.011215 7.88027e-05 0.0194218 0.18968 7.88027e-05
837.163 0.000853427 -0.0111058 7.88821e-05 0.000607442 -0.00687836 7.88821e-05 0.000398293 0.00323142 7.88821e-05 0.000860218 0.0112287 7.88821e-05 0.0195804 0.191168 7.88821e-05
906.914 0.000854179 -0.0111154 7.89614e-05 0.000607963 -0.00688349 7.89614e-05 0.000398815 0.00323671 7.89614e-05 0.000861191 0.0112423 7.89614e-05 0.0197389 0.192655 7.89614e-05
976.648 0.000854929 -0.011125 7.90408e-05 0.000608483 -0.00688861 7.90408e-05 0.000399337 0.003242 7.90408e-05 0.000862163 0.0112559 7.90408e-05 0.0198973 0.194141 7.90408e-05
1046.36 0.00085568 -0.0111346 7.91201e-05 0.000609003 -0.00689373 7.91201e-05 0.000399859 0.00324729 7.91201e-05 0.000863134 0.0112695 7.91201e-05 0.0200557 0.195627 7.91201e-05
1116.05 0.000856429 -0.0111442 7.91993e-05 0.000609522 -0.00689885 7.91993e-05 0.000400381 0.00325258 7.91993e-05 0.000864106 0.0112832 7.91993e-05 0.0202141 0.197113 7.91993e-05
1185.72 0.000857179 -0.0111538 7.92785e-05 0.000610042 -0.00690395 7.92785e-05 0.000400902 0.00325787 7.92785e-05 0.000865077 0.0112968 7.92785e-05 0.0203724 0.198598 7.92785e-05
1255.36 0.000857927 -0.0111633 7.93577e-05 0.00061056 -0.00690906 7.93577e-05 0.000401424 0.00326316 7.93577e-05 0.000866047 0.0113104 7.93577e-05 0.0205306 0.200083 7.93577e-05
1324.99 0.000858675 -0.0111729 7.94368e-05 0.000611078 -0.00691416 7.94368e-05 0.000401945 0.00326846 7.94368e-05 0.000867018 0.011324 7.94368e-05 0.0206888 0.201567 7.94368e-05
1391.09 0.000859402 -0.0111823 7.95104e-05 0.000611594 -0.00691943 7.95104e-05 0.000402402 0.0032728 7.95104e-05 0.000867888 0.0113361 7.95104e-05 0.0208311 0.202902 7.95104e-05
1454.3 0.000860111 -0.0111917 7.95793e-05 0.000612109 -0.00692487 7.95793e-05 0.000402802 0.00327633 7.95793e-05 0.000868673 0.0113469 7.95793e-05 0.0209601 0.204112 7.95793e-05
1517.43 0.00086082 -0.0112011 7.96482e-05 0.000612622 -0.0069303 7.96482e-05 0.000403203 0.00327986 7.96482e-05 0.000869458 0.0113576 7.96482e-05 0.0210888 0.205319 7.96482e-05
1580.5 0.000861528 -0.0112105 7.97169e-05 0.000613136 -0.00693573 7.97169e-05 0.000403602 0.00328338 7.97169e-05 0.00087024 0.0113684 7.97169e-05 0.0212174 0.206525 7.97169e-05
1643.51 0.000862235 -0.0112198 7.97856e-05 0.000613649 -0.00694116 7.97856e-05 0.000404001 0.00328689 7.97856e-05 0.000871022 0.0113791 7.97856e-05 0.0213457 0.207729 7.97856e-05
1706.45 0.000862941 -0.0112292 7.98542e-05 0.000614161 -0.00694658 7.98542e-05 0.000404398 0.00329039 7.98542e-05 0.000871802 0.0113898 7.98542e-05 0.0214738 0.20893 7.98542e-05
1769.34 0.000863646 -0.0112385 7.99226e-05 0.000614673 -0.006952 7.99226e-05 0.000404795 0.00329388 7.99226e-05 0.000872581 0.0114005 7.99226e-05 0.0216016 0.21013 7.99226e-05
1832.16 0.000864351 -0.0112478 7.9991e-05 0.000615185 -0.00695742 7.9991e-05 0.000405192 0.00329736 7.9991e-05 0.000873358 0.0114112 7.9991e-05 0.0217293 0.211327 7.9991e-05
1894.92 0.000865055 -0.0112572 8.00593e-05 0.000615696 -0.00696283 8.00593e-05 0.000405587 0.00330083 8.00593e-05 0.000874134 0.0114219 8.00593e-05 0.0218567 0.212523 8.00593e-05
1957.61 0.000865759 -0.0112665 8.01274e-05 0.000616207 -0.00696825 8.01274e-05 0.000405981 0.00330429 8.01274e-05 0.000874908 0.0114325 8.01274e-05 0.0219839 0.213715 8.01274e-05
2020.23 0.000866461 -0.0112758 8.01955e-05 0.000616718 -0.00697366 8.01955e-05 0.000406375 0.00330773 8.01955e-05 0.00087568 0.0114431 8.01955e-05 0.0221108 0.214906 8.01955e-05
2082.78 0.000867163 -0.0112851 8.02634e-05 0.000617228 -0.00697906 8.02634e-05 0.000406768 0.00331117 8.02634e-05 0.000876451 0.0114537 8.02634e-05 0.0222375 0.216094 8.02634e-05
2145.26 0.000867864 -0.0112944 8.03313e-05 0.000617738 -0.00698447 8.03313e-05 0.000407159 0.00331459 8.03313e-05 0.000877221 0.0114643 8.03313e-05 0.0223639 0.21728 8.03313e-05
2207.67 0.000868564 -0.0113037 8.0399e-05 0.000618247 -0.00698987 8.0399e-05 0.00040755 0.003318 8.0399e-05 0.000877988 0.0114748 8.0399e-05 0.02249 0.218463 8.0399e-05
2270.01 0.000869263 -0.011313 8.04666e-05 0.000618756 -0.00699527 8.04666e-05 0.00040794 0.00332139 8.04666e-05 0.000878754 0.0114853 8.04666e-05 0.0226159 0.219644 8.04666e-05
2332.27 0.000869962 -0.0113223 8.05341e-05 0.000619264 -0.00700067 8.05341e-05 0.000408328 0.00332478 8.05341e-05 0.000879519 0.0114958 8.05341e-05 0.0227415 0.220822 8.05341e-05
2394.45 0.00087066 -0.0113315 8.06015e-05 0.000619772 -0.00700607 8.06015e-05 0.000408716 0.00332815 8.06015e-05 0.000880281 0.0115063 8.06015e-05 0.0228668 0.221998 8.06015e-05
2456.55 0.000871357 -0.0113408 8.06688e-05 0.00062028 -0.00701146 8.06688e-05 0.000409102 0.0033315 8.06688e-05 0.000881041 0.0115167 8.06688e-05 0.0229918 0.223171 8.06688e-05
2518.57 0.000872053 -0.01135 8.07359e-05 0.000620787 -0.00701686 8.07359e-05 0.000409488 0.00333484 8.07359e-05 0.0008818 0.0115271 8.07359e-05 0.0231165 0.224341 8.07359e-05
2580.5 0.000872748 -0.0113593 8.0803e-05 0.000621294 -0.00702225 8.0803e-05 0.000409872 0.00333816 8.0803e-05 0.000882556 0.0115375 8.0803e-05 0.023241 0.225508 8.0803e-05
2639.73 0.000873427 -0.0113684 8.08658e-05 0.000621799 -0.00702778 8.08658e-05 0.000410206 0.00334077 8.08658e-05 0.000883237 0.0115468 8.08658e-05 0.0233533 0.226562 8.08658e-05
2698.1 0.000874101 -0.0113776 8.09273e-05 0.000622304 -0.00703336 8.09273e-05 0.000410523 0.00334312 8.09273e-05 0.000883892 0.0115556 8.09273e-05 0.0234616 0.227578 8.09273e-05
2756.29 0.000874774 -0.0113867 8.09885e-05 0.000622807 -0.00703894 8.09885e-05 0.000410839 0.00334545 8.09885e-05 0.000884544 0.0115644 8.09885e-05 0.0235695 0.228589 8.09885e-05
2814.41 0.000875446 -0.0113959 8.10496e-05 0.000623311 -0.00704452 8.10496e-05 0.000411153 0.00334776 8.10496e-05 0.000885193 0.0115731 8.10496e-05 0.023677 0.229597 8.10496e-05
2872.42 0.000876117 -0.011405 8.11106e-05 0.000623815 -0.00705011 8.11106e-05 0.000411465 0.00335005 8.11106e-05 0.00088584 0.0115818 8.11106e-05 0.023784 0.230601 8.11106e-05
2930.32 0.000876787 -0.0114141 8.11714e-05 0.000624318 -0.00705569 8.11714e-05 0.000411775 0.00335231 8.11714e-05 0.000886484 0.0115905 8.11714e-05 0.0238906 0.231601 8.11714e-05
2988.09 0.000877456 -0.0114232 8.1232e-05 0.00062482 -0.00706127 8.1232e-05 0.000412084 0.00335455 8.1232e-05 0.000887125 0.0115992 8.1232e-05 0.0239968 0.232597 8.1232e-05
3045.74 0.000878124 -0.0114324 8.12924e-05 0.000625323 -0.00706686 8.12924e-05 0.000412391 0.00335676 8.12924e-05 0.000887763 0.0116077 8.12924e-05 0.0241025 0.233588 8.12924e-05
3072.35 0.000878778 -0.0114439 8.13311e-05 0.000625905 -0.00707578 8.13311e-05 0.000412147 0.00335142 8.13311e-05 0.000887699 0.0116065 8.13311e-05 0.02411 0.233659 8.13311e-05
3068.02 0.000879758 -0.0114647 8.13721e-05 0.000626866 -0.00709306 8.13721e-05 0.000411167 0.00333536 8.13721e-05 0.000886839 0.0115953 8.13721e-05 0.0241094 0.233648 8.13721e-05
2999.46 0.000881322 -0.0115031 8.13889e-05 0.000628606 -0.00712783 8.13889e-05 0.000408478 0.00329375 8.13889e-05 0.000883934 0.0115573 8.13889e-05 0.024107 0.233604 8.13889e-05
3002.2 0.000882225 -0.0115218 8.14335e-05 0.000629465 -0.00714299 8.14335e-05 0.000407695 0.00328077 8.14335e-05 0.000883318 0.0115494 8.14335e-05 0.0241066 0.233597 8.14335e-05
3067.16 0.000882513 -0.011523 8.14886e-05 0.000629572 -0.00714135 8.14886e-05 0.000408483 0.00329101 8.14886e-05 0.000884504 0.0115646 8.14886e-05 0.0241077 0.233619 8.14886e-05
3132.05 0.000882801 -0.0115243 8.15435e-05 0.00062968 -0.00713974 8.15435e-05 0.000409268 0.00330118 8.15435e-05 0.000885685 0.0115798 8.15435e-05 0.0241089 0.23364 8.15435e-05
3196.61 0.000883075 -0.0115253 8.15932e-05 0.000629791 -0.0071382 8.15932e-05 0.00041002 0.00331071 8.15932e-05 0.000886794 0.0115939 8.15932e-05 0.0241136 0.233694 8.15932e-05
3259.78 0.000883211 -0.0115243 8.15926e-05 0.000629928 -0.00713721 8.15926e-05 0.000410467 0.00331429 8.15926e-05 0.000887225 0.0115975 8.15926e-05 0.0241535 0.234065 8.15926e-05
3322.72 0.00088334 -0.0115232 8.15918e-05 0.00063006 -0.00713615 8.15918e-05 0.000410916 0.0033179 8.15918e-05 0.000887654 0.0116011 8.15918e-05 0.0241932 0.234436 8.15918e-05
3384.04 0.000883587 -0.0115241 8.16035e-05 0.000630268 -0.00713651 8.16035e-05 0.000411328 0.00332114 8.16035e-05 0.000888126 0.0116056 8.16035e-05 0.0242456 0.234925 8.16035e-05
3440.06 0.000884277 -0.0115327 8.16613e-05 0.000630768 -0.00714216 8.16613e-05 0.000411605 0.00332293 8.16613e-05 0.000888746 0.0116131 8.16613e-05 0.0243441 0.235848 8.16613e-05
3495.89 0.000884979 -0.0115416 8.17197e-05 0.000631279 -0.00714798 8.17197e-05 0.000411875 0.00332459 8.17197e-05 0.000889355 0.0116207 8.17197e-05 0.0244422 0.236768 8.17197e-05
3551.76 0.00088567 -0.0115509 8.17786e-05 0.000631797 -0.00715392 8.17786e-05 0.000412141 0.00332615 8.17786e-05 0.000889948 0.0116284 8.17786e-05 0.02454 0.237686 8.17786e-05
3607.55 0.000886358 -0.0115602 8.18374e-05 0.000632316 -0.00715989 8.18374e-05 0.000412405 0.0033277 8.18374e-05 0.000890531 0.0116362 8.18374e-05 0.0246377 0.238602 8.18374e-05
3663.17 0.000887037 -0.0115696 8.18961e-05 0.000632835 -0.00716585 8.18961e-05 0.000412668 0.00332924 8.18961e-05 0.000891114 0.0116439 8.18961e-05 0.0247352 0.239516 8.18961e-05
3718.81 0.000887712 -0.011579 8.19548e-05 0.000633353 -0.0071718 8.19548e-05 0.000412931 0.00333077 8.19548e-05 0.000891695 0.0116516 8.19548e-05 0.0248324 0.240428 8.19548e-05
3735.24 0.000888746 -0.0115981 8.20127e-05 0.000634293 -0.0071867 8.20127e-05 0.000412426 0.00332074 8.20127e-05 0.000891446 0.0116479 8.20127e-05 0.0248324 0.240427 8.20127e-05
3522.78 0.000888633 -0.0116183 8.14917e-05 0.000636075 -0.00723165 8.14917e-05 0.00040529 0.00320462 8.14917e-05 0.000880096 0.0114869 8.14917e-05 0.024822 0.2402 8.14917e-05
3620.08 0.000889624 -0.0116315 8.15749e-05 0.000636831 -0.00724004 8.15749e-05 0.000405753 0.00320751 8.15749e-05 0.000881047 0.0114981 8.15749e-05 0.0248231 0.240218 8.15749e-05
3685.16 0.00088995 -0.0116333 8.16338e-05 0.000636963 -0.0072388 8.16338e-05 0.000406541 0.00321772 8.16338e-05 0.000882257 0.0115137 8.16338e-05 0.0248242 0.24024 8.16338e-05
3750.23 0.000890279 -0.0116351 8.16928e-05 0.000637099 -0.0072376 8.16928e-05 0.000407327 0.00322789 8.16928e-05 0.000883464 0.0115293 8.16928e-05 0.0248254 0.240263 8.16928e-05
3814.58 0.000890684 -0.0116382 8.1766e-05 0.000637263 -0.00723694 8.1766e-05 0.000408149 0.00323892 8.1766e-05 0.000884806 0.0115471 8.1766e-05 0.0248267 0.240288 8.1766e-05
3877.73 0.000891333 -0.0116456 8.18845e-05 0.000637531 -0.00723811 8.18845e-05 0.000409077 0.00325252 8.18845e-05 0.000886568 0.0115716 8.18845e-05 0.0248284 0.240326 8.18845e-05
3941.5 0.000891956 -0.0116528 8.20018e-05 0.000637785 -0.00723907 8.20018e-05 0.00041001 0.00326623 8.20018e-05 0.00088833 0.0115962 8.20018e-05 0.0248301 0.240363 8.20018e-05
4003.75 0.000892608 -0.0116606 8.21223e-05 0.00063806 -0.00724037 8.21223e-05 0.000410941 0.0032799 8.21223e-05 0.000890107 0.011621 8.21223e-05 0.0248318 0.2404 8.21223e-05
4064.03 0.00089325 -0.0116687 8.22197e-05 0.000638409 -0.00724312 8.22197e-05 0.000411639 0.00328935 8.22197e-05 0.000891469 0.0116397 8.22197e-05 0.0248696 0.240768 8.22197e-05
4120.1 0.00089394 -0.0116784 8.22806e-05 0.000638935 -0.00724919 8.22806e-05 0.00041191 0.00329102 8.22806e-05 0.000892102 0.0116474 8.22806e-05 0.024971 0.241719 8.22806e-05
4176.11 0.000894627 -0.011688 8.23414e-05 0.00063946 -0.00725522 8.23414e-05 0.000412183 0.00329271 8.23414e-05 0.000892734 0.0116551 8.23414e-05 0.0250725 0.242671 8.23414e-05
4232.03 0.00089531 -0.0116976 8.24019e-05 0.00063998 -0.00726119 8.24019e-05 0.000412457 0.00329443 8.24019e-05 0.000893368 0.0116629 8.24019e-05 0.025174 0.243622 8.24019e-05
4288.2 0.000895991 -0.0117071 8.24623e-05 0.0006405 -0.00726715 8.24623e-05 0.000412731 0.00329615 8.24623e-05 0.000893988 0.0116708 8.24623e-05 0.0252752 0.244572 8.24623e-05
4344.1 0.000896674 -0.0117166 8.25228e-05 0.000641014 -0.00727322 8.25228e-05 0.000413005 0.00329788 8.25228e-05 0.0008946 0.0116788 8.25228e-05 0.0253766 0.245523 8.25228e-05
4400.04 0.000897354 -0.0117261 8.25832e-05 0.000641526 -0.00727926 8.25832e-05 0.00041328 0.00329962 8.25832e-05 0.000895206 0.0116869 8.25832e-05 0.0254779 0.246473 8.25832e-05
4455.95 0.000898034 -0.0117357 8.26436e-05 0.000642038 -0.00728531 8.26436e-05 0.000413554 0.00330136 8.26436e-05 0.000895809 0.011695 8.26436e-05 0.0255793 0.247424 8.26436e-05
4511.87 0.000898713 -0.0117451 8.27039e-05 0.000642548 -0.00729133 8.27039e-05 0.00041383 0.00330311 8.27039e-05 0.000896413 0.0117031 8.27039e-05 0.0256806 0.248374 8.27039e-05
4567.77 0.000899392 -0.0117546 8.27641e-05 0.000643058 -0.00729735 8.27641e-05 0.000414105 0.00330486 8.27641e-05 0.000897017 0.0117112 8.27641e-05 0.0257819 0.249324 8.27641e-05
4623.65 0.000900069 -0.0117641 8.28244e-05 0.000643568 -0.00730335 8.28244e-05 0.00041438 0.00330662 8.28244e-05 0.000897621 0.0117194 8.28244e-05 0.0258832 0.250274 8.28244e-05
4679.52 0.000900746 -0.0117735 8.28845e-05 0.000644077 -0.00730935 8.28845e-05 0.000414656 0.00330838 8.28845e-05 0.000898225 0.0117275 8.28845e-05 0.0259845 0.251224 8.28845e-05
4735.36 0.000901422 -0.011783 8.29447e-05 0.000644585 -0.00731534 8.29447e-05 0.000414932 0.00331015 8.29447e-05 0.000898829 0.0117356 8.29447e-05 0.0260857 0.252174 8.29447e-05
4791.18 0.000902097 -0.0117924 8.30047e-05 0.000645092 -0.00732131 8.30047e-05 0.000415208 0.00331193 8.30047e-05 0.000899433 0.0117437 8.30047e-05 0.026187 0.253124 8.30047e-05
4846.96 0.000902771 -0.0118018 8.30648e-05 0.000645599 -0.00732727 8.30648e-05 0.000415485 0.00331371 8.30648e-05 0.000900037 0.0117518 8.30648e-05 0.0262882 0.254073 8.30648e-05
4902.72 0.000903445 -0.0118112 8.31247e-05 0.000646105 -0.00733323 8.31247e-05 0.000415762 0.0033155 8.31247e-05 0.00090064 0.0117599 8.31247e-05 0.0263894 0.255022 8.31247e-05
4958.45 0.000904116 -0.0118206 8.31846e-05 0.00064661 -0.00733916 8.31846e-05 0.000416039 0.00331729 8.31846e-05 0.000901244 0.011768 8.31846e-05 0.0264905 0.255971 8.31846e-05
5014.14 0.000904787 -0.0118299 8.32444e-05 0.000647114 -0.00734508 8.32444e-05 0.000416316 0.0033191 8.32444e-05 0.000901847 0.0117762 8.32444e-05 0.0265916 0.256919 8.32444e-05
5069.79 0.000905457 -0.0118393 8.33041e-05 0.000647617 -0.00735099 8.33041e-05 0.000416593 0.0033209 8.33041e-05 0.00090245 0.0117843 8.33041e-05 0.0266926 0.257866 8.33041e-05
5124.67 0.00090611 -0.0118483 8.33631e-05 0.000648104 -0.00735666 8.33631e-05 0.000416877 0.00332287 8.33631e-05 0.000903057 0.0117925 8.33631e-05 0.0267939 0.258816 8.33631e-05
5179.9 0.000906769 -0.0118575 8.34222e-05 0.000648598 -0.00736242 8.34222e-05 0.000417158 0.00332476 8.34222e-05 0.00090366 0.0118006 8.34222e-05 0.0268948 0.259762 8.34222e-05
5234.58 0.000907413 -0.0118664 8.34805e-05 0.000649078 -0.00736799 8.34805e-05 0.000417442 0.00332675 8.34805e-05 0.000904263 0.0118087 8.34805e-05 0.0269953 0.260705 8.34805e-05
2224.3 0.000843838 -0.0109683 7.90998e-05 0.000599902 -0.0066955 7.90998e-05 0.000417827 0.00350846 7.90998e-05 0.000880931 0.011541 7.90998e-05 0.0269639 0.260118 7.90998e-05
2571.33 0.000845155 -0.0109713 7.94367e-05 0.000600112 -0.00668109 7.94367e-05 0.000422554 0.00357361 7.94367e-05 0.000888161 0.0116366 7.94367e-05 0.0269708 0.260253 7.94367e-05
2815.86 0.000847595 -0.0109942 7.98859e-05 0.000601076 -0.00668089 7.98859e-05 0.000426805 0.00363332 7.98859e-05 0.000895559 0.011738 7.98859e-05 0.0269779 0.260403 7.98859e-05
3012.03 0.000849429 -0.0110089 8.03075e-05 0.000601524 -0.00667389 8.03075e-05 0.000431109 0.00369637 8.03075e-05 0.000902501 0.0118447 8.03075e-05 0.026985 0.260552 8.03075e-05
3176.87 0.000851741 -0.0110334 8.08422e-05 0.000602078 -0.00667086 8.08422e-05 0.000435489 0.00376509 8.08422e-05 0.000910165 0.0119696 8.08422e-05 0.0269992 0.260789 8.08422e-05
3258.45 0.000853401 -0.0110556 8.09832e-05 0.000603275 -0.0066858 8.09832e-05 0.000435913 0.00376697 8.09832e-05 0.000911356 0.0119863 8.09832e-05 0.0272134 0.262798 8.09832e-05
3339.8 0.00085506 -0.0110778 8.11244e-05 0.00060447 -0.00670073 8.11244e-05 0.000436334 0.00376884 8.11244e-05 0.000912546 0.0120031 8.11244e-05 0.0274275 0.264808 8.11244e-05
3619.61 0.000858171 -0.0110428 7.98908e-05 0.000611636 -0.00672922 7.98908e-05 0.000439194 0.00367841 7.98908e-05 0.000905356 0.0118067 7.98908e-05 0.0274216 0.26447 7.98908e-05
5991.23 0.000855667 -0.0109646 7.84893e-05 0.000613739 -0.00672318 7.84893e-05 0.000437307 0.00357054 7.84893e-05 0.00089293 0.0115731 7.84893e-05 0.0274099 0.264085 7.84893e-05
8380.15 0.000853125 -0.0108863 7.70895e-05 0.000615797 -0.00671699 7.70895e-05 0.000435368 0.00346259 7.70895e-05 0.000880471 0.0113395 7.70895e-05 0.0273982 0.263701 7.70895e-05
10736.4 0.000850456 -0.0108071 7.56872e-05 0.000617737 -0.00670995 7.56872e-05 0.000433331 0.00335443 7.56872e-05 0.000867913 0.0111053 7.56872e-05 0.0273864 0.263316 7.56872e-05
13096.1 0.000847675 -0.0107272 7.4286e-05 0.000619562 -0.00670219 7.4286e-05 0.000431202 0.00324628 7.4286e-05 0.000855287 0.0108712 7.4286e-05 0.0273745 0.262931 7.4286e-05
15553.7 0.000842731 -0.0106207 7.27092e-05 0.000619801 -0.00667689 7.27092e-05 0.000432702 0.00308194 7.27092e-05 0.000840721 0.010614 7.27092e-05 0.0273604 0.262508 7.27092e-05
18018.9 0.00083683 -0.0105051 7.11062e-05 0.000619168 -0.00664384 7.11062e-05 0.000435859 0.00289445 7.11062e-05 0.000825617 0.0103543 7.11062e-05 0.0273458 0.262081 7.11062e-05
20560.5 0.000829531 -0.0103764 6.94462e-05 0.000617326 -0.00660057 6.94462e-05 0.000437825 0.00270839 6.94462e-05 0.000809414 0.0100861 6.94462e-05 0.0273299 0.261643 6.94462e-05
23040 0.000824178 -0.0102664 6.7847e-05 0.000617229 -0.00657296 6.7847e-05 0.000441384 0.00251465 6.7847e-05 0.000794364 0.00982426 6.7847e-05 0.0273154 0.261213 6.7847e-05
25566.8 0.000817544 -0.0101487 6.62711e-05 0.000615775 -0.00653632 6.62711e-05 0.000443275 0.00233082 6.62711e-05 0.00077872 0.00956537 6.62711e-05 0.0273133 0.260678 6.62711e-05
28140.1 0.000810877 -0.0100318 6.47172e-05 0.000614216 -0.00649948 6.47172e-05 0.000444971 0.00214981 6.47172e-05 0.000763191 0.0093097 6.47172e-05 0.0273138 0.260127 6.47172e-05
30719.3 0.000804116 -0.0099137 6.31595e-05 0.000612574 -0.00646155 6.31595e-05 0.000446637 0.00196986 6.31595e-05 0.00074766 0.0090542 6.31595e-05 0.0273142 0.259577 6.31595e-05
33260.1 0.000797339 -0.00979552 6.16028e-05 0.000610914 -0.00642351 6.16028e-05 0.000448278 0.00179011 6.16028e-05 0.000732126 0.00879886 6.16028e-05 0.0273147 0.259027 6.16028e-05
33936.1 0.0007867 -0.00964733 5.99241e-05 0.000605794 -0.00636176 5.99241e-05 0.000445761 0.00160795 5.99241e-05 0.000712945 0.00851687 5.99241e-05 0.0273109 0.258444 5.99241e-05
36415.6 0.00077991 -0.0095308 5.83818e-05 0.000604072 -0.00632463 5.83818e-05 0.000447148 0.00142769 5.83818e-05 0.000697311 0.00826181 5.83818e-05 0.0273111 0.257897 5.83818e-05
38862.9 0.000773055 -0.00941415 5.68426e-05 0.000602276 -0.00628723 5.68426e-05 0.000448412 0.00124772 5.68426e-05 0.000681624 0.00800683 5.68426e-05 0.0273112 0.257351 5.68426e-05
41305.2 0.0007661 -0.00929612 5.52973e-05 0.000600401 -0.00624875 5.52973e-05 0.000449654 0.00106844 5.52973e-05 0.000665912 0.0077516 5.52973e-05 0.0273112 0.256804 5.52973e-05
43737.5 0.000759062 -0.00917713 5.37492e-05 0.000598451 -0.00620947 5.37492e-05 0.000450846 0.000889748 5.37492e-05 0.00065017 0.00749629 5.37492e-05 0.0273112 0.256257 5.37492e-05
46155.9 0.00075223 -0.0090593 5.22015e-05 0.000596707 -0.00617132 5.22015e-05 0.000452323 0.00071077 5.22015e-05 0.000634611 0.00724176 5.22015e-05 0.0273115 0.25571 5.22015e-05
48577.6 0.00074543 -0.00894119 5.06508e-05 0.000595004 -0.00613305 5.06508e-05 0.000453904 0.00053205 5.06508e-05 0.000619114 0.00698742 5.06508e-05 0.0273118 0.255162 5.06508e-05
51020.8 0.000738443 -0.00882379 4.91161e-05 0.000593061 -0.00609466 4.91161e-05 0.00045499 0.0003535 4.91161e-05 0.00060339 0.00673317 4.91161e-05 0.0273117 0.254618 4.91161e-05
53468.4 0.000731546 -0.00870609 4.75718e-05 0.00059124 -0.00605648 4.75718e-05 0.000456309 0.000174303 4.75718e-05 0.000587738 0.00647833 4.75718e-05 0.0273118 0.254072 4.75718e-05
55896 0.000724639 -0.00858853 4.60323e-05 0.000589393 -0.00601818 4.60323e-05 0.000457587 -4.15274e-06 4.60323e-05 0.000572117 0.00622428 4.60323e-05 0.0273119 0.253527 4.60323e-05
58298.4 0.0007177 -0.00847066 4.44923e-05 0.000587516 -0.00597959 4.44923e-05 0.00045884 -0.000182345 4.44923e-05 0.000556486 0.00597027 4.44923e-05 0.0273119 0.252982 4.44923e-05
60662.2 0.000710868 -0.0083535 4.29534e-05 0.000585742 -0.00594166 4.29534e-05 0.000460222 -0.000360778 4.29534e-05 0.00054094 0.00571662 4.29534e-05 0.0273121 0.252438 4.29534e-05
63009.8 0.000704372 -0.00823753 4.14161e-05 0.000584299 -0.00590484 4.14161e-05 0.000462162 -0.00053783 4.14161e-05 0.000525831 0.00546574 4.14161e-05 0.0273129 0.251895 4.14161e-05
64826.6 0.000701555 -0.0081821 4.06605e-05 0.000583966 -0.00588831 4.06605e-05 0.000463705 -0.000624335 4.06605e-05 0.000518821 0.00534463 4.06605e-05 0.0273138 0.251629 4.06605e-05
66405.9 0.000700393 -0.00815536 4.0271e-05 0.000584084 -0.00588162 4.0271e-05 0.000464871 -0.000670009 4.0271e-05 0.000515415 0.00528272 4.0271e-05 0.0273146 0.251491 4.0271e-05
67918.1 0.000699767 -0.00813901 4.00137e-05 0.000584303 -0.00587852 4.00137e-05 0.000465763 -0.000701705 4.00137e-05 0.000513188 0.0052413 4.00137e-05 0.0273153 0.251398 4.00137e-05
69542.5 0.000698349 -0.00811369 3.97444e-05 0.000583771 -0.00586706 3.97444e-05 0.000466187 -0.000723997 3.97444e-05 0.000510935 0.00520289 3.97444e-05 0.0273156 0.251312 3.97444e-05
70973 0.000698559 -0.00810938 3.95425e-05 0.000584645 -0.00587315 3.95425e-05 0.000467225 -0.000761194 3.95425e-05 0.000508938 0.00516401 3.95425e-05 0.0273164 0.251227 3.95425e-05
72589.2 0.000697312 -0.00808715 3.93046e-05 0.00058418 -0.00586317 3.93046e-05 0.000467592 -0.000781162 3.93046e-05 0.000506931 0.00512989 3.93046e-05 0.0273166 0.25115 3.93046e-05
72591.2 0.000693367 -0.00805834 3.90795e-05 0.000580975 -0.00584595 3.90795e-05 0.000463093 -0.000812734 3.90795e-05 0.000501289 0.00507449 3.90795e-05 0.027312 0.251064 3.90795e-05
74254.1 0.000693276 -0.00804987 3.88985e-05 0.000581478 -0.0058468 3.88985e-05 0.000464053 -0.000838295 3.88985e-05 0.00049982 0.00504444 3.88985e-05 0.0273128 0.250996 3.88985e-05
76013.4 0.000692421 -0.00803261 3.87099e-05 0.000581243 -0.00583924 3.87099e-05 0.000464581 -0.000853468 3.87099e-05 0.000498488 0.00501809 3.87099e-05 0.0273132 0.250936 3.87099e-05
77591.2 0.000693394 -0.00803891 3.86e-05 0.000582578 -0.00585121 3.86e-05 0.000465801 -0.00088457 3.86e-05 0.000497875 0.00498968 3.86e-05 0.0273142 0.250879 3.86e-05
79136.2 0.000694157 -0.00804845 3.86494e-05 0.000583178 -0.0058582 3.86494e-05 0.000466131 -0.000886424 3.86494e-05 0.000498321 0.0049945 3.86494e-05 0.0273146 0.250889 3.86494e-05
79987 0.000696734 -0.00810228 3.92972e-05 0.000583626 -0.00587868 3.92972e-05 0.000464292 -0.000825408 3.92972e-05 0.000502962 0.0050919 3.92972e-05 0.0273132 0.251105 3.92972e-05
80568.3 0.00069845 -0.00813558 3.96892e-05 0.000584054 -0.0058918 3.96892e-05 0.000463417 -0.000788448 3.96892e-05 0.000506243 0.00514971 3.96892e-05 0.0273127 0.251235 3.96892e-05
81409.9 0.000698382 -0.00812834 3.95854e-05 0.000584326 -0.0058899 3.95854e-05 0.000464259 -0.000797606 3.95854e-05 0.000505808 0.00513673 3.95854e-05 0.0273134 0.251201 3.95854e-05
82145.3 0.000699179 -0.00813209 3.95178e-05 0.000585346 -0.00589713 3.95178e-05 0.000465452 -0.000814206 3.95178e-05 0.000505547 0.0051239 3.95178e-05 0.0273145 0.251169 3.95178e-05
82778.3 0.000699326 -0.00812825 3.94236e-05 0.000585802 -0.00589814 3.94236e-05 0.000466288 -0.00082668 3.94236e-05 0.000505041 0.00510983 3.94236e-05 0.0273153 0.251134 3.94236e-05
83252.4 0.000699347 -0.0081221 3.93164e-05 0.000586175 -0.00589751 3.93164e-05 0.000467171 -0.000838268 3.93164e-05 0.000504519 0.00509518 3.93164e-05 0.0273161 0.251097 3.93164e-05
83722.4 0.000699234 -0.00811424 3.9203e-05 0.000586435 -0.00589549 3.9203e-05 0.000468003 -0.00084885 3.9203e-05 0.000503962 0.00508037 3.9203e-05 0.0273168 0.25106 3.9203e-05
83556.6 0.000698929 -0.00810334 3.90335e-05 0.000586687 -0.00589332 3.90335e-05 0.000468837 -0.00086823 3.90335e-05 0.000502932 0.00505347 3.90335e-05 0.0273175 0.251 3.90335e-05
82681 0.000697886 -0.00808529 3.88171e-05 0.000586356 -0.00588641 3.88171e-05 0.000469073 -0.000890478 3.88171e-05 0.000501303 0.0050171 3.88171e-05 0.0273176 0.250926 3.88171e-05
83411.8 0.000697845 -0.00807707 3.86906e-05 0.000586731 -0.0058847 3.86906e-05 0.000470105 -0.000902635 3.86906e-05 0.000501062 0.00499872 3.86906e-05 0.0273185 0.250884 3.86906e-05
83857 0.000698105 -0.00807273 3.85804e-05 0.000587353 -0.00588604 3.85804e-05 0.000471253 -0.000916587 3.85804e-05 0.000500935 0.00498119 3.85804e-05 0.0273195 0.250844 3.85804e-05
84301.4 0.000698409 -0.00806899 3.84724e-05 0.000588012 -0.00588785 3.84724e-05 0.000472413 -0.000930915 3.84724e-05 0.000500818 0.00496367 3.84724e-05 0.0273206 0.250804 3.84724e-05
84748.6 0.000698456 -0.0080619 3.83505e-05 0.000588459 -0.00588704 3.83505e-05 0.00047348 -0.000943609 3.83505e-05 0.000500611 0.00494552 3.83505e-05 0.0273215 0.250763 3.83505e-05
85189.1 0.000699097 -0.00806084 3.82451e-05 0.000589446 -0.0058914 3.82451e-05 0.000474994 -0.000959856 3.82451e-05 0.000500717 0.00492796 3.82451e-05 0.0273229 0.250722 3.82451e-05
85628.9 0.000699201 -0.00805276 3.80792e-05 0.000590096 -0.00589186 3.80792e-05 0.00047632 -0.000980413 3.80792e-05 0.000500233 0.0049008 3.80792e-05 0.0273241 0.250662 3.80792e-05
86070.7 0.000698799 -0.0080385 3.78761e-05 0.000590362 -0.00588806 3.78761e-05 0.000477406 -0.00100119 3.78761e-05 0.00049937 0.004869 3.78761e-05 0.027325 0.250593 3.78761e-05
86506.2 0.000698916 -0.00803077 3.76914e-05 0.000591086 -0.00588984 3.76914e-05 0.00047871 -0.00102706 3.76914e-05 0.000498605 0.00483638 3.76914e-05 0.0273262 0.250523 3.76914e-05
86948.1 0.000698563 -0.00801648 3.74853e-05 0.00059141 -0.00588616 3.74853e-05 0.000479905 -0.00104796 3.74853e-05 0.000497805 0.00480445 3.74853e-05 0.0273272 0.250454 3.74853e-05
87383 0.000698646 -0.00800752 3.72934e-05 0.000592124 -0.00588709 3.72934e-05 0.000481304 -0.00107308 3.72934e-05 0.000497101 0.00477183 3.72934e-05 0.0273284 0.250383 3.72934e-05
87819.7 0.000698647 -0.00799751 3.7098e-05 0.000592767 -0.00588713 3.7098e-05 0.000482672 -0.00109748 3.7098e-05 0.000496378 0.00473921 3.7098e-05 0.0273296 0.250313 3.7098e-05
88259.9 0.000698348 -0.00798316 3.68876e-05 0.00059316 -0.00588361 3.68876e-05 0.000483991 -0.00111867 3.68876e-05 0.000495642 0.00470698 3.68876e-05 0.0273307 0.250241 3.68876e-05
88694.6 0.000698517 -0.00797409 3.66892e-05 0.000593981 -0.00588476 3.66892e-05 0.00048559 -0.00114416 3.66892e-05 0.000495045 0.00467395 3.66892e-05 0.0273322 0.250169 3.66892e-05
84322.4 0.000862118 -0.00809454 3.02943e-05 0.000800716 -0.00619941 3.02943e-05 0.000796302 -0.00135755 3.02943e-05 0.000796302 0.00353357 3.02943e-05 0.0276342 0.248475 3.02943e-05
85667.2 0.000748779 -0.00740494 2.59187e-05 0.000698768 -0.00575335 2.59187e-05 0.000670634 -0.00188258 2.59187e-05 0.000670634 0.00230208 2.59187e-05 0.0275071 0.246887 2.59187e-05
86913.1 0.000749966 -0.0073093 2.45416e-05 0.000704071 -0.00573112 2.45416e-05 0.000680658 -0.00203001 2.45416e-05 0.000680658 0.00193232 2.45416e-05 0.027516 0.246413 2.45416e-05
88070 0.000751361 -0.00721215 2.3171e-05 0.000709161 -0.00570948 2.3171e-05 0.000690301 -0.00217886 2.3171e-05 0.000690301 0.00156218 2.3171e-05 0.0275244 0.245939 2.3171e-05
89209.1 0.000752659 -0.00711578 2.18266e-05 0.000714083 -0.00568719 2.18266e-05 0.000699732 -0.00232332 2.18266e-05 0.000699732 0.00120067 2.18266e-05 0.0275327 0.245476 2.18266e-05
90140.1 0.000754059 -0.00704676 2.08264e-05 0.000718179 -0.00567327 2.08264e-05 0.000707223 -0.002433 2.08264e-05 0.000707223 0.000929498 2.08264e-05 0.0275393 0.24513 2.08264e-05
90573.7 0.000755036 -0.00703391 2.06124e-05 0.000719733 -0.00567221 2.06124e-05 0.000709742 -0.00245574 2.06124e-05 0.000709742 0.000872202 2.06124e-05 0.0275416 0.245056 2.06124e-05
91006.6 0.000756054 -0.00702143 2.04001e-05 0.000721324 -0.00567143 2.04001e-05 0.000712296 -0.00247848 2.04001e-05 0.000712296 0.000815183 2.04001e-05 0.027544 0.244984 2.04001e-05
91438.9 0.000757138 -0.00700997 2.01917e-05 0.000722969 -0.00567144 2.01917e-05 0.000714877 -0.00250171 2.01917e-05 0.000714877 0.000758316 2.01917e-05 0.0275464 0.244911 2.01917e-05
91871 0.000758272 -0.00699882 1.99846e-05 0.000724661 -0.00567171 1.99846e-05 0.000717509 -0.00252491 1.99846e-05 0.000717509 0.000701676 1.99846e-05 0.0275488 0.244839 1.99846e-05
92303.5 0.000759314 -0.00698682 1.97742e-05 0.00072627 -0.00567131 1.97742e-05 0.000720064 -0.00254793 1.97742e-05 0.000720064 0.000644679 1.97742e-05 0.0275512 0.244766 1.97742e-05
92735.7 0.000760434 -0.00697542 1.95661e-05 0.000727951 -0.00567137 1.95661e-05 0.000722696 -0.00257099 1.95661e-05 0.000722696 0.000588036 1.95661e-05 0.0275536 0.244694 1.95661e-05
93168.3 0.000761443 -0.00696314 1.93546e-05 0.000729531 -0.00567074 1.93546e-05 0.000725222 -0.00259396 1.93546e-05 0.000725222 0.0005309 1.93546e-05 0.0275559 0.244621 1.93546e-05
93600.4 0.000762596 -0.00695214 1.9148e-05 0.00073124 -0.00567112 1.9148e-05 0.000727874 -0.00261717 1.9148e-05 0.000727874 0.000474348 1.9148e-05 0.0275584 0.244549 1.9148e-05
94033.1 0.000763615 -0.00693974 1.8936e-05 0.00073283 -0.0056704 1.8936e-05 0.000730423 -0.00263997 1.8936e-05 0.000730423 0.000417317 1.8936e-05 0.0275607 0.244476 1.8936e-05
94465.4 0.000764716 -0.00692811 1.87271e-05 0.000734496 -0.00567028 1.87271e-05 0.000733043 -0.00266294 1.87271e-05 0.000733043 0.000360614 1.87271e-05 0.0275631 0.244404 1.87271e-05
94898.1 0.000765761 -0.00691588 1.85157e-05 0.00073611 -0.0056697 1.85157e-05 0.000735621 -0.00268573 1.85157e-05 0.000735621 0.000303704 1.85157e-05 0.0275655 0.244332 1.85157e-05
95330.3 0.000766871 -0.00690551 1.83106e-05 0.000738158 -0.00566634 1.83106e-05 0.000738158 -0.00271003 1.83106e-05 0.000738158 0.000246284 1.83106e-05 0.0275679 0.244259 1.83106e-05
95762.2 0.000768035 -0.00689685 1.8111e-05 0.000740646 -0.00565989 1.8111e-05 0.000740646 -0.0027358 1.8111e-05 0.000740646 0.000188294 1.8111e-05 0.0275701 0.244186 1.8111e-05
96194.1 0.000769199 -0.00688822 1.79116e-05 0.000743135 -0.00565347 1.79116e-05 0.000743135 -0.00276158 1.79116e-05 0.000743135 0.000130304 1.79116e-05 0.0275724 0.244113 1.79116e-05
96626 0.000770363 -0.00687957 1.7712e-05 0.000745625 -0.00564703 1.7712e-05 0.000745625 -0.00278736 1.7712e-05 0.000745625 7.23112e-05 1.7712e-05 0.0275747 0.244041 1.7712e-05
97057.8 0.000771529 -0.00687096 1.75126e-05 0.000748114 -0.00564064 1.75126e-05 0.000748114 -0.00281317 1.75126e-05 0.000748114 1.43119e-05 1.75126e-05 0.027577 0.243968 1.75126e-05
97489.1 0.000772668 -0.00686214 1.73124e-05 0.000750578 -0.00563409 1.73124e-05 0.000750578 -0.00283895 1.73124e-05 0.000750578 -4.38034e-05 1.73124e-05 0.0275793 0.243895 1.73124e-05
97918.4 0.000773865 -0.00685381 1.71141e-05 0.000753093 -0.00562794 1.71141e-05 0.000753093 -0.0028648 1.71141e-05 0.000753093 -0.000101667 1.71141e-05 0.0275816 0.243822 1.71141e-05
98347.8 0.000775019 -0.00684508 1.69143e-05 0.000755574 -0.00562143 1.69143e-05 0.000755574 -0.00289056 1.69143e-05 0.000755574 -0.000159697 1.69143e-05 0.0275839 0.243749 1.69143e-05
98782.1 0.000776079 -0.00684321 1.6811e-05 0.000757379 -0.00562003 1.6811e-05 0.000757379 -0.00290583 1.6811e-05 0.000757379 -0.000191633 1.6811e-05 0.0275856 0.24371 1.6811e-05
99216.2 0.000776965 -0.00684032 1.67147e-05 0.00075899 -0.00561727 1.67147e-05 0.00075899 -0.00291863 1.67147e-05 0.00075899 -0.000219983 1.67147e-05 0.0275871 0.243675 1.67147e-05
99649.6 0.000777927 -0.0068383 1.66212e-05 0.000760654 -0.00561537 1.66212e-05 0.000760654 -0.00293183 1.66212e-05 0.000760654 -0.000248279 1.66212e-05 0.0275886 0.243639 1.66212e-05
100083 0.000778887 -0.00683625 1.65272e-05 0.000762317 -0.00561349 1.65272e-05 0.000762317 -0.00294512 1.65272e-05 0.000762317 -0.000276741 1.65272e-05 0.0275902 0.243604 1.65272e-05
100516 0.000779827 -0.00683401 1.64322e-05 0.000763963 -0.00561146 1.64322e-05 0.000763963 -0.00295842 1.64322e-05 0.000763963 -0.000305383 1.64322e-05 0.0275917 0.243569 1.64322e-05
100951 0.000780524 -0.00682941 1.63298e-05 0.00076541 -0.00560721 1.63298e-05 0.00076541 -0.0029707 1.63298e-05 0.00076541 -0.000334188 1.63298e-05 0.0275931 0.243532 1.63298e-05
101382 0.000781715 -0.00682971 1.6243e-05 0.000767255 -0.00560761 1.6243e-05 0.000767255 -0.00298513 1.6243e-05 0.000767255 -0.000362638 1.6243e-05 0.0275948 0.243497 1.6243e-05
101815 0.000782661 -0.00682745 1.61478e-05 0.000768911 -0.00560554 1.61478e-05 0.000768911 -0.00299842 1.61478e-05 0.000768911 -0.000391294 1.61478e-05 0.0275964 0.243462 1.61478e-05
102239 0.000783516 -0.00682431 1.60498e-05 0.000770494 -0.00560261 1.60498e-05 0.000770494 -0.00301131 1.60498e-05 0.000770494 -0.000420004 1.60498e-05 0.0275979 0.243426 1.60498e-05
102669 0.0007845 -0.00682265 1.59571e-05 0.000772164 -0.00560121 1.59571e-05 0.000772164 -0.00302489 1.59571e-05 0.000772164 -0.00044856 1.59571e-05 0.0275994 0.243391 1.59571e-05
103094 0.000785413 -0.00682022 1.58614e-05 0.000773783 -0.00559905 1.58614e-05 0.000773783 -0.00303817 1.58614e-05 0.000773783 -0.000477288 1.58614e-05 0.0276009 0.243355 1.58614e-05
103519 0.000786322 -0.00681771 1.57648e-05 0.000775401 -0.00559686 1.57648e-05 0.000775401 -0.00305157 1.57648e-05 0.000775401 -0.00050629 1.57648e-05 0.0276025 0.243319 1.57648e-05
103943 0.000787231 -0.0068152 1.56682e-05 0.00077702 -0.00559466 1.56682e-05 0.00077702 -0.00306497 1.56682e-05 0.00077702 -0.000535293 1.56682e-05 0.027604 0.243283 1.56682e-05
104368 0.000788141 -0.00681268 1.55715e-05 0.000778639 -0.00559245 1.55715e-05 0.000778639 -0.00307837 1.55715e-05 0.000778639 -0.000564296 1.55715e-05 0.0276055 0.243247 1.55715e-05
104793 0.00078905 -0.00681016 1.54749e-05 0.000780259 -0.00559024 1.54749e-05 0.000780259 -0.00309177 1.54749e-05 0.000780259 -0.000593299 1.54749e-05 0.027607 0.243211 1.54749e-05
105218 0.00078996 -0.00680765 1.53782e-05 0.000781879 -0.00558803 1.53782e-05 0.000781879 -0.00310517 1.53782e-05 0.000781879 -0.0006223 1.53782e-05 0.0276085 0.243175 1.53782e-05
