9556.83 7.42845e-05 -0.00106606 6.11906e-06 6.01936e-05 -0.00085132 6.11906e-06 3.14621e-05 -0.000413407 6.11906e-06 1.64174e-05 0.000177082 6.11906e-06 4.46601e-05 0.000615123 6.11906e-06 5.87661e-05 0.000829591 6.11906e-06
19074.2 0.000148007 -0.00213364 1.2216e-05 0.000119991 -0.00170285 1.2216e-05 6.27561e-05 -0.000825966 1.2216e-05 3.27689e-05 0.000353568 1.2216e-05 8.90725e-05 0.0012296 1.2216e-05 0.000117151 0.00165928 1.2216e-05
28551.1 0.000221146 -0.00320285 1.82904e-05 0.000179381 -0.00255458 1.82904e-05 9.38783e-05 -0.00123764 1.82904e-05 4.9053e-05 0.000529444 1.82904e-05 0.000133232 0.00184342 1.82904e-05 0.000175144 0.00248908 1.82904e-05
37986.4 0.000293681 -0.00427381 2.43414e-05 0.000238351 -0.00340654 2.43414e-05 0.000124825 -0.00164839 2.43414e-05 6.52684e-05 0.000704695 2.43414e-05 0.000177132 0.00245652 2.43414e-05 0.000232735 0.00331898 2.43414e-05
47378.9 0.000365587 -0.00534663 3.03687e-05 0.000296888 -0.00425872 3.03687e-05 0.000155592 -0.00205818 3.03687e-05 8.14136e-05 0.000879306 3.03687e-05 0.000220767 0.00306889 3.03687e-05 0.000289911 0.004149 3.03687e-05
56727.3 0.000436838 -0.00642145 3.63713e-05 0.000354979 -0.00511114 3.63713e-05 0.000186175 -0.00246696 3.63713e-05 9.74869e-05 0.00105326 3.63713e-05 0.00026413 0.00368048 3.63713e-05 0.000346661 0.00497915 3.63713e-05
66030.3 0.000507407 -0.00749843 4.23488e-05 0.000412609 -0.00596378 4.23488e-05 0.000216571 -0.00287469 4.23488e-05 0.000113487 0.00122654 4.23488e-05 0.000307216 0.00429124 4.23488e-05 0.00040297 0.00580942 4.23488e-05
75286.6 0.000577264 -0.00857774 4.83003e-05 0.000469762 -0.00681667 4.83003e-05 0.000246773 -0.00328132 4.83003e-05 0.000129411 0.00139913 4.83003e-05 0.000350017 0.00490115 4.83003e-05 0.000458826 0.00663982 4.83003e-05
84494.5 0.000646375 -0.00965956 5.4225e-05 0.000526422 -0.00766981 5.4225e-05 0.000276778 -0.00368678 5.4225e-05 0.000145259 0.00157101 5.4225e-05 0.000392525 0.00551013 5.4225e-05 0.000514213 0.00747036 5.4225e-05
93652.4 0.000714707 -0.0107441 6.01222e-05 0.000582574 -0.00852323 6.01222e-05 0.00030663 -0.00409098 6.01222e-05 0.000161026 0.00174214 6.01222e-05 0.000434732 0.00611814 6.01222e-05 0.000569115 0.00830103 6.01222e-05
102759 0.00078222 -0.0118318 6.5991e-05 0.0006382 -0.00937695 6.5991e-05 0.000336353 -0.0044938 6.5991e-05 0.000176709 0.00191249 6.5991e-05 0.00047663 0.00672509 6.5991e-05 0.000623516 0.00913182 6.5991e-05
111811 0.000848869 -0.0129226 7.18303e-05 0.000693278 -0.0102309 7.18303e-05 0.000365885 -0.00489525 7.18303e-05 0.000192309 0.00208205 7.18303e-05 0.00051821 0.00733094 7.18303e-05 0.000677396 0.00996276 7.18303e-05
120808 0.000914606 -0.0140171 7.76393e-05 0.000747786 -0.0110852 7.76393e-05 0.000395222 -0.00529523 7.76393e-05 0.000207822 0.00225081 7.76393e-05 0.000559464 0.00793563 7.76393e-05 0.000730739 0.0107938 7.76393e-05
126855 0.00144203 -0.0193197 8.10961e-05 0.000772822 -0.0114547 8.10961e-05 0.000405028 -0.00539885 8.10961e-05 0.000227276 0.00249777 8.10961e-05 0.000594052 0.0084478 8.10961e-05 0.000772263 0.0114451 8.10961e-05
130463 0.00231365 -0.0271107 8.3082e-05 0.000779953 -0.0115291 8.3082e-05 0.000403645 -0.00532834 8.3082e-05 0.000248225 0.00278185 8.3082e-05 0.000623547 0.00888977 8.3082e-05 0.000805514 0.0119709 8.3082e-05
133660 0.00318549 -0.0349604 8.49972e-05 0.000786393 -0.0115936 8.49972e-05 0.000401861 -0.00525355 8.49972e-05 0.000268797 0.00306279 8.49972e-05 0.00065233 0.00932398 8.49972e-05 0.00083786 0.0124869 8.49972e-05
136630 0.00405646 -0.042878 8.68531e-05 0.000792208 -0.0116486 8.68531e-05 0.000399699 -0.005174 8.68531e-05 0.000289186 0.00334279 8.68531e-05 0.000680638 0.00975355 8.68531e-05 0.000869562 0.0129966 8.68531e-05
138188 0.00490961 -0.0507265 8.85513e-05 0.000797134 -0.0116955 8.85513e-05 0.000397287 -0.00509792 8.85513e-05 0.000307603 0.00359959 8.85513e-05 0.000706306 0.010148 8.85513e-05 0.000898284 0.0134652 8.85513e-05
139785 0.00578445 -0.0596753 8.97258e-05 0.000794526 -0.0116265 8.97258e-05 0.000389943 -0.00494422 8.97258e-05 0.00032811 0.00389064 8.97258e-05 0.000731685 0.0105391 8.97258e-05 0.000925567 0.0139111 8.97258e-05
140752 0.00663392 -0.0715076 8.91891e-05 0.000770027 -0.0112302 8.91891e-05 0.000369168 -0.00458477 8.91891e-05 0.000351787 0.0042394 8.91891e-05 0.00075262 0.0108611 8.91891e-05 0.00104495 0.0151833 8.91891e-05
142642 0.00737465 -0.0784391 9.00164e-05 0.000774547 -0.0112771 9.00164e-05 0.000370157 -0.00457219 9.00164e-05 0.000360318 0.00434824 9.00164e-05 0.000764555 0.0110368 9.00164e-05 0.00159064 0.0203621 9.00164e-05
144280 0.00807846 -0.0850292 9.05995e-05 0.000779209 -0.0113297 9.05995e-05 0.000372333 -0.00458283 9.05995e-05 0.000365552 0.00440828 9.05995e-05 0.000772147 0.0111433 9.05995e-05 0.00231321 0.0268222 9.05995e-05
145752 0.00877746 -0.0915775 9.11649e-05 0.00078378 -0.0113833 9.11649e-05 0.000374459 -0.00459576 9.11649e-05 0.000370181 0.0044618 9.11649e-05 0.000779084 0.0112418 9.11649e-05 0.00301926 0.0331797 9.11649e-05
146717 0.00946652 -0.0980438 9.17111e-05 0.000788027 -0.0114391 9.17111e-05 0.000376228 -0.00461246 9.17111e-05 0.000373352 0.00450168 9.17111e-05 0.000784571 0.0113247 9.17111e-05 0.00365096 0.0389152 9.17111e-05
147637 0.0101524 -0.104481 9.22386e-05 0.000792266 -0.0114954 9.22386e-05 0.000378063 -0.00463102 9.22386e-05 0.000376209 0.00453734 9.22386e-05 0.00078967 0.0114019 9.22386e-05 0.00428376 0.0447052 9.22386e-05
148529 0.010835 -0.110888 9.2745e-05 0.000796515 -0.0115523 9.2745e-05 0.000379997 -0.00465164 9.2745e-05 0.000378764 0.00456862 9.2745e-05 0.000794376 0.011473 9.2745e-05 0.00492234 0.0505989 9.2745e-05
149389 0.0115137 -0.117259 9.32261e-05 0.000800773 -0.0116097 9.32261e-05 0.000382047 -0.00467467 9.32261e-05 0.000380965 0.00459475 9.32261e-05 0.000798621 0.0115368 9.32261e-05 0.00556812 0.0566187 9.32261e-05
148609 0.0119193 -0.121099 9.18557e-05 0.000806317 -0.0117096 9.18557e-05 0.000393374 -0.00487317 9.18557e-05 0.000358334 0.00426135 9.18557e-05 0.00076906 0.0111062 9.18557e-05 0.00677745 0.0727145 9.18557e-05
149344 0.012594 -0.127436 9.23234e-05 0.000810506 -0.0117678 9.23234e-05 0.000395386 -0.00489789 9.23234e-05 0.000360108 0.00428233 9.23234e-05 0.000773003 0.0111606 9.23234e-05 0.00741932 0.0787423 9.23234e-05
150032 0.0132681 -0.133767 9.27909e-05 0.000814658 -0.0118262 9.27909e-05 0.000397354 -0.0049228 9.27909e-05 0.000361762 0.00430232 9.27909e-05 0.000776834 0.011214 9.27909e-05 0.00804993 0.0846653 9.27909e-05
150710 0.0139406 -0.140084 9.32581e-05 0.000818669 -0.0118874 9.32581e-05 0.000399305 -0.00494764 9.32581e-05 0.000363396 0.00432219 9.32581e-05 0.000780646 0.0112672 9.32581e-05 0.0086787 0.0905711 9.32581e-05
149930 0.0145958 -0.146271 9.37597e-05 0.000821482 -0.0119555 9.37597e-05 0.000399707 -0.004975 9.37597e-05 0.000361858 0.00431916 9.37597e-05 0.00078173 0.0112996 9.37597e-05 0.00906627 0.0942412 9.37597e-05
150681 0.0152692 -0.152595 9.4228e-05 0.000825467 -0.0120171 9.4228e-05 0.00040172 -0.0049994 9.4228e-05 0.000363694 0.0043408 9.4228e-05 0.000785736 0.0113547 9.4228e-05 0.00971535 0.100336 9.4228e-05
151432 0.0159426 -0.158918 9.46963e-05 0.00082945 -0.0120787 9.46963e-05 0.000403733 -0.0050238 9.46963e-05 0.000365531 0.00436244 9.46963e-05 0.000789742 0.0114098 9.46963e-05 0.0103644 0.106432 9.46963e-05
152183 0.016616 -0.165242 9.51643e-05 0.000833432 -0.0121404 9.51643e-05 0.000405747 -0.00504821 9.51643e-05 0.000367366 0.00438404 9.51643e-05 0.000793745 0.0114649 9.51643e-05 0.011013 0.112522 9.51643e-05
152933 0.0172893 -0.171564 9.56317e-05 0.000837413 -0.0122021 9.56317e-05 0.000407765 -0.00507269 9.56317e-05 0.00036919 0.0044055 9.56317e-05 0.000797735 0.0115197 9.56317e-05 0.0116596 0.118594 9.56317e-05
153683 0.0179626 -0.177887 9.60987e-05 0.000841393 -0.0122638 9.60987e-05 0.000409785 -0.00509721 9.60987e-05 0.000371011 0.0044269 9.60987e-05 0.000801618 0.0115764 9.60987e-05 0.0123054 0.124658 9.60987e-05
154433 0.0186359 -0.184211 9.65656e-05 0.000845373 -0.0123256 9.65656e-05 0.000411806 -0.00512176 9.65656e-05 0.000372828 0.00444824 9.65656e-05 0.000805413 0.0116345 9.65656e-05 0.0129506 0.130717 9.65656e-05
155151 0.0193087 -0.190529 9.7032e-05 0.000849326 -0.0123876 9.7032e-05 0.0004138 -0.00514648 9.7032e-05 0.000374559 0.00446885 9.7032e-05 0.000809124 0.0116918 9.7032e-05 0.0135871 0.136694 9.7032e-05
155818 0.0199806 -0.196841 9.74976e-05 0.000853238 -0.0124499 9.74976e-05 0.000415749 -0.00517147 9.74976e-05 0.000376153 0.00448828 9.74976e-05 0.000812703 0.0117478 9.74976e-05 0.01421 0.142545 9.74976e-05
156481 0.0206524 -0.203151 9.79632e-05 0.000857145 -0.0125123 9.79632e-05 0.000417694 -0.00519648 9.79632e-05 0.000377736 0.00450762 9.79632e-05 0.000816272 0.0118038 9.79632e-05 0.0148318 0.148386 9.79632e-05
155704 0.0213054 -0.209317 9.84502e-05 0.000859898 -0.0125815 9.84502e-05 0.000418172 -0.00522519 9.84502e-05 0.000376014 0.00450186 9.84502e-05 0.000816901 0.0118357 9.84502e-05 0.0151813 0.151698 9.84502e-05
156455 0.0219777 -0.215631 9.89105e-05 0.000863874 -0.0126436 9.89105e-05 0.000420228 -0.00525034 9.89105e-05 0.000377748 0.00452198 9.89105e-05 0.00082058 0.0118921 9.89105e-05 0.0158093 0.157595 9.89105e-05
157207 0.02265 -0.221945 9.93708e-05 0.000867849 -0.0127057 9.93708e-05 0.000422283 -0.00527549 9.93708e-05 0.000379483 0.00454211 9.93708e-05 0.000824258 0.0119485 9.93708e-05 0.0164373 0.163492 9.93708e-05
157958 0.0233224 -0.228258 9.9831e-05 0.000871822 -0.0127678 9.9831e-05 0.000424339 -0.00530065 9.9831e-05 0.000381217 0.00456223 9.9831e-05 0.000827934 0.0120049 9.9831e-05 0.0170652 0.169389 9.9831e-05
158710 0.0239947 -0.234572 0.000100291 0.000875792 -0.01283 0.000100291 0.000426394 -0.0053258 0.000100291 0.000382951 0.00458234 0.000100291 0.000831609 0.0120613 0.000100291 0.0176932 0.175285 0.000100291
159461 0.024667 -0.240885 0.000100752 0.000879755 -0.0128922 0.000100752 0.00042845 -0.00535096 0.000100752 0.000384685 0.00460246 0.000100752 0.000835282 0.0121178 0.000100752 0.0183211 0.181181 0.000100752
160213 0.0253393 -0.247199 0.000101212 0.000883717 -0.0129544 0.000101212 0.000430506 -0.00537611 0.000101212 0.000386419 0.00462258 0.000101212 0.000838955 0.0121742 0.000101212 0.018949 0.187077 0.000101212
160920 0.0260112 -0.25351 0.000101674 0.000887641 -0.0130168 0.000101674 0.000432506 -0.0054012 0.000101674 0.000388076 0.00464228 0.000101674 0.000842567 0.0122305 0.000101674 0.0195734 0.192942 0.000101674
161580 0.0266829 -0.259819 0.00010214 0.000891523 -0.0130794 0.00010214 0.00043445 -0.00542623 0.00010214 0.000389646 0.00466163 0.00010214 0.000846117 0.0122866 0.00010214 0.0201943 0.198774 0.00010214
162241 0.0273545 -0.266129 0.000102605 0.000895404 -0.0131421 0.000102605 0.000436394 -0.00545126 0.000102605 0.000391205 0.00468113 0.000102605 0.000849664 0.0123427 0.000102605 0.0208151 0.204606 0.000102605
162901 0.0280262 -0.272438 0.000103071 0.000899284 -0.0132048 0.000103071 0.000438338 -0.00547629 0.000103071 0.000392763 0.00470063 0.000103071 0.00085321 0.0123988 0.000103071 0.0214359 0.210436 0.000103071
163562 0.0286979 -0.278748 0.000103536 0.000903161 -0.0132675 0.000103536 0.000440282 -0.00550133 0.000103536 0.00039432 0.00472014 0.000103536 0.000856755 0.0124549 0.000103536 0.0220566 0.216267 0.000103536
164222 0.0293695 -0.285057 0.000104001 0.000907037 -0.0133303 0.000104001 0.000442225 -0.00552636 0.000104001 0.000395875 0.00473966 0.000104001 0.000860298 0.012511 0.000104001 0.0226773 0.222097 0.000104001
164875 0.0300411 -0.291366 0.000104466 0.00091091 -0.013393 0.000104466 0.00044417 -0.00555142 0.000104466 0.000397424 0.00475915 0.000104466 0.000863835 0.0125671 0.000104466 0.0232973 0.227921 0.000104466
165513 0.0307104 -0.297653 0.000104916 0.000914791 -0.0134562 0.000104916 0.000446192 -0.0055779 0.000104916 0.000398777 0.00477566 0.000104916 0.000867112 0.0126189 0.000104916 0.0238768 0.233364 0.000104916
166138 0.0313768 -0.303914 0.000105347 0.00091868 -0.0135199 0.000105347 0.000448311 -0.0056062 0.000105347 0.000399881 0.0047884 0.000105347 0.000870058 0.0126653 0.000105347 0.0244047 0.238323 0.000105347
166762 0.0320431 -0.310174 0.000105777 0.000922567 -0.0135837 0.000105777 0.000450434 -0.00563455 0.000105777 0.000400979 0.00480104 0.000105777 0.000872995 0.0127116 0.000105777 0.0249313 0.243269 0.000105777
167386 0.0327093 -0.316433 0.000106206 0.000926453 -0.0136475 0.000106206 0.000452559 -0.00566295 0.000106206 0.000402069 0.00481358 0.000106206 0.000875922 0.0127577 0.000106206 0.0254564 0.248201 0.000106206
168009 0.0333755 -0.322691 0.000106635 0.000930338 -0.0137113 0.000106635 0.000454687 -0.0056914 0.000106635 0.000403153 0.004826 0.000106635 0.000878838 0.0128036 0.000106635 0.02598 0.253119 0.000106635
168631 0.0340415 -0.328948 0.000107063 0.00093422 -0.0137752 0.000107063 0.000456818 -0.00571991 0.000107063 0.000404228 0.0048383 0.000107063 0.000881743 0.0128494 0.000107063 0.0265019 0.258021 0.000107063
169253 0.0347074 -0.335203 0.000107491 0.000938101 -0.0138391 0.000107491 0.000458953 -0.00574848 0.000107491 0.000405294 0.00485048 0.000107491 0.000884635 0.0128951 0.000107491 0.027022 0.262906 0.000107491
169875 0.0353731 -0.341458 0.000107918 0.000941981 -0.0139031 0.000107918 0.000461091 -0.00577712 0.000107918 0.000406351 0.0048625 0.000107918 0.000887514 0.0129405 0.000107918 0.0275402 0.267773 0.000107918
170496 0.0360388 -0.347712 0.000108344 0.000945859 -0.0139671 0.000108344 0.000463233 -0.00580584 0.000108344 0.000407398 0.00487438 0.000108344 0.000890379 0.0129857 0.000108344 0.0280562 0.27262 0.000108344
171116 0.0367043 -0.353964 0.000108769 0.000949735 -0.0140312 0.000108769 0.000465379 -0.00583463 0.000108769 0.000408434 0.00488609 0.000108769 0.000893228 0.0130307 0.000108769 0.02857 0.277445 0.000108769
171707 0.0372629 -0.359211 0.000109155 0.000976267 -0.0143074 0.000109155 0.000467022 -0.00585552 0.000109155 0.000409753 0.00490244 0.000109155 0.000896183 0.0130776 0.000109155 0.0290866 0.282297 0.000109155
172231 0.0376381 -0.362733 0.000109452 0.00104098 -0.0149419 0.000109452 0.000467922 -0.0058651 0.000109452 0.000411274 0.00492242 0.000109452 0.000898949 0.0131215 0.000109452 0.0295506 0.286655 0.000109452
172741 0.038008 -0.366207 0.00010973 0.00110616 -0.0155818 0.00010973 0.00046889 -0.0058763 0.00010973 0.000412575 0.00493906 0.00010973 0.000901417 0.0131604 0.00010973 0.0299675 0.290571 0.00010973
173249 0.0383762 -0.369664 0.000110005 0.00117153 -0.0162244 0.000110005 0.000469866 -0.00588768 0.000110005 0.000413843 0.00495521 0.000110005 0.000903839 0.0131986 0.000110005 0.0303771 0.294417 0.000110005
173754 0.0387425 -0.373104 0.000110276 0.00123711 -0.0168697 0.000110276 0.000470851 -0.00589927 0.000110276 0.000415073 0.00497078 0.000110276 0.000906207 0.0132358 0.000110276 0.0307781 0.298183 0.000110276
173964 0.0387391 -0.373073 0.000108121 0.00131642 -0.0176751 0.000108121 0.000481584 -0.00610503 0.000108121 0.00038744 0.0045643 0.000108121 0.000867919 0.0126747 0.000108121 0.0307458 0.297402 0.000108121
173365 0.0389711 -0.375272 0.000109104 0.00143216 -0.0187222 0.000109104 0.000479421 -0.0060603 0.000109104 0.000396929 0.00470208 0.000109104 0.000882186 0.012883 0.000109104 0.0307582 0.297699 0.000109104
173862 0.0392382 -0.377776 0.000109452 0.00153078 -0.0195965 0.000109452 0.000479263 -0.00605167 0.000109452 0.000400105 0.00474566 0.000109452 0.000887014 0.0129515 0.000109452 0.0307625 0.297798 0.000109452
174358 0.0395044 -0.380272 0.0001098 0.00162951 -0.0204725 0.0001098 0.000479102 -0.00604298 0.0001098 0.000403282 0.00478928 0.0001098 0.000891843 0.0130201 0.0001098 0.0307668 0.297896 0.0001098
174854 0.0397698 -0.38276 0.000110147 0.00172834 -0.0213502 0.000110147 0.000478936 -0.00603423 0.000110147 0.000406462 0.00483293 0.000110147 0.000896672 0.0130887 0.000110147 0.0307711 0.297995 0.000110147
175350 0.0400344 -0.385241 0.000110494 0.00182729 -0.0222295 0.000110494 0.000478767 -0.00602542 0.000110494 0.000409645 0.00487662 0.000110494 0.000901503 0.0131574 0.000110494 0.0307754 0.298093 0.000110494
175824 0.0402921 -0.387657 0.000110818 0.00192698 -0.0231165 0.000110818 0.00047869 -0.0060184 0.000110818 0.000412546 0.00491624 0.000110818 0.000905939 0.0132203 0.000110818 0.0308464 0.298807 0.000110818
176204 0.0405207 -0.389802 0.000111033 0.00202976 -0.0240335 0.000111033 0.000479073 -0.0060202 0.000111033 0.000414098 0.00493636 0.000111033 0.000908477 0.0132562 0.000111033 0.0312363 0.302469 0.000111033
176583 0.0407482 -0.391936 0.000111247 0.00213271 -0.0249528 0.000111247 0.000479453 -0.00602196 0.000111247 0.000415648 0.00495644 0.000111247 0.000910891 0.0132941 0.000111247 0.0316251 0.30612 0.000111247
176962 0.0409747 -0.39406 0.00011146 0.00223579 -0.0258742 0.00011146 0.000479828 -0.00602364 0.00011146 0.0004172 0.00497656 0.00011146 0.000913299 0.0133321 0.00011146 0.032014 0.309771 0.00011146
177339 0.0412001 -0.396175 0.000111673 0.00233901 -0.0267976 0.000111673 0.000480199 -0.00602525 0.000111673 0.000418755 0.00499673 0.000111673 0.000915704 0.0133702 0.000111673 0.0324028 0.313423 0.000111673
177716 0.0414244 -0.39828 0.000111886 0.00244238 -0.0277233 0.000111886 0.000480565 -0.00602679 0.000111886 0.000420295 0.00501719 0.000111886 0.000918109 0.0134082 0.000111886 0.0327915 0.317073 0.000111886
178091 0.0416477 -0.400374 0.000112098 0.0025459 -0.0286512 0.000112098 0.000480925 -0.00602825 0.000112098 0.000421832 0.00503776 0.000112098 0.000920514 0.0134463 0.000112098 0.0331802 0.320723 0.000112098
178466 0.0418699 -0.402458 0.00011231 0.00264956 -0.0295813 0.00011231 0.000481281 -0.00602962 0.00011231 0.000423368 0.00505839 0.00011231 0.000922919 0.0134844 0.00011231 0.0335689 0.324374 0.00011231
178840 0.0420909 -0.404532 0.000112522 0.00275337 -0.0305136 0.000112522 0.000481631 -0.00603092 0.000112522 0.000424906 0.00507908 0.000112522 0.000925325 0.0135225 0.000112522 0.0339576 0.328023 0.000112522
179213 0.0423108 -0.406594 0.000112733 0.00285733 -0.0314483 0.000112733 0.000481976 -0.00603213 0.000112733 0.000426447 0.00509981 0.000112733 0.00092773 0.0135607 0.000112733 0.0343463 0.331673 0.000112733
179585 0.0425294 -0.408645 0.000112943 0.00296145 -0.0323853 0.000112943 0.000482316 -0.00603325 0.000112943 0.00042799 0.00512059 0.000112943 0.000930136 0.0135989 0.000112943 0.0347349 0.335322 0.000112943
179956 0.0427469 -0.410685 0.000113153 0.00306573 -0.0333247 0.000113153 0.00048265 -0.00603429 0.000113153 0.000429537 0.00514142 0.000113153 0.000932542 0.0136371 0.000113153 0.0351234 0.338971 0.000113153
180326 0.0429631 -0.412713 0.000113363 0.00317017 -0.0342666 0.000113363 0.000482978 -0.00603524 0.000113363 0.000431086 0.0051623 0.000113363 0.000934947 0.0136753 0.000113363 0.0355119 0.342619 0.000113363
180694 0.043178 -0.414728 0.000113572 0.00327477 -0.0352111 0.000113572 0.0004833 -0.0060361 0.000113572 0.000432637 0.00518323 0.000113572 0.000937353 0.0137135 0.000113572 0.0359003 0.346267 0.000113572
181058 0.0433916 -0.416732 0.00011378 0.00337955 -0.0361581 0.00011378 0.000483617 -0.00603686 0.00011378 0.000434192 0.00520422 0.00011378 0.000939759 0.0137518 0.00011378 0.0362887 0.349915 0.00011378
181394 0.0436038 -0.418723 0.000113988 0.00348451 -0.0371079 0.000113988 0.000483929 -0.00603753 0.000113988 0.000435752 0.00522526 0.000113988 0.000942167 0.0137901 0.000113988 0.0366771 0.353561 0.000113988
181730 0.0438147 -0.420701 0.000114195 0.00358965 -0.0380603 0.000114195 0.000484235 -0.00603811 0.000114195 0.000437315 0.00524636 0.000114195 0.000944574 0.0138284 0.000114195 0.0370654 0.357207 0.000114195
182064 0.0440241 -0.422665 0.000114402 0.00369497 -0.0390156 0.000114402 0.000484534 -0.00603858 0.000114402 0.00043888 0.00526751 0.000114402 0.000946982 0.0138667 0.000114402 0.0374536 0.360853 0.000114402
182397 0.0442322 -0.424616 0.000114608 0.00380048 -0.0399737 0.000114608 0.000484827 -0.00603895 0.000114608 0.000440449 0.00528872 0.000114608 0.00094939 0.0139051 0.000114608 0.0378418 0.364499 0.000114608
182729 0.0444387 -0.426553 0.000114814 0.00390618 -0.0409347 0.000114814 0.000485112 -0.00603922 0.000114814 0.000442021 0.00530999 0.000114814 0.000951797 0.0139435 0.000114814 0.0382298 0.368143 0.000114814
183059 0.0446437 -0.428476 0.000115019 0.00401208 -0.0418987 0.000115019 0.000485391 -0.00603938 0.000115019 0.000443595 0.00533131 0.000115019 0.000954204 0.0139819 0.000115019 0.0386177 0.371785 0.000115019
183387 0.0448471 -0.430384 0.000115223 0.00411818 -0.0428658 0.000115223 0.000485664 -0.00603945 0.000115223 0.00044517 0.00535265 0.000115223 0.000956608 0.0140203 0.000115223 0.039005 0.375422 0.000115223
