1619.67 -9685.34 -2619.59 1816.75 -9685.34 -1678.48 1816.75 -9685.34 105.536 1816.75 -9685.34 1889.55 1816.75 -9685.34 2830.66 1816.75
2995.48 -12280.8 -4262.11 3009.1 -12280.8 -2703.34 3009.1 -12280.8 251.54 3009.1 -12280.8 3206.42 3009.1 -12280.8 4765.19 3009.1
4347.22 -14817.9 -5845.11 4156.67 -14817.9 -3691.87 4156.67 -14817.9 389.9 4156.67 -14817.9 4471.67 4156.67 -14817.9 6624.91 4156.67
5692.96 -17354.9 -7422.08 5299.65 -17354.9 -4676.76 5299.65 -17354.9 527.396 5299.65 -17354.9 5731.55 5299.65 -17354.9 8476.87 5299.65
7036.64 -19888 -8995.76 6440.46 -19888 -5659.47 6440.46 -19888 664.93 6440.46 -19888 6989.33 6440.46 -19888 10325.6 6440.46
8377.79 -22416.2 -10565.3 7578.41 -22416.2 -6639.55 7578.41 -22416.2 802.302 7578.41 -22416.2 8244.15 7578.41 -22416.2 12169.9 7578.41
9717.02 -24940.7 -12134.4 8715.2 -24940.7 -7619.76 8715.2 -24940.7 938.392 8715.2 -24940.7 9496.54 8715.2 -24940.7 14011.2 8715.2
11054.5 -27461.9 -13703.3 9851.15 -27461.9 -8600.2 9851.15 -27461.9 1073.44 9851.15 -27461.9 10747.1 9851.15 -27461.9 15850.2 9851.15
12390.3 -29980 -15276.4 10988.1 -29980 -9584.34 10988.1 -29980 1205.74 10988.1 -29980 11995.8 10988.1 -29980 17687.9 10988.1
13724.5 -32494.9 -16850.7 12124.9 -32494.9 -10569.8 12124.9 -32494.9 1336.69 12124.9 -32494.9 13243.1 12124.9 -32494.9 19524.1 12124.9
15056.7 -35006.4 -18422.9 13260.3 -35006.4 -11553.8 13260.3 -35006.4 1467.53 13260.3 -35006.4 14488.9 13260.3 -35006.4 21358 13260.3
16386.9 -37514.3 -19992.8 14394 -37514.3 -12536.5 14394 -37514.3 1598.18 14394 -37514.3 15732.8 14394 -37514.3 23189.2 14394
17715.2 -40018.6 -21559.1 15525.6 -40018.6 -13516.6 15525.6 -40018.6 1729.27 15525.6 -40018.6 16975.1 15525.6 -40018.6 25017.7 15525.6
19041.4 -42519.3 -23120.4 16654.6 -42519.3 -14492.9 16654.6 -42519.3 1861.57 16654.6 -42519.3 18216.1 16654.6 -42519.3 26843.5 16654.6
20365.6 -45016.4 -24677.7 17781.1 -45016.4 -15466.7 17781.1 -45016.4 1993.99 17781.1 -45016.4 19454.7 17781.1 -45016.4 28665.7 17781.1
21687.7 -47509.8 -26231.5 18905.7 -47509.8 -16438 18905.7 -47509.8 2127.08 18905.7 -47509.8 20692.1 18905.7 -47509.8 30485.7 18905.7
23007.8 -49999.5 -27783.1 20028.8 -49999.5 -17407.8 20028.8 -49999.5 2260.11 20028.8 -49999.5 21928 20028.8 -49999.5 32303.3 20028.8
24325.7 -52485.6 -29331.8 21150.1 -52485.6 -18375.6 21150.1 -52485.6 2393.43 21150.1 -52485.6 23162.4 21150.1 -52485.6 34118.6 21150.1
25641.7 -54967.9 -30877.3 22269.5 -54967.9 -19341.2 22269.5 -54967.9 2526.98 22269.5 -54967.9 24395.2 22269.5 -54967.9 35931.2 22269.5
26955.5 -57446.5 -32420.6 23387.3 -57446.5 -20305.5 23387.3 -57446.5 2660.37 23387.3 -57446.5 25626.3 23387.3 -57446.5 37741.3 23387.3
28267.1 -59921.2 -33961.9 24503.8 -59921.2 -21268.5 24503.8 -59921.2 2793.76 24503.8 -59921.2 26856 24503.8 -59921.2 39549.5 24503.8
29576.6 -62392 -35500.8 25618.6 -62392 -22229.9 25618.6 -62392 2927.02 25618.6 -62392 28083.9 25618.6 -62392 41354.9 25618.6
30883.9 -64858.9 -37037.3 26731.7 -64858.9 -23189.8 26731.7 -64858.9 3060.2 26731.7 -64858.9 29310.2 26731.7 -64858.9 43157.7 26731.7
32189 -67321.8 -38571.2 27842.9 -67321.8 -24148 27842.9 -67321.8 3193.15 27842.9 -67321.8 30534.3 27842.9 -67321.8 44957.5 27842.9
33491.9 -69780.6 -40102.5 28952.3 -69780.6 -25104.7 28952.3 -69780.6 3325.88 28952.3 -69780.6 31756.4 28952.3 -69780.6 46754.3 28952.3
34792.4 -72235.4 -41631.2 30059.7 -72235.4 -26059.7 30059.7 -72235.4 3458.4 30059.7 -72235.4 32976.5 30059.7 -72235.4 48548 30059.7
36090.7 -74685.9 -43157.1 31165.1 -74685.9 -27013 31165.1 -74685.9 3590.6 31165.1 -74685.9 34194.2 31165.1 -74685.9 50338.3 31165.1
37386.6 -77132.3 -44680 32268.4 -77132.3 -27964.3 32268.4 -77132.3 3722.65 32268.4 -77132.3 35409.6 32268.4 -77132.3 52125.3 32268.4
38680.2 -79574.4 -46200.1 33369.7 -79574.4 -28913.9 33369.7 -79574.4 3854.49 33369.7 -79574.4 36622.9 33369.7 -79574.4 53909.1 33369.7
39971.3 -82012.2 -47717.4 34469 -82012.2 -29861.8 34469 -82012.2 3986.11 34469 -82012.2 37834 34469 -82012.2 55689.7 34469
41260.1 -84445.6 -49231.9 35566.3 -84445.6 -30807.9 35566.3 -84445.6 4117.52 35566.3 -84445.6 39042.9 35566.3 -84445.6 57467 35566.3
42546.3 -86874.5 -50743.6 36661.4 -86874.5 -31752.2 36661.4 -86874.5 4248.56 36661.4 -86874.5 40249.4 36661.4 -86874.5 59240.7 36661.4
43830.1 -89299 -52252.3 37754.4 -89299 -32694.7 37754.4 -89299 4379.36 37754.4 -89299 41453.5 37754.4 -89299 61011 37754.4
45110.5 -91718 -53755.2 38844.3 -91718 -33633.1 38844.3 -91718 4511.18 38844.3 -91718 42655.5 38844.3 -91718 62777.6 38844.3
46114 -93826.2 -54197.3 39533.6 -93826.2 -33718.1 39533.6 -93826.2 5103.1 39533.6 -93826.2 43924.3 39533.6 -93826.2 64403.5 39533.6
47114.9 -95930 -54622.9 40214.8 -95930 -33790.8 40214.8 -95930 5699.29 40214.8 -95930 45189.4 40214.8 -95930 66021.4 40214.8
48117.6 -98030.4 -55029.7 40879.8 -98030.4 -33853.2 40879.8 -98030.4 6290.03 40879.8 -98030.4 46433.2 40879.8 -98030.4 67609.8 40879.8
49086.6 -100091 -55287.8 41483.9 -100091 -33798.3 41483.9 -100091 6938 41483.9 -100091 47674.3 41483.9 -100091 69163.8 41483.9
49917.9 -101991 -55406.3 42051 -101991 -33623.1 42051 -101991 7670.21 42051 -101991 48963.5 42051 -101991 70746.7 42051
50690.7 -103819 -55501.5 42615.1 -103819 -33426.1 42615.1 -103819 8421.16 42615.1 -103819 50268.4 42615.1 -103819 72343.8 42615.1
51459.4 -105641 -55591.4 43176.1 -105641 -33225.3 43176.1 -105641 9172.75 43176.1 -105641 51570.8 43176.1 -105641 73936.9 43176.1
52222.6 -107449 -55689.8 43731.8 -107449 -33035.8 43731.8 -107449 9907.96 43731.8 -107449 52851.8 43731.8 -107449 75505.7 43731.8
52965.6 -109233 -55770.8 44282.5 -109233 -32831.6 44282.5 -109233 10652.9 44282.5 -109233 54137.5 44282.5 -109233 77076.7 44282.5
53622.4 -110791 -55866.8 44731.4 -110791 -32695 44731.4 -110791 11230.3 44731.4 -110791 55155.6 44731.4 -110791 78327.3 44731.4
54110.5 -111960 -55620 44889.4 -111960 -32366.5 44889.4 -111960 11714 44889.4 -111960 55794.5 44889.4 -111960 79048.1 44889.4
54463.9 -112913 -55312.5 45015.2 -112913 -31993.7 45015.2 -112913 12210.3 45015.2 -112913 56414.4 45015.2 -112913 79733.1 45015.2
54732.6 -113669 -55069.2 45149.5 -113669 -31680.9 45149.5 -113669 12655.1 45149.5 -113669 56991.1 45149.5 -113669 80379.4 45149.5
54874.9 -114235 -54403.2 45119.3 -114235 -31030.6 45119.3 -114235 13275.7 45119.3 -114235 57581.9 45119.3 -114235 80954.6 45119.3
54960.1 -114747 -53468.6 44991.9 -114747 -30161.9 44991.9 -114747 14019.3 44991.9 -114747 58200.5 44991.9 -114747 81507.2 44991.9
55000.9 -115216 -52327.2 44789.7 -115216 -29125.3 44789.7 -115216 14857.4 44789.7 -115216 58840 44789.7 -115216 82042 44789.7
55227.7 -115849 -52148.6 44933 -115849 -28872.4 44933 -115849 15251 44933 -115849 59374.3 44933 -115849 82650.5 44933
55439.4 -116428 -51999.4 45055.8 -116428 -28659.5 45055.8 -116428 15584.4 45055.8 -116428 59828.4 45055.8 -116428 83168.2 45055.8
55646.9 -117000 -51849.7 45177.2 -117000 -28447 45177.2 -117000 15916.2 45177.2 -117000 60279.3 45177.2 -117000 83682 45177.2
55676.6 -117338 -51528 45233.8 -117338 -28096 45233.8 -117338 16322.7 45233.8 -117338 60741.4 45233.8 -117338 84173.4 45233.8
55617.1 -117565 -51146.8 45275.3 -117565 -27693.3 45275.3 -117565 16766.1 45275.3 -117565 61225.6 45275.3 -117565 84679.1 45275.3
55510 -117771 -50839 45387.5 -117771 -27327.3 45387.5 -117771 17242.3 45387.5 -117771 61812 45387.5 -117771 85323.6 45387.5
55551.7 -118178 -50752.2 45599.7 -118178 -27130.7 45599.7 -118178 17647.4 45599.7 -118178 62425.4 45599.7 -118178 86047 45599.7
55600.1 -118593 -50677.2 45810 -118593 -26946.8 45810 -118593 18037.7 45810 -118593 63022.2 45810 -118593 86752.6 45810
55785.3 -119102 -50576.5 45940.8 -119102 -26778.2 45940.8 -119102 18334.7 45940.8 -119102 63447.7 45940.8 -119102 87245.9 45940.8
55969.4 -119609 -50474.7 46070.5 -119609 -26609.3 46070.5 -119609 18631.1 46070.5 -119609 63871.4 46070.5 -119609 87736.8 46070.5
56152.6 -120113 -50371.9 46199 -120113 -26439.9 46199 -120113 18926.6 46199 -120113 64293.1 46199 -120113 88225.1 46199
56334.7 -120615 -50268.1 46326.3 -120615 -26270.2 46326.3 -120615 19221.3 46326.3 -120615 64712.9 46326.3 -120615 88710.8 46326.3
56515.7 -121114 -50163.2 46452.4 -121114 -26100 46452.4 -121114 19515.3 46452.4 -121114 65130.6 46452.4 -121114 89193.8 46452.4
56694.3 -121609 -50055.5 46576.5 -121609 -25927.9 46576.5 -121609 19809.3 46576.5 -121609 65546.6 46576.5 -121609 89674.2 46576.5
56854.6 -122084 -49925.1 46694.3 -122084 -25736.6 46694.3 -122084 20116.3 46694.3 -122084 65969.2 46694.3 -122084 90157.7 46694.3
57013.8 -122556 -49793.2 46810.8 -122556 -25544.2 46810.8 -122556 20423.1 46810.8 -122556 66390.4 46810.8 -122556 90639.4 46810.8
57171.8 -123025 -49659.5 46925.9 -123025 -25351 46925.9 -123025 20729.3 46925.9 -123025 66809.6 46925.9 -123025 91118.1 46925.9
57328.6 -123492 -49524.1 47039.3 -123492 -25156.9 47039.3 -123492 21034.8 47039.3 -123492 67226.5 47039.3 -123492 91593.7 47039.3
57484.1 -123955 -49387 47151.1 -123955 -24961.8 47151.1 -123955 21339.7 47151.1 -123955 67641.1 47151.1 -123955 92066.3 47151.1
57598.7 -124368 -49089.8 47197 -124368 -24640.8 47197 -124368 21705.7 47197 -124368 68052.3 47197 -124368 92501.3 47197
57655.9 -124660 -48660.2 47140.2 -124660 -24240.7 47140.2 -124660 22050.1 47140.2 -124660 68340.8 47140.2 -124660 92760.4 47140.2
57699.5 -124882 -48278.4 47051.8 -124882 -23904.7 47051.8 -124882 22299.3 47051.8 -124882 68503.2 47051.8 -124882 92877 47051.8
57730.9 -125044 -47932.6 46934.2 -125044 -23619.8 46934.2 -125044 22468.7 46934.2 -125044 68557.1 46934.2 -125044 92870 46934.2
57751.2 -125171 -47587 46797.4 -125171 -23345 46797.4 -125171 22609.1 46797.4 -125171 68563.2 46797.4 -125171 92805.2 46797.4
57768.1 -125240 -47351.1 46683.1 -125240 -23168.4 46683.1 -125240 22673.6 46683.1 -125240 68515.5 46683.1 -125240 92698.2 46683.1
57819.5 -125277 -47453.3 46701.5 -125277 -23260.9 46701.5 -125277 22599 46701.5 -125277 68459 46701.5 -125277 92651.4 46701.5
57907.3 -125472 -47528.6 46876 -125472 -23246 46876 -125472 22785.4 46876 -125472 68816.7 46876 -125472 93099.4 46876
57978 -125597 -47657.8 47060.4 -125597 -23279.6 47060.4 -125597 22932.8 47060.4 -125597 69145.1 47060.4 -125597 93523.3 47060.4
58032.9 -125659 -47837.8 47257.2 -125659 -23357.6 47257.2 -125659 23048 47257.2 -125659 69453.6 47257.2 -125659 93933.8 47257.2
58188.4 -126128 -47700.7 47387.5 -126128 -23153 47387.5 -126128 23380.6 47387.5 -126128 69914.2 47387.5 -126128 94461.9 47387.5
58343.2 -126595 -47562.3 47517.3 -126595 -22947.4 47517.3 -126595 23713.6 47517.3 -126595 70374.7 47517.3 -126595 94989.5 47517.3
58498.7 -127063 -47424.1 47647.3 -127063 -22741.8 47647.3 -127063 24046.9 47647.3 -127063 70835.7 47647.3 -127063 95517.9 47647.3
58653 -127529 -47288.8 47779.3 -127529 -22538.2 47779.3 -127529 24380.1 47779.3 -127529 71298.4 47779.3 -127529 96049 47779.3
58806.5 -127991 -47162.2 47920.4 -127991 -22338.5 47920.4 -127991 24718.3 47920.4 -127991 71775.2 47920.4 -127991 96598.9 47920.4
58959.6 -128451 -47038.6 48064.3 -128451 -22140.4 48064.3 -128451 25057.9 48064.3 -128451 72256.1 48064.3 -128451 97154.4 48064.3
59112.5 -128910 -46915.6 48208.4 -128910 -21942.7 48208.4 -128910 25397 48208.4 -128910 72736.6 48208.4 -128910 97709.5 48208.4
59265.5 -129369 -46793.6 48351.9 -129369 -21746.4 48351.9 -129369 25734.3 48351.9 -129369 73214.9 48351.9 -129369 98262.1 48351.9
59418.2 -129827 -46672 48494.4 -129827 -21550.9 48494.4 -129827 26069.6 48494.4 -129827 73690.2 48494.4 -129827 98811.2 48494.4
59570.5 -130283 -46550.4 48634.6 -130283 -21356.7 48634.6 -130283 26401.5 48634.6 -130283 74159.7 48634.6 -130283 99353.4 48634.6
59722.8 -130739 -46428.9 48774.5 -130739 -21162.7 48774.5 -130739 26732.9 48774.5 -130739 74628.5 48774.5 -130739 99894.6 48774.5
59874.6 -131192 -46307.4 48910.7 -131192 -20970.7 48910.7 -131192 27058.7 48910.7 -131192 75088.1 48910.7 -131192 100425 48910.7
60022.7 -131630 -46210.7 49072.4 -131630 -20790.2 49072.4 -131630 27398 49072.4 -131630 75586.1 49072.4 -131630 101007 49072.4
60165.9 -132047 -46144.4 49261.9 -132047 -20625.8 49261.9 -132047 27748.4 49261.9 -132047 76122.6 49261.9 -132047 101641 49261.9
60308.3 -132462 -46078.1 49450.1 -132462 -20461.9 49450.1 -132462 28097.1 49450.1 -132462 76656.2 49450.1 -132462 102272 49450.1
60449.2 -132873 -46013 49637.7 -132873 -20299.7 49637.7 -132873 28443.6 49637.7 -132873 77186.9 49637.7 -132873 102900 49637.7
60586.1 -133265 -45972.9 49847.6 -133265 -20150.9 49847.6 -133265 28798.5 49847.6 -133265 77747.8 49847.6 -133265 103570 49847.6
60722.6 -133658 -45934.1 50058.1 -133658 -20003.1 50058.1 -133658 29153 50058.1 -133658 78309 50058.1 -133658 104240 50058.1
60859.2 -134050 -45895 50268.4 -134050 -19855 50268.4 -134050 29507.6 50268.4 -134050 78870.2 50268.4 -134050 104910 50268.4
60995.3 -134440 -45856.7 50477.1 -134440 -19708.6 50477.1 -134440 29859 50477.1 -134440 79426.6 50477.1 -134440 105575 50477.1
61131.4 -134830 -45818.5 50685.7 -134830 -19562.3 50685.7 -134830 30210 50685.7 -134830 79982.3 50685.7 -134830 106238 50685.7
135.076 -135217 -45780.1 50893.4 -135217 -19416.3 50893.4 -135217 30560.1 50893.4 -135217 80536.4 50893.4 -135217 106900 50893.4
266.8 -135599 -45740.1 51098.7 -135599 -19270 51098.7 -135599 30907.9 51098.7 -135599 81085.8 51098.7 -135599 107556 51098.7
398.947 -135982 -45700.5 51304.4 -135982 -19123.9 51304.4 -135982 31256.1 51304.4 -135982 81636 51304.4 -135982 108213 51304.4
535.999 -136373 -45663 51515.5 -136373 -18977 51515.5 -136373 31610.3 51515.5 -136373 82197.5 51515.5 -136373 108883 51515.5
673.04 -136765 -45625.6 51726.9 -136765 -18830 51726.9 -136765 31964.8 51726.9 -136765 82759.6 51726.9 -136765 109555 51726.9
-2914.92 -130622 -42903.2 49711 -130622 -17151.9 49711 -130622 31663.3 49711 -130622 80478.5 49711 -130622 106230 49711
-2490.81 -131659 -43252.3 50162.4 -131659 -17267.2 50162.4 -131659 31991.3 50162.4 -131659 81249.8 50162.4 -131659 107235 50162.4
-2127.02 -132635 -43540.5 50601 -132635 -17328.2 50601 -132635 32361 50601 -132635 82050.3 50601 -132635 108263 50601
-1888.89 -133493 -43095.9 50754.2 -133493 -16804.3 50754.2 -133493 33035.3 50754.2 -133493 82875 50754.2 -133493 109167 50754.2
-1371.79 -134873 -42710.4 51021.1 -134873 -16280.5 51021.1 -134873 33821.2 51021.1 -134873 83922.9 51021.1 -134873 110353 51021.1
-934.636 -135972 -42573.2 51407.5 -135972 -15943.1 51407.5 -135972 34538.1 51407.5 -135972 85019.2 51407.5 -135972 111649 51407.5
-633.472 -136602 -42694.9 51720 -136602 -15903 51720 -136602 34885 51720 -136602 85673 51720 -136602 112465 51720
-364.052 -137134 -42858.8 52007 -137134 -15918.1 52007 -137134 35151.8 52007 -137134 86221.7 52007 -137134 113162 52007
-96.436 -137662 -43022.3 52292.4 -137662 -15933.8 52292.4 -137662 35416.3 52292.4 -137662 86766.5 52292.4 -137662 113855 52292.4
169.672 -138188 -43183.4 52576.6 -138188 -15947.8 52576.6 -138188 35681.4 52576.6 -138188 87310.6 52576.6 -138188 114546 52576.6
432.661 -138711 -43328.8 52855.4 -138711 -15948.6 52855.4 -138711 35954.4 52855.4 -138711 87857.4 52855.4 -138711 115238 52855.4
694.563 -139232 -43473.2 53133.8 -139232 -15948.8 53133.8 -139232 36227.5 53133.8 -139232 88403.9 53133.8 -139232 115928 53133.8
955.208 -139751 -43616.5 53411.1 -139751 -15948.5 53411.1 -139751 36500.2 53411.1 -139751 88948.9 53411.1 -139751 116617 53411.1
1214.49 -140268 -43758.7 53687.6 -140268 -15947.4 53687.6 -140268 36772.8 53687.6 -140268 89493 53687.6 -140268 117304 53687.6
1361.49 -140661 -43740.4 53899.3 -140661 -15819.5 53899.3 -140661 37108.5 53899.3 -140661 90036.6 53899.3 -140661 117957 53899.3
1484.27 -141028 -43687.9 54097.1 -141028 -15664.5 54097.1 -141028 37457.8 54097.1 -141028 90580.1 54097.1 -141028 118603 54097.1
1606.86 -141393 -43635.8 54294.5 -141393 -15510.2 54294.5 -141393 37805.9 54294.5 -141393 91122 54294.5 -141393 119248 54294.5
1729.37 -141758 -43584.1 54491.8 -141758 -15356.3 54491.8 -141758 38153.6 54491.8 -141758 91663.5 54491.8 -141758 119891 54491.8
1851.8 -142123 -43532.7 54689.2 -142123 -15202.6 54689.2 -142123 38501.2 54689.2 -142123 92204.9 54689.2 -142123 120535 54689.2
1957.84 -142415 -43502.8 54812.2 -142415 -15109 54812.2 -142415 38715.5 54812.2 -142415 92539.9 54812.2 -142415 120934 54812.2
2061.4 -142669 -43475.7 54914.9 -142669 -15028.7 54914.9 -142669 38896.6 54914.9 -142669 92822 54914.9 -142669 121269 54914.9
2164.34 -142930 -43450.3 55018 -142930 -14949.9 55018 -142930 39076.7 55018 -142930 93103.2 55018 -142930 121604 55018
2266.62 -143191 -43423.7 55120 -143191 -14870.5 55120 -143191 39256.3 55120 -143191 93383.1 55120 -143191 121936 55120
2368.73 -143449 -43398.6 55221.8 -143449 -14792.7 55221.8 -143449 39434.1 55221.8 -143449 93660.9 55221.8 -143449 122267 55221.8
2470.45 -143706 -43375.3 55323.3 -143706 -14716.8 55323.3 -143706 39609.6 55323.3 -143706 93936 55323.3 -143706 122595 55323.3
2571.83 -143962 -43353.1 55424.2 -143962 -14642.3 55424.2 -143962 39783.2 55424.2 -143962 94208.7 55424.2 -143962 122919 55424.2
2672.86 -144215 -43332 55524.5 -144215 -14569.2 55524.5 -144215 39954.8 55524.5 -144215 94478.9 55524.5 -144215 123242 55524.5
2773.51 -144467 -43311.9 55624.3 -144467 -14497.4 55624.3 -144467 40124.5 55624.3 -144467 94746.5 55624.3 -144467 123561 55624.3
2873.84 -144717 -43293.1 55723.5 -144717 -14427.3 55723.5 -144717 40292.1 55723.5 -144717 95011.4 55723.5 -144717 123877 55723.5
2973.6 -144964 -43275.2 55821.8 -144964 -14358.4 55821.8 -144964 40457.6 55821.8 -144964 95273.5 55821.8 -144964 124190 55821.8
3072.99 -145210 -43258.8 55919.6 -145210 -14291.3 55919.6 -145210 40620.6 55919.6 -145210 95532.5 55919.6 -145210 124500 55919.6
3171.91 -145453 -43243.7 56016.5 -145453 -14226 56016.5 -145453 40781.1 56016.5 -145453 95788.3 56016.5 -145453 124806 56016.5
3270.34 -145693 -43230 56112.7 -145693 -14162.6 56112.7 -145693 40939 56112.7 -145693 96040.5 56112.7 -145693 125108 56112.7
3368.21 -145932 -43217.9 56207.8 -145932 -14101.2 56207.8 -145932 41093.8 56207.8 -145932 96288.8 56207.8 -145932 125406 56207.8
3465.52 -146167 -43207.5 56302 -146167 -14042 56302 -146167 41245.5 56302 -146167 96533 56302 -146167 125698 56302
3562.2 -146399 -43198.8 56395.1 -146399 -13985.1 56395.1 -146399 41393.8 56395.1 -146399 96772.7 56395.1 -146399 125986 56395.1
3653.48 -146602 -43200 56465.6 -146602 -13949.7 56465.6 -146602 41498.4 56465.6 -146602 96946.5 56465.6 -146602 126197 56465.6
3151.59 -144077 -44755 55538.1 -144077 -15985.2 55538.1 -144077 38552.1 55538.1 -144077 93089.5 55538.1 -144077 121859 55538.1
3041.28 -143340 -45563.4 55708.1 -143340 -16705.5 55708.1 -143340 37998.8 55708.1 -143340 92703.1 55708.1 -143340 121561 55708.1
3141.26 -143574 -45569.3 55839.9 -143574 -16643.2 55839.9 -143574 38190.5 55839.9 -143574 93024.1 55839.9 -143574 121950 55839.9
3255.52 -143870 -45513.3 55947.6 -143870 -16531.4 55947.6 -143870 38408 55947.6 -143870 93347.5 55947.6 -143870 122329 55947.6
3369.62 -144166 -45459.2 56055.9 -144166 -16421.2 56055.9 -144166 38624.6 56055.9 -144166 93670.4 56055.9 -144166 122708 56055.9
3470.33 -144398 -45427 56115.1 -144398 -16358.3 56115.1 -144398 38745.7 56115.1 -144398 93849.7 56115.1 -144398 122918 56115.1
3570.58 -144628 -45395.3 56173.5 -144628 -16296.3 56173.5 -144628 38864.9 56173.5 -144628 94026.2 56173.5 -144628 123125 56173.5
3670.96 -144858 -45363.3 56231.8 -144858 -16234.2 56231.8 -144858 38984.3 56231.8 -144858 94202.8 56231.8 -144858 123332 56231.8
3771.39 -145088 -45331.5 56290 -145088 -16172.1 56290 -145088 39103.6 56290 -145088 94379.3 56290 -145088 123539 56290
3871.84 -145318 -45299.9 56348.4 -145318 -16110.3 56348.4 -145318 39222.8 56348.4 -145318 94555.8 56348.4 -145318 123745 56348.4
3972.4 -145548 -45269.1 56407.1 -145548 -16049.1 56407.1 -145548 39341.5 56407.1 -145548 94732.2 56407.1 -145548 123952 56407.1
4072.68 -145778 -45240.1 56466.2 -145778 -15989.5 56466.2 -145778 39459.3 56466.2 -145778 94908 56466.2 -145778 124159 56466.2
4172.93 -146007 -45211.2 56525.4 -146007 -15929.9 56525.4 -146007 39576.9 56525.4 -146007 95083.7 56525.4 -146007 124365 56525.4
4272.94 -146237 -45182.2 56584.5 -146237 -15870.3 56584.5 -146237 39694.6 56584.5 -146237 95259.5 56584.5 -146237 124571 56584.5
4373.16 -146466 -45153.3 56643.7 -146466 -15810.7 56643.7 -146466 39812.2 56643.7 -146466 95435.2 56643.7 -146466 124778 56643.7
4473.38 -146696 -45124.3 56702.8 -146696 -15751.1 56702.8 -146696 39929.9 56702.8 -146696 95610.9 56702.8 -146696 124984 56702.8
4573.59 -146925 -45095.3 56761.9 -146925 -15691.5 56761.9 -146925 40047.5 56761.9 -146925 95786.6 56761.9 -146925 125190 56761.9
4662.02 -147113 -45099.2 56817.4 -147113 -15666.7 56817.4 -147113 40126.8 56817.4 -147113 95920.4 56817.4 -147113 125353 56817.4
4749.82 -147299 -45104.2 56872.8 -147299 -15642.9 56872.8 -147299 40205 56872.8 -147299 96053 56872.8 -147299 125514 56872.8
4837.62 -147485 -45109.1 56928.3 -147485 -15619.2 56928.3 -147485 40283.2 56928.3 -147485 96185.7 56928.3 -147485 125676 56928.3
4925.42 -147671 -45114.1 56983.7 -147671 -15595.5 56983.7 -147671 40361.4 56983.7 -147671 96318.3 56983.7 -147671 125837 56983.7
5013.19 -147857 -45119.1 57039.1 -147857 -15571.8 57039.1 -147857 40439.5 57039.1 -147857 96450.7 57039.1 -147857 125998 57039.1
5100.95 -148042 -45124.1 57094.4 -148042 -15548.1 57094.4 -148042 40517.6 57094.4 -148042 96583.2 57094.4 -148042 126159 57094.4
5188.71 -148228 -45128.7 57149.7 -148228 -15524.1 57149.7 -148228 40595.8 57149.7 -148228 96715.7 57149.7 -148228 126320 57149.7
5276.45 -148414 -45132.8 57204.7 -148414 -15499.6 57204.7 -148414 40674.3 57204.7 -148414 96848.2 57204.7 -148414 126481 57204.7
5364.21 -148600 -45137.2 57259.7 -148600 -15475.6 57259.7 -148600 40752.3 57259.7 -148600 96980.2 57259.7 -148600 126642 57259.7
5451.81 -148785 -45142 57314.7 -148785 -15451.8 57314.7 -148785 40830.1 57314.7 -148785 97112.1 57314.7 -148785 126802 57314.7
5539.48 -148971 -45146.6 57369.7 -148971 -15427.9 57369.7 -148971 40908 57369.7 -148971 97244 57369.7 -148971 126963 57369.7
5627.14 -149156 -45151.2 57424.7 -149156 -15404 57424.7 -149156 40985.9 57424.7 -149156 97375.8 57424.7 -149156 127123 57424.7
5714.8 -149342 -45155.7 57479.7 -149342 -15380.1 57479.7 -149342 41063.8 57479.7 -149342 97507.7 57479.7 -149342 127283 57479.7
5802.47 -149527 -45160.9 57534.8 -149527 -15356.7 57534.8 -149527 41141.4 57534.8 -149527 97639.5 57534.8 -149527 127444 57534.8
5890.07 -149713 -45165.9 57590 -149713 -15333.2 57590 -149713 41219 57590 -149713 97771.3 57590 -149713 127604 57590
5977.7 -149898 -45171.1 57645.1 -149898 -15309.8 57645.1 -149898 41296.6 57645.1 -149898 97903 57645.1 -149898 127764 57645.1
6062.11 -150074 -45181.6 57698 -150074 -15293 57698 -150074 41365.3 57698 -150074 98023.6 57698 -150074 127912 57698
6145.16 -150245 -45194.5 57749.8 -150245 -15279 57749.8 -150245 41430.3 57749.8 -150245 98139.5 57749.8 -150245 128055 57749.8
6228.21 -150417 -45207.3 57801.6 -150417 -15264.9 57801.6 -150417 41495.2 57801.6 -150417 98255.3 57801.6 -150417 128198 57801.6
6311.22 -150588 -45219.4 57853.2 -150588 -15250.3 57853.2 -150588 41560.4 57853.2 -150588 98371.1 57853.2 -150588 128340 57853.2
6394.21 -150759 -45231.7 57904.8 -150759 -15235.9 57904.8 -150759 41625.5 57904.8 -150759 98486.9 57904.8 -150759 128483 57904.8
6477.22 -150931 -45244.1 57956.5 -150931 -15221.5 57956.5 -150931 41690.6 57956.5 -150931 98602.7 57956.5 -150931 128625 57956.5
6560.21 -151102 -45256.4 58008.1 -151102 -15207.1 58008.1 -151102 41755.7 58008.1 -151102 98718.5 58008.1 -151102 128768 58008.1
6643.18 -151273 -45268.7 58059.7 -151273 -15192.6 58059.7 -151273 41820.8 58059.7 -151273 98834.2 58059.7 -151273 128910 58059.7
6726.12 -151445 -45280.9 58111.2 -151445 -15178.2 58111.2 -151445 41885.9 58111.2 -151445 98949.9 58111.2 -151445 129053 58111.2
6808.37 -151615 -45290.5 58161.9 -151615 -15161.5 58161.9 -151615 41952.3 58161.9 -151615 99066.1 58161.9 -151615 129195 58161.9
6890.47 -151786 -45299.7 58212.4 -151786 -15144.5 58212.4 -151786 42019 58212.4 -151786 99182.4 58212.4 -151786 129338 58212.4
6972.55 -151956 -45308.8 58262.9 -151956 -15127.5 58262.9 -151956 42085.6 58262.9 -151956 99298.6 58262.9 -151956 129480 58262.9
7053.62 -152123 -45319.6 58312.7 -152123 -15112.5 58312.7 -152123 42149.4 58312.7 -152123 99411.4 58312.7 -152123 129618 58312.7
7133.37 -152287 -45332.6 58361.5 -152287 -15100.2 58361.5 -152287 42209.6 58361.5 -152287 99519.5 58361.5 -152287 129752 58361.5
7213.17 -152450 -45345.5 58410.3 -152450 -15087.9 58410.3 -152450 42269.9 58410.3 -152450 99627.7 58410.3 -152450 129885 58410.3
7292.97 -152613 -45358.4 58459.1 -152613 -15075.5 58459.1 -152613 42330.2 58459.1 -152613 99736 58459.1 -152613 130019 58459.1
7372.76 -152777 -45371.3 58507.9 -152777 -15063.1 58507.9 -152777 42390.5 58507.9 -152777 99844.1 58507.9 -152777 130152 58507.9
7452.53 -152940 -45384.2 58556.7 -152940 -15050.7 58556.7 -152940 42450.8 58556.7 -152940 99952.3 58556.7 -152940 130286 58556.7
7532.12 -153103 -45396.5 58605.2 -153103 -15037.9 58605.2 -153103 42511.3 58605.2 -153103 100060 58605.2 -153103 130419 58605.2
7611.74 -153267 -45408.7 58653.7 -153267 -15024.9 58653.7 -153267 42571.9 58653.7 -153267 100169 58653.7 -153267 130552 58653.7
7690.78 -153429 -45421.9 58702.7 -153429 -15012.7 58702.7 -153429 42632.1 58702.7 -153429 100277 58702.7 -153429 130686 58702.7
7769.6 -153592 -45435.4 58751.7 -153592 -15000.9 58751.7 -153592 42692.2 58751.7 -153592 100385 58751.7 -153592 130820 58751.7
7848.48 -153755 -45448.8 58800.8 -153755 -14988.9 58800.8 -153755 42752.4 58800.8 -153755 100494 58800.8 -153755 130954 58800.8
7927.33 -153917 -45461.9 58849.8 -153917 -14976.6 58849.8 -153917 42812.7 58849.8 -153917 100602 58849.8 -153917 131087 58849.8
8006.17 -154080 -45475 58898.7 -154080 -14964.3 58898.7 -154080 42873 58898.7 -154080 100710 58898.7 -154080 131221 58898.7
78.8965 -154243 -45488 58947.6 -154243 -14952 58947.6 -154243 42933.4 58947.6 -154243 100819 58947.6 -154243 131355 58947.6
157.758 -154406 -45501.1 58996.6 -154406 -14939.7 58996.6 -154406 42993.8 58996.6 -154406 100927 58996.6 -154406 131489 58996.6
236.6 -154569 -45514.1 59045.5 -154569 -14927.4 59045.5 -154569 43054.1 59045.5 -154569 101036 59045.5 -154569 131622 59045.5
315.424 -154731 -45527.2 59094.4 -154731 -14915.1 59094.4 -154731 43114.4 59094.4 -154731 101144 59094.4 -154731 131756 59094.4
394.228 -154894 -45540.3 59143.3 -154894 -14902.9 59143.3 -154894 43174.7 59143.3 -154894 101252 59143.3 -154894 131890 59143.3
473.013 -155056 -45553.4 59192.2 -155056 -14890.7 59192.2 -155056 43234.9 59192.2 -155056 101360 59192.2 -155056 132023 59192.2
551.778 -155219 -45566.5 59241 -155219 -14878.5 59241 -155219 43295.1 59241 -155219 101469 59241 -155219 132157 59241
627.768 -155379 -45589 59293.4 -155379 -14873.8 59293.4 -155379 43351.2 59293.4 -155379 101576 59293.4 -155379 132291 59293.4
697.582 -155535 -45632.8 59353.9 -155535 -14886.3 59353.9 -155535 43398 59353.9 -155535 101682 59353.9 -155535 132429 59353.9
767.359 -155691 -45676.1 59414 -155691 -14898.5 59414 -155691 43445 59414 -155691 101788 59414 -155691 132566 59414
837.163 -155846 -45719.4 59474.2 -155846 -14910.7 59474.2 -155846 43491.8 59474.2 -155846 101894 59474.2 -155846 132703 59474.2
906.914 -156002 -45762.6 59534.2 -156002 -14922.8 59534.2 -156002 43538.7 59534.2 -156002 102000 59534.2 -156002 132840 59534.2
976.648 -156157 -45805.9 59594.3 -156157 -14934.9 59594.3 -156157 43585.5 59594.3 -156157 102106 59594.3 -156157 132977 59594.3
1046.36 -156313 -45849.1 59654.3 -156313 -14947 59654.3 -156313 43632.3 59654.3 -156313 102212 59654.3 -156313 133114 59654.3
1116.05 -156468 -45892.4 59714.3 -156468 -14959.2 59714.3 -156468 43679.1 59714.3 -156468 102317 59714.3 -156468 133251 59714.3
1185.72 -156624 -45935.7 59774.4 -156624 -14971.4 59774.4 -156624 43725.8 59774.4 -156624 102423 59774.4 -156624 133387 59774.4
1255.36 -156779 -45979.1 59834.4 -156779 -14983.7 59834.4 -156779 43772.5 59834.4 -156779 102529 59834.4 -156779 133524 59834.4
1324.99 -156934 -46022.4 59894.3 -156934 -14996 59894.3 -156934 43819.1 59894.3 -156934 102634 59894.3 -156934 133661 59894.3
1391.09 -157079 -46072.1 59952.7 -157079 -15015.4 59952.7 -157079 43857 59952.7 -157079 102729 59952.7 -157079 133786 59952.7
1454.3 -157213 -46127.2 60009.8 -157213 -15041 60009.8 -157213 43887.5 60009.8 -157213 102816 60009.8 -157213 133902 60009.8
1517.43 -157348 -46182.4 60066.8 -157348 -15066.6 60066.8 -157348 43917.8 60066.8 -157348 102902 60066.8 -157348 134018 60066.8
1580.5 -157482 -46237.7 60123.8 -157482 -15092.4 60123.8 -157482 43948 60123.8 -157482 102988 60123.8 -157482 134134 60123.8
1643.51 -157616 -46293.1 60180.8 -157616 -15118.3 60180.8 -157616 43978.1 60180.8 -157616 103074 60180.8 -157616 134249 60180.8
1706.45 -157750 -46348.6 60237.7 -157750 -15144.2 60237.7 -157750 44008 60237.7 -157750 103160 60237.7 -157750 134365 60237.7
1769.34 -157884 -46404.1 60294.6 -157884 -15170.3 60294.6 -157884 44037.8 60294.6 -157884 103246 60294.6 -157884 134480 60294.6
1832.16 -158018 -46459.8 60351.5 -158018 -15196.5 60351.5 -158018 44067.4 60351.5 -158018 103331 60351.5 -158018 134595 60351.5
1894.92 -158151 -46515.5 60408.3 -158151 -15222.9 60408.3 -158151 44096.9 60408.3 -158151 103417 60408.3 -158151 134709 60408.3
1957.61 -158284 -46571.4 60465.1 -158284 -15249.3 60465.1 -158284 44126.2 60465.1 -158284 103502 60465.1 -158284 134824 60465.1
2020.23 -158417 -46627.4 60521.8 -158417 -15275.9 60521.8 -158417 44155.3 60521.8 -158417 103587 60521.8 -158417 134938 60521.8
2082.78 -158550 -46683.5 60578.5 -158550 -15302.6 60578.5 -158550 44184.3 60578.5 -158550 103671 60578.5 -158550 135052 60578.5
2145.26 -158683 -46739.6 60635.2 -158683 -15329.4 60635.2 -158683 44213.2 60635.2 -158683 103756 60635.2 -158683 135166 60635.2
2207.67 -158815 -46796 60691.8 -158815 -15356.4 60691.8 -158815 44241.8 60691.8 -158815 103840 60691.8 -158815 135280 60691.8
2270.01 -158947 -46852.4 60748.4 -158947 -15383.5 60748.4 -158947 44270.3 60748.4 -158947 103924 60748.4 -158947 135393 60748.4
2332.27 -159079 -46908.9 60805 -159079 -15410.7 60805 -159079 44298.6 60805 -159079 104008 60805 -159079 135506 60805
2394.45 -159211 -46965.6 60861.5 -159211 -15438.1 60861.5 -159211 44326.7 60861.5 -159211 104091 60861.5 -159211 135619 60861.5
2456.55 -159342 -47022.4 60918 -159342 -15465.7 60918 -159342 44354.6 60918 -159342 104175 60918 -159342 135732 60918
2518.57 -159474 -47079.3 60974.4 -159474 -15493.4 60974.4 -159474 44382.3 60974.4 -159474 104258 60974.4 -159474 135844 60974.4
2580.5 -159605 -47136.3 61030.8 -159605 -15521.2 61030.8 -159605 44409.8 61030.8 -159605 104341 61030.8 -159605 135956 61030.8
2639.73 -159727 -47198.2 61085.8 -159727 -15554.5 61085.8 -159727 44430.6 61085.8 -159727 104416 61085.8 -159727 136059 61085.8
2698.1 -159846 -47261.9 61140.5 -159846 -15589.9 61140.5 -159846 44448.9 61140.5 -159846 104488 61140.5 -159846 136160 61140.5
2756.29 -159965 -47325.6 61195.1 -159965 -15625.3 61195.1 -159965 44467 61195.1 -159965 104559 61195.1 -159965 136260 61195.1
2814.41 -160084 -47389.5 61249.6 -160084 -15661 61249.6 -160084 44484.9 61249.6 -160084 104631 61249.6 -160084 136359 61249.6
2872.42 -160203 -47453.7 61304.1 -160203 -15697 61304.1 -160203 44502.4 61304.1 -160203 104702 61304.1 -160203 136459 61304.1
2930.32 -160321 -47518 61358.5 -160321 -15733.1 61358.5 -160321 44519.7 61358.5 -160321 104773 61358.5 -160321 136557 61358.5
2988.09 -160439 -47582.5 61412.8 -160439 -15769.5 61412.8 -160439 44536.7 61412.8 -160439 104843 61412.8 -160439 136656 61412.8
3045.74 -160556 -47647.2 61467 -160556 -15806.1 61467 -160556 44553.3 61467 -160556 104913 61467 -160556 136754 61467
3072.35 -160566 -47765 61486.6 -160566 -15913.8 61486.6 -160566 44464.9 61486.6 -160566 104844 61486.6 -160566 136695 61486.6
3068.02 -160451 -47949.8 61455.5 -160451 -16114.6 61455.5 -160451 44233.5 61455.5 -160451 104582 61455.5 -160451 136417 61455.5
2999.46 -160065 -48279.1 61330.4 -160065 -16508.8 61330.4 -160065 43716.5 61330.4 -160065 103942 61330.4 -160065 135712 61330.4
3002.2 -159978 -48446.3 61305.8 -159978 -16688.7 61305.8 -159978 43512.3 61305.8 -159978 103713 61305.8 -159978 135471 61305.8
3067.16 -160148 -48473.3 61376.9 -160148 -16678.9 61376.9 -160148 43592 61376.9 -160148 103863 61376.9 -160148 135657 61376.9
3132.05 -160318 -48500.7 61448 -160318 -16669.4 61448 -160318 43671.3 61448 -160318 104012 61448 -160318 135843 61448
3196.61 -160486 -48530.5 61522.5 -160486 -16660.7 61522.5 -160486 43753.2 61522.5 -160486 104167 61522.5 -160486 136037 61522.5
3259.78 -160647 -48586.8 61632.2 -160647 -16660.2 61632.2 -160647 43861.4 61632.2 -160647 104383 61632.2 -160647 136310 61632.2
3322.72 -160808 -48643.3 61741.6 -160808 -16659.9 61741.6 -160808 43969.2 61741.6 -160808 104598 61741.6 -160808 136582 61741.6
3384.04 -160958 -48702 61838.9 -160958 -16668.2 61838.9 -160958 44056.4 61838.9 -160958 104781 61838.9 -160958 136815 61838.9
3440.06 -161070 -48769.1 61892.4 -161070 -16707.6 61892.4 -161070 44069.5 61892.4 -161070 104847 61892.4 -161070 136908 61892.4
3495.89 -161182 -48834.6 61945.2 -161182 -16745.8 61945.2 -161182 44083.2 61945.2 -161182 104912 61945.2 -161182 137001 61945.2
3551.76 -161294 -48899.5 61997.6 -161294 -16783.5 61997.6 -161294 44096.9 61997.6 -161294 104977 61997.6 -161294 137093 61997.6
3607.55 -161405 -48964.2 62049.9 -161405 -16821.1 62049.9 -161405 44110.7 62049.9 -161405 105043 62049.9 -161405 137186 62049.9
3663.17 -161516 -49028.9 62102.2 -161516 -16858.8 62102.2 -161516 44124.4 62102.2 -161516 105108 62102.2 -161516 137278 62102.2
3718.81 -161627 -49093.8 62154.5 -161627 -16896.5 62154.5 -161627 44138 62154.5 -161627 105173 62154.5 -161627 137370 62154.5
3735.24 -161556 -49283.8 62221.9 -161556 -17051.6 62221.9 -161556 44049.1 62221.9 -161556 105150 62221.9 -161556 137382 62221.9
3522.78 -160758 -49853.4 62182.1 -160758 -17641.8 62182.1 -160758 43419.8 62182.1 -160758 104481 62182.1 -160758 136693 62182.1
3620.08 -160949 -49998.5 62287 -160949 -17732.6 62287 -160949 43432.1 62287 -160949 104597 62287 -160949 136863 62287
3685.16 -161119 -50021 62355.5 -161119 -17719.6 62355.5 -161119 43512.3 62355.5 -161119 104744 62355.5 -161119 137046 62355.5
3750.23 -161290 -50043.4 62423.8 -161290 -17706.6 62423.8 -161290 43592.4 62423.8 -161290 104891 62423.8 -161290 137228 62423.8
3814.58 -161457 -50062 62480.6 -161457 -17695.9 62480.6 -161457 43658.8 62480.6 -161457 105014 62480.6 -161457 137380 62480.6
3877.73 -161612 -50071.2 62500.8 -161612 -17694.6 62500.8 -161612 43680 62500.8 -161612 105055 62500.8 -161612 137431 62500.8
3941.5 -161767 -50078.2 62519.7 -161767 -17691.8 62519.7 -161767 43701.4 62519.7 -161767 105095 62519.7 -161767 137481 62519.7
4003.75 -161922 -50091.2 62540.7 -161922 -17693.9 62540.7 -161922 43719.8 62540.7 -161922 105134 62540.7 -161922 137531 62540.7
4064.03 -162062 -50120.4 62571.9 -162062 -17707 62571.9 -162062 43737.3 62571.9 -162062 105182 62571.9 -162062 137595 62571.9
4120.1 -162174 -50184.1 62623.2 -162174 -17744.1 62623.2 -162174 43750.7 62623.2 -162174 105246 62623.2 -162174 137686 62623.2
4176.11 -162286 -50247.5 62674.5 -162286 -17780.9 62674.5 -162286 43764.2 62674.5 -162286 105309 62674.5 -162286 137776 62674.5
4232.03 -162398 -50310.9 62725.8 -162398 -17817.7 62725.8 -162398 43777.8 62725.8 -162398 105373 62725.8 -162398 137866 62725.8
4288.2 -162510 -50374.6 62777.1 -162510 -17854.9 62777.1 -162510 43791.1 62777.1 -162510 105437 62777.1 -162510 137957 62777.1
4344.1 -162623 -50438.8 62828.7 -162623 -17892.3 62828.7 -162623 43804.3 62828.7 -162623 105501 62828.7 -162623 138047 62828.7
4400.04 -162735 -50502.7 62880.2 -162735 -17929.5 62880.2 -162735 43817.6 62880.2 -162735 105565 62880.2 -162735 138138 62880.2
4455.95 -162847 -50566.7 62931.7 -162847 -17966.9 62931.7 -162847 43830.8 62931.7 -162847 105628 62931.7 -162847 138228 62931.7
4511.87 -162959 -50630.6 62983.1 -162959 -18004.1 62983.1 -162959 43844.1 62983.1 -162959 105692 62983.1 -162959 138319 62983.1
4567.77 -163071 -50694.5 63034.6 -163071 -18041.4 63034.6 -163071 43857.4 63034.6 -163071 105756 63034.6 -163071 138409 63034.6
4623.65 -163183 -50758.4 63086 -163183 -18078.6 63086 -163183 43870.6 63086 -163183 105820 63086 -163183 138500 63086
4679.52 -163295 -50822.3 63137.5 -163295 -18115.9 63137.5 -163295 43883.9 63137.5 -163295 105884 63137.5 -163295 138590 63137.5
4735.36 -163407 -50886.2 63188.9 -163407 -18153.1 63188.9 -163407 43897.2 63188.9 -163407 105947 63188.9 -163407 138681 63188.9
4791.18 -163519 -50950.1 63240.3 -163519 -18190.4 63240.3 -163519 43910.4 63240.3 -163519 106011 63240.3 -163519 138771 63240.3
4846.96 -163631 -51014 63291.8 -163631 -18227.6 63291.8 -163631 43923.7 63291.8 -163631 106075 63291.8 -163631 138861 63291.8
4902.72 -163743 -51077.9 63343.2 -163743 -18264.9 63343.2 -163743 43936.9 63343.2 -163743 106139 63343.2 -163743 138952 63343.2
4958.45 -163855 -51141.8 63394.6 -163855 -18302.2 63394.6 -163855 43950.1 63394.6 -163855 106202 63394.6 -163855 139042 63394.6
5014.14 -163966 -51205.8 63446 -163966 -18339.5 63446 -163966 43963.2 63446 -163966 106266 63446 -163966 139132 63446
5069.79 -164078 -51269.8 63497.4 -164078 -18376.9 63497.4 -164078 43976.3 63497.4 -164078 106330 63497.4 -164078 139223 63497.4
5124.67 -164189 -51331.5 63548.1 -164189 -18412.3 63548.1 -164189 43990.7 63548.1 -164189 106394 63548.1 -164189 139313 63548.1
5179.9 -164300 -51394.8 63599.3 -164300 -18449.2 63599.3 -164300 44004.1 63599.3 -164300 106457 63599.3 -164300 139403 63599.3
5234.58 -164411 -51457.7 63650.1 -164411 -18485.6 63650.1 -164411 44017.5 63650.1 -164411 106521 63650.1 -164411 139493 63650.1
2224.3 -159382 -48783.8 61863.8 -159382 -16737.2 61863.8 -159382 44011.9 61863.8 -159382 104761 61863.8 -159382 136808 61863.8
2571.33 -160292 -48889.8 62195.1 -160292 -16671.5 62195.1 -160292 44402.9 62195.1 -160292 105477 62195.1 -160292 137696 62195.1
2815.86 -161079 -48380.3 62269.4 -161079 -16123.6 62269.4 -161079 45023.8 62269.4 -161079 106171 62269.4 -161079 138428 62269.4
3012.03 -161799 -47680 62263.6 -161799 -15426.2 62263.6 -161799 45715.4 62263.6 -161799 106857 62263.6 -161799 139111 62263.6
3176.87 -162401 -47112.9 62158.8 -162401 -14913.5 62158.8 -162401 46125.2 62158.8 -162401 107164 62158.8 -162401 139363 62158.8
3258.45 -162597 -47035.6 62191.6 -162597 -14819.1 62191.6 -162597 46251.8 62191.6 -162597 107323 62191.6 -162597 139539 62191.6
3339.8 -162792 -46959.2 62223.7 -162792 -14726.1 62223.7 -162792 46376.4 62223.7 -162792 107479 62223.7 -162792 139712 62223.7
3619.61 -170796 -46131.4 61208.6 -170796 -14424.2 61208.6 -170796 45681.5 61208.6 -170796 105787 61208.6 -170796 137494 61208.6
5991.23 -176436 -45071 59950 -176436 -14015.7 59950 -176436 44854 59950 -176436 103724 59950 -176436 134779 59950
8380.15 -182144 -43993.8 58668.6 -182144 -13602.3 58668.6 -182144 44009.1 58668.6 -182144 101620 58668.6 -182144 132012 58668.6
10736.4 -187764 -42918.4 57388.5 -187764 -13190.1 57388.5 -187764 43164.3 57388.5 -187764 99518.7 57388.5 -187764 129247 57388.5
13096.1 -193506 -41788.4 56090.1 -193506 -12732.6 56090.1 -193506 42346.8 56090.1 -193506 97426.2 56090.1 -193506 126482 56090.1
15553.7 -199956 -40659.4 54823.2 -199956 -12259.9 54823.2 -199956 41575.4 54823.2 -199956 95410.8 54823.2 -199956 123810 54823.2
18018.9 -206865 -39542.2 53583.9 -206865 -11784.6 53583.9 -206865 40833.7 53583.9 -206865 93452.1 53583.9 -206865 121210 53583.9
20560.5 -212047 -38371.1 52262.9 -212047 -11297.9 52262.9 -212047 40023.2 52262.9 -212047 91344.3 52262.9 -212047 118418 52262.9
23040 -221067 -37248 51055.1 -221067 -10800.5 51055.1 -221067 39334.6 51055.1 -221067 89469.7 51055.1 -221067 115917 51055.1
25566.8 -228627 -36063.4 49726.9 -228627 -10303.9 49726.9 -228627 38527 49726.9 -228627 87357.8 49726.9 -228627 113117 49726.9
28140.1 -236452 -34816.3 48307.6 -236452 -9791.96 48307.6 -236452 37645.2 48307.6 -236452 85082.4 48307.6 -236452 110107 48307.6
30719.3 -244142 -33563.6 46875.1 -244142 -9281.44 46875.1 -244142 36749 46875.1 -244142 82779.4 46875.1 -244142 107062 46875.1
33260.1 -251857 -32314.6 45475.7 -251857 -8757.28 45475.7 -251857 35898.9 45475.7 -251857 80555.2 45475.7 -251857 104112 45475.7
33936.1 -254334 -31448.6 44530.4 -254334 -8380.98 44530.4 -254334 35347 44530.4 -254334 79075 44530.4 -254334 102143 44530.4
36415.6 -261836 -30378.3 43303.8 -261836 -7946.1 43303.8 -261836 34577.4 43303.8 -261836 77100.9 43303.8 -261836 99533.2 43303.8
38862.9 -269457 -29372.9 42132.5 -269457 -7547.46 42132.5 -269457 33825.9 42132.5 -269457 75199.2 42132.5 -269457 97024.7 42132.5
41305.2 -277001 -28347.8 40959.2 -277001 -7130.16 40959.2 -277001 33091 40959.2 -277001 73312.2 40959.2 -277001 94529.8 40959.2
43737.5 -284500 -27308.3 39791.7 -284500 -6695.45 39791.7 -284500 32379.2 39791.7 -284500 71453.8 39791.7 -284500 92066.7 39791.7
46155.9 -291931 -26269.1 38624.5 -291931 -6260.86 38624.5 -291931 31667.7 38624.5 -291931 69596.2 38624.5 -291931 89604.5 38624.5
48577.6 -299106 -25250.8 37450.4 -299106 -5850.79 37450.4 -299106 30924.7 37450.4 -299106 67700.2 37450.4 -299106 87100.3 37450.4
51020.8 -306768 -24267.8 36280.6 -306768 -5473.71 36280.6 -306768 30153.1 36280.6 -306768 65780 36280.6 -306768 84574 36280.6
53468.4 -314103 -23268.5 35084.5 -314103 -5094.04 35084.5 -314103 29358.3 35084.5 -314103 63810.6 35084.5 -314103 81985.1 35084.5
55896 -321571 -22268 33887.1 -321571 -4713.85 33887.1 -321571 28562.6 33887.1 -321571 61839.1 33887.1 -321571 79393.3 33887.1
58298.4 -328974 -21255.2 32679.6 -328974 -4326.51 32679.6 -328974 27764.2 32679.6 -328974 59854.9 32679.6 -328974 76783.6 32679.6
60662.2 -336101 -20305 31474.4 -336101 -4000.65 31474.4 -336101 26906.6 31474.4 -336101 57813.8 31474.4 -336101 74118.1 31474.4
63009.8 -342914 -19340.1 30255.1 -342914 -3667.31 30255.1 -342914 26042.6 30255.1 -342914 55752.6 30255.1 -342914 71425.3 30255.1
64826.6 -348111 -18381.5 28992.3 -348111 -3362.93 28992.3 -348111 25106.9 28992.3 -348111 53576.8 28992.3 -348111 68595.4 28992.3
66405.9 -352718 -17477.8 27726 -352718 -3115.24 27726 -352718 24111.1 27726 -352718 51337.5 27726 -352718 65700.1 27726
67918.1 -357182 -16630.5 26457.1 -357182 -2925.18 26457.1 -357182 23055.1 26457.1 -357182 49035.5 26457.1 -357182 62740.7 26457.1
69542.5 -359621 -15554.4 25082.6 -359621 -2561.19 25082.6 -359621 22069.4 25082.6 -359621 46700 25082.6 -359621 59693.2 25082.6
70973 -366269 -14955.9 23874.4 -366269 -2588.53 23874.4 -366269 20855.7 23874.4 -366269 44299.9 23874.4 -366269 56667.3 23874.4
72589.2 -368647 -13941.6 22500.9 -368647 -2285.73 22500.9 -368647 19809.7 22500.9 -368647 41905.2 22500.9 -368647 53561.1 22500.9
72591.2 -372160 -13321.1 21196.8 -372160 -2340.71 21196.8 -372160 18474.2 21196.8 -372160 39289 21196.8 -372160 50269.4 21196.8
74254.1 -376949 -12550.5 19861.2 -376949 -2262 19861.2 -376949 17241.3 19861.2 -376949 36744.6 19861.2 -376949 47033.1 19861.2
76013.4 -379296 -11528 18422.5 -379296 -1984.71 18422.5 -379296 16105.9 18422.5 -379296 34196.4 18422.5 -379296 43739.7 18422.5
77591.2 -386744 -11033.6 17153.9 -386744 -2147.55 17153.9 -386744 14697.3 17153.9 -386744 31542.1 17153.9 -386744 40428.2 17153.9
79136.2 -391596 -10298.9 15754.8 -391596 -2137.65 15754.8 -391596 13333.3 15754.8 -391596 28804.2 15754.8 -391596 36965.5 15754.8
79987 -394376 -9537.82 14265.7 -394376 -2147.88 14265.7 -394376 11860.8 14265.7 -394376 25869.5 14265.7 -394376 33259.4 14265.7
80568.3 -396333 -9103.62 13402.9 -396333 -2160.67 13402.9 -396333 11000.7 13402.9 -396333 24162.1 13402.9 -396333 31105 13402.9
81409.9 -397099 -8860.59 12959.3 -397099 -2147.41 12959.3 -397099 10578.4 12959.3 -397099 23304.2 12959.3 -397099 30017.4 12959.3
82145.3 -401062 -8686.87 12512.7 -401062 -2205.04 12512.7 -401062 10082.2 12512.7 -401062 22369.5 12512.7 -401062 28851.3 12512.7
82778.3 -402804 -8516.6 12157.2 -402804 -2218.96 12157.2 -402804 9719.13 12157.2 -402804 21657.2 12157.2 -402804 27954.9 12157.2
83252.4 -403821 -8419.29 11967.9 -403821 -2219.7 11967.9 -403821 9532.52 11967.9 -403821 21284.7 11967.9 -403821 27484.3 11967.9
83722.4 -404120 -8331.23 11808.5 -404120 -2214.21 11808.5 -404120 9381.48 11808.5 -404120 20977.2 11808.5 -404120 27094.2 11808.5
83556.6 -404631 -8502.36 12129.1 -404631 -2219.27 12129.1 -404631 9691.24 12129.1 -404631 21601.7 12129.1 -404631 27884.8 12129.1
82681 -404415 -8667.5 12659.3 -404415 -2109.73 12659.3 -404415 10321.5 12659.3 -404415 22752.7 12659.3 -404415 29310.4 12659.3
83411.8 -403716 -8808.04 12675 -403716 -2242.16 12675 -403716 10204.4 12675 -403716 22651 12675 -403716 29216.9 12675
83857 -404889 -8712.48 12568 -404889 -2202.01 12568 -404889 10139.5 12568 -404889 22481.1 12568 -404889 28991.5 12568
84301.4 -405967 -8668.65 12480.8 -405967 -2203.37 12480.8 -405967 10052.5 12480.8 -405967 22308.4 12480.8 -405967 28773.6 12480.8
84748.6 -406521 -8608.96 12388.7 -406521 -2191.38 12388.7 -406521 9974.07 12388.7 -406521 22139.5 12388.7 -406521 28557.1 12388.7
85189.1 -408029 -8564.36 12284.4 -408029 -2200.82 12284.4 -408029 9862.2 12284.4 -408029 21925.2 12284.4 -408029 28288.8 12284.4
85628.9 -409008 -8487.55 12147.4 -409008 -2194.96 12147.4 -409008 9733.56 12147.4 -409008 21662.1 12147.4 -409008 27954.7 12147.4
86070.7 -409490 -8389.39 12004.1 -409490 -2171.04 12004.1 -409490 9616.74 12004.1 -409490 21404.5 12004.1 -409490 27622.9 12004.1
86506.2 -411041 -8318.33 11857.1 -411041 -2176.12 11857.1 -411041 9467.33 11857.1 -411041 21110.8 11857.1 -411041 27253 11857.1
86948.1 -411627 -8214.74 11706.5 -411627 -2150.55 11706.5 -411627 9345 11706.5 -411627 20840.6 11706.5 -411627 26904.8 11706.5
87383 -413102 -8135.26 11551.5 -413102 -2151.35 11551.5 -413102 9192.03 11551.5 -413102 20535.4 11551.5 -413102 26519.3 11551.5
87819.7 -414182 -8047.68 11395.8 -414182 -2144.43 11395.8 -414182 9046.03 11395.8 -414182 20236.5 11395.8 -414182 26139.7 11395.8
88259.9 -414517 -7929.93 11227.5 -414517 -2113.87 11227.5 -414517 8911.32 11227.5 -414517 19936.5 11227.5 -414517 25752.6 11227.5
88694.6 -415750 -7835.28 11049.6 -415750 -2111.37 11049.6 -415750 8739.13 11049.6 -415750 19589.6 11049.6 -415750 25313.5 11049.6
84322.4 -277522 1316.32 1036.6 -277522 1853.3 1036.6 -277522 2871.22 1036.6 -277522 3889.14 1036.6 -277522 4426.11 1036.6
85667.2 -326758 2558.61 -1587.06 -326758 1736.48 -1587.06 -326758 178.015 -1587.06 -326758 -1380.45 -1587.06 -326758 -2202.58 -1587.06
86913.1 -326996 3088.79 -1973.74 -326996 2066.35 -1973.74 -326996 128.181 -1973.74 -326996 -1809.99 -1973.74 -326996 -2832.43 -1973.74
88070 -327105 3561.15 -2262.26 -327105 2389.25 -2262.26 -327105 167.759 -2262.26 -327105 -2053.74 -2262.26 -327105 -3225.63 -2262.26
89209.1 -327221 4019.93 -2549.11 -327221 2699.45 -2549.11 -327221 196.274 -2549.11 -327221 -2306.9 -2549.11 -327221 -3627.38 -2549.11
90140.1 -327782 4404.07 -2812.87 -327782 2946.95 -2812.87 -327782 184.763 -2812.87 -327782 -2577.42 -2812.87 -327782 -4034.54 -2812.87
90573.7 -328208 4582.34 -3017.31 -328208 3019.32 -3017.31 -328208 56.3822 -3017.31 -328208 -2906.55 -3017.31 -328208 -4469.58 -3017.31
91006.6 -328655 4733.64 -3211.55 -328655 3069.99 -3211.55 -328655 -83.6835 -3211.55 -328655 -3237.36 -3211.55 -328655 -4901 -3211.55
91438.9 -329016 4870.13 -3400.92 -329016 3108.39 -3400.92 -329016 -231.247 -3400.92 -329016 -3570.89 -3400.92 -329016 -5332.63 -3400.92
91871 -329642 5004.46 -3589.39 -329642 3145.08 -3589.39 -329642 -379.632 -3589.39 -329642 -3904.34 -3589.39 -329642 -5763.72 -3589.39
92303.5 -329966 5143.84 -3779.38 -329966 3186.05 -3779.38 -329966 -525.22 -3779.38 -329966 -4236.49 -3779.38 -329966 -6194.29 -3779.38
92735.7 -330513 5281.88 -3969.15 -330513 3225.79 -3969.15 -330513 -671.842 -3969.15 -330513 -4569.47 -3969.15 -330513 -6625.57 -3969.15
93168.3 -331019 5423.47 -4160.3 -331019 3268.36 -4160.3 -331019 -816.976 -4160.3 -331019 -4902.31 -4160.3 -331019 -7057.43 -4160.3
93600.4 -331519 5560.01 -4349.08 -331519 3307.1 -4349.08 -331519 -963.609 -4349.08 -331519 -5234.32 -4349.08 -331519 -7487.23 -4349.08
94033.1 -331869 5702.89 -4540.98 -331869 3350.58 -4540.98 -331869 -1108.58 -4540.98 -331869 -5567.74 -4540.98 -331869 -7920.06 -4540.98
94465.4 -332323 5842.54 -4731.49 -332323 3391.53 -4731.49 -332323 -1254.7 -4731.49 -332323 -5900.93 -4731.49 -332323 -8351.93 -4731.49
94898.1 -332725 5984.87 -4922.74 -332725 3434.79 -4922.74 -332725 -1399.25 -4922.74 -332725 -6233.29 -4922.74 -332725 -8783.37 -4922.74
95330.3 -333167 6122.19 -5112.83 -333167 3473.65 -5112.83 -333167 -1547.05 -5112.83 -333167 -6567.75 -5112.83 -333167 -9216.29 -5112.83
95762.2 -333653 6255.46 -5302 -333653 3508.92 -5302 -333653 -1697.54 -5302 -333653 -6904 -5302 -333653 -9650.54 -5302
96194.1 -334139 6388.71 -5491.15 -334139 3544.19 -5491.15 -334139 -1848.01 -5491.15 -334139 -7240.2 -5491.15 -334139 -10084.7 -5491.15
96626 -334615 6522.21 -5680.37 -334615 3579.67 -5680.37 -334615 -1998.34 -5680.37 -334615 -7576.35 -5680.37 -334615 -10518.9 -5680.37
97057.8 -335109 6655.22 -5869.41 -335109 3614.75 -5869.41 -335109 -2148.89 -5869.41 -335109 -7912.54 -5869.41 -335109 -10953 -5869.41
97489.1 -335631 6789.23 -6058.89 -335631 3650.61 -6058.89 -335631 -2299.11 -6058.89 -335631 -8248.82 -6058.89 -335631 -11387.4 -6058.89
97918.4 -336135 6920.79 -6247.13 -336135 3684.66 -6247.13 -336135 -2449.9 -6247.13 -336135 -8584.45 -6247.13 -336135 -11820.6 -6247.13
98347.8 -336581 7054.48 -6436.12 -336581 3720.45 -6436.12 -336581 -2599.69 -6436.12 -336581 -8919.83 -6436.12 -336581 -12253.9 -6436.12
98782.1 -337575 7159.45 -6621.08 -337575 3729.6 -6621.08 -337575 -2772.17 -6621.08 -337575 -9273.94 -6621.08 -337575 -12703.8 -6621.08
99216.2 -338251 7271.97 -6810.55 -338251 3743.97 -6810.55 -338251 -2943.85 -6810.55 -338251 -9631.68 -6810.55 -338251 -13159.7 -6810.55
99649.6 -339035 7379.28 -6997.51 -339035 3754.44 -6997.51 -339035 -3116.98 -6997.51 -339035 -9988.4 -6997.51 -339035 -13613.3 -6997.51
100083 -339857 7485.98 -7184.21 -339857 3764.42 -7184.21 -339857 -3290.33 -7184.21 -339857 -10345.1 -7184.21 -339857 -14066.6 -7184.21
100516 -340686 7592.54 -7371 -340686 3774.21 -7371 -340686 -3463.97 -7371 -340686 -10702.1 -7371 -340686 -14520.5 -7371
100951 -341084 7706.43 -7549.67 -341084 3795.56 -7549.67 -341084 -3618.07 -7549.67 -341084 -11031.7 -7549.67 -341084 -14942.6 -7549.67
101382 -342299 7804.54 -7744.05 -342299 3792.97 -7744.05 -342299 -3811.54 -7744.05 -342299 -11416 -7744.05 -342299 -15427.6 -7744.05
101815 -343200 7911.26 -7930.89 -343200 3802.91 -7930.89 -343200 -3985.07 -7930.89 -343200 -11773 -7930.89 -343200 -15881.4 -7930.89
102239 -343937 8021 -8114.35 -343937 3817.61 -8114.35 -343937 -4150.52 -8114.35 -343937 -12118.7 -8114.35 -343937 -16322.1 -8114.35
102669 -344872 8124.68 -8292.35 -344872 3829.09 -8292.35 -344872 -4313.83 -8292.35 -344872 -12456.8 -8292.35 -344872 -16752.4 -8292.35
103094 -345680 8232.77 -8472.06 -345680 3844.08 -8472.06 -345680 -4475.32 -8472.06 -345680 -12794.7 -8472.06 -345680 -17183.4 -8472.06
103519 -346503 8340.77 -8651.64 -346503 3859.05 -8651.64 -346503 -4636.69 -8651.64 -346503 -13132.4 -8651.64 -346503 -17614.2 -8651.64
103943 -347326 8448.87 -8831.26 -347326 3874.1 -8831.26 -347326 -4798.03 -8831.26 -347326 -13470.2 -8831.26 -347326 -18044.9 -8831.26
104368 -348150 8556.99 -9010.89 -348150 3889.18 -9010.89 -348150 -4959.34 -9010.89 -348150 -13807.9 -9010.89 -348150 -18475.7 -9010.89
104793 -348973 8665.17 -9190.53 -348973 3904.29 -9190.53 -348973 -5120.63 -9190.53 -348973 -14145.6 -9190.53 -348973 -18906.4 -9190.53
105218 -349796 8773.34 -9370.16 -349796 3919.41 -9370.16 -349796 -5281.91 -9370.16 -349796 -14483.2 -9370.16 -349796 -19337.2 -9370.16
