6160.54 -30769.1 -14031.2 7240.46 -30769.1 -10280.5 7240.46 -30769.1 -3170.53 7240.46 -30769.1 3939.47 7240.46 -30769.1 7690.17 7240.46
11983.9 -50551.9 -26897.7 13809.8 -50551.9 -19743.9 13809.8 -50551.9 -6183.01 13809.8 -50551.9 7377.92 13809.8 -50551.9 14531.7 13809.8
17772.9 -70218 -39675.2 20351 -70218 -29133 20351 -70218 -9148.75 20351 -70218 10835.5 20351 -70218 21377.7 20351
23523.6 -89753.7 -52312.6 26817.7 -89753.7 -38420.5 26817.7 -89753.7 -12086.1 26817.7 -89753.7 14248.3 26817.7 -89753.7 28140.4 26817.7
29235.1 -109166 -64801.9 33213.7 -109166 -47596.6 33213.7 -109166 -14981.4 33213.7 -109166 17633.8 33213.7 -109166 34839.1 33213.7
34905.3 -128438 -77145.9 39539.1 -128438 -56663.9 39539.1 -128438 -17837.3 39539.1 -128438 20989.3 39539.1 -128438 41471.3 39539.1
40531.7 -147563 -89338.5 45790.9 -147563 -65618 45790.9 -147563 -20652.2 45790.9 -147563 24313.6 45790.9 -147563 48034.2 45790.9
45894.4 -165614 -101069 51607.9 -165614 -74334.7 51607.9 -165614 -23656.8 51607.9 -165614 27021.1 51607.9 -165614 53755 51607.9
50017 -178467 -111205 55573.5 -178467 -82417.3 55573.5 -178467 -27845.2 55573.5 -178467 26726.8 55573.5 -178467 55515 55573.5
53309.3 -187807 -121373 59362.3 -187807 -90622.3 59362.3 -187807 -32329.7 59362.3 -187807 25962.9 59362.3 -187807 56713.7 59362.3
54854.5 -192482 -127407 61939.8 -192482 -95321.2 61939.8 -192482 -34497.5 61939.8 -192482 26326.1 61939.8 -192482 58412.1 61939.8
55473.9 -194216 -129767 62619.4 -194216 -97329.4 62619.4 -194216 -35838.5 62619.4 -194216 25652.5 62619.4 -194216 58090.6 62619.4
55533.7 -195400 -125719 61859 -195400 -93674.8 61859 -195400 -32930.4 61859 -195400 27813.9 61859 -195400 59858 61859
56127.7 -197220 -127780 62954.6 -197220 -95168.8 62954.6 -197220 -33348.6 62954.6 -197220 28471.5 62954.6 -197220 61083.2 62954.6
56889.3 -199939 -129631 64030 -199939 -96461.9 64030 -199939 -33585.7 64030 -199939 29290.5 64030 -199939 62459.2 64030
57568.5 -202535 -130835 64921.2 -202535 -97204.6 64921.2 -202535 -33453.3 64921.2 -202535 30298 64921.2 -202535 63928.5 64921.2
57750.2 -204115 -132032 66206.5 -204115 -97736.1 66206.5 -204115 -32722.6 66206.5 -204115 32290.9 66206.5 -204115 66587.2 66206.5
57992.2 -205069 -132912 66730.8 -205069 -98344 66730.8 -205069 -32815.7 66730.8 -205069 32712.7 66730.8 -205069 67280.5 66730.8
58592.1 -207340 -134038 67503 -207340 -99069.9 67503 -207340 -32783.2 67503 -207340 33503.5 67503 -207340 68471.3 67503
59258.4 -209897 -135230 68366.4 -209897 -99814.9 68366.4 -209897 -32680.4 68366.4 -209897 34454.1 68366.4 -209897 69869.2 68366.4
59920.4 -212434 -136420 69224.6 -212434 -100560 69224.6 -212434 -32583 69224.6 -212434 35394.2 69224.6 -212434 71253.9 69224.6
60538.2 -214776 -137561 69981 -214776 -101310 69981 -214776 -32589.7 69981 -214776 36130.3 69981 -214776 72381.8 69981
61131.2 -217012 -138660 70683.3 -217012 -102045 70683.3 -217012 -32634.9 70683.3 -217012 36774.7 70683.3 -217012 73390.1 70683.3
58797.4 -214196 -112825 62817.2 -214196 -80284.6 62817.2 -214196 -18599.3 62817.2 -214196 43086 62817.2 -214196 75626.5 62817.2
60112.1 -218047 -119402 65418 -218047 -85514.6 65418 -218047 -21275.4 65418 -218047 42963.9 65418 -218047 76851.7 65418
61268.4 -220971 -126622 67943.9 -220971 -91425.5 67943.9 -220971 -24705.9 67943.9 -220971 42013.6 67943.9 -220971 77209.9 67943.9
62172.5 -223564 -131180 69679.7 -223564 -95084.1 69679.7 -223564 -26660 69679.7 -223564 41764.1 69679.7 -223564 77859.6 69679.7
62706.5 -225669 -131830 70239 -225669 -95444.4 70239 -225669 -26471.1 70239 -225669 42502.2 70239 -225669 78887.4 70239
63201.9 -227593 -132473 70784.4 -227593 -95804.9 70784.4 -227593 -26296 70784.4 -227593 43213 70784.4 -227593 79880.7 70784.4
63645.8 -229278 -133106 71314 -229278 -96163.8 71314 -229278 -26134.8 71314 -229278 43894.1 71314 -229278 80836.2 71314
64083.2 -230933 -133738 71838 -230933 -96524.1 71838 -230933 -25980.5 71838 -230933 44563 71838 -230933 81776.6 71838
64512.2 -232548 -134367 72354.5 -232548 -96886.4 72354.5 -232548 -25835.8 72354.5 -232548 45214.9 72354.5 -232548 82695.9 72354.5
64153.6 -230547 -134724 72022.3 -230547 -97415.4 72022.3 -230547 -26690.9 72022.3 -230547 44033.6 72022.3 -230547 81342.6 72022.3
64627.8 -232342 -135407 72626 -232342 -97785.5 72626 -232342 -26468.2 72626 -232342 44849.1 72626 -232342 82470.8 72626
65064.1 -233963 -136077 73203.7 -233963 -98155.6 73203.7 -233963 -26271 73203.7 -233963 45613.6 73203.7 -233963 83534.6 73203.7
65488.4 -235534 -136735 73762.2 -235534 -98525.2 73762.2 -235534 -26092.1 73762.2 -235534 46341 73762.2 -235534 84551.2 73762.2
65870.1 -236929 -137357 74256.1 -236929 -98890.6 74256.1 -236929 -25972.6 74256.1 -236929 46945.4 74256.1 -236929 85411.5 74256.1
66251.6 -238322 -137978 74749.3 -238322 -99256.2 74749.3 -238322 -25853.9 74749.3 -238322 47548.4 74749.3 -238322 86270 74749.3
66632.9 -239714 -138599 75243.2 -239714 -99621.3 75243.2 -239714 -25733.9 75243.2 -239714 48153.5 75243.2 -239714 87130.9 75243.2
67013.9 -241105 -139220 75736.4 -241105 -99986.6 75736.4 -241105 -25615 75736.4 -241105 48756.7 75736.4 -241105 87989.6 75736.4
67381.3 -242443 -139825 76210.4 -242443 -100346 76210.4 -242443 -25509 76210.4 -242443 49328.1 76210.4 -242443 88806.5 76210.4
67741.8 -243754 -140422 76676.4 -243754 -100702 76676.4 -243754 -25406.9 76676.4 -243754 49887.9 76676.4 -243754 89607.8 76676.4
68100.4 -245055 -141017 77136.7 -245055 -101059 77136.7 -245055 -25312.3 77136.7 -245055 50434.5 77136.7 -245055 90392.8 77136.7
68448.7 -246315 -141602 77581.5 -246315 -101413 77581.5 -246315 -25229.8 77581.5 -246315 50953.7 77581.5 -246315 91142.4 77581.5
68795 -247568 -142185 78025 -247568 -101766 78025 -247568 -25147.4 78025 -247568 51471.6 78025 -247568 91890 78025
69137.6 -248805 -142767 78466.5 -248805 -102120 78466.5 -248805 -25067.2 78466.5 -248805 51985.4 78466.5 -248805 92632.6 78466.5
69480.4 -250043 -143349 78908.2 -250043 -102473 78908.2 -250043 -24986.9 78908.2 -250043 52499.4 78908.2 -250043 93375.4 78908.2
69814.1 -251273 -143929 79337.7 -251273 -102831 79337.7 -251273 -24922.5 79337.7 -251273 52985.6 79337.7 -251273 94084.1 79337.7
70117.4 -252484 -144502 79728.4 -252484 -103201 79728.4 -252484 -24909.5 79728.4 -252484 53382.3 79728.4 -252484 94683.2 79728.4
70420.1 -253693 -145075 80118.9 -253693 -103572 80118.9 -253693 -24896.4 80118.9 -253693 53778.7 80118.9 -253693 95281.9 80118.9
70701.8 -254812 -145622 80477.5 -254812 -103933 80477.5 -254812 -24905.4 80477.5 -254812 54121.9 80477.5 -254812 95810.8 80477.5
70975.1 -255899 -146159 80825 -255899 -104290 80825 -255899 -24921.7 80825 -255899 54446.8 80825 -255899 96315.7 80825
71247.4 -256981 -146695 81170.7 -256981 -104647 81170.7 -256981 -24939.2 81170.7 -256981 54768.9 81170.7 -256981 96816.9 81170.7
71518.6 -258057 -147230 81514.3 -258057 -105004 81514.3 -258057 -24958.2 81514.3 -258057 55087.2 81514.3 -258057 97313.2 81514.3
71784.9 -259115 -147759 81851.6 -259115 -105358 81851.6 -259115 -24981.2 81851.6 -259115 55395.4 81851.6 -259115 97796.1 81851.6
72037.8 -260117 -148271 82168.8 -260117 -105706 82168.8 -260117 -25018 82168.8 -260117 55670.2 82168.8 -260117 98235.3 82168.8
72142.2 -260489 -148628 82295.2 -260489 -105998 82295.2 -260489 -25185.4 82295.2 -260489 55626.9 82295.2 -260489 98257.4 82295.2
72300.7 -261097 -149021 82471.9 -261097 -106299 82471.9 -261097 -25313.5 82471.9 -261097 55672.2 82471.9 -261097 98394.3 82471.9
72551 -262094 -149517 82772.5 -262094 -106639 82772.5 -262094 -25358.1 82772.5 -262094 55922.9 82772.5 -262094 98800.6 82772.5
72793.6 -263053 -150017 83079.4 -263053 -106981 83079.4 -263053 -25398.4 83079.4 -263053 56184 83079.4 -263053 99220.7 83079.4
72783.8 -262918 -150290 83010.5 -262918 -107289 83010.5 -262918 -25773.9 83010.5 -262918 55740.7 83010.5 -262918 98741.8 83010.5
73059.5 -264049 -150768 83370.9 -264049 -107580 83370.9 -264049 -25711.4 83370.9 -264049 56157.2 83370.9 -264049 99345 83370.9
73309.7 -265049 -151265 83693.6 -265049 -107910 83693.6 -265049 -25724.6 83693.6 -265049 56461 83693.6 -265049 99815.9 83693.6
73555 -266015 -151766 84003.1 -266015 -108251 84003.1 -266015 -25761.2 84003.1 -266015 56728.2 84003.1 -266015 100243 84003.1
73796.1 -266977 -152266 84313.2 -266977 -108590 84313.2 -266977 -25796.1 84313.2 -266977 56997.8 84313.2 -266977 100674 84313.2
74038.6 -267940 -152763 84621.7 -267940 -108927 84621.7 -267940 -25830.6 84621.7 -267940 57266.2 84621.7 -267940 101102 84621.7
74280.1 -268901 -153254 84927.8 -268901 -109260 84927.8 -268901 -25862.4 84927.8 -268901 57535 84927.8 -268901 101529 84927.8
74521.3 -248064 -152578 85232.8 -269965 -109586 85232.8 -269930 -25890.3 85232.8 -269535 57824.8 85232.8 -269434 101988 85232.8
72328.2 -267213 -129660 78454.2 -267213 -89019.5 78454.2 -267213 -11979 78454.2 -267213 65061.5 78454.2 -267213 105702 78454.2
72753.1 -268947 -130492 79261.1 -268947 -89433.5 79261.1 -268947 -11600.6 79261.1 -268947 66232.3 79261.1 -268947 107291 79261.1
73093.1 -270277 -131315 79896.8 -270277 -89926.9 79896.8 -270277 -11469.8 79896.8 -270277 66987.4 79896.8 -270277 108376 79896.8
73394.1 -271438 -132097 80455.9 -271438 -90419.3 80455.9 -271438 -11413.2 80455.9 -271438 67593 80455.9 -271438 109271 80455.9
73631.2 -272336 -132790 80894.8 -272336 -90884.8 80894.8 -272336 -11447.7 80894.8 -272336 67989.3 80894.8 -272336 109894 80894.8
73867.4 -273233 -133483 81333.8 -273233 -91350.4 81333.8 -273233 -11482.2 81333.8 -273233 68386 81333.8 -273233 110519 81333.8
74103.4 -274129 -134176 81772.9 -274129 -91816.2 81772.9 -274129 -11516.8 81772.9 -274129 68782.6 81772.9 -274129 111143 81772.9
74339.1 -275024 -134869 82211.9 -275024 -92282.1 82211.9 -275024 -11551.6 82211.9 -275024 69178.9 82211.9 -275024 111766 82211.9
74572 -275906 -135560 82645.8 -275906 -92747.6 82645.8 -275906 -11591 82645.8 -275906 69565.6 82645.8 -275906 112378 82645.8
75034.2 -277008 -138918 83707.1 -277008 -95556.6 83707.1 -277008 -13357.8 83707.1 -277008 68841 83707.1 -277008 112203 83707.1
75628.3 -278227 -143865 85203.7 -278227 -99727.5 85203.7 -278227 -16059.1 85203.7 -278227 67609.2 85203.7 -278227 111746 85203.7
76206.9 -279433 -148631 86661.1 -279433 -103738 86661.1 -279433 -18639 86661.1 -279433 66460.5 86661.1 -279433 111353 86661.1
76763.3 -280607 -153175 88058.5 -280607 -107559 88058.5 -280607 -21086.9 88058.5 -280607 65384.8 88058.5 -280607 111001 88058.5
76998.6 -281514 -153775 88369.4 -281514 -107998 88369.4 -281514 -21220.8 88369.4 -281514 65556.3 88369.4 -281514 111333 88369.4
77215.6 -282392 -154193 88623.9 -282392 -108284 88623.9 -282392 -21257.1 88623.9 -282392 65769.8 88623.9 -282392 111679 88623.9
38018.2 2.43227e+06 -4552.42 7759.39 2.43227e+06 -532.904 7759.39 2.43227e+06 7086.67 7759.39 2.43227e+06 14706.2 7759.39 2.43227e+06 18725.7 7759.39
