6160.54 8.5316e-05 0.00132791 -5.97904e-06 6.25313e-05 0.000979615 -7.50357e-06 5.03743e-06 0.000106054 -1.03935e-05 6.47727e-05 -0.00101382 -1.32835e-05 0.000112196 -0.0017404 -1.4808e-05
11983.9 0.000177864 0.00278826 -1.58676e-05 0.000121994 0.00192314 -1.73921e-05 1.72138e-06 8.05103e-05 -2.02821e-05 0.000125357 -0.00197499 -2.31721e-05 0.000205668 -0.00322184 -2.46966e-05
17772.9 0.00026901 0.00425104 -2.56932e-05 0.000180705 0.0028648 -2.72177e-05 -1.04092e-06 5.70377e-05 -3.01077e-05 0.000185329 -0.00293687 -3.29977e-05 0.000297853 -0.00470869 -3.45222e-05
23523.6 0.000358697 0.00571642 -3.54526e-05 0.000238658 0.00380435 -3.69772e-05 -2.90106e-06 3.96625e-05 -3.98671e-05 0.000244727 -0.00389998 -4.27571e-05 0.000388729 -0.00620199 -4.42816e-05
29235.1 0.000446774 0.0071839 -4.51436e-05 0.000295761 0.0047407 -4.66681e-05 -3.9945e-06 2.96958e-05 -4.95581e-05 0.000303568 -0.00486516 -5.24481e-05 0.000478245 -0.00770329 -5.39726e-05
34905.3 0.000533185 0.00865473 -5.4762e-05 0.000352029 0.00567452 -5.62865e-05 -4.75179e-06 2.40566e-05 -5.91765e-05 0.000361739 -0.00583124 -6.20665e-05 0.000566209 -0.00921215 -6.3591e-05
40531.7 0.000617916 0.0101311 -6.43036e-05 0.000407534 0.00660728 -6.58282e-05 -5.49125e-06 1.85135e-05 -6.87181e-05 0.000419093 -0.00679627 -7.16081e-05 0.000652378 -0.0107275 -7.31326e-05
45894.4 0.000699848 0.0115919 -7.35885e-05 0.000461775 0.00752719 -7.5113e-05 -6.12646e-06 1.46399e-05 -7.8003e-05 0.000474581 -0.00773942 -8.08929e-05 0.000735105 -0.0122188 -8.24175e-05
50017 0.000774282 0.0129334 -8.18082e-05 0.000512425 0.00837824 -8.33327e-05 -6.29515e-06 1.92969e-05 -8.62227e-05 0.000523569 -0.00856522 -8.91126e-05 0.000807528 -0.0135404 -9.06372e-05
53309.3 0.000839781 0.0141496 -8.92603e-05 0.000556998 0.00914001 -9.07849e-05 -6.51883e-06 1.89527e-05 -9.36748e-05 0.000568191 -0.00933008 -9.65648e-05 0.000872654 -0.0147662 -9.80893e-05
54854.5 0.00103208 0.0163569 -9.23601e-05 0.00058736 0.00965523 -9.38846e-05 -4.62246e-06 0.00011252 -9.67746e-05 0.0005758 -0.00945793 -9.96646e-05 0.0014437 -0.0204853 -0.000101189
55473.9 0.00152417 0.021282 -9.36474e-05 0.000597611 0.00982048 -9.51719e-05 -3.17753e-06 0.000136875 -9.80619e-05 0.000582872 -0.00956838 -0.000100952 0.00195881 -0.0254662 -0.000102476
55533.7 0.00187726 0.024744 -9.43782e-05 0.000602757 0.0099182 -9.59027e-05 -2.6445e-06 0.000154795 -9.87927e-05 0.000585014 -0.00961433 -0.000101683 0.00244288 -0.0298803 -0.000103207
56127.7 0.00251322 0.0305382 -9.50786e-05 0.00060657 0.00999088 -9.66032e-05 -2.84962e-06 0.000155181 -9.94931e-05 0.000588501 -0.00968104 -0.000102383 0.00308287 -0.0357513 -0.000103908
56889.3 0.00318762 0.0367257 -9.57199e-05 0.000610699 0.010063 -9.72444e-05 -2.68223e-06 0.000159516 -0.000100134 0.000591961 -0.0097413 -0.000103024 0.00372938 -0.0417279 -0.000104549
57568.5 0.00384531 0.0428158 -9.62866e-05 0.000614385 0.0101275 -9.78111e-05 -2.50929e-06 0.000163941 -0.000100701 0.000594966 -0.00979377 -0.000103591 0.00435851 -0.0476016 -0.000105116
57750.2 0.00438564 0.0478573 -9.5605e-05 0.00062092 0.0102328 -9.71296e-05 6.69753e-06 0.000321012 -0.00010002 0.000580445 -0.00956881 -0.000102909 0.00496199 -0.0558292 -0.000104434
57992.2 0.00509701 0.0583527 -9.35612e-05 0.000602414 0.00995342 -9.50857e-05 2.10285e-06 0.000243417 -9.79757e-05 0.000572577 -0.00945014 -0.000100866 0.00550605 -0.0635859 -0.00010239
58592.1 0.00577893 0.0661447 -9.35635e-05 0.000597682 0.00988448 -9.50881e-05 -1.60695e-06 0.000178696 -9.7978e-05 0.000576801 -0.00951651 -0.000100868 0.00608517 -0.0690335 -0.000102393
59258.4 0.00646182 0.0725707 -9.40785e-05 0.000600865 0.00993698 -9.5603e-05 -1.66648e-06 0.000181328 -9.8493e-05 0.000579324 -0.00955904 -0.000101383 0.00667994 -0.0746311 -0.000102907
59920.4 0.00714828 0.0790297 -9.4595e-05 0.000604082 0.00998968 -9.61196e-05 -1.7106e-06 0.000183981 -9.90095e-05 0.000581898 -0.00960204 -0.0001019 0.00728056 -0.0802833 -0.000103424
60538.2 0.00769034 0.0841426 -9.50956e-05 0.000605991 0.0100295 -9.66202e-05 -2.63216e-06 0.000176551 -9.95101e-05 0.000584139 -0.00964682 -0.0001024 0.00786695 -0.0858129 -0.000103925
61131.2 0.00816254 0.0886036 -9.55867e-05 0.000607281 0.0100629 -9.71113e-05 -3.6624e-06 0.000166452 -0.000100001 0.000586255 -0.00969278 -0.000102891 0.00844979 -0.0913137 -0.000104416
58797.4 0.00814723 0.0882303 -9.37342e-05 0.000592894 0.00985327 -9.52587e-05 -5.06956e-06 0.000142915 -9.81487e-05 0.000575143 -0.00953264 -0.000101039 0.00843685 -0.0910011 -0.000102563
60112.1 0.00840149 0.0908825 -9.59715e-05 0.000606918 0.0100778 -9.7496e-05 -5.22097e-06 0.000150416 -0.000100386 0.000587287 -0.00972937 -0.000103276 0.00887866 -0.0953778 -0.0001048
61268.4 0.00900883 0.0966145 -9.65663e-05 0.000608831 0.0101215 -9.80908e-05 -6.26061e-06 0.000140452 -0.000100981 0.000589756 -0.0097888 -0.000103871 0.00959121 -0.102099 -0.000105395
62172.5 0.00954801 0.101705 -9.71074e-05 0.000610341 0.0101612 -9.86319e-05 -7.03694e-06 0.000132775 -0.000101522 0.00059193 -0.00984404 -0.000104412 0.0102397 -0.108216 -0.000105936
62706.5 0.00998731 0.105855 -9.75713e-05 0.000611306 0.0101953 -9.90958e-05 -7.7864e-06 0.000125084 -0.000101986 0.000593716 -0.00989196 -0.000104876 0.0107944 -0.113452 -0.0001064
63201.9 0.0103913 0.109667 -9.79625e-05 0.000612473 0.0102269 -9.94871e-05 -8.27416e-06 0.00012017 -0.000102377 0.000595397 -0.00993224 -0.000105267 0.0112707 -0.117943 -0.000106792
63645.8 0.0107474 0.113019 -9.82567e-05 0.000613897 0.0102553 -9.97813e-05 -8.41673e-06 0.000119007 -0.000102671 0.000596916 -0.00996209 -0.000105561 0.0116398 -0.121416 -0.000107086
64083.2 0.0110926 0.116267 -9.85413e-05 0.000615287 0.0102827 -0.000100066 -8.54959e-06 0.000117857 -0.000102956 0.000598409 -0.00999114 -0.000105846 0.0119989 -0.124796 -0.00010737
64512.2 0.0114237 0.119384 -9.88133e-05 0.000616631 0.010309 -0.000100338 -8.66981e-06 0.000116773 -0.000103228 0.000599856 -0.0100191 -0.000106118 0.012344 -0.128044 -0.000107642
64153.6 0.0114055 0.118875 -9.59472e-05 0.000600019 0.0100487 -9.74717e-05 -7.92089e-06 0.000128432 -0.000100362 0.000581475 -0.00973218 -0.000103252 0.0123245 -0.127502 -0.000104776
64627.8 0.0114125 0.119059 -9.70581e-05 0.000606063 0.0101397 -9.85827e-05 -8.35207e-06 0.000116029 -0.000101473 0.000589831 -0.009858 -0.000104363 0.0123332 -0.127729 -0.000105887
65064.1 0.0114192 0.119227 -9.79874e-05 0.000612155 0.0102287 -9.9512e-05 -8.30088e-06 0.000114441 -0.000102402 0.000596345 -0.00995341 -0.000105292 0.0123402 -0.127905 -0.000106816
65488.4 0.0114698 0.119792 -9.87583e-05 0.000617785 0.0103113 -0.000100283 -8.03395e-06 0.000119354 -0.000103173 0.000601173 -0.0100239 -0.000106063 0.012412 -0.128657 -0.000107587
65870.1 0.0117468 0.122392 -9.89445e-05 0.000619298 0.0103327 -0.000100469 -7.89856e-06 0.000121007 -0.000103359 0.000602473 -0.0100419 -0.000106249 0.0126602 -0.130987 -0.000107773
66251.6 0.0120233 0.124988 -9.91302e-05 0.000620759 0.0103549 -0.000100655 -7.76243e-06 0.000122638 -0.000103545 0.00060374 -0.0100607 -0.000106435 0.0129086 -0.133319 -0.000107959
66632.9 0.0122999 0.127584 -9.93157e-05 0.000622217 0.0103772 -0.00010084 -7.62417e-06 0.000124278 -0.00010373 0.000605004 -0.0100795 -0.00010662 0.0131572 -0.135652 -0.000108145
67013.9 0.0125765 0.13018 -9.95011e-05 0.000623677 0.0103994 -0.000101026 -7.48493e-06 0.000125923 -0.000103916 0.000606269 -0.0100984 -0.000106806 0.0134059 -0.137985 -0.00010833
67381.3 0.0128762 0.132991 -9.97034e-05 0.0006253 0.010423 -0.000101228 -7.32138e-06 0.000127092 -0.000104118 0.000607826 -0.0101207 -0.000107008 0.0136958 -0.140705 -0.000108532
67741.8 0.0131867 0.135903 -9.99136e-05 0.000627001 0.0104472 -0.000101438 -7.14489e-06 0.000128031 -0.000104328 0.000609525 -0.0101448 -0.000107218 0.0140056 -0.143611 -0.000108743
68100.4 0.013497 0.138813 -0.000100123 0.000628705 0.0104714 -0.000101648 -6.96553e-06 0.000128968 -0.000104538 0.000611231 -0.0101688 -0.000107428 0.0143158 -0.146519 -0.000108952
68448.7 0.0138214 0.141855 -0.000100343 0.000630513 0.0104963 -0.000101868 -6.76901e-06 0.000129589 -0.000104758 0.000613129 -0.0101952 -0.000107648 0.0146523 -0.149674 -0.000109172
68795 0.0141472 0.144908 -0.000100564 0.000632338 0.0105212 -0.000102089 -6.56768e-06 0.000130137 -0.000104979 0.000615064 -0.0102219 -0.000107869 0.0149932 -0.15287 -0.000109393
69137.6 0.0144706 0.14794 -0.000100783 0.000634153 0.0105459 -0.000102308 -6.36681e-06 0.000130643 -0.000105198 0.000616996 -0.0102486 -0.000108088 0.0153329 -0.156055 -0.000109612
69480.4 0.0147931 0.150963 -0.000101002 0.000635969 0.0105706 -0.000102526 -6.16362e-06 0.000131125 -0.000105416 0.000618936 -0.0102752 -0.000108306 0.0156728 -0.159241 -0.000109831
69814.1 0.0151132 0.153964 -0.00010122 0.000637757 0.010595 -0.000102744 -5.97077e-06 0.000131548 -0.000105634 0.00062085 -0.0103018 -0.000108524 0.0160105 -0.162407 -0.000110049
70117.4 0.015419 0.156831 -0.000101435 0.000639415 0.0106183 -0.000102959 -5.79862e-06 0.00013177 -0.000105849 0.000622676 -0.0103279 -0.000108739 0.0163398 -0.165496 -0.000110264
70420.1 0.0157246 0.159696 -0.00010165 0.000641074 0.0106416 -0.000103174 -5.61634e-06 0.000132051 -0.000106064 0.00062451 -0.0103541 -0.000108954 0.01667 -0.168593 -0.000110479
70701.8 0.0160957 0.163181 -0.000101917 0.000642952 0.0106706 -0.000103442 -5.47998e-06 0.000132622 -0.000106332 0.000626445 -0.010384 -0.000109222 0.017049 -0.17215 -0.000110746
70975.1 0.0164902 0.166884 -0.000102204 0.000644909 0.0107017 -0.000103728 -5.35803e-06 0.000133288 -0.000106618 0.000628424 -0.0104153 -0.000109508 0.0174458 -0.175876 -0.000111033
71247.4 0.0168873 0.170614 -0.000102492 0.000646879 0.010733 -0.000104017 -5.23547e-06 0.000133954 -0.000106907 0.000630416 -0.0104468 -0.000109797 0.0178455 -0.17963 -0.000111321
71518.6 0.0172876 0.174372 -0.000102783 0.000648864 0.0107645 -0.000104308 -5.11246e-06 0.000134619 -0.000107198 0.000632424 -0.0104786 -0.000110088 0.0182484 -0.183413 -0.000111612
71784.9 0.0177007 0.178251 -0.000103084 0.000650896 0.0107971 -0.000104609 -4.99578e-06 0.000135314 -0.000107499 0.000634465 -0.0105112 -0.000110389 0.0186622 -0.187298 -0.000111913
72037.8 0.0181541 0.182511 -0.000103418 0.000653067 0.0108332 -0.000104943 -4.90561e-06 0.000136125 -0.000107833 0.000636588 -0.0105464 -0.000110723 0.019108 -0.191487 -0.000112247
72142.2 0.0188863 0.189378 -0.000103939 0.000656992 0.010889 -0.000105463 -4.51404e-06 0.000136304 -0.000108353 0.000640976 -0.0106099 -0.000111243 0.0199055 -0.198967 -0.000112768
72300.7 0.0195806 0.195897 -0.000104465 0.000660362 0.0109426 -0.00010599 -4.42808e-06 0.000134717 -0.00010888 0.000644786 -0.0106709 -0.00011177 0.0206619 -0.20607 -0.000113294
72551 0.0200885 0.200672 -0.000104856 0.000662642 0.0109831 -0.000106381 -4.46377e-06 0.000134353 -0.000109271 0.000647102 -0.0107119 -0.000112161 0.0211741 -0.210885 -0.000113685
72793.6 0.0205683 0.205181 -0.00010521 0.000664912 0.0110215 -0.000106735 -4.38112e-06 0.000135328 -0.000109625 0.000649281 -0.0107486 -0.000112515 0.0216402 -0.215265 -0.000114039
72783.8 0.0213907 0.212938 -0.000105922 0.00066756 0.0110908 -0.000107447 -5.19683e-06 0.000132443 -0.000110337 0.000651508 -0.01081 -0.000113227 0.0224003 -0.222437 -0.000114751
73059.5 0.0221039 0.219635 -0.000106409 0.000671179 0.0111489 -0.000107934 -4.79892e-06 0.000137587 -0.000110824 0.000654581 -0.0108584 -0.000113714 0.0230342 -0.228388 -0.000115238
73309.7 0.0226272 0.22455 -0.000106783 0.000673743 0.0111911 -0.000108307 -4.61497e-06 0.000139747 -0.000111197 0.000656941 -0.0108968 -0.000114087 0.0235272 -0.23302 -0.000115612
73555 0.0230976 0.22897 -0.000107128 0.000675988 0.0112288 -0.000108652 -4.51611e-06 0.000140763 -0.000111542 0.000659108 -0.0109329 -0.000114432 0.0239856 -0.237326 -0.000115957
73796.1 0.0235657 0.233367 -0.000107471 0.000678222 0.0112663 -0.000108996 -4.4172e-06 0.000141783 -0.000111886 0.000661263 -0.0109689 -0.000114776 0.0244416 -0.24161 -0.0001163
74038.6 0.0240344 0.237771 -0.000107815 0.000680459 0.0113039 -0.000109339 -4.31725e-06 0.000142806 -0.000112229 0.000663422 -0.0110049 -0.000115119 0.0248983 -0.245901 -0.000116644
74280.1 0.024502 0.242164 -0.000108158 0.000682692 0.0113414 -0.000109682 -4.21667e-06 0.000143833 -0.000112572 0.000665577 -0.0110409 -0.000115462 0.025354 -0.250181 -0.000116987
74521.3 0.0249699 0.24656 -0.000108501 0.000684926 0.011379 -0.000110025 -4.11542e-06 0.000144866 -0.000112915 0.000667732 -0.0110769 -0.000115805 0.0258098 -0.254463 -0.00011733
72328.2 0.024958 0.246228 -0.000106715 0.000673679 0.0112057 -0.000108239 -3.98882e-06 0.000145232 -0.000111129 0.000656571 -0.010905 -0.000114019 0.0257979 -0.254133 -0.000115544
72753.1 0.0249678 0.246467 -0.000107861 0.000683141 0.0113405 -0.000109385 -2.79894e-06 0.000163362 -0.000112275 0.00066366 -0.0110038 -0.000115165 0.0258061 -0.254327 -0.00011669
73093.1 0.0250716 0.247489 -0.00010845 0.000686532 0.0113869 -0.000109974 -3.06261e-06 0.00015327 -0.000112864 0.000668912 -0.0110783 -0.000115754 0.0258545 -0.254857 -0.000117279
73394.1 0.0253439 0.250043 -0.000108625 0.000688089 0.0114081 -0.000110149 -2.81072e-06 0.000155778 -0.000113039 0.000670283 -0.0110957 -0.000115929 0.0260986 -0.257146 -0.000117454
73631.2 0.0257878 0.254211 -0.000108941 0.000690315 0.0114435 -0.000110466 -2.63649e-06 0.000157262 -0.000113356 0.000672446 -0.0111294 -0.000116245 0.0265303 -0.261199 -0.00011777
73867.4 0.026231 0.258372 -0.000109257 0.000692534 0.0114789 -0.000110781 -2.46156e-06 0.000158749 -0.000113671 0.000674585 -0.0111632 -0.000116561 0.0269614 -0.265247 -0.000118086
74103.4 0.0266741 0.262533 -0.000109572 0.000694747 0.0115143 -0.000111097 -2.25427e-06 0.000160463 -0.000113987 0.000676726 -0.0111971 -0.000116877 0.0273928 -0.269297 -0.000118401
74339.1 0.0271172 0.266694 -0.000109888 0.000696958 0.0115497 -0.000111413 -2.0293e-06 0.000162304 -0.000114303 0.000678862 -0.011231 -0.000117193 0.0278243 -0.273349 -0.000118717
74572 0.0275669 0.270916 -0.000110208 0.000699193 0.0115857 -0.000111733 -1.80268e-06 0.000164297 -0.000114623 0.000680994 -0.011265 -0.000117513 0.0282582 -0.277423 -0.000119037
75034.2 0.0281754 0.276635 -0.000110665 0.000701984 0.0116348 -0.000112189 -1.74925e-06 0.000165088 -0.000115079 0.000683702 -0.0113123 -0.000117969 0.0288537 -0.28302 -0.000119494
75628.3 0.0288734 0.283197 -0.000111193 0.000705147 0.0116911 -0.000112718 -1.73106e-06 0.000165614 -0.000115608 0.000686792 -0.011367 -0.000118498 0.0295398 -0.289469 -0.000120022
76206.9 0.0295635 0.289683 -0.000111714 0.000708289 0.0117468 -0.000113238 -1.69436e-06 0.000166286 -0.000116128 0.000689855 -0.011421 -0.000119018 0.030217 -0.295835 -0.000120543
76763.3 0.0302507 0.296142 -0.000112232 0.000711436 0.0118021 -0.000113756 -1.64824e-06 0.000166815 -0.000116646 0.000692965 -0.0114753 -0.000119536 0.0308975 -0.30223 -0.000121061
76998.6 0.0307273 0.300619 -0.00011258 0.00071371 0.0118404 -0.000114105 -1.50603e-06 0.000168185 -0.000116995 0.000695152 -0.0115119 -0.000119885 0.0313607 -0.306581 -0.000121409
77215.6 0.0311935 0.304999 -0.000112921 0.000715933 0.011878 -0.000114446 -1.36785e-06 0.000169518 -0.000117336 0.000697292 -0.0115478 -0.000120226 0.0318139 -0.310839 -0.00012175
38018.2 0.120872 0.667181 -0.000110206 0.120872 0.44734 -0.00011173 0.120872 -0.00503707 -0.00011462 0.120872 -0.504074 -0.00011751 0.120872 -0.786128 -0.000119035
