6160.54 -1536.36 12005.2 -5910.93 -1536.36 8647.11 -7054.33 -1536.36 655.684 -9221.81 -1536.36 -9464.16 -11389.3 -1536.36 -15660.2 -12532.7
11983.9 -3141.09 24751.7 -14715.9 -3141.09 16832.4 -15859.3 -3141.09 194.725 -18026.8 -3141.09 -18571.4 -20194.2 -3141.09 -29328.6 -21337.6
17772.9 -4717.67 37332.4 -23468.2 -4717.67 24879.3 -24611.6 -4717.67 -353.032 -26779.1 -4717.67 -27713.8 -28946.5 -4717.67 -43004.8 -30089.9
23523.6 -6247.61 49884.9 -32160.8 -6247.61 32928.8 -33304.2 -6247.61 -839.515 -35471.7 -6247.61 -36736.2 -37639.2 -6247.61 -56530.2 -38782.6
29235.1 -7728.02 62378.1 -40794.7 -7728.02 40949.5 -41938.1 -7728.02 -1297.11 -44105.6 -7728.02 -45672.2 -46273.1 -7728.02 -69938.7 -47416.5
34905.3 -9156.21 74792.3 -49365 -9156.21 48924.2 -50508.4 -9156.21 -1738.26 -52675.8 -9156.21 -54529.1 -54843.3 -9156.21 -83235.2 -55986.7
40531.7 -10540.2 87124.1 -57867.3 -10540.2 56851.5 -59010.7 -10540.2 -2160.01 -61178.2 -10540.2 -63300 -63345.6 -10540.2 -96410.4 -64489
45894.4 -11834.4 98947.9 -65621.8 -11834.4 64658.4 -66765.2 -11834.4 -1967.96 -68932.7 -11834.4 -70722.7 -71100.1 -11834.4 -107850 -72243.5
50017 -12978.2 107842 -69613 -12978.2 71485 -70756.4 -12978.2 939.394 -72923.9 -12978.2 -71734.7 -75091.4 -12978.2 -110930 -76234.8
53309.3 -14271.7 110744 -71107.7 -14271.7 73612.4 -72251.1 -14271.7 1599.01 -74418.6 -14271.7 -72542.8 -76586 -14271.7 -112512 -77729.4
54854.5 -16128.4 112112 -71713.4 -16128.4 74667 -72856.8 -16128.4 2058.83 -75024.3 -16128.4 -72677.8 -77191.8 -16128.4 -112961 -78335.2
55473.9 -16723.8 113055 -71062 -16723.8 75947.6 -72205.4 -16723.8 3979.16 -74372.8 -16723.8 -70117.7 -76540.3 -16723.8 -110063 -77683.7
55533.7 -15312.6 111639 -70786.6 -15312.6 74673.9 -71930 -15312.6 2975.87 -74097.5 -15312.6 -70850.6 -76265 -15312.6 -110654 -77408.4
56127.7 -15583.6 110094 -70543.9 -15583.6 73254.8 -71687.3 -15583.6 1795.07 -73854.8 -15583.6 -71793.1 -76022.3 -15583.6 -111470 -77165.7
56889.3 -15964.4 110943 -71123 -15964.4 73804 -72266.4 -15964.4 1775.56 -74433.9 -15964.4 -72381.3 -76601.4 -15964.4 -112358 -77744.8
57568.5 -16195.4 111783 -71692.8 -16195.4 74348.5 -72836.2 -16195.4 1760.51 -75003.7 -16195.4 -72955.9 -77171.2 -16195.4 -113228 -78314.6
57750.2 -17672.4 112695 -72322.9 -17672.4 74933.7 -73466.3 -17672.4 1727.06 -75633.8 -17672.4 -73608 -77801.2 -17672.4 -114207 -78944.6
57992.2 -17770.4 113422 -72824.5 -17770.4 75400.9 -73967.9 -17770.4 1701.6 -76135.4 -17770.4 -74126.1 -78302.9 -17770.4 -114985 -79446.3
58592.1 -17758.4 114207 -73363.1 -17758.4 75907.6 -74506.5 -17758.4 1679.54 -76673.9 -17758.4 -74677 -78841.4 -17758.4 -115815 -79984.8
59258.4 -17822.5 115018 -73918.3 -17822.5 76430.9 -75061.7 -17822.5 1657.62 -77229.1 -17822.5 -75244.1 -79396.6 -17822.5 -116669 -80540
59920.4 -17890.2 115831 -74474.5 -17890.2 76955.3 -75617.9 -17890.2 1635.74 -77785.4 -17890.2 -75812.2 -79952.9 -17890.2 -117526 -81096.3
60538.2 -17641.2 116613 -75016.7 -17641.2 77456.2 -76160.1 -17641.2 1604.26 -78327.6 -17641.2 -76376.1 -80495.1 -17641.2 -118370 -81638.5
61131.2 -17249.9 117381 -75552.4 -17249.9 77946.8 -76695.8 -17249.9 1568.84 -78863.3 -17249.9 -76937.6 -81030.7 -17249.9 -119209 -82174.1
58797.4 -9721.82 117276 -75351.2 -9721.82 77946.5 -76494.6 -9721.82 1766.11 -78662.1 -9721.82 -76542.7 -80829.6 -9721.82 -118710 -81973
60112.1 -10928.6 118190 -76008.2 -10928.6 78520.1 -77151.6 -10928.6 1694.53 -79319.1 -10928.6 -77259.4 -81486.5 -10928.6 -119767 -82629.9
61268.4 -12132.5 119055 -76639.8 -12132.5 79057.5 -77783.2 -12132.5 1611.74 -79950.6 -12132.5 -77962.4 -82118.1 -12132.5 -120797 -83261.5
62172.5 -12659.5 119867 -77223.9 -12659.5 79567.2 -78367.3 -12659.5 1547.86 -80534.8 -12659.5 -78599.9 -82702.2 -12659.5 -121737 -83845.6
62706.5 -12160.1 120602 -77735.4 -12160.1 80037.6 -78878.8 -12160.1 1515.94 -81046.3 -12160.1 -79134.1 -83213.8 -12160.1 -122537 -84357.2
63201.9 -11829.1 121377 -78267.4 -11829.1 80536.3 -79410.8 -11829.1 1492.24 -81578.3 -11829.1 -79680.3 -83745.8 -11829.1 -123358 -84889.2
63645.8 -11725.1 122203 -78826.8 -11725.1 81073.2 -79970.2 -11725.1 1479.75 -82137.7 -11725.1 -80242.1 -84305.2 -11725.1 -124210 -85448.6
64083.2 -11626.2 123033 -79388 -11626.2 81612.3 -80531.4 -11626.2 1467.83 -82698.9 -11626.2 -80805.1 -84866.4 -11626.2 -125064 -86009.8
64512.2 -11532.3 123867 -79951.5 -11532.3 82154.2 -81094.8 -11532.3 1456.45 -83262.3 -11532.3 -81369.7 -85429.8 -11532.3 -125920 -86573.2
64153.6 -11651.7 124824 -80581.7 -11651.7 82784.8 -81725 -11651.7 1468.19 -83892.5 -11651.7 -81976.8 -86060 -11651.7 -126854 -87203.4
64627.8 -11653.5 125737 -81194.7 -11653.5 83380.2 -82338.1 -11653.5 1461.54 -84505.6 -11653.5 -82585.5 -86673.1 -11653.5 -127780 -87816.5
65064.1 -11768 126668 -81816.1 -11768 83989.2 -82959.5 -11768 1460.3 -85127 -11768 -83197 -87294.5 -11768 -128713 -88437.9
65488.4 -11868.8 127586 -82429.2 -11868.8 84589.7 -83572.6 -11868.8 1458.77 -85740.1 -11868.8 -83800.6 -87907.6 -11868.8 -129635 -89051
65870.1 -11928.6 128460 -83014.6 -11928.6 85160.3 -84158 -11928.6 1454.62 -86325.5 -11928.6 -84379.5 -88492.9 -11928.6 -130517 -89636.3
66251.6 -11986 129333 -83599.8 -11986 85730.8 -84743.2 -11986 1450.41 -86910.7 -11986 -84958.4 -89078.1 -11986 -131399 -90221.5
66632.9 -12043.6 130207 -84184.8 -12043.6 86301.3 -85328.2 -12043.6 1446.41 -87495.7 -12043.6 -85536.9 -89663.2 -12043.6 -132280 -90806.6
67013.9 -12098 131080 -84769.6 -12098 86871.5 -85913 -12098 1442.42 -88080.5 -12098 -86115.1 -90247.9 -12098 -133161 -91391.3
67381.3 -12146.4 131934 -85341.7 -12146.4 87429 -86485.1 -12146.4 1438.12 -88652.6 -12146.4 -86681.2 -90820.1 -12146.4 -134024 -91963.5
67741.8 -12193.3 132779 -85908.2 -12193.3 87980.6 -87051.6 -12193.3 1433.39 -89219.1 -12193.3 -87242.2 -91386.5 -12193.3 -134878 -92529.9
68100.4 -12237.1 133623 -86466 -12237.1 88535.3 -87609.4 -12237.1 1440.32 -89776.9 -12237.1 -87783.1 -91944.4 -12237.1 -135708 -93087.8
68448.7 -12275.6 134453 -87010.5 -12275.6 89084.1 -88153.9 -12275.6 1454.46 -90321.4 -12275.6 -88303.6 -92488.9 -12275.6 -136511 -93632.3
68795 -12313.6 135281 -87553.3 -12313.6 89630.6 -88696.7 -12313.6 1467.98 -90864.1 -12313.6 -88823 -93031.6 -12313.6 -137311 -94175
69137.6 -12346.8 136071 -88083.1 -12346.8 90146.2 -89226.5 -12346.8 1463.32 -91393.9 -12346.8 -89348 -93561.4 -12346.8 -138111 -94704.8
69480.4 -12378.7 136861 -88612.9 -12378.7 90661.8 -89756.3 -12378.7 1458.65 -91923.8 -12378.7 -89872.9 -94091.2 -12378.7 -138910 -95234.6
69814.1 -12387.1 137656 -89143.3 -12387.1 91181.9 -90286.7 -12387.1 1457.94 -92454.2 -12387.1 -90394.5 -94621.7 -12387.1 -139707 -95765.1
70117.4 -12322.2 138468 -89676.5 -12322.2 91718.1 -90819.9 -12322.2 1470.59 -92987.3 -12322.2 -90905.4 -95154.8 -12322.2 -140494 -96298.2
70420.1 -12255.4 139280 -90209.2 -12255.4 92254 -91352.6 -12255.4 1483.26 -93520.1 -12255.4 -91415.9 -95687.6 -12255.4 -141280 -96831
70701.8 -12175.9 140059 -90721.1 -12175.9 92767.8 -91864.5 -12175.9 1494.43 -94032 -12175.9 -91907.4 -96199.5 -12175.9 -142037 -97342.9
70975.1 -12090.5 140826 -91225.5 -12090.5 93273.7 -92368.9 -12090.5 1505.08 -94536.3 -12090.5 -92392 -96703.8 -12090.5 -142783 -97847.2
71247.4 -12003.2 141592 -91728.6 -12003.2 93778.4 -92872 -12003.2 1515.7 -95039.5 -12003.2 -92875.5 -97207 -12003.2 -143527 -98350.4
71518.6 -11914.4 142355 -92230.6 -11914.4 94281.9 -93374 -11914.4 1526.27 -95541.5 -11914.4 -93357.8 -97708.9 -11914.4 -144269 -98852.3
71784.9 -11821.5 143112 -92728.1 -11821.5 94780.8 -93871.5 -11821.5 1536.57 -96039 -11821.5 -93836.1 -98206.5 -11821.5 -145005 -99349.9
72037.8 -11720.9 143848 -93212.6 -11720.9 95265.9 -94356 -11720.9 1545.93 -96523.5 -11720.9 -94302.4 -98690.9 -11720.9 -145722 -99834.3
72142.2 -11674.5 144412 -93585.1 -11674.5 95636.7 -94728.5 -11674.5 1550.95 -96896 -11674.5 -94663.2 -99063.5 -11674.5 -146276 -100207
72300.7 -11524.2 144990 -93969.6 -11524.2 96016.2 -95113 -11524.2 1552.91 -97280.5 -11524.2 -95038.9 -99448 -11524.2 -146851 -100591
72551 -11360.7 145690 -94431.8 -11360.7 96476 -95575.2 -11360.7 1558.8 -97742.7 -11360.7 -95486.8 -99910.1 -11360.7 -147538 -101054
72793.6 -11258 146409 -94906.1 -11258 96949.8 -96049.5 -11258 1566.87 -98217 -11258 -95944.5 -100384 -11258 -148242 -101528
72783.8 -10858.1 146858 -95210.4 -10858.1 97241.3 -96353.8 -10858.1 1559.51 -98521.3 -10858.1 -96250.7 -100689 -10858.1 -148706 -101832
73059.5 -10911.4 147531 -95652.9 -10911.4 97684.8 -96796.3 -10911.4 1568.48 -98963.8 -10911.4 -96676.2 -101131 -10911.4 -149360 -102275
73309.7 -10855.3 148246 -96123.4 -10855.3 98155.9 -97266.8 -10855.3 1577.62 -99434.3 -10855.3 -97129.1 -101602 -10855.3 -150057 -102745
73555 -10761.1 148970 -96600.5 -10761.1 98633.1 -97743.9 -10761.1 1586.3 -99911.3 -10761.1 -97588.9 -102079 -10761.1 -150764 -103222
73796.1 -10652.9 149694 -97077.1 -10652.9 99109.9 -98220.5 -10652.9 1595.1 -100388 -10652.9 -98048.1 -102555 -10652.9 -151470 -103699
74038.6 -10548.6 150417 -97553.3 -10548.6 99586.4 -98696.7 -10548.6 1603.93 -100864 -10548.6 -98507 -103032 -10548.6 -152176 -104175
74280.1 -10441.3 151139 -98028.6 -10441.3 100062 -99172 -10441.3 1612.86 -101339 -10441.3 -98964.8 -103507 -10441.3 -152880 -104650
74521.3 -10331.4 151861 -98502.4 -10331.4 100539 -99645.8 -10331.4 1624.22 -101813 -10331.4 -99418.6 -103981 -10331.4 -153579 -105124
72328.2 -4414.34 151753 -98369.3 -4414.34 100500 -99512.7 -4414.34 1716.18 -101680 -4414.34 -99196 -103848 -4414.34 -153287 -104991
72753.1 -4915.33 152571 -98921.9 -4915.33 101032 -100065 -4915.33 1705.48 -102233 -4915.33 -99749.3 -104400 -4915.33 -154127 -105544
73093.1 -5148.65 153361 -99452.5 -5148.65 101546 -100596 -5148.65 1698.99 -102763 -5148.65 -100277 -104931 -5148.65 -154929 -106074
73394.1 -5325.42 154102 -99952.7 -5325.42 102028 -101096 -5325.42 1689.79 -103264 -5325.42 -100777 -105431 -5325.42 -155689 -106574
73631.2 -5432.09 154754 -100393 -5432.09 102452 -101537 -5432.09 1680.86 -103704 -5432.09 -101219 -105872 -5432.09 -156358 -107015
73867.4 -5538.39 155405 -100833 -5538.39 102875 -101977 -5538.39 1672.02 -104144 -5538.39 -101660 -106311 -5538.39 -157027 -107455
74103.4 -5643.8 156055 -101273 -5643.8 103298 -102416 -5643.8 1663.25 -104583 -5643.8 -102100 -106751 -5643.8 -157695 -107894
74339.1 -5748.19 156705 -101711 -5748.19 103720 -102855 -5748.19 1654.55 -105022 -5748.19 -102539 -107190 -5748.19 -158362 -108333
74572 -5849.47 157351 -102148 -5849.47 104140 -103291 -5849.47 1646.12 -105458 -5849.47 -102976 -107626 -5849.47 -159025 -108769
75034.2 -6384.85 158043 -102613 -6384.85 104591 -103757 -6384.85 1640.09 -105924 -6384.85 -103440 -108092 -6384.85 -159729 -109235
75628.3 -7298.31 158749 -103093 -7298.31 105048 -104236 -7298.31 1625.91 -106404 -7298.31 -103925 -108571 -7298.31 -160463 -109715
76206.9 -8189.6 159453 -103572 -8189.6 105504 -104716 -8189.6 1611.15 -106883 -8189.6 -104410 -109050 -8189.6 -161197 -110194
76763.3 -9042.17 160149 -104045 -9042.17 105955 -105189 -9042.17 1597.69 -107356 -9042.17 -104888 -109524 -9042.17 -161920 -110667
76998.6 -8929.81 160841 -104497 -8929.81 106413 -105640 -8929.81 1612.65 -107808 -8929.81 -105317 -109975 -8929.81 -162582 -111119
77215.6 -8764.58 161498 -104931 -8764.58 106846 -106074 -8764.58 1619.32 -108242 -8764.58 -105736 -110409 -8764.58 -163226 -111552
38018.2 -1.79908e+06 12516.2 -37691.6 581888 39851.8 -38835 592866 1183.7 -41002.5 583070 -39709.7 -43170 2.69648e+06 -15064.6 -44313.4
