14258.2 -12604.4 15219.2 -10462.5 -12604.4 11532 -10462.5 -12604.4 4001.78 -10462.5 -12604.4 -4950.94 -10462.5 -12604.4 -12481.2 -10462.5 -12604.4 -16168.4 -10462.5
28423.8 -19957.3 24116.4 -16574.5 -19957.3 18275.3 -16574.5 -19957.3 6346.02 -16574.5 -19957.3 -7836.69 -16574.5 -19957.3 -19766 -16574.5 -19957.3 -25607.1 -16574.5
42493.1 -27254 32961.1 -22646.9 -27254 24980 -22646.9 -27254 8680.22 -22646.9 -27254 -10698.6 -22646.9 -27254 -26998.3 -22646.9 -27254 -34979.5 -22646.9
56461.5 -34492.1 41751.1 -28677.9 -34492.1 31644.5 -28677.9 -34492.1 11004 -28677.9 -34492.1 -13535.5 -28677.9 -34492.1 -34176.1 -28677.9 -34492.1 -44282.7 -28677.9
70324.5 -41668.5 50484.2 -34665.9 -41668.5 38267.3 -34665.9 -41668.5 13317 -34665.9 -41668.5 -16346.5 -34665.9 -41668.5 -41296.8 -34665.9 -41668.5 -53513.6 -34665.9
84076.7 -48780.1 59157.6 -40608.8 -48780.1 44846.3 -40608.8 -48780.1 15618.7 -40608.8 -48780.1 -19130 -40608.8 -48780.1 -48357.6 -40608.8 -48780.1 -62668.8 -40608.8
97712.4 -55823.1 67768.4 -46504.2 -55823.1 51379.5 -46504.2 -55823.1 17908.8 -46504.2 -55823.1 -21884.7 -46504.2 -55823.1 -55355.4 -46504.2 -55823.1 -71744.3 -46504.2
111225 -62793.4 76313.8 -52349.9 -62793.4 57864.8 -52349.9 -62793.4 20186.6 -52349.9 -62793.4 -24608.9 -52349.9 -62793.4 -62287 -52349.9 -62793.4 -80736 -52349.9
118840 -67200.6 82432.2 -56683.2 -67200.6 62456.1 -56683.2 -67200.6 21659.1 -56683.2 -67200.6 -26844.4 -56683.2 -67200.6 -67641.3 -56683.2 -67200.6 -87617.5 -56683.2
123795 -69985.1 87689.9 -60335.9 -69985.1 66426.5 -60335.9 -69985.1 23000.6 -60335.9 -69985.1 -28628.5 -60335.9 -69985.1 -72054.4 -60335.9 -69985.1 -93317.8 -60335.9
128135 -72259.1 92810.3 -63828 -72259.1 70316.2 -63828 -72259.1 24376.9 -63828 -72259.1 -30240.4 -63828 -72259.1 -76179.7 -63828 -72259.1 -98673.8 -63828
129867 -72556.8 97234 -66630.3 -72556.8 73752.4 -66630.3 -72556.8 25796.2 -66630.3 -72556.8 -31219 -66630.3 -72556.8 -79175.2 -66630.3 -72556.8 -102657 -66630.3
131835 -74567 100021 -69123 -74567 75661.2 -69123 -74567 25910.9 -69123 -74567 -33237.3 -69123 -74567 -82987.6 -69123 -74567 -107348 -69123
134356 -76386.1 101418 -70991.7 -76386.1 76399.2 -70991.7 -76386.1 25304 -70991.7 -76386.1 -35443.2 -70991.7 -76386.1 -86538.5 -70991.7 -76386.1 -111557 -70991.7
136290 -77690.7 102555 -72303.5 -77690.7 77073.6 -72303.5 -77690.7 25034.1 -72303.5 -77690.7 -36835.6 -72303.5 -77690.7 -88875 -72303.5 -77690.7 -114356 -72303.5
137678 -78481.2 103551 -73096.3 -78481.2 77790.8 -73096.3 -78481.2 25180.8 -73096.3 -78481.2 -37367.3 -73096.3 -78481.2 -89977.3 -73096.3 -78481.2 -115738 -73096.3
139002 -79243.9 104439 -73829.2 -79243.9 78420.1 -73829.2 -79243.9 25282.6 -73829.2 -79243.9 -37892.6 -73829.2 -79243.9 -91030.1 -73829.2 -79243.9 -117049 -73829.2
138643 -79734.4 101157 -72969.1 -79734.4 75441.6 -72969.1 -79734.4 22923.1 -72969.1 -79734.4 -39516.1 -72969.1 -79734.4 -92034.5 -72969.1 -79734.4 -117750 -72969.1
139722 -80287.8 101923 -73471.3 -80287.8 76030.4 -73471.3 -80287.8 23150.5 -73471.3 -80287.8 -39718.5 -73471.3 -80287.8 -92598.4 -73471.3 -80287.8 -118491 -73471.3
140741 -80780.7 102683 -73914.9 -80780.7 76634.5 -73914.9 -80780.7 23435.3 -73914.9 -80780.7 -39813.3 -73914.9 -80780.7 -93012.5 -73914.9 -80780.7 -119061 -73914.9
141584 -81100.3 103423 -74188.4 -81100.3 77278 -74188.4 -81100.3 23881.9 -74188.4 -81100.3 -39600.7 -74188.4 -81100.3 -92996.8 -74188.4 -81100.3 -119142 -74188.4
141180 -80143.6 104131 -73288.8 -80143.6 78302.9 -73288.8 -80143.6 25554.3 -73288.8 -80143.6 -37158.5 -73288.8 -80143.6 -89907 -73288.8 -80143.6 -115735 -73288.8
142306 -80743.8 104903 -73838.2 -80743.8 78881.3 -73838.2 -80743.8 25737.3 -73838.2 -80743.8 -37445.7 -73838.2 -80743.8 -90589.7 -73838.2 -80743.8 -116612 -73838.2
143430 -81343.3 105673 -74387.1 -81343.3 79458 -74387.1 -81343.3 25919 -74387.1 -81343.3 -37733.7 -74387.1 -81343.3 -91272.7 -74387.1 -81343.3 -117488 -74387.1
144555 -81942.7 106443 -74935.7 -81942.7 80034.2 -74935.7 -81942.7 26100.3 -74935.7 -81942.7 -38021.8 -74935.7 -81942.7 -91955.8 -74935.7 -81942.7 -118364 -74935.7
