1619.67 1.51371e-06 4.33679e-05 3.00832e-06 9.03227e-06 0.000158497 1.48379e-06 9.282e-06 0.000162277 -1.40618e-06 4.47373e-06 -8.95227e-05 -4.29615e-06 2.1644e-05 -0.00034956 -5.82068e-06
2995.48 1.13875e-05 0.000203802 1.89986e-06 1.52485e-05 0.000262289 3.75332e-07 8.36588e-06 0.000158052 -2.51464e-06 1.05022e-05 -0.000190396 -5.40461e-06 3.14218e-05 -0.000507649 -6.92914e-06
4347.22 2.12045e-05 0.000362331 8.00218e-07 2.13332e-05 0.000364284 -7.24314e-07 7.37876e-06 0.000152821 -3.61428e-06 1.6527e-05 -0.000291402 -6.50425e-06 4.1161e-05 -0.000665503 -8.02878e-06
5692.96 3.09624e-05 0.000520261 -2.96458e-07 2.73737e-05 0.000465748 -1.82099e-06 6.42305e-06 0.000147408 -4.71096e-06 2.25472e-05 -0.000392478 -7.60093e-06 5.08808e-05 -0.000823359 -9.12546e-06
7036.64 4.0694e-05 0.000678056 -1.39139e-06 3.33985e-05 0.000567083 -2.91592e-06 5.56918e-06 0.000142216 -5.80589e-06 2.85563e-05 -0.000493493 -8.69586e-06 6.05786e-05 -0.00098115 -1.02204e-05
8377.79 5.04001e-05 0.000835731 -2.48432e-06 3.94095e-05 0.000668316 -4.00886e-06 4.71788e-06 0.000137049 -6.89882e-06 3.45495e-05 -0.000594373 -9.78879e-06 7.02488e-05 -0.00113879 -1.13133e-05
9717.02 6.00863e-05 0.000993369 -3.57591e-06 4.541e-05 0.000769497 -5.10044e-06 3.86826e-06 0.000131894 -7.99041e-06 4.05319e-05 -0.000695197 -1.08804e-05 7.98986e-05 -0.00129639 -1.24049e-05
11054.5 6.97536e-05 0.00115099 -4.66628e-06 5.14007e-05 0.000870637 -6.19081e-06 3.0203e-06 0.00012675 -9.08078e-06 4.65045e-05 -0.000795977 -1.19707e-05 8.95294e-05 -0.00145397 -1.34953e-05
12390.3 7.94042e-05 0.00130862 -5.75552e-06 5.73834e-05 0.000971763 -7.28005e-06 2.17512e-06 0.000121634 -1.017e-05 5.24669e-05 -0.000896709 -1.306e-05 9.91412e-05 -0.00161154 -1.45845e-05
13724.5 8.90287e-05 0.00146614 -6.84357e-06 6.33491e-05 0.00107274 -8.3681e-06 1.41225e-06 0.000116876 -1.12581e-05 5.8426e-05 -0.000997504 -1.4148e-05 0.00010874 -0.00176919 -1.56726e-05
15056.7 9.86264e-05 0.00162353 -7.93034e-06 6.92974e-05 0.00117358 -9.45487e-06 7.18012e-07 0.000112409 -1.23448e-05 6.43805e-05 -0.00109834 -1.52348e-05 0.000118325 -0.00192692 -1.67593e-05
16386.9 0.000108204 0.00178088 -9.01578e-06 7.52349e-05 0.00127435 -1.05403e-05 2.4929e-08 0.000107948 -1.34303e-05 7.03245e-05 -0.00119913 -1.63202e-05 0.00012789 -0.00208461 -1.78448e-05
17715.2 0.00011776 0.00193818 -1.00998e-05 8.11606e-05 0.00137506 -1.16244e-05 -6.67726e-07 0.000103482 -1.45143e-05 7.62583e-05 -0.00129988 -1.74043e-05 0.000137435 -0.00224228 -1.89288e-05
19041.4 0.000127292 0.0020954 -1.11825e-05 8.70728e-05 0.00147568 -1.2707e-05 -1.36081e-06 9.8999e-05 -1.5597e-05 8.21819e-05 -0.00140059 -1.8487e-05 0.000146959 -0.00239993 -2.00115e-05
20365.6 0.000136787 0.00225235 -1.22638e-05 9.29572e-05 0.00157599 -1.37883e-05 -1.93766e-06 9.52473e-05 -1.66783e-05 8.81092e-05 -0.00150147 -1.95683e-05 0.000156477 -0.00255779 -2.10928e-05
21687.7 0.000146255 0.00240918 -1.33437e-05 9.88256e-05 0.00167618 -1.48683e-05 -2.49213e-06 9.16241e-05 -1.77582e-05 9.40292e-05 -0.00160237 -2.06482e-05 0.000165977 -0.00271568 -2.21727e-05
23007.8 0.000155703 0.00256597 -1.44223e-05 0.000104683 0.00177631 -1.59468e-05 -3.0459e-06 8.80017e-05 -1.88368e-05 9.99384e-05 -0.00170321 -2.17267e-05 0.000175457 -0.00287354 -2.32513e-05
24325.7 0.000165128 0.00272271 -1.54994e-05 0.000110527 0.00187635 -1.70239e-05 -3.59939e-06 8.43723e-05 -1.99139e-05 0.000105837 -0.00180401 -2.28039e-05 0.000184916 -0.00303137 -2.43284e-05
25641.7 0.000174515 0.00287917 -1.65752e-05 0.000116344 0.00197611 -1.80997e-05 -4.06865e-06 8.14309e-05 -2.09897e-05 0.000111739 -0.00190499 -2.38797e-05 0.000194367 -0.00318941 -2.54042e-05
26955.5 0.000183875 0.0030355 -1.76496e-05 0.000122144 0.00207571 -1.91741e-05 -4.50539e-06 7.87539e-05 -2.20641e-05 0.000117635 -0.00200599 -2.4954e-05 0.000203802 -0.00334749 -2.64786e-05
28267.1 0.000193213 0.00319177 -1.87225e-05 0.000127932 0.00217524 -2.0247e-05 -4.94169e-06 7.6073e-05 -2.3137e-05 0.000123519 -0.00210693 -2.6027e-05 0.000213215 -0.00350555 -2.75515e-05
29576.6 0.000202528 0.00334799 -1.97939e-05 0.000133708 0.0022747 -2.13185e-05 -5.37728e-06 7.33939e-05 -2.42084e-05 0.000129393 -0.00220782 -2.70984e-05 0.000222606 -0.00366357 -2.86229e-05
30883.9 0.000211806 0.00350393 -2.0864e-05 0.000139456 0.00237386 -2.23885e-05 -5.74308e-06 7.14222e-05 -2.52785e-05 0.000135268 -0.00230887 -2.81684e-05 0.000231989 -0.00382178 -2.9693e-05
32189 0.000221058 0.00365978 -2.19325e-05 0.00014519 0.0024729 -2.34571e-05 -6.09079e-06 6.96323e-05 -2.6347e-05 0.000141136 -0.00240991 -2.9237e-05 0.000241352 -0.00398 -3.07615e-05
33491.9 0.000230287 0.00381557 -2.29996e-05 0.000150912 0.00257188 -2.45241e-05 -6.43781e-06 6.78456e-05 -2.74141e-05 0.000146991 -0.00251089 -3.03041e-05 0.000250693 -0.00413818 -3.18286e-05
34792.4 0.000239494 0.00397131 -2.40651e-05 0.000156623 0.00267078 -2.55896e-05 -6.78409e-06 6.60621e-05 -2.84796e-05 0.000152835 -0.00261179 -3.13696e-05 0.00026001 -0.00429631 -3.28941e-05
36090.7 0.000248668 0.00412684 -2.51291e-05 0.000162311 0.00276946 -2.66536e-05 -7.08802e-06 6.48001e-05 -2.95436e-05 0.000158676 -0.00271278 -3.24335e-05 0.000269314 -0.00445455 -3.39581e-05
37386.6 0.000257815 0.00428225 -2.61915e-05 0.000167982 0.00286799 -2.7716e-05 -7.37466e-06 6.37469e-05 -3.0606e-05 0.000164509 -0.00281377 -3.3496e-05 0.000278597 -0.0046128 -3.50205e-05
38680.2 0.000266938 0.00443759 -2.72523e-05 0.000173642 0.00296646 -2.87769e-05 -7.66067e-06 6.26957e-05 -3.16668e-05 0.000170329 -0.00291467 -3.45568e-05 0.000287857 -0.004771 -3.60813e-05
39971.3 0.000276038 0.00459288 -2.83115e-05 0.00017929 0.00306484 -2.98361e-05 -7.94604e-06 6.16465e-05 -3.2726e-05 0.000176137 -0.0030155 -3.5616e-05 0.000297093 -0.00492915 -3.71405e-05
41260.1 0.000285113 0.00474809 -2.93691e-05 0.000184924 0.00316313 -3.08936e-05 -8.22654e-06 6.06628e-05 -3.37836e-05 0.000181934 -0.00311627 -3.66736e-05 0.000306305 -0.00508725 -3.81981e-05
42546.3 0.000294154 0.00490308 -3.04251e-05 0.000190537 0.0032612 -3.19496e-05 -8.47466e-06 6.01592e-05 -3.48396e-05 0.000187727 -0.00321711 -3.77295e-05 0.000315501 -0.00524544 -3.92541e-05
43830.1 0.000303171 0.00505801 -3.14793e-05 0.000196137 0.00335918 -3.30039e-05 -8.7222e-06 5.9656e-05 -3.58938e-05 0.000193507 -0.00331786 -3.87838e-05 0.000324673 -0.00540357 -4.03083e-05
45110.5 0.000312159 0.00521278 -3.25314e-05 0.000201721 0.00345703 -3.40559e-05 -8.969e-06 5.9153e-05 -3.69459e-05 0.000199271 -0.00341848 -3.98359e-05 0.000333815 -0.00556156 -4.13604e-05
46114 0.000319472 0.00533893 -3.33952e-05 0.000206243 0.00353636 -3.49197e-05 -9.16876e-06 5.83342e-05 -3.78097e-05 0.000204082 -0.00350233 -4.06997e-05 0.000341394 -0.00569261 -4.22242e-05
47114.9 0.000326757 0.00546484 -3.42573e-05 0.000210747 0.00361549 -3.57818e-05 -9.36841e-06 5.74842e-05 -3.86718e-05 0.000208886 -0.00358616 -4.15618e-05 0.000348955 -0.00582362 -4.30863e-05
48117.6 0.00033401 0.00559058 -3.51203e-05 0.000215221 0.00369433 -3.66448e-05 -9.57036e-06 5.64949e-05 -3.95348e-05 0.000213708 -0.00367046 -4.24248e-05 0.000356531 -0.00595524 -4.39493e-05
49086.6 0.000341035 0.00571267 -3.59605e-05 0.000219543 0.00377068 -3.74851e-05 -9.76782e-06 5.53795e-05 -4.0375e-05 0.000218422 -0.00375298 -4.3265e-05 0.000363923 -0.00608391 -4.47895e-05
49917.9 0.000347352 0.00582207 -3.67039e-05 0.000223474 0.00383956 -3.82285e-05 -9.93208e-06 5.47734e-05 -4.11184e-05 0.000222566 -0.00382521 -4.40084e-05 0.000370432 -0.00619702 -4.55329e-05
50690.7 0.000353371 0.00592617 -3.74058e-05 0.000227242 0.00390534 -3.89303e-05 -1.00817e-05 5.44202e-05 -4.18203e-05 0.00022646 -0.00389295 -4.47102e-05 0.000376557 -0.0063034 -4.62348e-05
51459.4 0.00035936 0.00602992 -3.81047e-05 0.000230994 0.00397088 -3.96292e-05 -1.02304e-05 5.40668e-05 -4.25192e-05 0.000230336 -0.00396045 -4.54092e-05 0.000382652 -0.00640943 -4.69337e-05
52222.6 0.000365288 0.00613282 -3.87989e-05 0.000234702 0.00403578 -4.03234e-05 -1.03791e-05 5.36443e-05 -4.32134e-05 0.000234193 -0.0040277 -4.61033e-05 0.000388708 -0.006515 -4.76279e-05
52965.6 0.000371108 0.00623392 -3.94789e-05 0.000238351 0.00409961 -4.10034e-05 -1.0523e-05 5.32927e-05 -4.38934e-05 0.000237966 -0.00409349 -4.67834e-05 0.000394633 -0.00661838 -4.83079e-05
53622.4 0.000377445 0.00634184 -4.01662e-05 0.000242499 0.00416975 -4.16907e-05 -1.0627e-05 5.46396e-05 -4.45807e-05 0.000241645 -0.00415618 -4.74706e-05 0.000400491 -0.00671903 -4.89952e-05
54110.5 0.000383519 0.00644362 -4.0788e-05 0.000246598 0.00423727 -4.23126e-05 -1.06853e-05 5.70324e-05 -4.52025e-05 0.000244911 -0.00421046 -4.80925e-05 0.000405729 -0.00680761 -4.9617e-05
54463.9 0.000388453 0.00652587 -4.12831e-05 0.000249961 0.0042922 -4.28076e-05 -1.07208e-05 5.92673e-05 -4.56976e-05 0.000247496 -0.004253 -4.85876e-05 0.000409885 -0.00687747 -5.01121e-05
54732.6 0.000393058 0.00660278 -4.1761e-05 0.00025305 0.00434275 -4.32855e-05 -1.07551e-05 6.05285e-05 -4.61755e-05 0.000250146 -0.00429656 -4.90655e-05 0.000414046 -0.00694747 -5.059e-05
54874.9 0.00039697 0.00666827 -4.21887e-05 0.000255603 0.00438467 -4.37133e-05 -1.07857e-05 6.04537e-05 -4.66032e-05 0.000252727 -0.00433889 -4.94932e-05 0.000417975 -0.00701355 -5.10177e-05
54960.1 0.000400426 0.00672599 -4.25692e-05 0.000257851 0.00442143 -4.40937e-05 -1.08087e-05 6.01611e-05 -4.69837e-05 0.000255077 -0.00437726 -4.98737e-05 0.000421523 -0.00707307 -5.13982e-05
55000.9 0.000403528 0.00677768 -4.29129e-05 0.000259861 0.00445418 -4.44374e-05 -1.08258e-05 5.97004e-05 -4.73274e-05 0.000257249 -0.00441256 -5.02174e-05 0.000424775 -0.0071275 -5.17419e-05
55227.7 0.000408161 0.00685553 -4.34112e-05 0.000262916 0.0045045 -4.49357e-05 -1.08643e-05 6.01566e-05 -4.78257e-05 0.000260146 -0.00446034 -5.07156e-05 0.00042924 -0.00720297 -5.22402e-05
55439.4 0.000413063 0.00693738 -4.39211e-05 0.000266207 0.00455811 -4.54456e-05 -1.08913e-05 6.12824e-05 -4.83356e-05 0.000263046 -0.00450769 -5.12256e-05 0.000433746 -0.00727866 -5.27501e-05
55646.9 0.000417923 0.0070186 -4.44268e-05 0.00026947 0.0046113 -4.59514e-05 -1.09177e-05 6.23955e-05 -4.88413e-05 0.000265924 -0.00455469 -5.17313e-05 0.000438214 -0.00735379 -5.32558e-05
55676.6 0.000420816 0.00706576 -4.47043e-05 0.000271489 0.00464305 -4.62288e-05 -1.09064e-05 6.37264e-05 -4.91188e-05 0.00026748 -0.00457904 -5.20088e-05 0.000440645 -0.00739354 -5.35333e-05
55617.1 0.000422803 0.00709706 -4.48719e-05 0.000272949 0.004665 -4.63965e-05 -1.08739e-05 6.53268e-05 -4.92864e-05 0.000268384 -0.00459209 -5.21764e-05 0.000442082 -0.00741584 -5.37009e-05
55510 0.000424852 0.00712847 -4.50232e-05 0.000274525 0.00468794 -4.65477e-05 -1.08213e-05 6.7719e-05 -4.94377e-05 0.000269129 -0.00460174 -5.23277e-05 0.00044331 -0.00743378 -5.38522e-05
55551.7 0.000428911 0.00719444 -4.54005e-05 0.000277399 0.00473289 -4.6925e-05 -1.07984e-05 7.01035e-05 -4.9815e-05 0.000271175 -0.00463343 -5.27049e-05 0.000446547 -0.00748639 -5.42295e-05
55600.1 0.000433032 0.00726168 -4.57899e-05 0.000280297 0.00477843 -4.73144e-05 -1.07796e-05 7.22883e-05 -5.02044e-05 0.000273315 -0.0046668 -5.30944e-05 0.000449914 -0.00754139 -5.46189e-05
55785.3 0.000437898 0.00734348 -4.63064e-05 0.000283538 0.00483152 -4.78309e-05 -1.08087e-05 7.29729e-05 -5.07209e-05 0.000276321 -0.00471605 -5.36108e-05 0.000454537 -0.00761949 -5.51354e-05
55969.4 0.000442756 0.00742527 -4.68224e-05 0.000286775 0.00488458 -4.83469e-05 -1.08375e-05 7.36543e-05 -5.12369e-05 0.000279324 -0.00476529 -5.41269e-05 0.000459153 -0.00769759 -5.56514e-05
56152.6 0.000447609 0.00750704 -4.7338e-05 0.000290009 0.00493761 -4.88626e-05 -1.08662e-05 7.43324e-05 -5.17525e-05 0.000282325 -0.00481452 -5.46425e-05 0.000463765 -0.00777568 -5.6167e-05
56334.7 0.000452454 0.00758879 -4.78533e-05 0.000293239 0.00499062 -4.93778e-05 -1.08947e-05 7.50072e-05 -5.22678e-05 0.000285324 -0.00486374 -5.51578e-05 0.000468372 -0.00785377 -5.66823e-05
56515.7 0.000457293 0.00767052 -4.83681e-05 0.000296466 0.0050436 -4.98926e-05 -1.0923e-05 7.56786e-05 -5.27826e-05 0.000288321 -0.00491295 -5.56726e-05 0.000472973 -0.00793185 -5.71971e-05
56694.3 0.000462112 0.00775199 -4.88809e-05 0.000299681 0.0050964 -5.04054e-05 -1.09507e-05 7.63486e-05 -5.32954e-05 0.000291307 -0.00496198 -5.61854e-05 0.000477555 -0.00800968 -5.77099e-05
56854.6 0.000466762 0.00783055 -4.93735e-05 0.000302793 0.0051474 -5.0898e-05 -1.09741e-05 7.70585e-05 -5.3788e-05 0.000294175 -0.00500899 -5.6678e-05 0.000481955 -0.00808437 -5.82025e-05
57013.8 0.000471409 0.00790914 -4.9866e-05 0.000305903 0.00519839 -5.13905e-05 -1.09973e-05 7.77643e-05 -5.42805e-05 0.000297044 -0.00505601 -5.71704e-05 0.000486354 -0.00815909 -5.8695e-05
57171.8 0.000476049 0.00798768 -5.03579e-05 0.000309009 0.00524934 -5.18825e-05 -1.10202e-05 7.84652e-05 -5.47724e-05 0.00029991 -0.00510302 -5.76624e-05 0.000490747 -0.0082338 -5.91869e-05
57328.6 0.000480681 0.00806618 -5.08494e-05 0.000312111 0.00530025 -5.23739e-05 -1.10428e-05 7.9161e-05 -5.52639e-05 0.000302774 -0.00515001 -5.81539e-05 0.000495134 -0.00830849 -5.96784e-05
57484.1 0.000485305 0.00814465 -5.13404e-05 0.000315209 0.00535112 -5.28649e-05 -1.10653e-05 7.98515e-05 -5.57549e-05 0.000305636 -0.00519698 -5.86449e-05 0.000499517 -0.00838317 -6.01694e-05
57598.7 0.000489427 0.00821459 -5.17807e-05 0.000317963 0.0053963 -5.33052e-05 -1.10836e-05 8.02945e-05 -5.61952e-05 0.00030824 -0.00523965 -5.90851e-05 0.000503481 -0.00845071 -6.06097e-05
57655.9 0.00049347 0.00828238 -5.21958e-05 0.000320718 0.00544071 -5.37204e-05 -1.10828e-05 8.12162e-05 -5.66103e-05 0.000310679 -0.00527887 -5.95003e-05 0.000507205 -0.00851337 -6.10248e-05
57699.5 0.000498004 0.00835777 -5.26433e-05 0.000323867 0.00549082 -5.41679e-05 -1.1052e-05 8.31409e-05 -5.70578e-05 0.00031325 -0.00531958 -5.99478e-05 0.000511163 -0.00857932 -6.14723e-05
57730.9 0.000502913 0.00843899 -5.3117e-05 0.000327313 0.00554526 -5.46415e-05 -1.09863e-05 8.59521e-05 -5.75315e-05 0.000315945 -0.00536179 -6.04214e-05 0.000515326 -0.00864822 -6.1946e-05
57751.2 0.000508031 0.00852342 -5.36044e-05 0.000330928 0.00560207 -5.51289e-05 -1.09062e-05 8.91375e-05 -5.80189e-05 0.000318712 -0.00540479 -6.09088e-05 0.000519604 -0.00871871 -6.24334e-05
57768.1 0.000513647 0.00861623 -5.41471e-05 0.000334871 0.00566413 -5.56716e-05 -1.08255e-05 9.21379e-05 -5.85616e-05 0.00032186 -0.00545385 -6.14515e-05 0.00052443 -0.00879843 -6.29761e-05
57819.5 0.000520214 0.00872597 -5.48172e-05 0.000339371 0.00573592 -5.63418e-05 -1.07781e-05 9.38405e-05 -5.92317e-05 0.000325912 -0.00551824 -6.21217e-05 0.000530546 -0.00890083 -6.36462e-05
57907.3 0.000525224 0.00881288 -5.54204e-05 0.000342513 0.00578882 -5.69449e-05 -1.08688e-05 9.05903e-05 -5.98349e-05 0.000329927 -0.00558508 -6.27249e-05 0.000536395 -0.00900223 -6.42494e-05
57978 0.000530238 0.00890033 -5.60433e-05 0.000345598 0.00584115 -5.75679e-05 -1.09815e-05 8.62396e-05 -6.04578e-05 0.000334181 -0.00565619 -6.33478e-05 0.000542538 -0.00910914 -6.48723e-05
58032.9 0.000535247 0.00898809 -5.66822e-05 0.000348628 0.00589289 -5.82067e-05 -1.10968e-05 8.11898e-05 -6.10967e-05 0.00033864 -0.00573093 -6.39867e-05 0.000548926 -0.0092207 -6.55112e-05
58188.4 0.000540033 0.00907014 -5.71916e-05 0.000351853 0.00594594 -5.87161e-05 -1.11124e-05 8.18713e-05 -6.16061e-05 0.000341632 -0.0057801 -6.44961e-05 0.000553474 -0.00929898 -6.60206e-05
58343.2 0.000544807 0.00915207 -5.76999e-05 0.000355071 0.00599891 -5.92244e-05 -1.11257e-05 8.25855e-05 -6.21144e-05 0.000344619 -0.0058292 -6.50044e-05 0.00055801 -0.00937715 -6.65289e-05
58498.7 0.000549577 0.00923403 -5.82079e-05 0.000358288 0.00605189 -5.97324e-05 -1.11319e-05 8.34271e-05 -6.26224e-05 0.000347601 -0.00587824 -6.55124e-05 0.000562538 -0.00945528 -6.70369e-05
58653 0.000554342 0.009316 -5.87152e-05 0.000361505 0.00610488 -6.02397e-05 -1.11373e-05 8.42901e-05 -6.31297e-05 0.000350577 -0.00592721 -6.60197e-05 0.000567057 -0.00953333 -6.75442e-05
58806.5 0.000559041 0.00939675 -5.9212e-05 0.000364689 0.00615721 -6.07366e-05 -1.11364e-05 8.52922e-05 -6.36265e-05 0.000353486 -0.00597492 -6.65165e-05 0.000571474 -0.00960954 -6.8041e-05
58959.6 0.000563717 0.00947715 -5.97056e-05 0.000367863 0.00620934 -6.12302e-05 -1.11337e-05 8.63364e-05 -6.41201e-05 0.000356372 -0.00602226 -6.70101e-05 0.000575859 -0.00968522 -6.85346e-05
59112.5 0.000568387 0.00955756 -6.01989e-05 0.000371034 0.00626147 -6.17235e-05 -1.1131e-05 8.73799e-05 -6.46134e-05 0.000359257 -0.00606959 -6.75034e-05 0.000580238 -0.00976091 -6.90279e-05
59265.5 0.000573045 0.00963787 -6.06916e-05 0.000374196 0.0063135 -6.22161e-05 -1.11287e-05 8.84062e-05 -6.51061e-05 0.000362137 -0.00611691 -6.7996e-05 0.00058461 -0.00983657 -6.95206e-05
59418.2 0.000577687 0.00971804 -6.1183e-05 0.000377349 0.00636542 -6.27075e-05 -1.11267e-05 8.94305e-05 -6.55975e-05 0.000365009 -0.00616411 -6.84875e-05 0.000588966 -0.00991209 -7.0012e-05
59570.5 0.000582301 0.00979786 -6.16721e-05 0.000380483 0.0064171 -6.31967e-05 -1.11256e-05 9.04497e-05 -6.60866e-05 0.000367863 -0.00621109 -6.89766e-05 0.000593297 -0.00998728 -7.05011e-05
59722.8 0.00058691 0.0098777 -6.2161e-05 0.000383614 0.00646877 -6.36855e-05 -1.11245e-05 9.14703e-05 -6.65755e-05 0.000370715 -0.00625806 -6.94654e-05 0.000597622 -0.0100625 -7.099e-05
59874.6 0.000591476 0.00995697 -6.26462e-05 0.000386717 0.00652006 -6.41707e-05 -1.11248e-05 9.24835e-05 -6.70607e-05 0.00037354 -0.00630467 -6.99507e-05 0.000601908 -0.0101371 -7.14752e-05
60022.7 0.000596027 0.0100355 -6.31127e-05 0.000389864 0.00657163 -6.46373e-05 -1.11022e-05 9.43876e-05 -6.75272e-05 0.000376174 -0.0063477 -7.04172e-05 0.000605948 -0.0102071 -7.19417e-05
60165.9 0.000600519 0.0101126 -6.35526e-05 0.000393039 0.00662315 -6.50771e-05 -1.10527e-05 9.73823e-05 -6.79671e-05 0.000378545 -0.00638593 -7.0857e-05 0.000609649 -0.0102707 -7.23816e-05
60308.3 0.000604987 0.0101893 -6.39899e-05 0.000396199 0.00667444 -6.55145e-05 -1.10032e-05 0.000100383 -6.84044e-05 0.0003809 -0.0064239 -7.12944e-05 0.000613325 -0.0103338 -7.28189e-05
60449.2 0.000609419 0.0102655 -6.44229e-05 0.000399338 0.00672543 -6.59474e-05 -1.09526e-05 0.000103438 -6.88374e-05 0.000383221 -0.00646132 -7.17273e-05 0.000616953 -0.0103962 -7.32519e-05
60586.1 0.000613779 0.01034 -6.48327e-05 0.000402479 0.00677604 -6.63572e-05 -1.0821e-05 0.00010813 -6.92472e-05 0.000385332 -0.00649489 -7.21372e-05 0.000620304 -0.0104534 -7.36617e-05
60722.6 0.000618132 0.0104145 -6.52422e-05 0.000405616 0.0068266 -6.67668e-05 -1.06762e-05 0.000112993 -6.96567e-05 0.000387442 -0.00652846 -7.25467e-05 0.000623652 -0.0105106 -7.40712e-05
60859.2 0.000622486 0.0104891 -6.56519e-05 0.000408755 0.00687722 -6.71765e-05 -1.05311e-05 0.000117864 -7.00664e-05 0.000389554 -0.00656205 -7.29564e-05 0.000627 -0.0105678 -7.44809e-05
60995.3 0.00062681 0.0105633 -6.60584e-05 0.000411875 0.0069276 -6.75829e-05 -1.03855e-05 0.00012278 -7.04729e-05 0.000391637 -0.00659521 -7.33629e-05 0.00063031 -0.0106244 -7.48874e-05
61131.4 0.000631129 0.0106376 -6.64645e-05 0.000414993 0.00697797 -6.79891e-05 -1.02397e-05 0.000127702 -7.0879e-05 0.000393718 -0.00662835 -7.3769e-05 0.000633616 -0.010681 -7.52935e-05
135.076 0.000635425 0.0107115 -6.68686e-05 0.000418097 0.00702813 -6.83931e-05 -1.00939e-05 0.000132614 -7.12831e-05 0.000395787 -0.00666131 -7.4173e-05 0.000636902 -0.0107373 -7.56976e-05
266.8 0.000639646 0.0107841 -6.72662e-05 0.000421146 0.00707741 -6.87908e-05 -9.88062e-06 0.000138201 -7.16807e-05 0.000397833 -0.00669388 -7.45707e-05 0.000640144 -0.0107928 -7.60952e-05
398.947 0.000643869 0.0108569 -6.76646e-05 0.000424195 0.00712673 -6.91892e-05 -9.64176e-06 0.000144064 -7.20791e-05 0.000399886 -0.00672659 -7.49691e-05 0.000643394 -0.0108486 -7.64936e-05
535.999 0.000648197 0.0109316 -6.80736e-05 0.000427322 0.00717735 -6.95982e-05 -9.39779e-06 0.000150065 -7.24881e-05 0.000401992 -0.00676018 -7.53781e-05 0.000646729 -0.0109059 -7.69026e-05
673.04 0.000652526 0.0110065 -6.84828e-05 0.00043045 0.00722803 -7.00073e-05 -9.15292e-06 0.000156085 -7.28973e-05 0.000404099 -0.00679377 -7.57873e-05 0.000650062 -0.0109632 -7.73118e-05
-2914.92 0.00062795 0.0106055 -6.55715e-05 0.000415735 0.00697729 -6.7096e-05 -7.40839e-06 0.000174741 -6.9986e-05 0.000387287 -0.00651137 -7.2876e-05 0.00062339 -0.0105305 -7.44005e-05
-2490.81 0.000631659 0.0106644 -6.59717e-05 0.000418088 0.00701553 -6.74962e-05 -7.52662e-06 0.000174543 -7.03862e-05 0.000389526 -0.00654787 -7.32762e-05 0.000626985 -0.0105877 -7.48007e-05
-2127.02 0.000635048 0.0107179 -6.63304e-05 0.000420262 0.00705052 -6.7855e-05 -7.59592e-06 0.00017494 -7.07449e-05 0.00039152 -0.00658016 -7.36349e-05 0.000630195 -0.0106385 -7.51594e-05
-1888.89 0.000637498 0.0107567 -6.66012e-05 0.000421795 0.00707536 -6.81258e-05 -7.71177e-06 0.000173913 -7.10157e-05 0.000393123 -0.00660604 -7.39057e-05 0.000632714 -0.0106784 -7.54302e-05
-1371.79 0.000641861 0.0108269 -6.71047e-05 0.000424453 0.00711955 -6.86292e-05 -7.9751e-06 0.000171032 -7.15192e-05 0.000396103 -0.0066551 -7.44091e-05 0.000637399 -0.0107534 -7.59337e-05
-934.636 0.000646362 0.0108969 -6.75453e-05 0.000427462 0.00716683 -6.90699e-05 -7.91538e-06 0.000174546 -7.19598e-05 0.000398387 -0.00669143 -7.48498e-05 0.000641176 -0.0108124 -7.63743e-05
-633.472 0.000652482 0.0109886 -6.80597e-05 0.00043184 0.00723194 -6.95843e-05 -7.30403e-06 0.000187012 -7.24742e-05 0.000400855 -0.00672769 -7.53642e-05 0.000645389 -0.0108752 -7.68887e-05
-364.052 0.000658375 0.0110858 -6.86311e-05 0.000435912 0.00729766 -7.01556e-05 -7.00089e-06 0.0001936 -7.30456e-05 0.000404019 -0.00677549 -7.59356e-05 0.000650488 -0.0109525 -7.74601e-05
-96.436 0.000664032 0.0111854 -6.91973e-05 0.00043991 0.00736377 -7.07218e-05 -6.69074e-06 0.00020033 -7.36118e-05 0.00040712 -0.0068231 -7.65018e-05 0.000655335 -0.0110324 -7.80263e-05
169.672 0.000669683 0.0112849 -6.97605e-05 0.000443913 0.00743003 -7.12851e-05 -6.36391e-06 0.000207399 -7.4175e-05 0.000410084 -0.00687165 -7.7065e-05 0.00065997 -0.0111138 -7.85895e-05
432.661 0.000675301 0.0113841 -7.03205e-05 0.000447895 0.007496 -7.1845e-05 -6.03579e-06 0.000214477 -7.4735e-05 0.000413023 -0.00691991 -7.76249e-05 0.000664574 -0.0111948 -7.91495e-05
694.563 0.000680899 0.011483 -7.08786e-05 0.000451866 0.00756184 -7.24031e-05 -5.7069e-06 0.000221563 -7.52931e-05 0.00041595 -0.006968 -7.81831e-05 0.000669158 -0.0112755 -7.97076e-05
955.208 0.000686469 0.0115816 -7.14343e-05 0.00045582 0.00762743 -7.29588e-05 -5.37835e-06 0.000228638 -7.58488e-05 0.000418862 -0.00701588 -7.87388e-05 0.000673717 -0.0113559 -8.02633e-05
1214.49 0.000692011 0.0116799 -7.19876e-05 0.000459757 0.00769281 -7.35122e-05 -5.04995e-06 0.000235704 -7.64021e-05 0.00042176 -0.00706356 -7.92921e-05 0.000678254 -0.011436 -8.08166e-05
1361.49 0.000696305 0.0117553 -7.23991e-05 0.000462862 0.00774356 -7.39236e-05 -4.70255e-06 0.000242585 -7.68136e-05 0.000423885 -0.0070977 -7.97036e-05 0.0006816 -0.0114942 -8.12281e-05
1484.27 0.000700328 0.0118256 -7.27798e-05 0.000465787 0.00779115 -7.43043e-05 -4.35055e-06 0.000249436 -7.71943e-05 0.000425842 -0.0071289 -8.00842e-05 0.000684687 -0.0115476 -8.16088e-05
1606.86 0.000704335 0.0118958 -7.31593e-05 0.000468701 0.00783862 -7.46838e-05 -3.99958e-06 0.000256269 -7.75738e-05 0.000427792 -0.00716001 -8.04638e-05 0.000687763 -0.0116009 -8.19883e-05
1729.37 0.000708328 0.0119659 -7.35384e-05 0.000471604 0.00788593 -7.50629e-05 -3.57432e-06 0.000263584 -7.79529e-05 0.000429747 -0.0071912 -8.08429e-05 0.000690841 -0.0116544 -8.23674e-05
1851.8 0.000712312 0.0120359 -7.39171e-05 0.000474501 0.00793317 -7.54417e-05 -3.11799e-06 0.000271106 -7.83316e-05 0.000431702 -0.00722242 -8.12216e-05 0.000693917 -0.0117078 -8.27461e-05
1957.84 0.00071527 0.0120886 -7.42173e-05 0.000476595 0.00796796 -7.57418e-05 -2.91317e-06 0.0002747 -7.86318e-05 0.000433332 -0.00724919 -8.15218e-05 0.000696428 -0.0117522 -8.30463e-05
2061.4 0.000717978 0.0121372 -7.44986e-05 0.000478493 0.00799972 -7.60231e-05 -2.77063e-06 0.000277329 -7.89131e-05 0.000434883 -0.0072749 -8.18031e-05 0.000698803 -0.0117946 -8.33276e-05
2164.34 0.00072067 0.0121856 -7.47782e-05 0.00048038 0.00803132 -7.63027e-05 -2.62821e-06 0.000279953 -7.91927e-05 0.000436425 -0.00730045 -8.20826e-05 0.000701162 -0.0118367 -8.36072e-05
2266.62 0.000723347 0.0122337 -7.50564e-05 0.000482257 0.00806277 -7.65809e-05 -2.48624e-06 0.000282568 -7.94709e-05 0.000437959 -0.00732587 -8.23608e-05 0.000703508 -0.0118786 -8.38854e-05
2368.73 0.000726008 0.0122816 -7.5333e-05 0.000484124 0.00809406 -7.68576e-05 -2.34513e-06 0.000285168 -7.97475e-05 0.000439483 -0.00735116 -8.26375e-05 0.00070584 -0.0119203 -8.4162e-05
2470.45 0.00072865 0.0123292 -7.56079e-05 0.000485978 0.00812514 -7.71324e-05 -2.20504e-06 0.000287751 -8.00224e-05 0.000440998 -0.00737629 -8.29124e-05 0.000708156 -0.0119617 -8.44369e-05
2571.83 0.000731272 0.0123764 -7.58808e-05 0.000487817 0.00815601 -7.74053e-05 -2.06639e-06 0.000290311 -8.02953e-05 0.0004425 -0.00740124 -8.31852e-05 0.000710454 -0.0120028 -8.47098e-05
2672.86 0.000733875 0.0124234 -7.61519e-05 0.000489645 0.00818669 -7.76765e-05 -1.92873e-06 0.000292854 -8.05664e-05 0.000443993 -0.00742603 -8.34564e-05 0.000712736 -0.0120437 -8.49809e-05
2773.51 0.000736458 0.0124701 -7.64212e-05 0.000491458 0.00821716 -7.79457e-05 -1.79214e-06 0.000295379 -8.08357e-05 0.000445475 -0.00745066 -8.37256e-05 0.000715 -0.0120843 -8.52502e-05
2873.84 0.000739021 0.0125164 -7.66885e-05 0.000493259 0.00824741 -7.8213e-05 -1.65672e-06 0.000297885 -8.1103e-05 0.000446946 -0.00747511 -8.3993e-05 0.000717248 -0.0121247 -8.55175e-05
2973.6 0.000741561 0.0125624 -7.69536e-05 0.000495043 0.00827742 -7.84781e-05 -1.52255e-06 0.000300369 -8.13681e-05 0.000448404 -0.00749936 -8.4258e-05 0.000719475 -0.0121647 -8.57826e-05
3072.99 0.000744079 0.0126081 -7.72164e-05 0.000496812 0.00830718 -7.8741e-05 -1.38978e-06 0.00030283 -8.16309e-05 0.000449849 -0.00752341 -8.45209e-05 0.000721683 -0.0122044 -8.60454e-05
3171.91 0.000746573 0.0126533 -7.7477e-05 0.000498564 0.00833668 -7.90015e-05 -1.25852e-06 0.000305266 -8.18915e-05 0.000451281 -0.00754725 -8.47814e-05 0.00072387 -0.0122438 -8.6306e-05
3270.34 0.00074904 0.0126981 -7.77349e-05 0.000500298 0.00836589 -7.92595e-05 -1.12892e-06 0.000307675 -8.21494e-05 0.000452698 -0.00757087 -8.50394e-05 0.000726034 -0.0122828 -8.65639e-05
3368.21 0.000751479 0.0127424 -7.79902e-05 0.000502013 0.00839479 -7.95147e-05 -1.00129e-06 0.00031005 -8.24047e-05 0.000454101 -0.00759424 -8.52947e-05 0.000728175 -0.0123214 -8.68192e-05
3465.52 0.000753886 0.0127863 -7.82423e-05 0.000503705 0.00842334 -7.97668e-05 -8.75893e-07 0.00031239 -8.26568e-05 0.000455485 -0.00761732 -8.55468e-05 0.000730287 -0.0123595 -8.70713e-05
3562.2 0.000756262 0.0128295 -7.84914e-05 0.000505376 0.00845153 -8.00159e-05 -7.52636e-07 0.000314694 -8.29059e-05 0.000456852 -0.00764014 -8.57958e-05 0.000732373 -0.0123972 -8.73204e-05
3653.48 0.0007583 0.012867 -7.87131e-05 0.000506784 0.00847561 -8.02377e-05 -7.04026e-07 0.000315831 -8.31276e-05 0.000458098 -0.00766123 -8.60176e-05 0.000734257 -0.0124316 -8.75421e-05
3151.59 0.000749755 0.0127379 -7.79901e-05 0.000500665 0.00838438 -7.95147e-05 -1.84207e-06 0.000296354 -8.24046e-05 0.000454644 -0.00761026 -8.52946e-05 0.000728364 -0.0123431 -8.68191e-05
3041.28 0.000749049 0.0127242 -7.78213e-05 0.000500528 0.00837945 -7.93458e-05 -1.12398e-06 0.000306891 -8.22358e-05 0.000453209 -0.00758572 -8.51258e-05 0.000726363 -0.0123097 -8.66503e-05
3141.26 0.000750181 0.0127416 -7.79187e-05 0.000501334 0.00839168 -7.94432e-05 -9.82672e-07 0.000309484 -8.23332e-05 0.000453646 -0.00759238 -8.52231e-05 0.000727128 -0.0123214 -8.67477e-05
3255.52 0.000751353 0.0127599 -7.80325e-05 0.000502124 0.00840404 -7.9557e-05 -9.33203e-07 0.000310733 -8.2447e-05 0.000454232 -0.00760166 -8.53369e-05 0.000728098 -0.0123366 -8.68615e-05
3369.62 0.000752522 0.0127781 -7.81459e-05 0.000502912 0.00841637 -7.96704e-05 -8.83759e-07 0.00031198 -8.25604e-05 0.000454816 -0.00761091 -8.54504e-05 0.000729064 -0.0123517 -8.69749e-05
3470.33 0.000753379 0.0127919 -7.82394e-05 0.000503454 0.00842522 -7.97639e-05 -9.23939e-07 0.000311803 -8.26539e-05 0.000455341 -0.00761949 -8.55439e-05 0.000729904 -0.0123652 -8.70684e-05
3570.58 0.000754229 0.0128055 -7.83325e-05 0.000503992 0.008434 -7.9857e-05 -9.6573e-07 0.000311599 -8.2747e-05 0.000455865 -0.00762806 -8.56369e-05 0.000730741 -0.0123786 -8.71615e-05
3670.96 0.000755079 0.0128191 -7.84255e-05 0.000504529 0.00844277 -7.995e-05 -1.00756e-06 0.000311395 -8.284e-05 0.000456388 -0.00763662 -8.573e-05 0.000731578 -0.012392 -8.72545e-05
3771.39 0.00075593 0.0128328 -7.85186e-05 0.000505067 0.00845155 -8.00431e-05 -1.04941e-06 0.000311191 -8.29331e-05 0.000456912 -0.00764519 -8.58231e-05 0.000732415 -0.0124054 -8.73476e-05
3871.84 0.00075678 0.0128464 -7.86117e-05 0.000505605 0.00846034 -8.01362e-05 -1.09127e-06 0.000310987 -8.30262e-05 0.000457434 -0.00765376 -8.59162e-05 0.000733251 -0.0124188 -8.74407e-05
3972.4 0.00075763 0.0128601 -7.87046e-05 0.000506144 0.00846916 -8.02291e-05 -1.12983e-06 0.000310841 -8.31191e-05 0.000457937 -0.00766248 -8.6009e-05 0.000734055 -0.0124325 -8.75336e-05
4072.68 0.000758409 0.0128746 -7.87966e-05 0.000506654 0.00847826 -8.03211e-05 -1.16899e-06 0.000310684 -8.32111e-05 0.000458423 -0.00767136 -8.61011e-05 0.000734803 -0.012447 -8.76256e-05
4172.93 0.000759162 0.0128893 -7.88877e-05 0.000507149 0.00848741 -8.04122e-05 -1.20919e-06 0.000310509 -8.33022e-05 0.000458904 -0.00768016 -8.61921e-05 0.000735544 -0.0124613 -8.77167e-05
4272.94 0.000759912 0.0129039 -7.89785e-05 0.000507642 0.00849654 -8.0503e-05 -1.24931e-06 0.000310334 -8.3393e-05 0.000459384 -0.00768894 -8.6283e-05 0.000736281 -0.0124755 -8.78075e-05
4373.16 0.000760663 0.0129186 -7.90694e-05 0.000508135 0.00850567 -8.05939e-05 -1.28951e-06 0.00031016 -8.34839e-05 0.000459864 -0.00769772 -8.63738e-05 0.00073702 -0.0124898 -8.78984e-05
4473.38 0.000761414 0.0129332 -7.91602e-05 0.000508629 0.0085148 -8.06848e-05 -1.3297e-06 0.000309985 -8.35747e-05 0.000460343 -0.00770651 -8.64647e-05 0.000737758 -0.0125041 -8.79892e-05
4573.59 0.000762164 0.0129478 -7.92511e-05 0.000509122 0.00852393 -8.07756e-05 -1.3699e-06 0.000309811 -8.36656e-05 0.000460823 -0.00771529 -8.65556e-05 0.000738495 -0.0125183 -8.80801e-05
4662.02 0.000763971 0.0129814 -7.94532e-05 0.000510357 0.00854526 -8.09778e-05 -1.36304e-06 0.000310285 -8.38677e-05 0.000461976 -0.007735 -8.67577e-05 0.000740226 -0.0125502 -8.82822e-05
4749.82 0.000765796 0.0130153 -7.9658e-05 0.000511601 0.00856677 -8.11826e-05 -1.36125e-06 0.000310684 -8.40725e-05 0.000463148 -0.00775504 -8.69625e-05 0.000741982 -0.0125826 -8.8487e-05
4837.62 0.000767618 0.0130492 -7.98627e-05 0.000512844 0.00858828 -8.13872e-05 -1.35936e-06 0.000311085 -8.42772e-05 0.000464319 -0.00777507 -8.71671e-05 0.000743736 -0.012615 -8.86917e-05
4925.42 0.000769439 0.0130831 -8.00672e-05 0.000514087 0.00860978 -8.15918e-05 -1.35751e-06 0.000311487 -8.44817e-05 0.000465489 -0.0077951 -8.73717e-05 0.000745489 -0.0126473 -8.88962e-05
5013.19 0.000771259 0.0131171 -8.02717e-05 0.000515329 0.00863129 -8.17963e-05 -1.35526e-06 0.000311896 -8.46862e-05 0.000466658 -0.00781511 -8.75762e-05 0.00074724 -0.0126797 -8.91007e-05
5100.95 0.000773078 0.013151 -8.04762e-05 0.000516572 0.0086528 -8.20007e-05 -1.35278e-06 0.000312309 -8.48907e-05 0.000467826 -0.00783512 -8.77806e-05 0.000748989 -0.012712 -8.93052e-05
5188.71 0.000774896 0.0131849 -8.06806e-05 0.000517814 0.00867432 -8.22052e-05 -1.35025e-06 0.000312722 -8.50951e-05 0.000468994 -0.00785514 -8.79851e-05 0.000750739 -0.0127444 -8.95096e-05
5276.45 0.000776714 0.0132189 -8.08851e-05 0.000519055 0.00869584 -8.24096e-05 -1.3478e-06 0.000313135 -8.52996e-05 0.000470162 -0.00787515 -8.81896e-05 0.000752487 -0.0127768 -8.97141e-05
5364.21 0.000778528 0.0132528 -8.10893e-05 0.000520295 0.00871733 -8.26139e-05 -1.34585e-06 0.000313539 -8.55038e-05 0.000471329 -0.00789516 -8.83938e-05 0.000754233 -0.0128092 -8.99183e-05
5451.81 0.000780341 0.0132867 -8.12934e-05 0.000521534 0.00873881 -8.2818e-05 -1.34382e-06 0.000313944 -8.57079e-05 0.000472495 -0.00791515 -8.85979e-05 0.000755978 -0.0128415 -9.01224e-05
5539.48 0.000782153 0.0133206 -8.14976e-05 0.000522772 0.0087603 -8.30221e-05 -1.34176e-06 0.000314349 -8.59121e-05 0.000473661 -0.00793516 -8.88021e-05 0.000757722 -0.0128739 -9.03266e-05
5627.14 0.000783964 0.0133546 -8.17017e-05 0.000524011 0.00878179 -8.32262e-05 -1.33965e-06 0.000314755 -8.61162e-05 0.000474827 -0.00795516 -8.90062e-05 0.000759466 -0.0129063 -9.05307e-05
5714.8 0.000785775 0.0133885 -8.19058e-05 0.000525249 0.00880328 -8.34304e-05 -1.33748e-06 0.000315162 -8.63203e-05 0.000475993 -0.00797516 -8.92103e-05 0.000761208 -0.0129386 -9.07348e-05
5802.47 0.000787584 0.0134225 -8.21099e-05 0.000526487 0.00882478 -8.36345e-05 -1.33525e-06 0.00031557 -8.65244e-05 0.000477158 -0.00799517 -8.94144e-05 0.00076295 -0.012971 -9.09389e-05
5890.07 0.000789393 0.0134564 -8.23139e-05 0.000527725 0.00884628 -8.38385e-05 -1.33294e-06 0.000315979 -8.67284e-05 0.000478322 -0.00801517 -8.96184e-05 0.000764691 -0.0130034 -9.11429e-05
5977.7 0.0007912 0.0134904 -8.2518e-05 0.000528962 0.00886777 -8.40425e-05 -1.3306e-06 0.000316388 -8.69325e-05 0.000479487 -0.00803517 -8.98224e-05 0.00076643 -0.0130358 -9.1347e-05
6062.11 0.0007924 0.0135135 -8.27049e-05 0.00052962 0.0088798 -8.42294e-05 -1.71846e-06 0.000309971 -8.71194e-05 0.000480968 -0.0080608 -9.00093e-05 0.000768418 -0.0130731 -9.15339e-05
6145.16 0.000793343 0.0135321 -8.28846e-05 0.000530034 0.00888783 -8.44091e-05 -2.2706e-06 0.000300682 -8.72991e-05 0.000482583 -0.00808881 -9.0189e-05 0.000770509 -0.0131126 -9.17136e-05
6228.21 0.000794283 0.0135507 -8.30642e-05 0.000530447 0.00889583 -8.45887e-05 -2.82396e-06 0.000291372 -8.74787e-05 0.000484199 -0.00811684 -9.03687e-05 0.0007726 -0.013152 -9.18932e-05
6311.22 0.000795222 0.0135692 -8.32438e-05 0.000530858 0.0089038 -8.47683e-05 -3.37846e-06 0.000282042 -8.76583e-05 0.000485815 -0.00814489 -9.05482e-05 0.000774691 -0.0131915 -9.20728e-05
6394.21 0.000796159 0.0135877 -8.34233e-05 0.000531267 0.00891174 -8.49478e-05 -3.93418e-06 0.000272691 -8.78378e-05 0.000487432 -0.00817297 -9.07277e-05 0.000776781 -0.013231 -9.22523e-05
6477.22 0.000797087 0.0136061 -8.36028e-05 0.000531667 0.00891954 -8.51274e-05 -4.39402e-06 0.000263978 -8.80173e-05 0.000489056 -0.0082012 -9.09073e-05 0.000778879 -0.0132706 -9.24318e-05
6560.21 0.00079801 0.0136244 -8.37824e-05 0.000532063 0.00892728 -8.53069e-05 -4.8209e-06 0.000255477 -8.81969e-05 0.000490684 -0.00822949 -9.10868e-05 0.000780979 -0.0133104 -9.26114e-05
6643.18 0.000798932 0.0136426 -8.39618e-05 0.000532457 0.00893498 -8.54864e-05 -5.24866e-06 0.000246957 -8.83763e-05 0.000492312 -0.00825781 -9.12663e-05 0.000783078 -0.0133502 -9.27908e-05
6726.12 0.000799851 0.0136608 -8.41412e-05 0.000532849 0.00894265 -8.56657e-05 -5.6773e-06 0.000238419 -8.85557e-05 0.000493941 -0.00828614 -9.14457e-05 0.000785176 -0.01339 -9.29702e-05
6808.37 0.000800765 0.013679 -8.43199e-05 0.000533238 0.00895026 -8.58444e-05 -6.10516e-06 0.000229892 -8.87344e-05 0.000495565 -0.00831441 -9.16243e-05 0.000787268 -0.0134297 -9.31489e-05
6890.47 0.000801676 0.013697 -8.44983e-05 0.000533625 0.00895784 -8.60229e-05 -6.5336e-06 0.000221353 -8.89128e-05 0.000497188 -0.00834267 -9.18028e-05 0.000789357 -0.0134694 -9.33273e-05
6972.55 0.000802584 0.0137151 -8.46767e-05 0.00053401 0.00896539 -8.62012e-05 -6.96297e-06 0.000212793 -8.90912e-05 0.000498812 -0.00837096 -9.19812e-05 0.000791446 -0.0135091 -9.35057e-05
7053.62 0.000803303 0.0137297 -8.48498e-05 0.000534215 0.00896997 -8.63743e-05 -7.4838e-06 0.000202332 -8.92643e-05 0.000500534 -0.00840101 -9.21542e-05 0.000793611 -0.0135504 -9.36788e-05
7133.37 0.000803772 0.0137399 -8.50157e-05 0.00053418 0.00897063 -8.65403e-05 -8.12602e-06 0.000189346 -8.94302e-05 0.000502387 -0.00843341 -9.23202e-05 0.000795877 -0.0135937 -9.38447e-05
7213.17 0.000804231 0.0137499 -8.5182e-05 0.000534135 0.00897113 -8.67066e-05 -8.63184e-06 0.000177568 -8.95965e-05 0.000504251 -0.00846604 -9.24865e-05 0.000798154 -0.0136373 -9.4011e-05
7292.97 0.000804685 0.0137599 -8.53484e-05 0.000534084 0.00897153 -8.6873e-05 -9.06937e-06 0.000166389 -8.97629e-05 0.000506122 -0.00849879 -9.26529e-05 0.000800437 -0.0136811 -9.41774e-05
7372.76 0.000805137 0.0137697 -8.55148e-05 0.000534031 0.0089719 -8.70393e-05 -9.50745e-06 0.000155196 -8.99293e-05 0.000507993 -0.00853156 -9.28192e-05 0.000802719 -0.0137249 -9.43438e-05
7452.53 0.000805587 0.0137796 -8.5681e-05 0.000533977 0.00897224 -8.72055e-05 -9.94609e-06 0.000143987 -9.00955e-05 0.000509865 -0.00856436 -9.29855e-05 0.000805 -0.0137687 -9.451e-05
7532.12 0.000806031 0.0137893 -8.58471e-05 0.000533916 0.00897248 -8.73717e-05 -1.03265e-05 0.000133417 -9.02616e-05 0.00051174 -0.00859724 -9.31516e-05 0.000807284 -0.0138126 -9.46761e-05
7611.74 0.000806465 0.0137989 -8.60136e-05 0.000533844 0.00897254 -8.75381e-05 -1.05864e-05 0.000124158 -9.04281e-05 0.000513627 -0.00863035 -9.3318e-05 0.000809579 -0.0138568 -9.48426e-05
7690.78 0.000806896 0.0138084 -8.61794e-05 0.000533772 0.00897258 -8.77039e-05 -1.08457e-05 0.000114918 -9.05939e-05 0.000515509 -0.00866339 -9.34838e-05 0.000811867 -0.0139009 -9.50084e-05
7769.6 0.000807325 0.0138179 -8.63449e-05 0.000533697 0.00897258 -8.78695e-05 -1.11046e-05 0.000105681 -9.07594e-05 0.000517389 -0.0086964 -9.36494e-05 0.000814151 -0.013945 -9.51739e-05
7848.48 0.000807741 0.0138272 -8.6511e-05 0.000533609 0.00897236 -8.80355e-05 -1.12274e-05 9.82321e-05 -9.09255e-05 0.000519286 -0.00872974 -9.38154e-05 0.000816451 -0.0139894 -9.534e-05
7927.33 0.000808156 0.0138364 -8.66769e-05 0.000533519 0.00897211 -8.82014e-05 -1.13503e-05 9.07736e-05 -9.10914e-05 0.000521183 -0.0087631 -9.39814e-05 0.000818751 -0.0140339 -9.55059e-05
8006.17 0.000808566 0.0138456 -8.68428e-05 0.000533424 0.0089718 -8.83674e-05 -1.14544e-05 8.36078e-05 -9.12573e-05 0.000523084 -0.00879653 -9.41473e-05 0.000821053 -0.0140784 -9.56718e-05
78.8965 0.000808968 0.0138546 -8.70091e-05 0.00053332 0.00897132 -8.85336e-05 -1.14815e-05 7.76578e-05 -9.14236e-05 0.000524996 -0.00883019 -9.43136e-05 0.000823366 -0.0141232 -9.58381e-05
157.758 0.000809368 0.0138636 -8.71753e-05 0.000533214 0.00897082 -8.86998e-05 -1.15087e-05 7.16992e-05 -9.15898e-05 0.000526908 -0.00886387 -9.44797e-05 0.000825678 -0.0141681 -9.60043e-05
236.6 0.000809765 0.0138725 -8.73414e-05 0.000533106 0.00897028 -8.88659e-05 -1.15359e-05 6.57316e-05 -9.17559e-05 0.00052882 -0.00889758 -9.46458e-05 0.000827989 -0.014213 -9.61704e-05
315.424 0.000810161 0.0138814 -8.75074e-05 0.000532996 0.00896971 -8.90319e-05 -1.15634e-05 5.97532e-05 -9.19219e-05 0.000530733 -0.00893132 -9.48119e-05 0.0008303 -0.0142579 -9.63364e-05
394.228 0.000810554 0.0138903 -8.76733e-05 0.000532884 0.0089691 -8.91979e-05 -1.15911e-05 5.37634e-05 -9.20878e-05 0.000532647 -0.00896507 -9.49778e-05 0.000832609 -0.0143029 -9.65023e-05
473.013 0.000810945 0.0138991 -8.78392e-05 0.00053277 0.00896846 -8.93637e-05 -1.16189e-05 4.7764e-05 -9.22537e-05 0.00053456 -0.00899886 -9.51436e-05 0.000834918 -0.0143479 -9.66682e-05
551.778 0.000811333 0.0139079 -8.80049e-05 0.000532654 0.00896779 -8.95295e-05 -1.16467e-05 4.17549e-05 -9.24194e-05 0.000536474 -0.00903267 -9.53094e-05 0.000837226 -0.0143929 -9.68339e-05
627.768 0.000811715 0.0139165 -8.81679e-05 0.000532539 0.00896711 -8.96925e-05 -1.16738e-05 3.58366e-05 -9.25824e-05 0.000538358 -0.00906595 -9.54724e-05 0.000839497 -0.0144372 -9.69969e-05
697.582 0.000812086 0.0139248 -8.83247e-05 0.000532432 0.00896645 -8.98493e-05 -1.1699e-05 3.01368e-05 -9.27392e-05 0.000540175 -0.00909802 -9.56292e-05 0.000841684 -0.0144799 -9.71537e-05
767.359 0.000812456 0.0139331 -8.84821e-05 0.000532323 0.00896578 -9.00066e-05 -1.17245e-05 2.44108e-05 -9.28966e-05 0.000541998 -0.00913022 -9.57866e-05 0.000843879 -0.0145228 -9.73111e-05
837.163 0.000812825 0.0139414 -8.86395e-05 0.000532212 0.00896508 -9.01641e-05 -1.17501e-05 1.8672e-05 -9.3054e-05 0.000543823 -0.00916247 -9.5944e-05 0.000846075 -0.0145658 -9.74685e-05
906.914 0.000813191 0.0139497 -8.87969e-05 0.0005321 0.00896435 -9.03214e-05 -1.17757e-05 1.29243e-05 -9.32114e-05 0.000545648 -0.00919475 -9.61013e-05 0.000848269 -0.0146087 -9.76259e-05
976.648 0.000813555 0.0139579 -8.89541e-05 0.000531985 0.00896358 -9.04787e-05 -1.18014e-05 7.16673e-06 -9.33686e-05 0.000547473 -0.00922705 -9.62586e-05 0.000850463 -0.0146518 -9.77831e-05
1046.36 0.000813917 0.013966 -8.91113e-05 0.000531868 0.00896278 -9.06358e-05 -1.18272e-05 1.39948e-06 -9.35258e-05 0.000549299 -0.00925937 -9.64158e-05 0.000852657 -0.0146948 -9.79403e-05
1116.05 0.000814276 0.0139742 -8.92684e-05 0.000531749 0.00896194 -9.07929e-05 -1.1853e-05 -4.37763e-06 -9.36829e-05 0.000551125 -0.00929172 -9.65729e-05 0.000854849 -0.0147379 -9.80974e-05
1185.72 0.000814633 0.0139823 -8.94254e-05 0.000531628 0.00896107 -9.09499e-05 -1.18789e-05 -1.01647e-05 -9.38399e-05 0.000552952 -0.0093241 -9.67299e-05 0.000857041 -0.014781 -9.82544e-05
1255.36 0.000814988 0.0139903 -8.95823e-05 0.000531504 0.00896015 -9.11068e-05 -1.19049e-05 -1.5962e-05 -9.39968e-05 0.000554779 -0.0093565 -9.68868e-05 0.000859232 -0.0148242 -9.84113e-05
1324.99 0.00081534 0.0139983 -8.97391e-05 0.000531379 0.00895921 -9.12637e-05 -1.1931e-05 -2.17697e-05 -9.41536e-05 0.000556607 -0.00938893 -9.70436e-05 0.000861422 -0.0148674 -9.85681e-05
1391.09 0.000815822 0.0140083 -8.98723e-05 0.000531464 0.00896152 -9.13968e-05 -1.195e-05 -2.56354e-05 -9.42868e-05 0.000557991 -0.00941347 -9.71768e-05 0.00088842 -0.0151462 -9.87013e-05
1454.3 0.000816412 0.0140201 -8.99857e-05 0.000531724 0.00896655 -9.15102e-05 -1.19635e-05 -2.78749e-05 -9.44002e-05 0.000559002 -0.00943139 -9.72901e-05 0.000936211 -0.0156233 -9.88147e-05
1517.43 0.000816998 0.0140318 -9.00987e-05 0.000531981 0.00897153 -9.16232e-05 -1.19768e-05 -3.0119e-05 -9.45132e-05 0.000560012 -0.0094493 -9.74031e-05 0.000984155 -0.0161023 -9.89277e-05
1580.5 0.00081758 0.0140434 -9.02114e-05 0.000532236 0.00897647 -9.17359e-05 -1.19902e-05 -3.2367e-05 -9.46259e-05 0.000561021 -0.00946718 -9.75158e-05 0.00103226 -0.0165833 -9.90404e-05
1643.51 0.000818159 0.0140549 -9.03237e-05 0.000532488 0.00898137 -9.18482e-05 -1.20035e-05 -3.4619e-05 -9.47382e-05 0.000562029 -0.00948505 -9.76282e-05 0.00108052 -0.0170664 -9.91527e-05
1706.45 0.000818734 0.0140664 -9.04357e-05 0.000532738 0.00898621 -9.19602e-05 -1.20168e-05 -3.68751e-05 -9.48502e-05 0.000563034 -0.00950289 -9.77402e-05 0.00112895 -0.0175517 -9.92647e-05
1769.34 0.000819306 0.0140779 -9.05473e-05 0.000532984 0.00899101 -9.20719e-05 -1.20301e-05 -3.91354e-05 -9.49618e-05 0.000564039 -0.00952071 -9.78518e-05 0.00117754 -0.0180391 -9.93763e-05
1832.16 0.000819873 0.0140892 -9.06586e-05 0.000533228 0.00899577 -9.21832e-05 -1.20435e-05 -4.14001e-05 -9.50731e-05 0.000565041 -0.00953851 -9.79631e-05 0.00122631 -0.0185287 -9.94876e-05
1894.92 0.000820436 0.0141005 -9.07696e-05 0.000533469 0.00900047 -9.22941e-05 -1.20568e-05 -4.36693e-05 -9.51841e-05 0.000566043 -0.00955629 -9.8074e-05 0.00127525 -0.0190205 -9.95986e-05
1957.61 0.000820996 0.0141117 -9.08801e-05 0.000533707 0.00900512 -9.24046e-05 -1.20701e-05 -4.5943e-05 -9.52946e-05 0.000567042 -0.00957405 -9.81846e-05 0.00132437 -0.0195147 -9.97091e-05
2020.23 0.000821551 0.0141228 -9.09903e-05 0.000533942 0.00900972 -9.25148e-05 -1.20834e-05 -4.82216e-05 -9.54048e-05 0.00056804 -0.00959178 -9.82947e-05 0.00137367 -0.0200113 -9.98193e-05
2082.78 0.000822102 0.0141339 -9.11001e-05 0.000534174 0.00901426 -9.26246e-05 -1.20967e-05 -5.05051e-05 -9.55146e-05 0.000569036 -0.00960948 -9.84045e-05 0.00142317 -0.0205103 -9.99291e-05
2145.26 0.000822648 0.0141448 -9.12094e-05 0.000534402 0.00901875 -9.2734e-05 -1.211e-05 -5.27936e-05 -9.56239e-05 0.00057003 -0.00962716 -9.85139e-05 0.00147286 -0.0210118 -0.000100038
2207.67 0.000823191 0.0141557 -9.13184e-05 0.000534627 0.00902319 -9.28429e-05 -1.21234e-05 -5.50874e-05 -9.57329e-05 0.000571023 -0.00964482 -9.86229e-05 0.00152274 -0.0215159 -0.000100147
2270.01 0.000823728 0.0141665 -9.14269e-05 0.000534849 0.00902756 -9.29515e-05 -1.21367e-05 -5.73866e-05 -9.58414e-05 0.000572014 -0.00966245 -9.87314e-05 0.00157283 -0.0220226 -0.000100256
2332.27 0.000824261 0.0141773 -9.1535e-05 0.000535067 0.00903187 -9.30596e-05 -1.215e-05 -5.96915e-05 -9.59495e-05 0.000573003 -0.00968006 -9.88395e-05 0.00162313 -0.0225319 -0.000100364
2394.45 0.000824788 0.0141879 -9.16427e-05 0.000535282 0.00903613 -9.31672e-05 -1.21633e-05 -6.20021e-05 -9.60572e-05 0.00057399 -0.00969764 -9.89472e-05 0.00167364 -0.0230441 -0.000100472
2456.55 0.000825311 0.0141984 -9.17499e-05 0.000535493 0.00904031 -9.32744e-05 -1.21766e-05 -6.43187e-05 -9.61644e-05 0.000574975 -0.00971519 -9.90544e-05 0.00172438 -0.0235591 -0.000100579
2518.57 0.000825829 0.0142089 -9.18566e-05 0.0005357 0.00904444 -9.33812e-05 -1.21899e-05 -6.66415e-05 -9.62711e-05 0.000575959 -0.00973271 -9.91611e-05 0.00177534 -0.024077 -0.000100686
2580.5 0.000826341 0.0142192 -9.19629e-05 0.000535903 0.00904849 -9.34874e-05 -1.22032e-05 -6.89708e-05 -9.63774e-05 0.00057694 -0.0097502 -9.92673e-05 0.00182653 -0.0245979 -0.000100792
2639.73 0.000826934 0.0142308 -9.20511e-05 0.000536247 0.00905472 -9.35757e-05 -1.22114e-05 -6.99254e-05 -9.64656e-05 0.000577601 -0.00976196 -9.93556e-05 0.00190199 -0.0252964 -0.00010088
2698.1 0.000827547 0.0142427 -9.21332e-05 0.000536632 0.00906158 -9.36577e-05 -1.2218e-05 -7.04467e-05 -9.65477e-05 0.000578158 -0.00977186 -9.94377e-05 0.00198531 -0.0260544 -0.000100962
2756.29 0.000828153 0.0142544 -9.22146e-05 0.000537011 0.00906834 -9.37392e-05 -1.22247e-05 -7.09808e-05 -9.66291e-05 0.000578714 -0.00978174 -9.95191e-05 0.00206899 -0.0268164 -0.000101044
2814.41 0.000828751 0.014266 -9.22954e-05 0.000537384 0.00907499 -9.382e-05 -1.22313e-05 -7.15281e-05 -9.67099e-05 0.000579268 -0.00979158 -9.95999e-05 0.002153 -0.0275821 -0.000101124
2872.42 0.00082934 0.0142775 -9.23756e-05 0.000537751 0.00908154 -9.39001e-05 -1.2238e-05 -7.20893e-05 -9.67901e-05 0.00057982 -0.0098014 -9.968e-05 0.00223737 -0.0283518 -0.000101205
2930.32 0.000829921 0.0142888 -9.2455e-05 0.000538111 0.00908798 -9.39796e-05 -1.22446e-05 -7.26651e-05 -9.68695e-05 0.00058037 -0.00981119 -9.97595e-05 0.0023221 -0.0291257 -0.000101284
2988.09 0.000830494 0.0142999 -9.25338e-05 0.000538464 0.0090943 -9.40583e-05 -1.22513e-05 -7.32561e-05 -9.69483e-05 0.000580918 -0.00982095 -9.98383e-05 0.00240721 -0.0299038 -0.000101363
3045.74 0.000831057 0.0143109 -9.26118e-05 0.00053881 0.00910049 -9.41364e-05 -1.2258e-05 -7.38633e-05 -9.70263e-05 0.000581465 -0.00983069 -9.99163e-05 0.00249271 -0.0306863 -0.000101441
3072.35 0.00082715 0.0142526 -9.25054e-05 0.000535241 0.00904822 -9.403e-05 -1.22859e-05 -8.941e-05 -9.69199e-05 0.000583186 -0.00986249 -9.98099e-05 0.0026495 -0.0321252 -0.000101334
3068.02 0.000819594 0.0141396 -9.22328e-05 0.000528568 0.00895027 -9.37574e-05 -1.17992e-05 -0.000124367 -9.66473e-05 0.000585552 -0.00990709 -9.95373e-05 0.00282884 -0.033776 -0.000101062
2999.46 0.000804538 0.0139139 -9.16041e-05 0.00051556 0.00875893 -9.31286e-05 -9.16606e-06 -0.000209926 -9.60186e-05 0.000589074 -0.00997473 -9.89085e-05 0.00302764 -0.0356136 -0.000100433
3002.2 0.000798293 0.0138205 -9.13673e-05 0.000510083 0.00867856 -9.28918e-05 -7.12407e-06 -0.000256421 -9.57818e-05 0.000590851 -0.0100086 -9.86718e-05 0.00315878 -0.0368272 -0.000100196
3067.16 0.000799302 0.013836 -9.14687e-05 0.000510754 0.00868872 -9.29932e-05 -7.13787e-06 -0.000256148 -9.58832e-05 0.00059144 -0.0100188 -9.87732e-05 0.00326585 -0.037817 -0.000100298
3132.05 0.000800312 0.0138515 -9.15695e-05 0.000511427 0.00869893 -9.3094e-05 -7.15511e-06 -0.000255797 -9.5984e-05 0.000592021 -0.0100289 -9.8874e-05 0.00337339 -0.0388127 -0.000100398
3196.61 0.000801325 0.013867 -9.1669e-05 0.000512108 0.00870919 -9.31936e-05 -7.1754e-06 -0.000255339 -9.60835e-05 0.000592589 -0.0100387 -9.89735e-05 0.00348055 -0.0398064 -0.000100498
3259.78 0.000802349 0.0138823 -9.17614e-05 0.000512824 0.00871956 -9.32859e-05 -7.1944e-06 -0.000254542 -9.61759e-05 0.000593124 -0.0100473 -9.90658e-05 0.0035801 -0.0407304 -0.00010059
3322.72 0.000803374 0.0138976 -9.18532e-05 0.000513543 0.00872998 -9.33777e-05 -7.21656e-06 -0.000253674 -9.62677e-05 0.000593651 -0.0100558 -9.91576e-05 0.00368009 -0.0416598 -0.000100682
3384.04 0.000804324 0.0139118 -9.19393e-05 0.000514206 0.00873967 -9.34638e-05 -7.24193e-06 -0.000252844 -9.63538e-05 0.000594136 -0.0100638 -9.92438e-05 0.00377491 -0.0425428 -0.000100768
3440.06 0.000805001 0.0139224 -9.20066e-05 0.000514659 0.00874665 -9.35312e-05 -7.26974e-06 -0.000252365 -9.64211e-05 0.000594495 -0.0100702 -9.93111e-05 0.00385008 -0.0432443 -0.000100836
3495.89 0.000805679 0.0139329 -9.20736e-05 0.000515114 0.00875366 -9.35981e-05 -7.29942e-06 -0.000251843 -9.64881e-05 0.000594849 -0.0100765 -9.93781e-05 0.00392551 -0.0439492 -0.000100903
3551.76 0.000806358 0.0139435 -9.21403e-05 0.00051557 0.00876069 -9.36648e-05 -7.33115e-06 -0.000251275 -9.65548e-05 0.000595198 -0.0100827 -9.94448e-05 0.00400124 -0.0446577 -0.000100969
3607.55 0.000807038 0.013954 -9.22067e-05 0.000516029 0.00876775 -9.37312e-05 -7.36495e-06 -0.00025066 -9.66212e-05 0.000595542 -0.0100888 -9.95111e-05 0.0040773 -0.0453703 -0.000101036
3663.17 0.000807719 0.0139646 -9.22727e-05 0.00051649 0.00877484 -9.37972e-05 -7.40082e-06 -0.000249997 -9.66872e-05 0.000595881 -0.0100949 -9.95772e-05 0.00415371 -0.046087 -0.000101102
3718.81 0.000808402 0.0139752 -9.23385e-05 0.000516953 0.00878196 -9.3863e-05 -7.43892e-06 -0.000249283 -9.6753e-05 0.000596215 -0.0101008 -9.96429e-05 0.00423052 -0.0468086 -0.000101167
3735.24 0.000809951 0.0139977 -9.2164e-05 0.000519104 0.00881323 -9.36885e-05 -9.22603e-06 -0.00020969 -9.65785e-05 0.000592075 -0.010037 -9.94685e-05 0.00446917 -0.0497089 -0.000100993
3522.78 0.00081473 0.0140568 -9.07796e-05 0.000528605 0.00894296 -9.23041e-05 -1.22187e-05 -6.76121e-05 -9.51941e-05 0.000567648 -0.00965414 -9.8084e-05 0.00501505 -0.0594562 -9.96086e-05
3620.08 0.000815824 0.0140739 -9.08954e-05 0.000529313 0.00895389 -9.24199e-05 -1.22253e-05 -6.7683e-05 -9.53099e-05 0.000568381 -0.00966546 -9.81999e-05 0.00516683 -0.0608831 -9.97244e-05
3685.16 0.000816815 0.0140892 -9.09981e-05 0.000529961 0.00896375 -9.25226e-05 -1.22269e-05 -6.77221e-05 -9.54126e-05 0.000569043 -0.00967553 -9.83026e-05 0.0053022 -0.0621554 -9.98271e-05
3750.23 0.000817805 0.0141044 -9.11007e-05 0.000530608 0.00897359 -9.26253e-05 -1.22286e-05 -6.77613e-05 -9.55152e-05 0.000569704 -0.00968559 -9.84052e-05 0.00543747 -0.0634269 -9.99297e-05
3814.58 0.000818757 0.0141192 -9.1202e-05 0.000531223 0.00898307 -9.27265e-05 -1.22336e-05 -6.78628e-05 -9.56165e-05 0.000570355 -0.00969561 -9.85065e-05 0.00557136 -0.0646856 -0.000100031
3877.73 0.000819592 0.0141327 -9.12993e-05 0.000531732 0.00899136 -9.28238e-05 -1.22497e-05 -6.81644e-05 -9.57138e-05 0.000570972 -0.00970553 -9.86037e-05 0.00570124 -0.0659072 -0.000100128
3941.5 0.000820424 0.0141461 -9.13965e-05 0.00053224 0.00899964 -9.2921e-05 -1.2266e-05 -6.8468e-05 -9.5811e-05 0.000571589 -0.00971546 -9.87009e-05 0.00583102 -0.0671279 -0.000100225
4003.75 0.000821255 0.0141594 -9.14935e-05 0.000532746 0.0090079 -9.3018e-05 -1.22822e-05 -6.87735e-05 -9.5908e-05 0.000572205 -0.00972537 -9.87979e-05 0.00596062 -0.0683469 -0.000100322
4064.03 0.000822019 0.0141716 -9.15805e-05 0.00053322 0.00901551 -9.3105e-05 -1.22943e-05 -6.89919e-05 -9.5995e-05 0.000572757 -0.00973416 -9.88849e-05 0.00607632 -0.0694351 -0.000100409
4120.1 0.000822669 0.0141818 -9.16501e-05 0.000533638 0.009022 -9.31746e-05 -1.22991e-05 -6.90578e-05 -9.60646e-05 0.000573198 -0.009741 -9.89545e-05 0.00616779 -0.0702951 -0.000100479
4176.11 0.000823319 0.0141919 -9.17196e-05 0.000534055 0.00902848 -9.32441e-05 -1.23038e-05 -6.91236e-05 -9.61341e-05 0.000573639 -0.00974784 -9.90241e-05 0.00625923 -0.0711547 -0.000100549
4232.03 0.000823968 0.0142021 -9.17891e-05 0.000534473 0.00903496 -9.33136e-05 -1.23085e-05 -6.91892e-05 -9.62036e-05 0.00057408 -0.00975468 -9.90936e-05 0.00635061 -0.0720139 -0.000100618
4288.2 0.000824618 0.0142123 -9.18587e-05 0.000534891 0.00904146 -9.33832e-05 -1.23133e-05 -6.9255e-05 -9.62732e-05 0.000574522 -0.00976153 -9.91632e-05 0.00644212 -0.0728742 -0.000100688
4344.1 0.000825268 0.0142224 -9.19282e-05 0.000535308 0.00904794 -9.34527e-05 -1.2318e-05 -6.93204e-05 -9.63427e-05 0.000574962 -0.00976836 -9.92326e-05 0.00653347 -0.0737331 -0.000100757
4400.04 0.000825917 0.0142326 -9.19977e-05 0.000535725 0.00905442 -9.35222e-05 -1.23227e-05 -6.93857e-05 -9.64122e-05 0.000575403 -0.0097752 -9.93021e-05 0.00662485 -0.0745922 -0.000100827
4455.95 0.000826566 0.0142427 -9.20671e-05 0.000536143 0.0090609 -9.35917e-05 -1.23274e-05 -6.9451e-05 -9.64816e-05 0.000575844 -0.00978203 -9.93716e-05 0.0067162 -0.075451 -0.000100896
4511.87 0.000827216 0.0142529 -9.21366e-05 0.00053656 0.00906738 -9.36611e-05 -1.2332e-05 -6.95163e-05 -9.65511e-05 0.000576285 -0.00978887 -9.94411e-05 0.00680755 -0.0763098 -0.000100966
4567.77 0.000827865 0.014263 -9.2206e-05 0.000536978 0.00907386 -9.37306e-05 -1.23367e-05 -6.95814e-05 -9.66205e-05 0.000576726 -0.0097957 -9.95105e-05 0.00689888 -0.0771685 -0.000101035
4623.65 0.000828514 0.0142731 -9.22755e-05 0.000537395 0.00908034 -9.38e-05 -1.23414e-05 -6.96466e-05 -9.669e-05 0.000577166 -0.00980253 -9.958e-05 0.0069902 -0.0780271 -0.000101104
4679.52 0.000829163 0.0142833 -9.23449e-05 0.000537812 0.00908682 -9.38694e-05 -1.2346e-05 -6.97116e-05 -9.67594e-05 0.000577607 -0.00980936 -9.96494e-05 0.0070815 -0.0788854 -0.000101174
4735.36 0.000829812 0.0142934 -9.24143e-05 0.000538229 0.0090933 -9.39389e-05 -1.23507e-05 -6.97766e-05 -9.68288e-05 0.000578047 -0.00981619 -9.97188e-05 0.00717278 -0.0797436 -0.000101243
4791.18 0.00083046 0.0143036 -9.24837e-05 0.00053864 0.00909985 -9.40082e-05 -1.23553e-05 -6.98423e-05 -9.68982e-05 0.000578488 -0.00982302 -9.97882e-05 0.00726405 -0.0806017 -0.000101313
4846.96 0.000831072 0.0143142 -9.2553e-05 0.000539031 0.00910672 -9.40776e-05 -1.23599e-05 -6.99123e-05 -9.69675e-05 0.000578929 -0.00982986 -9.98575e-05 0.00735534 -0.08146 -0.000101382
4902.72 0.000831652 0.0143254 -9.26223e-05 0.000539421 0.00911359 -9.41469e-05 -1.23645e-05 -6.99833e-05 -9.70368e-05 0.00057937 -0.00983669 -9.99268e-05 0.00744661 -0.082318 -0.000101451
4958.45 0.000832231 0.0143365 -9.26916e-05 0.000539811 0.00912046 -9.42161e-05 -1.23691e-05 -7.00542e-05 -9.71061e-05 0.00057981 -0.00984352 -9.9996e-05 0.00753785 -0.0831758 -0.000101521
5014.14 0.00083281 0.0143477 -9.27608e-05 0.000540202 0.00912732 -9.42853e-05 -1.23737e-05 -7.01251e-05 -9.71753e-05 0.000580251 -0.00985035 -0.000100065 0.00762904 -0.0840331 -0.00010159
5069.79 0.000833388 0.0143589 -9.283e-05 0.000540592 0.00913418 -9.43545e-05 -1.23783e-05 -7.01958e-05 -9.72445e-05 0.000580691 -0.00985717 -0.000100134 0.00772017 -0.0848899 -0.000101659
5124.67 0.000833964 0.01437 -9.28987e-05 0.00054098 0.009141 -9.44233e-05 -1.23827e-05 -7.02655e-05 -9.73132e-05 0.000581129 -0.00986396 -0.000100203 0.00781077 -0.0857417 -0.000101728
5179.9 0.00083454 0.0143811 -9.29676e-05 0.000541368 0.00914783 -9.44921e-05 -1.23872e-05 -7.03355e-05 -9.73821e-05 0.000581568 -0.00987075 -0.000100272 0.00790151 -0.0865947 -0.000101797
5234.58 0.000835112 0.0143921 -9.3036e-05 0.000541754 0.00915462 -9.45605e-05 -1.23916e-05 -7.04046e-05 -9.74505e-05 0.000582003 -0.0098775 -0.00010034 0.00799164 -0.0874421 -0.000101865
2224.3 0.000814629 0.0140541 -9.06128e-05 0.000529358 0.0089446 -9.21373e-05 -1.17828e-05 -6.58185e-05 -9.50273e-05 0.000567965 -0.00964266 -9.79173e-05 0.00797699 -0.0869912 -9.94418e-05
2571.33 0.000817715 0.0141037 -9.09492e-05 0.000531323 0.00897642 -9.24737e-05 -1.184e-05 -6.56941e-05 -9.53637e-05 0.000569885 -0.00967381 -9.82536e-05 0.00797906 -0.0870517 -9.97782e-05
2815.86 0.000819957 0.0141401 -9.12096e-05 0.000532695 0.00899901 -9.27341e-05 -1.18895e-05 -6.6311e-05 -9.56241e-05 0.000571478 -0.00969973 -9.85141e-05 0.00798073 -0.0871008 -0.000100039
3012.03 0.000821848 0.0141707 -9.14333e-05 0.000533839 0.00901787 -9.29578e-05 -1.19319e-05 -6.70389e-05 -9.58478e-05 0.000572883 -0.00972253 -9.87377e-05 0.00798218 -0.0871436 -0.000100262
3176.87 0.000822868 0.0141889 -9.16137e-05 0.000534254 0.0090266 -9.31383e-05 -1.19979e-05 -6.97665e-05 -9.60282e-05 0.000574274 -0.00974602 -9.89182e-05 0.00798348 -0.0871849 -0.000100443
3258.45 0.000823564 0.0142001 -9.16903e-05 0.000534694 0.00903375 -9.32149e-05 -1.20113e-05 -6.97694e-05 -9.61048e-05 0.000574716 -0.00975319 -9.89948e-05 0.00798395 -0.0871987 -0.000100519
3339.8 0.000824254 0.0142113 -9.17666e-05 0.00053513 0.00904084 -9.32911e-05 -1.20247e-05 -6.97829e-05 -9.61811e-05 0.000575157 -0.00976035 -9.90711e-05 0.00798442 -0.0872126 -0.000100596
3619.61 0.000836285 0.014434 -9.33786e-05 0.000542005 0.00917514 -9.49031e-05 -1.27291e-05 -7.31597e-05 -9.77931e-05 0.000583378 -0.00991085 -0.000100683 0.00839981 -0.0912991 -0.000102208
5991.23 0.00083797 0.0144937 -9.38615e-05 0.000542395 0.0092047 -9.5386e-05 -1.32041e-05 -7.68358e-05 -9.8276e-05 0.000585279 -0.00995734 -0.000101166 0.00897047 -0.0966918 -0.00010269
8380.15 0.000839628 0.0145534 -9.43404e-05 0.000542774 0.00923443 -9.58649e-05 -1.36856e-05 -8.02683e-05 -9.87549e-05 0.000587063 -0.0100027 -0.000101645 0.00952806 -0.101962 -0.000103169
10736.4 0.00084137 0.0146141 -9.47762e-05 0.000543381 0.00926745 -9.63007e-05 -1.41537e-05 -8.11127e-05 -9.91907e-05 0.000588116 -0.0100374 -0.000102081 0.00997132 -0.106157 -0.000103605
13096.1 0.000843107 0.0146749 -9.5211e-05 0.000543989 0.00930058 -9.67355e-05 -1.46228e-05 -8.18837e-05 -9.96255e-05 0.000588978 -0.010075 -0.000102515 0.0104112 -0.11032 -0.00010404
15553.7 0.000844843 0.0147357 -9.56421e-05 0.000544611 0.00933381 -9.71666e-05 -1.50882e-05 -8.25263e-05 -0.000100057 0.000589792 -0.0101123 -0.000102947 0.0108446 -0.114422 -0.000104471
18018.9 0.000846588 0.0147965 -9.60707e-05 0.000545252 0.0093672 -9.75953e-05 -1.55493e-05 -8.30612e-05 -0.000100485 0.000590589 -0.0101491 -0.000103375 0.0112734 -0.11848 -0.0001049
20560.5 0.000848351 0.0148584 -9.65049e-05 0.000545902 0.00940125 -9.80294e-05 -1.60199e-05 -8.35084e-05 -0.000100919 0.000591364 -0.0101861 -0.000103809 0.0117044 -0.12256 -0.000105334
23040 0.000850021 0.0149186 -9.69275e-05 0.000546493 0.00943423 -9.8452e-05 -1.64881e-05 -8.39381e-05 -0.000101342 0.000592075 -0.0102219 -0.000104232 0.0121206 -0.1265 -0.000105757
25566.8 0.000851698 0.0149799 -9.7311e-05 0.000547226 0.00947043 -9.88355e-05 -1.6971e-05 -8.17469e-05 -0.000101725 0.000592051 -0.0102457 -0.000104615 0.012418 -0.129325 -0.00010614
28140.1 0.000926674 0.0157502 -9.76673e-05 0.000547474 0.00949983 -9.91918e-05 -1.74844e-05 -8.07221e-05 -0.000102082 0.000591933 -0.0102694 -0.000104972 0.0126978 -0.131986 -0.000106496
30719.3 0.00100719 0.0165759 -9.80185e-05 0.000547699 0.00952903 -9.9543e-05 -1.80004e-05 -7.95735e-05 -0.000102433 0.000591753 -0.0102923 -0.000105323 0.0129672 -0.13455 -0.000106848
33260.1 0.0010895 0.0174206 -9.83638e-05 0.000547997 0.0095588 -9.98884e-05 -1.85018e-05 -7.81282e-05 -0.000102778 0.000591545 -0.0103139 -0.000105668 0.0132264 -0.137018 -0.000107193
33936.1 0.00123368 0.01886 -9.67399e-05 0.000557624 0.0097141 -9.82645e-05 -1.82871e-05 3.24156e-05 -0.000101154 0.000562167 -0.00986127 -0.000104044 0.0132023 -0.136348 -0.000105569
36415.6 0.00132125 0.0197611 -9.71665e-05 0.000557784 0.00974042 -9.86911e-05 -1.87627e-05 2.9543e-05 -0.000101581 0.000563561 -0.00990015 -0.000104471 0.0132033 -0.136429 -0.000105996
38862.9 0.00141075 0.0206833 -9.75934e-05 0.000557989 0.00976693 -9.91179e-05 -1.92256e-05 2.66299e-05 -0.000102008 0.000565014 -0.00993944 -0.000104898 0.0132044 -0.136511 -0.000106422
41305.2 0.00150163 0.0216215 -9.80208e-05 0.000558202 0.00979348 -9.95453e-05 -1.96856e-05 2.36835e-05 -0.000102435 0.000566488 -0.00997893 -0.000105325 0.0132054 -0.136593 -0.00010685
43737.5 0.00159402 0.0225771 -9.84485e-05 0.000558427 0.00982006 -9.9973e-05 -2.01414e-05 2.07014e-05 -0.000102863 0.000567963 -0.0100187 -0.000105753 0.0132065 -0.136675 -0.000107278
46155.9 0.00168746 0.0235457 -9.8875e-05 0.000558654 0.00984654 -0.0001004 -2.0594e-05 1.7694e-05 -0.00010329 0.000569447 -0.0100585 -0.00010618 0.0132076 -0.136757 -0.000107704
48577.6 0.00178203 0.0245283 -9.93018e-05 0.000558868 0.00987291 -0.000100826 -2.1048e-05 1.46417e-05 -0.000103716 0.000570936 -0.0100984 -0.000106606 0.0132088 -0.136839 -0.000108131
51020.8 0.00187745 0.0255228 -9.97301e-05 0.000559043 0.00989905 -0.000101255 -2.151e-05 1.15106e-05 -0.000104145 0.00057239 -0.0101386 -0.000107035 0.0132098 -0.136923 -0.000108559
53468.4 0.00198157 0.0265915 -0.000100156 0.000559159 0.00992439 -0.000101681 -2.19759e-05 8.20261e-06 -0.000104571 0.000573776 -0.0101797 -0.000107461 0.0132108 -0.137007 -0.000108985
55896 0.00217588 0.028392 -0.000100558 0.000558886 0.00994315 -0.000102082 -2.24446e-05 3.51159e-06 -0.000104972 0.000575074 -0.0102255 -0.000107862 0.0132117 -0.137092 -0.000109387
58298.4 0.00237369 0.0302294 -0.000100925 0.000558721 0.00996339 -0.00010245 -2.29052e-05 5.07487e-07 -0.00010534 0.000575903 -0.0102633 -0.00010823 0.0133088 -0.138063 -0.000109754
60662.2 0.00257527 0.0321061 -0.000101234 0.000558745 0.00998635 -0.000102759 -2.33539e-05 4.51885e-07 -0.000105649 0.000575938 -0.0102867 -0.000108539 0.0135731 -0.140575 -0.000110063
63009.8 0.00278124 0.0340293 -0.000101542 0.000558756 0.0100091 -0.000103066 -2.38017e-05 3.48038e-07 -0.000105956 0.000575976 -0.0103102 -0.000108846 0.0138374 -0.143086 -0.000110371
64826.6 0.00295741 0.0356826 -0.000101831 0.000558522 0.0100275 -0.000103356 -2.42477e-05 -6.10074e-07 -0.000106246 0.000576053 -0.0103342 -0.000109136 0.0140985 -0.145568 -0.00011066
66405.9 0.00312037 0.0372183 -0.000102112 0.00055816 0.0100437 -0.000103636 -2.46945e-05 -1.98538e-06 -0.000106526 0.000576141 -0.0103586 -0.000109416 0.0143578 -0.148031 -0.000110941
67918.1 0.00327962 0.0387242 -0.00010239 0.000557724 0.010059 -0.000103915 -2.51476e-05 -3.56425e-06 -0.000106804 0.000576223 -0.0103832 -0.000109694 0.0146166 -0.150492 -0.000111219
69542.5 0.00343886 0.040237 -0.000102678 0.000557132 0.0100738 -0.000104203 -2.56443e-05 -5.38036e-06 -0.000107093 0.000576227 -0.0104087 -0.000109983 0.0148811 -0.153008 -0.000111507
70973 0.00360324 0.0417988 -0.000102946 0.000556721 0.0100884 -0.000104471 -2.60751e-05 -6.99328e-06 -0.000107361 0.000576344 -0.0104328 -0.000110251 0.0151348 -0.15542 -0.000111775
72589.2 0.00376951 0.0433876 -0.000103233 0.000556086 0.0101026 -0.000104758 -2.65766e-05 -8.90227e-06 -0.000107648 0.000576334 -0.0104583 -0.000110538 0.0153976 -0.15792 -0.000112062
72591.2 0.00444978 0.0554526 -0.000101626 0.000526032 0.00966524 -0.00010315 -2.70682e-05 -0.00010901 -0.00010604 0.000581398 -0.0105718 -0.00010893 0.0155252 -0.159148 -0.000110455
74254.1 0.00492361 0.0599354 -0.000102031 0.000527452 0.009705 -0.000103555 -2.75572e-05 -0.000104938 -0.000106445 0.00058114 -0.0105926 -0.000109335 0.0158038 -0.161797 -0.00011086
76013.4 0.0054043 0.064485 -0.00010245 0.00052881 0.00974536 -0.000103974 -2.80837e-05 -0.00010085 -0.000106864 0.000580808 -0.010614 -0.000109754 0.0160885 -0.164505 -0.000111279
77591.2 0.00586497 0.0688429 -0.000102841 0.000530178 0.00978409 -0.000104366 -2.85537e-05 -9.68413e-05 -0.000107256 0.000580556 -0.010634 -0.000110146 0.0163571 -0.167058 -0.00011167
79136.2 0.00630935 0.0730508 -0.00010324 0.000531328 0.00982127 -0.000104764 -2.90703e-05 -9.32868e-05 -0.000107654 0.000580231 -0.010655 -0.000110544 0.016631 -0.169664 -0.000112069
79987 0.00664616 0.0762485 -0.000103597 0.000531796 0.00984851 -0.000105122 -2.95991e-05 -9.18684e-05 -0.000108012 0.000579969 -0.0106779 -0.000110902 0.0168988 -0.172214 -0.000112426
80568.3 0.00704631 0.0800277 -0.00010393 0.000533165 0.00988113 -0.000105454 -2.99089e-05 -8.92898e-05 -0.000108344 0.000580255 -0.0106991 -0.000111234 0.0171754 -0.174832 -0.000112759
81409.9 0.00754375 0.0847132 -0.000104273 0.000535362 0.00992294 -0.000105797 -3.00921e-05 -8.48875e-05 -0.000108687 0.000580816 -0.0107186 -0.000111577 0.0174622 -0.177538 -0.000113102
82145.3 0.0079251 0.0883066 -0.000104561 0.000536915 0.00995404 -0.000106086 -3.02536e-05 -8.26602e-05 -0.000108976 0.000581504 -0.0107393 -0.000111866 0.0177369 -0.180131 -0.00011339
82778.3 0.00815748 0.0904986 -0.000104786 0.000537606 0.00997169 -0.00010631 -3.03912e-05 -8.34347e-05 -0.0001092 0.000582402 -0.0107625 -0.00011209 0.0180062 -0.18267 -0.000113615
83252.4 0.00840344 0.0928144 -0.000105002 0.000538495 0.00999109 -0.000106526 -3.04662e-05 -8.4027e-05 -0.000109416 0.000583476 -0.0107855 -0.000112306 0.0182803 -0.185251 -0.000113831
83722.4 0.00865055 0.0951408 -0.000105218 0.000539396 0.0100106 -0.000106742 -3.05395e-05 -8.46102e-05 -0.000109632 0.000584557 -0.0108085 -0.000112522 0.018555 -0.187837 -0.000114047
83556.6 0.00893882 0.0978385 -0.000105393 0.000541167 0.0100328 -0.000106917 -3.03659e-05 -8.45e-05 -0.000109807 0.000586286 -0.0108302 -0.000112697 0.0188378 -0.190484 -0.000114222
82681 0.00927541 0.100973 -0.000105528 0.000543895 0.0100581 -0.000107053 -2.99161e-05 -8.39014e-05 -0.000109943 0.000588806 -0.0108521 -0.000112833 0.0191456 -0.193349 -0.000114357
83411.8 0.00950482 0.103139 -0.000105756 0.000544467 0.0100766 -0.00010728 -3.00904e-05 -8.44844e-05 -0.00011017 0.000589568 -0.0108741 -0.00011306 0.0194028 -0.195777 -0.000114585
83857 0.0097527 0.105473 -0.00010597 0.000545398 0.0100961 -0.000107495 -3.01535e-05 -8.50445e-05 -0.000110385 0.000590673 -0.0108971 -0.000113275 0.0196774 -0.198362 -0.000114799
84301.4 0.0100003 0.107803 -0.000106184 0.000546326 0.0101157 -0.000107708 -3.02164e-05 -8.56039e-05 -0.000110598 0.000591775 -0.0109201 -0.000113488 0.0199517 -0.200944 -0.000115013
84748.6 0.010249 0.110144 -0.000106399 0.000547258 0.0101353 -0.000107923 -3.02796e-05 -8.6166e-05 -0.000110813 0.000592881 -0.0109432 -0.000113703 0.0202272 -0.203537 -0.000115228
85189.1 0.0104957 0.112466 -0.000106612 0.000548183 0.0101547 -0.000108136 -3.03417e-05 -8.67246e-05 -0.000111026 0.00059398 -0.0109661 -0.000113916 0.0205004 -0.206108 -0.000115441
85628.9 0.0107432 0.114795 -0.000106825 0.000549113 0.0101743 -0.00010835 -3.04041e-05 -8.72916e-05 -0.00011124 0.000595083 -0.0109891 -0.00011413 0.0207746 -0.208689 -0.000115654
86070.7 0.0109921 0.117138 -0.00010704 0.000550046 0.0101939 -0.000108564 -3.04672e-05 -8.78632e-05 -0.000111454 0.000596192 -0.0110122 -0.000114344 0.0210503 -0.211285 -0.000115869
86506.2 0.0112387 0.119459 -0.000107252 0.000550973 0.0102134 -0.000108777 -3.05289e-05 -8.8428e-05 -0.000111667 0.000597292 -0.0110351 -0.000114557 0.0213235 -0.213855 -0.000116081
86948.1 0.0114875 0.1218 -0.000107467 0.000551906 0.010233 -0.000108992 -3.05919e-05 -8.90001e-05 -0.000111882 0.000598399 -0.0110582 -0.000114772 0.0215991 -0.216449 -0.000116296
87383 0.0117345 0.124125 -0.00010768 0.000552836 0.0102525 -0.000109204 -3.06532e-05 -8.95689e-05 -0.000112094 0.000599502 -0.0110811 -0.000114984 0.0218728 -0.219025 -0.000116509
87819.7 0.0119818 0.126453 -0.000107893 0.000553766 0.010272 -0.000109417 -3.07149e-05 -9.01339e-05 -0.000112307 0.000600605 -0.0111041 -0.000115197 0.0221466 -0.221603 -0.000116722
88259.9 0.0122306 0.128794 -0.000108107 0.000554701 0.0102917 -0.000109632 -3.07772e-05 -9.0703e-05 -0.000112522 0.000601713 -0.0111272 -0.000115412 0.0224222 -0.224196 -0.000116936
88694.6 0.0124775 0.131118 -0.00010832 0.00055563 0.0103112 -0.000109844 -3.08381e-05 -9.12668e-05 -0.000112734 0.000602814 -0.0111502 -0.000115624 0.0226955 -0.226769 -0.000117149
84322.4 0.0124672 0.130803 -0.000107493 0.000542655 0.0101043 -0.000109018 -3.05953e-05 -0.000140441 -0.000111908 0.000607063 -0.0112118 -0.000114798 0.0228632 -0.228328 -0.000116322
85667.2 0.012652 0.132754 -0.000108577 0.000556103 0.0103175 -0.000110102 -3.08284e-05 -9.90156e-05 -0.000112992 0.000605696 -0.0112001 -0.000115882 0.0232224 -0.231718 -0.000117406
86913.1 0.012938 0.135448 -0.000108815 0.000557158 0.0103411 -0.000110339 -3.09237e-05 -9.88409e-05 -0.000113229 0.00060669 -0.0112227 -0.000116119 0.0234999 -0.234333 -0.000117644
88070 0.0132302 0.138198 -0.000109047 0.000558336 0.010365 -0.000110572 -3.0985e-05 -9.85767e-05 -0.000113462 0.000607767 -0.0112453 -0.000116352 0.0237795 -0.236964 -0.000117876
89209.1 0.0135279 0.140998 -0.000109282 0.000559544 0.0103896 -0.000110806 -3.10464e-05 -9.82067e-05 -0.000113696 0.00060884 -0.0112679 -0.000116586 0.0240593 -0.239598 -0.000118111
90140.1 0.0138155 0.143705 -0.000109512 0.000560699 0.0104131 -0.000111036 -3.11071e-05 -9.80028e-05 -0.000113926 0.000609914 -0.0112904 -0.000116816 0.0243371 -0.242212 -0.000118341
90573.7 0.0140626 0.14603 -0.000109725 0.000561625 0.0104326 -0.000111249 -3.11672e-05 -9.85933e-05 -0.000114139 0.000611023 -0.0113136 -0.000117029 0.0246123 -0.244803 -0.000118554
91006.6 0.0143096 0.148355 -0.000109938 0.000562552 0.0104521 -0.000111463 -3.12272e-05 -9.91818e-05 -0.000114353 0.000612131 -0.0113368 -0.000117243 0.0248874 -0.247392 -0.000118767
91438.9 0.0145564 0.150677 -0.000110151 0.000563477 0.0104716 -0.000111676 -3.12871e-05 -9.97696e-05 -0.000114566 0.000613238 -0.0113599 -0.000117456 0.0251622 -0.249978 -0.00011898
91871 0.014803 0.152999 -0.000110364 0.000564403 0.0104911 -0.000111888 -3.13468e-05 -0.000100357 -0.000114778 0.000614344 -0.011383 -0.000117668 0.0254369 -0.252563 -0.000119193
92303.5 0.01505 0.155323 -0.000110577 0.000565329 0.0105106 -0.000112101 -3.14064e-05 -0.000100945 -0.000114991 0.000615452 -0.0114062 -0.000117881 0.0257119 -0.255151 -0.000119406
92735.7 0.0152967 0.157645 -0.00011079 0.000566255 0.0105301 -0.000112314 -3.1466e-05 -0.000101532 -0.000115204 0.000616558 -0.0114293 -0.000118094 0.0259866 -0.257738 -0.000119619
93168.3 0.0155438 0.15997 -0.000111003 0.000567182 0.0105497 -0.000112527 -3.15255e-05 -0.00010212 -0.000115417 0.000617666 -0.0114525 -0.000118307 0.0262617 -0.260327 -0.000119832
93600.4 0.0157905 0.162292 -0.000111215 0.000568108 0.0105692 -0.00011274 -3.15848e-05 -0.0001027 -0.00011563 0.00061877 -0.0114757 -0.00011852 0.0265361 -0.262909 -0.000120044
94033.1 0.0160376 0.164618 -0.000111428 0.000569035 0.0105887 -0.000112953 -3.16441e-05 -0.000103281 -0.000115843 0.000619876 -0.0114988 -0.000118733 0.0268109 -0.265496 -0.000120257
94465.4 0.0162846 0.166942 -0.000111641 0.000569962 0.0106083 -0.000113166 -3.17033e-05 -0.000103862 -0.000116056 0.00062098 -0.011522 -0.000118946 0.0270855 -0.26808 -0.00012047
94898.1 0.0165317 0.169267 -0.000111854 0.000570889 0.0106278 -0.000113379 -3.17624e-05 -0.000104443 -0.000116269 0.000622085 -0.0115452 -0.000119159 0.0273604 -0.270667 -0.000120683
95330.3 0.0167787 0.171592 -0.000112067 0.000571816 0.0106474 -0.000113591 -3.18214e-05 -0.000105024 -0.000116481 0.00062319 -0.0115683 -0.000119371 0.0276351 -0.273252 -0.000120896
95762.2 0.0170256 0.173916 -0.00011228 0.000572743 0.0106669 -0.000113804 -3.18802e-05 -0.000105606 -0.000116694 0.000624295 -0.0115915 -0.000119584 0.0279098 -0.275838 -0.000121109
96194.1 0.0172726 0.17624 -0.000112492 0.00057367 0.0106865 -0.000114017 -3.19389e-05 -0.000106188 -0.000116907 0.0006254 -0.0116147 -0.000119797 0.0281845 -0.278423 -0.000121321
96626 0.0175195 0.178564 -0.000112705 0.000574596 0.010706 -0.00011423 -3.19976e-05 -0.000106771 -0.000117119 0.000626504 -0.0116379 -0.000120009 0.0284592 -0.281009 -0.000121534
97057.8 0.0177663 0.180887 -0.000112918 0.000575522 0.0107256 -0.000114442 -3.20561e-05 -0.000107356 -0.000117332 0.000627609 -0.0116611 -0.000120222 0.028734 -0.283594 -0.000121747
97489.1 0.0180132 0.18321 -0.00011313 0.000576451 0.0107452 -0.000114654 -3.21144e-05 -0.000107905 -0.000117544 0.000628705 -0.0116841 -0.000120434 0.029007 -0.286164 -0.000121959
97918.4 0.0182601 0.185534 -0.000113339 0.000577388 0.0107649 -0.000114864 -3.2172e-05 -0.000108334 -0.000117754 0.000629769 -0.0117066 -0.000120644 0.0292743 -0.28868 -0.000122168
98347.8 0.0185072 0.187859 -0.000113549 0.000578326 0.0107846 -0.000115073 -3.22295e-05 -0.000108763 -0.000117963 0.000630834 -0.0117291 -0.000120853 0.0295418 -0.291197 -0.000122378
98782.1 0.0187546 0.190187 -0.000113758 0.000579268 0.0108044 -0.000115283 -3.22866e-05 -0.000109172 -0.000118173 0.000631897 -0.0117515 -0.000121063 0.0298087 -0.293709 -0.000122587
99216.2 0.0190029 0.192523 -0.000113966 0.000580223 0.0108244 -0.00011549 -3.2343e-05 -0.000109444 -0.00011838 0.000632927 -0.0117733 -0.00012127 0.0300751 -0.296296 -0.000122795
99649.6 0.0192509 0.194857 -0.000114173 0.000581177 0.0108444 -0.000115697 -3.23991e-05 -0.000109705 -0.000118587 0.000633953 -0.011795 -0.000121477 0.0303411 -0.298886 -0.000123002
100083 0.0194988 0.19719 -0.00011438 0.000582131 0.0108644 -0.000115904 -3.24552e-05 -0.000109966 -0.000118794 0.00063498 -0.0118167 -0.000121684 0.030607 -0.301475 -0.000123209
100516 0.0197468 0.199523 -0.000114586 0.000583086 0.0108843 -0.000116111 -3.25111e-05 -0.000110227 -0.000119001 0.000636006 -0.0118384 -0.000121891 0.0308729 -0.304064 -0.000123415
100951 0.0199955 0.201864 -0.000114794 0.000584042 0.0109044 -0.000116319 -3.25675e-05 -0.00011049 -0.000119209 0.000637035 -0.0118603 -0.000122099 0.0311398 -0.306663 -0.000123623
101382 0.0202426 0.204189 -0.000115 0.000584994 0.0109243 -0.000116525 -3.26227e-05 -0.00011075 -0.000119415 0.000638058 -0.0118819 -0.000122305 0.0314048 -0.309242 -0.000123829
101815 0.0204905 0.206522 -0.000115207 0.000585948 0.0109443 -0.000116731 -3.26783e-05 -0.000111012 -0.000119621 0.000639084 -0.0119037 -0.000122511 0.0316707 -0.311831 -0.000124036
102239 0.0207392 0.208862 -0.000115413 0.000586915 0.0109644 -0.000116938 -3.27303e-05 -0.000111269 -0.000119828 0.000640121 -0.0119255 -0.000122718 0.0319373 -0.314426 -0.000124242
102669 0.0209869 0.211193 -0.00011562 0.000587872 0.0109844 -0.000117144 -3.27844e-05 -0.000111523 -0.000120034 0.000641148 -0.0119472 -0.000122924 0.0322026 -0.317009 -0.000124449
103094 0.0212352 0.21353 -0.000115826 0.000588836 0.0110044 -0.00011735 -3.28368e-05 -0.000111779 -0.00012024 0.000642181 -0.0119689 -0.00012313 0.0324686 -0.319598 -0.000124655
103519 0.0214836 0.215866 -0.000116032 0.0005898 0.0110244 -0.000117556 -3.2889e-05 -0.000112034 -0.000120446 0.000643215 -0.0119906 -0.000123336 0.0327346 -0.322187 -0.000124861
103943 0.0217319 0.218203 -0.000116238 0.000590765 0.0110445 -0.000117763 -3.29411e-05 -0.00011229 -0.000120653 0.000644249 -0.0120124 -0.000123542 0.0330006 -0.324776 -0.000125067
104368 0.0219802 0.22054 -0.000116444 0.000591729 0.0110645 -0.000117969 -3.29932e-05 -0.000112545 -0.000120859 0.000645282 -0.0120342 -0.000123749 0.0332666 -0.327366 -0.000125273
104793 0.0222286 0.222877 -0.00011665 0.000592693 0.0110846 -0.000118175 -3.30451e-05 -0.000112801 -0.000121065 0.000646316 -0.0120559 -0.000123955 0.0335327 -0.329955 -0.000125479
105218 0.022477 0.225214 -0.000116856 0.000593658 0.0111046 -0.000118381 -3.3097e-05 -0.000113056 -0.000121271 0.000647349 -0.0120777 -0.000124161 0.0337987 -0.332545 -0.000125685
