6160.54 -3657.09 4586.43 -508.167 -3657.09 4027.04 -1651.57 -3657.09 1341.02 -3819.04 -3657.09 -3473.41 -5986.52 -3657.09 -6870.7 -7129.92
11983.9 -6482.85 9931.49 -4068.09 -6482.85 7527.99 -5211.49 -6482.85 1346.2 -7378.96 -6482.85 -6964.01 -9546.44 -6482.85 -12205.4 -10689.8
17772.9 -9287.58 15244.8 -7610.2 -9287.58 11006.5 -8753.6 -9287.58 1346.39 -10921.1 -9287.58 -10442.1 -13088.5 -9287.58 -17518.4 -14231.9
23523.6 -12075.8 20519.3 -11132.9 -12075.8 14456.1 -12276.3 -12075.8 1336.77 -14443.8 -12075.8 -13910.9 -16611.3 -12075.8 -22812 -17754.7
29235.1 -14847.7 25752.3 -14635.9 -14847.7 17874.5 -15779.3 -14847.7 1315.31 -17946.8 -14847.7 -17372.3 -20114.3 -14847.7 -28088 -21257.7
34905.3 -17599.8 30943.7 -18118.2 -17599.8 21261.9 -19261.6 -17599.8 1283.18 -21429.1 -17599.8 -20824 -23596.6 -17599.8 -33343.6 -24740
40531.7 -20328.3 36094.5 -21578.6 -20328.3 24620.2 -22722 -20328.3 1243.46 -24889.5 -20328.3 -24261.7 -27057 -20328.3 -38573.9 -28200.4
45894.4 -22938.4 41034.1 -24904.8 -22938.4 27836.8 -26048.2 -22938.4 1193.79 -28215.7 -22938.4 -27577.6 -30383.1 -22938.4 -43612.8 -31526.5
50017 -25014 44993 -27595.7 -25014 30401.7 -28739.1 -25014 1116.21 -30906.6 -25014 -30297.7 -33074.1 -25014 -47726.9 -34217.5
53309.3 -26614.9 48337.7 -29847 -26614.9 32580.2 -30990.4 -26614.9 1084.04 -33157.9 -26614.9 -32540.5 -35325.3 -26614.9 -51135.9 -36468.7
54854.5 -27092.3 51099 -31588.4 -27092.3 34439.5 -32731.8 -27092.3 1233.34 -34899.2 -27092.3 -34101.2 -37066.7 -27092.3 -53598.7 -38210.1
55473.9 -27379.4 53246.3 -33006.2 -27379.4 35852.3 -34149.6 -27379.4 1253.85 -36317.1 -27379.4 -35473 -38484.6 -27379.4 -55704.9 -39628
55533.7 -27159.4 54764.1 -33916.4 -27159.4 36898.6 -35059.8 -27159.4 1406.27 -37227.3 -27159.4 -36214.4 -39394.8 -27159.4 -56917.9 -40538.2
56127.7 -27286.9 57176.4 -35452.5 -27286.9 38515.2 -36595.9 -27286.9 1514.52 -38763.4 -27286.9 -37614.5 -40930.8 -27286.9 -59113.7 -42074.2
56889.3 -27578.4 59724 -37110.6 -27578.4 40203.8 -38254 -27578.4 1574.95 -40421.5 -27578.4 -39182.4 -42589 -27578.4 -61540.4 -43732.4
57568.5 -27823.5 62185.3 -38710.6 -27823.5 41836.3 -39854 -27823.5 1636.26 -42021.5 -27823.5 -40692.2 -44189 -27823.5 -63879.1 -45332.3
57750.2 -27637.6 64521.3 -40171.6 -27637.6 43415.5 -41315 -27637.6 1780.77 -43482.4 -27637.6 -41982.4 -45649.9 -27637.6 -65926.1 -46793.3
57992.2 -27755.2 67436.6 -42157.5 -27755.2 45302.1 -43300.9 -27755.2 1717.26 -45468.3 -27755.2 -43996 -47635.8 -27755.2 -68968.4 -48779.2
58592.1 -28003.3 70020 -43887.1 -28003.3 46989.4 -45030.5 -28003.3 1706.21 -47197.9 -28003.3 -45705.5 -49365.4 -28003.3 -71573.8 -50508.8
59258.4 -28116 72515.7 -45502.3 -28116 48648.5 -46645.7 -28116 1779.07 -48813.2 -28116 -47218.7 -50980.7 -28116 -73923.9 -52124.1
59920.4 -28233.4 74977.9 -47095 -28233.4 50285.6 -48238.4 -28233.4 1852.16 -50405.9 -28233.4 -48709.7 -52573.4 -28233.4 -76239.9 -53716.8
60538.2 -28101.4 77322.4 -48517.4 -28101.4 51893.2 -49660.8 -28101.4 2063.05 -51828.3 -28101.4 -49895.6 -53995.8 -28101.4 -78162.6 -55139.2
61131.2 -27862 79586.6 -49848.2 -27862 53468.1 -50991.6 -27862 2331.11 -53159.1 -27862 -50934.3 -55326.6 -27862 -79890.7 -56470
58797.4 -26508.5 77847.1 -48606.3 -26508.5 52372 -49749.7 -26508.5 2454.51 -51917.2 -26508.5 -49591.3 -54084.7 -26508.5 -77904.4 -55228
60112.1 -26635.2 80356.5 -50115.2 -26635.2 54099.8 -51258.6 -26635.2 2700.63 -53426 -26635.2 -50826.9 -55593.5 -26635.2 -79921.6 -56736.9
61268.4 -26629.1 83392.9 -51956 -26629.1 56182.5 -53099.4 -26629.1 2975.81 -55266.8 -26629.1 -52359.3 -57434.3 -26629.1 -82407.6 -58577.7
62172.5 -26518 86056.3 -53554.1 -26518 58018 -54697.5 -26518 3241.89 -56865 -26518 -53662.7 -59032.5 -26518 -84538.8 -60175.9
62706.5 -26256.2 88173.1 -54796.1 -26256.2 59491.5 -55939.5 -26256.2 3495.74 -58107 -26256.2 -54628.4 -60274.5 -26256.2 -86147.9 -61417.9
63201.9 -26115.2 89997.1 -55891.8 -26115.2 60748 -57035.2 -26115.2 3676.35 -59202.6 -26115.2 -55523.7 -61370.1 -26115.2 -87610.8 -62513.5
63645.8 -26128.8 91442.4 -56794.3 -26128.8 61725.7 -57937.7 -26128.8 3767.85 -60105.2 -26128.8 -56318.5 -62272.6 -26128.8 -88873 -63416
64083.2 -26144.7 92846.9 -57671.4 -26144.7 62675.8 -58814.8 -26144.7 3856.69 -60982.2 -26144.7 -57090.9 -63149.7 -26144.7 -90099.8 -64293.1
64512.2 -26163.6 94200.3 -58516.7 -26163.6 63591.4 -59660.1 -26163.6 3942.15 -61827.5 -26163.6 -57835.5 -63995 -26163.6 -91282.3 -65138.4
64153.6 -26102 93432.7 -58034.6 -26102 63073.5 -59178 -26102 3897.63 -61345.5 -26102 -57406.6 -63512.9 -26102 -90603.7 -64656.3
64627.8 -26251.7 93984.3 -58380.2 -26251.7 63446.1 -59523.6 -26251.7 3930.82 -61691.1 -26251.7 -57712.8 -63858.6 -26251.7 -91089 -65002
65064.1 -26443.9 94438.7 -58680.4 -26443.9 63745 -59823.8 -26443.9 3934.91 -61991.3 -26443.9 -58003.6 -64158.8 -26443.9 -91535.2 -65302.2
65488.4 -26598.9 95024.3 -59057.6 -26598.9 64135.2 -60201 -26598.9 3954.81 -62368.5 -26598.9 -58354 -64535.9 -26598.9 -92081 -65679.3
65870.1 -26725.7 96047.1 -59725.4 -26725.7 64812.1 -60868.8 -26725.7 3975.89 -63036.3 -26725.7 -58988.7 -65203.8 -26725.7 -93061.7 -66347.2
66251.6 -26853.1 97067.1 -60391.4 -26853.1 65487.1 -61534.8 -26853.1 3996.92 -63702.3 -26853.1 -59621.7 -65869.7 -26853.1 -94039.6 -67013.1
66632.9 -26980 98086.9 -61057.2 -26980 66161.9 -62200.6 -26980 4018 -64368 -26980 -60254.4 -66535.5 -26980 -95017.2 -67678.9
67013.9 -27106.6 99106.1 -61722.5 -27106.6 66836.5 -62865.9 -27106.6 4039.13 -65033.4 -27106.6 -60886.6 -67200.9 -27106.6 -95994.1 -68344.3
67381.3 -27305 99815.6 -62333.4 -27305 67229.5 -63476.8 -27305 3832.27 -65644.3 -27305 -61693.4 -67811.8 -27305 -97117.3 -68955.2
67741.8 -27538.1 100375 -62918.7 -27538.1 67486.1 -64062.1 -27538.1 3514.2 -66229.6 -27538.1 -62586.2 -68397 -27538.1 -98313.3 -69540.4
68100.4 -27771.7 100927 -63501.9 -27771.7 67735.9 -64645.3 -27771.7 3191.31 -66812.7 -27771.7 -63481.7 -68980.2 -27771.7 -99511 -70123.6
68448.7 -28052.3 101274 -64049.4 -28052.3 67799.4 -65192.8 -28052.3 2717.1 -67360.3 -28052.3 -64493.6 -69527.7 -28052.3 -100806 -70671.1
68795 -28343.7 101579 -64591.6 -28343.7 67823.1 -65735 -28343.7 2208.38 -67902.5 -28343.7 -65534.7 -70070 -28343.7 -102128 -71213.4
69137.6 -28636.6 101871 -65132.4 -28636.6 67834.9 -66275.8 -28636.6 1689.14 -68443.3 -28636.6 -66585 -70610.7 -28636.6 -103459 -71754.1
69480.4 -28933.3 102153 -65674.1 -28933.3 67836 -66817.5 -28933.3 1158.27 -68985 -28933.3 -67647.8 -71152.4 -28933.3 -104802 -72295.8
69814.1 -29223.8 102426 -66208 -29223.8 67832.8 -67351.4 -29223.8 630.803 -69518.9 -29223.8 -68699.6 -71686.4 -29223.8 -106131 -72829.8
70117.4 -29494.1 102685 -66721 -29494.1 67826.5 -67864.4 -29494.1 120.834 -70031.9 -29494.1 -69713.3 -72199.3 -29494.1 -107410 -73342.7
70420.1 -29765.1 102940 -67233 -29765.1 67815.7 -68376.4 -29765.1 -392.777 -70543.9 -29765.1 -70729.7 -72711.4 -29765.1 -108692 -73854.8
70701.8 -29937.3 103269 -67636.6 -29937.3 67935.8 -68780 -29937.3 -669.094 -70947.5 -29937.3 -71402.4 -73115 -29937.3 -109574 -74258.4
70975.1 -30077.1 103616 -68001.4 -30077.1 68093.6 -69144.8 -30077.1 -869.445 -71312.3 -30077.1 -71960.9 -73479.7 -30077.1 -110321 -74623.1
71247.4 -30216.3 103953 -68360.9 -30216.3 68244.6 -69504.3 -30216.3 -1071.49 -71671.8 -30216.3 -72516 -73839.3 -30216.3 -111062 -74982.7
71518.6 -30354.7 104280 -68714.6 -30354.7 68388 -69858 -30354.7 -1275.46 -72025.5 -30354.7 -73067.3 -74193 -30354.7 -111797 -75336.4
71784.9 -30478.9 104604 -69046.3 -30478.9 68540.9 -70189.7 -30478.9 -1448.23 -72357.2 -30478.9 -73565.8 -74524.7 -30478.9 -112467 -75668.1
72037.8 -30549.5 104952 -69310.2 -30549.5 68751.7 -70453.6 -30549.5 -1496.6 -72621.1 -30549.5 -73873.3 -74788.5 -30549.5 -112911 -75931.9
72142.2 -31067.1 102939 -68916.2 -31067.1 66943 -70059.6 -31067.1 -2918.37 -72227 -31067.1 -74908.1 -74394.5 -31067.1 -113742 -75537.9
72300.7 -31327.8 101867 -68742.7 -31327.8 65960.4 -69886.1 -31327.8 -3730.56 -72053.6 -31327.8 -75550 -74221 -31327.8 -114294 -75364.4
72551 -31332.2 102243 -68981 -31332.2 66213.4 -70124.4 -31332.2 -3711.64 -72291.9 -31332.2 -75765.1 -74459.4 -31332.2 -114633 -75602.8
72793.6 -31370.8 102590 -69198.2 -31370.8 66447.4 -70341.6 -31370.8 -3690.9 -72509.1 -31370.8 -75957.6 -74676.6 -31370.8 -114938 -75820
72783.8 -30356.5 103425 -68222.3 -30356.5 67788.1 -69365.7 -30356.5 -1391.91 -71533.2 -30356.5 -72700.3 -73700.7 -30356.5 -111175 -74844.1
73059.5 -30502.1 103883 -68542.8 -30502.1 68080.5 -69686.2 -30502.1 -1414.23 -71853.7 -30502.1 -73037.3 -74021.1 -30502.1 -111678 -75164.5
73309.7 -30581 104243 -68789.4 -30581 68312.3 -69932.8 -30581 -1424.63 -72100.3 -30581 -73289.9 -74267.8 -30581 -112058 -75411.2
73555 -30633.5 104578 -69016.7 -30633.5 68529.6 -70160.1 -30633.5 -1430.51 -72327.6 -30633.5 -73519 -74495.1 -30633.5 -112405 -75638.5
73796.1 -30683.8 104911 -69242.5 -30683.8 68745.6 -70385.9 -30683.8 -1436.26 -72553.4 -30683.8 -73746.5 -74720.9 -30683.8 -112750 -75864.3
74038.6 -30734.6 105243 -69468.6 -30734.6 68961.2 -70612 -30734.6 -1442.57 -72779.4 -30734.6 -73974.8 -74946.9 -30734.6 -113095 -76090.3
74280.1 -30784.5 105575 -69694 -30784.5 69176.3 -70837.4 -30784.5 -1448.86 -73004.9 -30784.5 -74202.4 -75172.3 -30784.5 -113439 -76315.7
74521.3 -30834.1 105907 -69919.3 -30834.1 69391 -71062.7 -30834.1 -1455.41 -73230.2 -30834.1 -74430.2 -75397.6 -30834.1 -113784 -76541
72328.2 -29703.2 104200 -68742 -29703.2 68293.7 -69885.4 -29703.2 -1396.58 -72052.9 -29703.2 -73215.3 -74220.3 -29703.2 -111959 -75363.7
72753.1 -29961.7 104622 -69055.5 -29961.7 68554.1 -70198.9 -29961.7 -1444.07 -72366.4 -29961.7 -73570.6 -74533.9 -29961.7 -112477 -75677.3
73093.1 -30130 105128 -69405.7 -30130 68878 -70549.1 -30130 -1464.09 -72716.6 -30130 -73934.6 -74884.1 -30130 -113022 -76027.5
73394.1 -30202 105949 -69928.7 -30202 69428.2 -71072.1 -30202 -1427.46 -73239.6 -30202 -74411.5 -75407.1 -30202 -113770 -76550.5
73631.2 -30249.7 106263 -70142.8 -30249.7 69631.7 -71286.2 -30249.7 -1434.18 -73453.7 -30249.7 -74628.5 -75621.2 -30249.7 -114098 -76764.6
73867.4 -30296.8 106577 -70356.5 -30296.8 69834.9 -71499.9 -30296.8 -1440.81 -73667.4 -30296.8 -74844.9 -75834.8 -30296.8 -114425 -76978.2
74103.4 -30343.5 106891 -70569.9 -30343.5 70038 -71713.3 -30343.5 -1447.27 -73880.8 -30343.5 -75061 -76048.3 -30343.5 -114752 -77191.7
74339.1 -30389.5 107204 -70782.8 -30389.5 70241.4 -71926.2 -30389.5 -1452.93 -74093.6 -30389.5 -75275.7 -76261.1 -30389.5 -115077 -77404.5
74572 -30424.6 107526 -70982.7 -30424.6 70459.8 -72126.1 -30424.6 -1430.85 -74293.6 -30424.6 -75449.9 -76461 -30424.6 -115354 -77604.4
75034.2 -30541.3 107989 -71268.6 -30541.3 70774.3 -72412 -30541.3 -1397.03 -74579.4 -30541.3 -75696.8 -76746.9 -30541.3 -115749 -77890.3
75628.3 -30706.5 108531 -71603.5 -30706.5 71142.5 -72746.9 -30706.5 -1357.69 -74914.4 -30706.5 -75986.3 -77081.8 -30706.5 -116212 -78225.2
76206.9 -30865.1 109065 -71932.7 -30865.1 71506.2 -73076.1 -30865.1 -1317.32 -75243.6 -30865.1 -76269.2 -77411 -30865.1 -116666 -78554.4
76763.3 -31028.9 109522 -72236.6 -31028.9 71805.6 -73380 -31028.9 -1316.35 -75547.5 -31028.9 -76566.7 -77715 -31028.9 -117121 -78858.3
76998.6 -31073.6 109809 -72428.5 -31073.6 71994 -73571.9 -31073.6 -1316.41 -75739.4 -31073.6 -76755.2 -77906.8 -31073.6 -117409 -79050.2
77215.6 -31109.4 110089 -72614.5 -31109.4 72177.2 -73757.9 -31109.4 -1315.88 -75925.4 -31109.4 -76937.3 -78092.9 -31109.4 -117687 -79236.3
38018.2 -1.59075e+06 8494.99 -93149.8 -1.59075e+06 8142.25 -94293.2 -1.59075e+06 5847.97 -96460.7 -1.59075e+06 1425.27 -98628.1 -1.59075e+06 -1765.36 -99771.5
